Log file open, 08/06/18 14:37:42
LogWindows: Failed to load 'aqProf.dll' (GetLastError=126)
LogWindows: File 'aqProf.dll' does not exist
LogWindows: Failed to load 'VtuneApi.dll' (GetLastError=126)
LogWindows: File 'VtuneApi.dll' does not exist
LogWindows: Failed to load 'VtuneApi32e.dll' (GetLastError=126)
LogWindows: File 'VtuneApi32e.dll' does not exist
LogInit: Display: Running engine for game: Roadhouse
LogPlatformFile: Not using cached read wrapper
LogInit: Display: RandInit(1320837372) SRandInit(1320837372).
LogInit: Read version file with build ID '3944462'
LogInit: Overriding engine version to CL 4033788, compatible CL 3944462
LogInit: Registered custom module enumerator with build ID '3944462'
LogTaskGraph: Started task graph with 5 named threads and 23 total threads with 3 sets of task threads.
LogStats: Stats thread started at 6.450454
LogD3D11RHI: Aftermath initialized
LogICUInternationalization: Display: ICU TimeZone Detection - Raw Offset: +1:00, Platform Override: ''
LogModuleManager: Display: Found up-to-date module file ../../../Engine/Plugins/2D/Paper2D/Binaries/Win64/UE4Editor-Paper2D.dll (API version 3944462).
LogModuleManager: Display: Found up-to-date module file ../../../Engine/Plugins/2D/Paper2D/Binaries/Win64/UE4Editor-Paper2DEditor.dll (API version 3944462).
LogModuleManager: Display: Found up-to-date module file ../../../Engine/Plugins/2D/Paper2D/Binaries/Win64/UE4Editor-PaperSpriteSheetImporter.dll (API version 3944462).
LogModuleManager: Display: Found up-to-date module file ../../../Engine/Plugins/2D/Paper2D/Binaries/Win64/UE4Editor-PaperTiledImporter.dll (API version 3944462).
LogModuleManager: Display: Found up-to-date module file ../../../Engine/Plugins/2D/Paper2D/Binaries/Win64/UE4Editor-SmartSnapping.dll (API version 3944462).
LogModuleManager: Display: Found up-to-date module file ../../../Engine/Plugins/Blendables/LightPropagationVolume/Binaries/Win64/UE4Editor-LightPropagationVolumeRuntime.dll (API version 3944462).
LogModuleManager: Display: Found up-to-date module file ../../../Engine/Plugins/Blendables/LightPropagationVolume/Binaries/Win64/UE4Editor-LightPropagationVolumeEditor.dll (API version 3944462).
LogModuleManager: Display: Found up-to-date module file ../../../Engine/Plugins/Developer/CLionSourceCodeAccess/Binaries/Win64/UE4Editor-CLionSourceCodeAccess.dll (API version 3944462).
LogModuleManager: Display: Found up-to-date module file ../../../Engine/Plugins/Developer/GitSourceControl/Binaries/Win64/UE4Editor-GitSourceControl.dll (API version 3944462).
LogModuleManager: Display: Found up-to-date module file ../../../Engine/Plugins/Developer/PerforceSourceControl/Binaries/Win64/UE4Editor-PerforceSourceControl.dll (API version 3944462).
LogModuleManager: Display: Found up-to-date module file ../../../Engine/Plugins/Developer/SubversionSourceControl/Binaries/Win64/UE4Editor-SubversionSourceControl.dll (API version 3944462).
LogModuleManager: Display: Found up-to-date module file ../../../Engine/Plugins/Developer/UObjectPlugin/Binaries/Win64/UE4Editor-UObjectPlugin.dll (API version 3944462).
LogModuleManager: Display: Found up-to-date module file ../../../Engine/Plugins/Developer/VisualStudioCodeSourceCodeAccess/Binaries/Win64/UE4Editor-VisualStudioCodeSourceCodeAccess.dll (API version 3944462).
LogModuleManager: Display: Found up-to-date module file ../../../Engine/Plugins/Developer/VisualStudioSourceCodeAccess/Binaries/Win64/UE4Editor-VisualStudioSourceCodeAccess.dll (API version 3944462).
LogModuleManager: Display: Found up-to-date module file ../../../Engine/Plugins/Editor/AssetManagerEditor/Binaries/Win64/UE4Editor-AssetManagerEditor.dll (API version 3944462).
LogModuleManager: Display: Found up-to-date module file ../../../Engine/Plugins/Editor/CryptoKeys/Binaries/Win64/UE4Editor-CryptoKeys.dll (API version 3944462).
LogModuleManager: Display: Found up-to-date module file ../../../Engine/Plugins/Editor/CryptoKeys/Binaries/Win64/UE4Editor-CryptoKeysOpenSSL.dll (API version 3944462).
LogModuleManager: Display: Found up-to-date module file ../../../Engine/Plugins/Editor/DataValidation/Binaries/Win64/UE4Editor-DataValidation.dll (API version 3944462).
LogModuleManager: Display: Found up-to-date module file ../../../Engine/Plugins/Editor/FacialAnimation/Binaries/Win64/UE4Editor-FacialAnimation.dll (API version 3944462).
LogModuleManager: Display: Found up-to-date module file ../../../Engine/Plugins/Editor/FacialAnimation/Binaries/Win64/UE4Editor-FacialAnimationEditor.dll (API version 3944462).
LogModuleManager: Display: Found up-to-date module file ../../../Engine/Plugins/Editor/GameplayTagsEditor/Binaries/Win64/UE4Editor-GameplayTagsEditor.dll (API version 3944462).
LogModuleManager: Display: Found up-to-date module file ../../../Engine/Plugins/Editor/MobileLauncherProfileWizard/Binaries/Win64/UE4Editor-MobileLauncherProfileWizard.dll (API version 3944462).
LogModuleManager: Display: Found up-to-date module file ../../../Engine/Plugins/Editor/PluginBrowser/Binaries/Win64/UE4Editor-PluginBrowser.dll (API version 3944462).
LogModuleManager: Display: Found up-to-date module file ../../../Engine/Plugins/Editor/SpeedTreeImporter/Binaries/Win64/UE4Editor-SpeedTreeImporter.dll (API version 3944462).
LogModuleManager: Display: Found up-to-date module file ../../../Engine/Plugins/Enterprise/DatasmithContent/Binaries/Win64/UE4Editor-DatasmithContent.dll (API version 3944462).
LogModuleManager: Display: Found up-to-date module file ../../../Engine/Plugins/Experimental/AlembicImporter/Binaries/Win64/UE4Editor-AlembicImporter.dll (API version 3944462).
LogModuleManager: Display: Found up-to-date module file ../../../Engine/Plugins/Experimental/AlembicImporter/Binaries/Win64/UE4Editor-AlembicLibrary.dll (API version 3944462).
LogModuleManager: Display: Found up-to-date module file ../../../Engine/Plugins/Experimental/CharacterAI/Binaries/Win64/UE4Editor-CharacterAI.dll (API version 3944462).
LogModuleManager: Display: Found up-to-date module file ../../../Engine/Plugins/Experimental/HTML5Networking/Binaries/Win64/UE4Editor-HTML5Networking.dll (API version 3944462).
LogModuleManager: Display: Found up-to-date module file ../../../Engine/Plugins/Media/AndroidMedia/Binaries/Win64/UE4Editor-AndroidMediaEditor.dll (API version 3944462).
LogModuleManager: Display: Found up-to-date module file ../../../Engine/Plugins/Media/AndroidMedia/Binaries/Win64/UE4Editor-AndroidMediaFactory.dll (API version 3944462).
LogModuleManager: Display: Found up-to-date module file ../../../Engine/Plugins/Media/AvfMedia/Binaries/Win64/UE4Editor-AvfMediaEditor.dll (API version 3944462).
LogModuleManager: Display: Found up-to-date module file ../../../Engine/Plugins/Media/AvfMedia/Binaries/Win64/UE4Editor-AvfMediaFactory.dll (API version 3944462).
LogModuleManager: Display: Found up-to-date module file ../../../Engine/Plugins/Media/AvfMedia/Binaries/Win64/UE4Editor-AvfMediaFactory.dll (API version 3944462).
LogModuleManager: Display: Found up-to-date module file ../../../Engine/Plugins/Media/ImgMedia/Binaries/Win64/UE4Editor-ImgMedia.dll (API version 3944462).
LogModuleManager: Display: Found up-to-date module file ../../../Engine/Plugins/Media/ImgMedia/Binaries/Win64/UE4Editor-ImgMediaEditor.dll (API version 3944462).
LogModuleManager: Display: Found up-to-date module file ../../../Engine/Plugins/Media/ImgMedia/Binaries/Win64/UE4Editor-ImgMediaFactory.dll (API version 3944462).
LogModuleManager: Display: Found up-to-date module file ../../../Engine/Plugins/Media/ImgMedia/Binaries/Win64/UE4Editor-ImgMediaFactory.dll (API version 3944462).
LogModuleManager: Display: Found up-to-date module file ../../../Engine/Plugins/Media/ImgMedia/Binaries/Win64/UE4Editor-OpenExrWrapper.dll (API version 3944462).
LogModuleManager: Display: Found up-to-date module file ../../../Engine/Plugins/Media/LinearTimecode/Binaries/Win64/UE4Editor-LinearTimecode.dll (API version 3944462).
LogModuleManager: Display: Found up-to-date module file ../../../Engine/Plugins/Media/MediaCompositing/Binaries/Win64/UE4Editor-MediaCompositing.dll (API version 3944462).
LogModuleManager: Display: Found up-to-date module file ../../../Engine/Plugins/Media/MediaCompositing/Binaries/Win64/UE4Editor-MediaCompositingEditor.dll (API version 3944462).
LogModuleManager: Display: Found up-to-date module file ../../../Engine/Plugins/Media/MediaPlayerEditor/Binaries/Win64/UE4Editor-MediaPlayerEditor.dll (API version 3944462).
LogModuleManager: Display: Found up-to-date module file ../../../Engine/Plugins/Media/WmfMedia/Binaries/Win64/UE4Editor-WmfMedia.dll (API version 3944462).
LogModuleManager: Display: Found up-to-date module file ../../../Engine/Plugins/Media/WmfMedia/Binaries/Win64/UE4Editor-WmfMediaEditor.dll (API version 3944462).
LogModuleManager: Display: Found up-to-date module file ../../../Engine/Plugins/Media/WmfMedia/Binaries/Win64/UE4Editor-WmfMediaFactory.dll (API version 3944462).
LogModuleManager: Display: Found up-to-date module file ../../../Engine/Plugins/Media/WmfMedia/Binaries/Win64/UE4Editor-WmfMediaFactory.dll (API version 3944462).
LogModuleManager: Display: Found up-to-date module file ../../../Engine/Plugins/Messaging/TcpMessaging/Binaries/Win64/UE4Editor-TcpMessaging.dll (API version 3944462).
LogModuleManager: Display: Found up-to-date module file ../../../Engine/Plugins/Messaging/UdpMessaging/Binaries/Win64/UE4Editor-UdpMessaging.dll (API version 3944462).
LogModuleManager: Display: Found up-to-date module file ../../../Engine/Plugins/MovieScene/ActorSequence/Binaries/Win64/UE4Editor-ActorSequence.dll (API version 3944462).
LogModuleManager: Display: Found up-to-date module file ../../../Engine/Plugins/MovieScene/LevelSequenceEditor/Binaries/Win64/UE4Editor-LevelSequenceEditor.dll (API version 3944462).
LogModuleManager: Display: Found up-to-date module file ../../../Engine/Plugins/MovieScene/MatineeToLevelSequence/Binaries/Win64/UE4Editor-MatineeToLevelSequence.dll (API version 3944462).
LogModuleManager: Display: Found up-to-date module file ../../../Engine/Plugins/NetcodeUnitTest/NetcodeUnitTest/Binaries/Win64/UE4Editor-NetcodeUnitTest.dll (API version 3944462).
LogModuleManager: Display: Found up-to-date module file ../../../Engine/Plugins/NetcodeUnitTest/NUTUnrealEngine4/Binaries/Win64/UE4Editor-NUTUnrealEngine4.dll (API version 3944462).
LogModuleManager: Display: Found up-to-date module file ../../../Engine/Plugins/Online/OnlineSubsystem/Binaries/Win64/UE4Editor-OnlineSubsystem.dll (API version 3944462).
LogModuleManager: Display: Found up-to-date module file ../../../Engine/Plugins/Runtime/AndroidPermission/Binaries/Win64/UE4Editor-AndroidPermission.dll (API version 3944462).
LogModuleManager: Display: Found up-to-date module file ../../../Engine/Plugins/Online/OnlineSubsystemNull/Binaries/Win64/UE4Editor-OnlineSubsystemNull.dll (API version 3944462).
LogModuleManager: Display: Found up-to-date module file ../../../Engine/Plugins/Online/OnlineSubsystemUtils/Binaries/Win64/UE4Editor-OnlineSubsystemUtils.dll (API version 3944462).
LogModuleManager: Display: Found up-to-date module file ../../../Engine/Plugins/Online/OnlineSubsystemUtils/Binaries/Win64/UE4Editor-OnlineBlueprintSupport.dll (API version 3944462).
LogModuleManager: Display: Found up-to-date module file ../../../Engine/Plugins/Runtime/AndroidDeviceProfileSelector/Binaries/Win64/UE4Editor-AndroidDeviceProfileSelector.dll (API version 3944462).
LogModuleManager: Display: Found up-to-date module file ../../../Engine/Plugins/Runtime/AppleARKit/Binaries/Win64/UE4Editor-AppleARKit.dll (API version 3944462).
LogModuleManager: Display: Found up-to-date module file ../../../Engine/Plugins/Runtime/ProceduralMeshComponent/Binaries/Win64/UE4Editor-ProceduralMeshComponent.dll (API version 3944462).
LogModuleManager: Display: Found up-to-date module file ../../../Engine/Plugins/Runtime/ProceduralMeshComponent/Binaries/Win64/UE4Editor-ProceduralMeshComponentEditor.dll (API version 3944462).
LogModuleManager: Display: Found up-to-date module file ../../../Engine/Plugins/Animation/LiveLink/Binaries/Win64/UE4Editor-LiveLink.dll (API version 3944462).
LogModuleManager: Display: Found up-to-date module file ../../../Engine/Plugins/Animation/LiveLink/Binaries/Win64/UE4Editor-LiveLinkEditor.dll (API version 3944462).
LogModuleManager: Display: Found up-to-date module file ../../../Engine/Plugins/Runtime/ArchVisCharacter/Binaries/Win64/UE4Editor-ArchVisCharacter.dll (API version 3944462).
LogModuleManager: Display: Found up-to-date module file ../../../Engine/Plugins/Runtime/AudioCapture/Binaries/Win64/UE4Editor-AudioCapture.dll (API version 3944462).
LogModuleManager: Display: Found up-to-date module file ../../../Engine/Plugins/Runtime/AudioCapture/Binaries/Win64/UE4Editor-AudioCaptureEditor.dll (API version 3944462).
LogModuleManager: Display: Found up-to-date module file ../../../Engine/Plugins/Runtime/CableComponent/Binaries/Win64/UE4Editor-CableComponent.dll (API version 3944462).
LogModuleManager: Display: Found up-to-date module file ../../../Engine/Plugins/Runtime/CustomMeshComponent/Binaries/Win64/UE4Editor-CustomMeshComponent.dll (API version 3944462).
LogModuleManager: Display: Found up-to-date module file ../../../Engine/Plugins/Runtime/ExampleDeviceProfileSelector/Binaries/Win64/UE4Editor-ExampleDeviceProfileSelector.dll (API version 3944462).
LogModuleManager: Display: Found up-to-date module file ../../../Engine/Plugins/Runtime/ImmediatePhysics/Binaries/Win64/UE4Editor-ImmediatePhysics.dll (API version 3944462).
LogModuleManager: Display: Found up-to-date module file ../../../Engine/Plugins/Runtime/ImmediatePhysics/Binaries/Win64/UE4Editor-ImmediatePhysicsEditor.dll (API version 3944462).
LogModuleManager: Display: Found up-to-date module file ../../../Engine/Plugins/Runtime/LocationServicesBPLibrary/Binaries/Win64/UE4Editor-LocationServicesBPLibrary.dll (API version 3944462).
LogModuleManager: Display: Found up-to-date module file ../../../Engine/Plugins/Runtime/MobilePatchingUtils/Binaries/Win64/UE4Editor-MobilePatchingUtils.dll (API version 3944462).
LogModuleManager: Display: Found up-to-date module file ../../../Engine/Plugins/Runtime/Oculus/OculusVR/Binaries/Win64/UE4Editor-OculusHMD.dll (API version 3944462).
LogModuleManager: Display: Found up-to-date module file ../../../Engine/Plugins/Runtime/Oculus/OculusVR/Binaries/Win64/UE4Editor-OculusInput.dll (API version 3944462).
LogModuleManager: Display: Found up-to-date module file ../../../Engine/Plugins/Runtime/Oculus/OculusVR/Binaries/Win64/UE4Editor-OculusEditor.dll (API version 3944462).
LogModuleManager: Display: Found up-to-date module file ../../../Engine/Plugins/Runtime/PhysXVehicles/Binaries/Win64/UE4Editor-PhysXVehicles.dll (API version 3944462).
LogModuleManager: Display: Found up-to-date module file ../../../Engine/Plugins/Runtime/PhysXVehicles/Binaries/Win64/UE4Editor-PhysXVehiclesEditor.dll (API version 3944462).
LogModuleManager: Display: Found up-to-date module file ../../../Engine/Plugins/Runtime/RuntimePhysXCooking/Binaries/Win64/UE4Editor-RuntimePhysXCooking.dll (API version 3944462).
LogModuleManager: Display: Found up-to-date module file ../../../Engine/Plugins/Runtime/Steam/SteamVR/Binaries/Win64/UE4Editor-SteamVR.dll (API version 3944462).
LogModuleManager: Display: Found up-to-date module file ../../../Engine/Plugins/Runtime/Steam/SteamVR/Binaries/Win64/UE4Editor-SteamVRController.dll (API version 3944462).
LogModuleManager: Display: Found up-to-date module file ../../../Engine/Plugins/Runtime/WindowsMoviePlayer/Binaries/Win64/UE4Editor-WindowsMoviePlayer.dll (API version 3944462).
LogPluginManager: Mounting plugin Paper2D
LogPluginManager: Mounting plugin LiveLink
LogPluginManager: Mounting plugin LightPropagationVolume
LogPluginManager: Mounting plugin CLionSourceCodeAccess
LogPluginManager: Mounting plugin CodeLiteSourceCodeAccess
LogPluginManager: Mounting plugin GitSourceControl
LogPluginManager: Mounting plugin KDevelopSourceCodeAccess
LogPluginManager: Mounting plugin NullSourceCodeAccess
LogPluginManager: Mounting plugin PerforceSourceControl
LogPluginManager: Mounting plugin SubversionSourceControl
LogPluginManager: Mounting plugin UObjectPlugin
LogPluginManager: Mounting plugin VisualStudioCodeSourceCodeAccess
LogPluginManager: Mounting plugin VisualStudioSourceCodeAccess
LogPluginManager: Mounting plugin XCodeSourceCodeAccess
LogPluginManager: Mounting plugin AssetManagerEditor
LogPluginManager: Mounting plugin CryptoKeys
LogPluginManager: Mounting plugin DataValidation
LogPluginManager: Mounting plugin FacialAnimation
LogPluginManager: Mounting plugin GameplayTagsEditor
LogPluginManager: Mounting plugin MobileLauncherProfileWizard
LogPluginManager: Mounting plugin PluginBrowser
LogPluginManager: Mounting plugin SpeedTreeImporter
LogPluginManager: Mounting plugin DatasmithContent
LogPluginManager: Mounting plugin AlembicImporter
LogPluginManager: Mounting plugin CharacterAI
LogPluginManager: Mounting plugin HTML5Networking
LogPluginManager: Mounting plugin AndroidMedia
LogPluginManager: Mounting plugin AvfMedia
LogPluginManager: Mounting plugin ImgMedia
LogPluginManager: Mounting plugin LinearTimecode
LogPluginManager: Mounting plugin MediaCompositing
LogPluginManager: Mounting plugin MediaPlayerEditor
LogPluginManager: Mounting plugin WmfMedia
LogPluginManager: Mounting plugin TcpMessaging
LogPluginManager: Mounting plugin UdpMessaging
LogPluginManager: Mounting plugin ActorSequence
LogPluginManager: Mounting plugin LevelSequenceEditor
LogPluginManager: Mounting plugin MatineeToLevelSequence
LogPluginManager: Mounting plugin NetcodeUnitTest
LogPluginManager: Mounting plugin NUTUnrealEngine4
LogPluginManager: Mounting plugin OnlineSubsystemGooglePlay
LogPluginManager: Mounting plugin OnlineSubsystemIOS
LogPluginManager: Mounting plugin OnlineSubsystem
LogPluginManager: Mounting plugin OnlineSubsystemNull
LogPluginManager: Mounting plugin OnlineSubsystemUtils
LogPluginManager: Mounting plugin AndroidDeviceProfileSelector
LogPluginManager: Mounting plugin AndroidMoviePlayer
LogPluginManager: Mounting plugin AndroidPermission
LogPluginManager: Mounting plugin AppleARKit
LogPluginManager: Mounting plugin AppleMoviePlayer
LogPluginManager: Mounting plugin ArchVisCharacter
LogPluginManager: Mounting plugin AudioCapture
LogPluginManager: Mounting plugin CableComponent
LogPluginManager: Mounting plugin CustomMeshComponent
LogPluginManager: Mounting plugin ExampleDeviceProfileSelector
LogPluginManager: Mounting plugin GoogleCloudMessaging
LogPluginManager: Mounting plugin ImmediatePhysics
LogPluginManager: Mounting plugin IOSDeviceProfileSelector
LogPluginManager: Mounting plugin LinuxDeviceProfileSelector
LogPluginManager: Mounting plugin LocationServicesBPLibrary
LogPluginManager: Mounting plugin MobilePatchingUtils
LogPluginManager: Mounting plugin OculusVR
LogPluginManager: Plugin shader directory ../../../Engine/Plugins/Runtime/Oculus/OculusVR/Shaders found
LogPluginManager: Mapping shader source directory ../../../Engine/Plugins/Runtime/Oculus/OculusVR/Shaders to virtual directory /Plugin/OculusVR
LogPluginManager: Mounting plugin PhysXVehicles
LogPluginManager: Mounting plugin ProceduralMeshComponent
LogPluginManager: Mounting plugin RuntimePhysXCooking
LogPluginManager: Mounting plugin SteamVR
LogPluginManager: Mounting plugin WindowsMoviePlayer
LogStreaming: Display: Took  4.772s to configure plugins.
LogInit: Using libcurl 7.47.1
LogInit:  - built for x86_64-pc-win32
LogInit:  - supports SSL with OpenSSL/1.0.2g
LogInit:  - supports HTTP deflate (compression) using libz 1.2.8
LogInit:  - other features:
LogInit:      CURL_VERSION_SSL
LogInit:      CURL_VERSION_LIBZ
LogInit:      CURL_VERSION_IPV6
LogInit:      CURL_VERSION_ASYNCHDNS
LogInit:      CURL_VERSION_LARGEFILE
LogInit:      CURL_VERSION_IDN
LogInit:  CurlRequestOptions (configurable via config and command line):
LogInit:  - bVerifyPeer = false  - Libcurl will NOT verify peer certificate
LogInit:  - bUseHttpProxy = false  - Libcurl will NOT use HTTP proxy
LogInit:  - bDontReuseConnections = false  - Libcurl will reuse connections
LogInit:  - CertBundlePath = nullptr  - Libcurl will use whatever was configured at build time.
LogInit:  - MaxHostConnections = 16  - Libcurl will limit the number of connections to a host
LogInit:  - LocalHostAddr = Default
LogInit: WinSock: version 1.1 (2.2), MaxSocks=32767, MaxUdp=65467
LogInit: WinSock: I am VC-LP (192.168.137.1:0)
LogInit: Build: ++UE4+Release-4.19-CL-4033788
LogInit: Engine Version: 4.19.2-4033788+++UE4+Release-4.19
LogInit: Compatible Engine Version: 4.19.0-3944462+++UE4+Release-4.19
LogInit: Net CL: 3944462
LogDevObjectVersion: Number of dev versions registered: 18
LogDevObjectVersion:   Dev-Blueprints (B0D832E4-1F89-4F0D-ACCF-7EB736FD4AA2): 10
LogDevObjectVersion:   Dev-Build (E1C64328-A22C-4D53-A36C-8E866417BD8C): 0
LogDevObjectVersion:   Dev-Core (375EC13C-06E4-48FB-B500-84F0262A717E): 2
LogDevObjectVersion:   Dev-Editor (E4B068ED-F494-42E9-A231-DA0B2E46BB41): 23
LogDevObjectVersion:   Dev-Framework (CFFC743F-43B0-4480-9391-14DF171D2073): 33
LogDevObjectVersion:   Dev-Mobile (B02B49B5-BB20-44E9-A304-32B752E40360): 2
LogDevObjectVersion:   Dev-Networking (A4E4105C-59A1-49B5-A7C5-40C4547EDFEE): 0
LogDevObjectVersion:   Dev-Online (39C831C9-5AE6-47DC-9A44-9C173E1C8E7C): 0
LogDevObjectVersion:   Dev-Physics (78F01B33-EBEA-4F98-B9B4-84EACCB95AA2): 0
LogDevObjectVersion:   Dev-Platform (6631380F-2D4D-43E0-8009-CF276956A95A): 0
LogDevObjectVersion:   Dev-Rendering (12F88B9F-8875-4AFC-A67C-D90C383ABD29): 25
LogDevObjectVersion:   Dev-Sequencer (7B5AE74C-D270-4C10-A958-57980B212A5A): 6
LogDevObjectVersion:   Dev-VR (D7296918-1DD6-4BDD-9DE2-64A83CC13884): 1
LogDevObjectVersion:   Dev-LoadTimes (C2A15278-BFE7-4AFE-6C17-90FF531DF755): 1
LogDevObjectVersion:   Private-Geometry (6EACA3D4-40EC-4CC1-B786-8BED09428FC5): 2
LogDevObjectVersion:   Dev-AnimPhys (29E575DD-E0A3-4627-9D10-D276232CDCEA): 16
LogDevObjectVersion:   Dev-ReflectionCapture (6B266CEC-1EC7-4B8F-A30B-E4D90942FC07): 1
LogDevObjectVersion:   Dev-Automation (0DF73D61-A23F-47EA-B727-89E90C41499A): 1
LogInit: Compiled (64-bit): Apr 27 2018 02:06:57
LogInit: Compiled with Visual C++: 19.00.24215.01
LogInit: Build Configuration: Development
LogInit: Branch Name: ++UE4+Release-4.19
LogInit: Command Line:  
LogInit: Base Directory: D:/UE4_engine/UE_4.19/Engine/Binaries/Win64/
LogInit: Installed Engine Build: 1
LogStreaming: Display: Took  0.000s to delete old logs.
LogInit: Presizing for max 8388607 objects, including 0 objects not considered by GC, pre-allocating 0 bytes for permanent pool.
LogInit: Object subsystem initialized
[2018.08.06-12.37.50:140][  0]LogInit: Selected Device Profile: [Windows]
[2018.08.06-12.37.50:140][  0]LogInit: Applying CVar settings loaded from the selected device profile: [Windows]
[2018.08.06-12.37.50:336][  0]LogInit: Computer: VC-LP
[2018.08.06-12.37.50:336][  0]LogInit: User: Administrator
[2018.08.06-12.37.50:336][  0]LogInit: CPU Page size=4096, Cores=4
[2018.08.06-12.37.50:336][  0]LogInit: High frequency timer resolution =2.143475 MHz
[2018.08.06-12.37.50:336][  0]LogMemory: Memory total: Physical=31.9GB (32GB approx)
[2018.08.06-12.37.50:336][  0]LogMemory: Platform Memory Stats for Windows
[2018.08.06-12.37.50:336][  0]LogMemory: Process Physical Memory: 274.34 MB used, 274.34 MB peak
[2018.08.06-12.37.50:336][  0]LogMemory: Process Virtual Memory: 264.84 MB used, 264.84 MB peak
[2018.08.06-12.37.50:336][  0]LogMemory: Physical Memory: 9631.29 MB used,  23016.98 MB free, 32648.27 MB total
[2018.08.06-12.37.50:336][  0]LogMemory: Virtual Memory: 4779.94 MB used,  23016.98 MB free, 134217728.00 MB total
[2018.08.06-12.37.52:276][  0]LogInit: Using OS detected language (de-DE).
[2018.08.06-12.37.52:276][  0]LogInit: Using OS detected locale (de-DE).
[2018.08.06-12.37.52:653][  0]LogTextLocalizationManager: No localization for 'de-DE' exists, so 'en' will be used for the language.
[2018.08.06-12.37.53:944][  0]LogStreaming: Display: Took  1.591s to EndInitTextLocalization.
[2018.08.06-12.37.53:979][  0]LogInit: Setting process to per monitor DPI aware
[2018.08.06-12.37.55:707][  0]LogSlate: New Slate User Created.  User Index 0, Is Virtual User: 0
[2018.08.06-12.37.55:707][  0]LogSlate: Slate User Registered.  User Index 0, Is Virtual User: 0
[2018.08.06-12.37.58:964][  0]LogD3D11RHI: D3D11 adapters:
[2018.08.06-12.37.58:991][  0]LogD3D11RHI:    0. 'NVIDIA GeForce GTX 760M' (Feature Level 11_0)
[2018.08.06-12.37.58:991][  0]LogD3D11RHI:       2019/0/16324 MB DedicatedVideo/DedicatedSystem/SharedSystem, Outputs:2, VendorId:0x10de
[2018.08.06-12.37.59:001][  0]LogD3D11RHI:    1. 'Intel(R) HD Graphics 4600' (Feature Level 11_0)
[2018.08.06-12.37.59:001][  0]LogD3D11RHI:       112/0/2048 MB DedicatedVideo/DedicatedSystem/SharedSystem, Outputs:0, VendorId:0x8086
[2018.08.06-12.37.59:004][  0]LogD3D11RHI:    2. 'Microsoft Basic Render Driver' (Feature Level 11_0)
[2018.08.06-12.37.59:004][  0]LogD3D11RHI:       0/0/16324 MB DedicatedVideo/DedicatedSystem/SharedSystem, Outputs:0, VendorId:0x1414
[2018.08.06-12.37.59:004][  0]LogD3D11RHI: Chosen D3D11 Adapter: 0
[2018.08.06-12.37.59:022][  0]LogD3D11RHI: Creating new Direct3DDevice
[2018.08.06-12.37.59:022][  0]LogD3D11RHI:     GPU DeviceId: 0x11e3 (for the marketing name, search the web for "GPU Device Id")
[2018.08.06-12.37.59:022][  0]LogWindows: EnumDisplayDevices:
[2018.08.06-12.37.59:023][  0]LogWindows:    0. 'Intel(R) HD Graphics 4600' (P:1 D:1)
[2018.08.06-12.37.59:023][  0]LogWindows:    1. 'Intel(R) HD Graphics 4600' (P:0 D:1)
[2018.08.06-12.37.59:023][  0]LogWindows:    2. 'Intel(R) HD Graphics 4600' (P:0 D:0)
[2018.08.06-12.37.59:023][  0]LogWindows: DebugString: GetVideoDriverDetailsInvalid PrimaryIsNotTheChoosenAdapter GetVideoDriverDetailsInvalid PrimaryIsNotTheChoosenAdapter GetVideoDriverDetailsInvalid PrimaryIsNotTheChoosenAdapter FoundDriverCount:0 
[2018.08.06-12.37.59:023][  0]LogD3D11RHI:     Adapter Name: NVIDIA GeForce GTX 760M
[2018.08.06-12.37.59:023][  0]LogD3D11RHI:   Driver Version: Unknown (internal:Unknown, unified:Unknown)
[2018.08.06-12.37.59:023][  0]LogD3D11RHI:      Driver Date: Unknown
[2018.08.06-12.37.59:024][  0]LogRHI: Texture pool is 1413 MB (70% of 2019 MB)
[2018.08.06-12.37.59:087][  0]LogD3D11RHI: [Aftermath] Aftermath enabled but failed to initialize
[2018.08.06-12.37.59:087][  0]LogD3D11RHI: [Aftermath] Aftermath enabled and primed
[2018.08.06-12.37.59:087][  0]LogD3D11RHI: Async texture creation enabled
[2018.08.06-12.37.59:423][  0]LogD3D11RHI: GPU Timing Frequency: 1000.000000 (Debug: 2 1)
[2018.08.06-12.37.59:541][  0]LogShaderCompilers: Guid format shader working directory is -8 characters bigger than the processId version (../../../../../Users/Administrator/Documents/GitHub/Bar-Hyena/Intermediate/Shaders/WorkingDirectory/22564/).
[2018.08.06-12.37.59:550][  0]LogShaderCompilers: Cleaned the shader compiler working directory 'C:/Users/Administrator/AppData/Local/Temp/UnrealShaderWorkingDir/80CD6B9D43B2AA9A66055E811079E4B7/'.
[2018.08.06-12.38.01:292][  0]LogTemp: Display: Loaded TP AllDesktopTargetPlatform
[2018.08.06-12.38.01:325][  0]LogTemp: Display: Loaded TP MacClientTargetPlatform
[2018.08.06-12.38.01:353][  0]LogTemp: Display: Loaded TP MacNoEditorTargetPlatform
[2018.08.06-12.38.01:384][  0]LogTemp: Display: Loaded TP MacServerTargetPlatform
[2018.08.06-12.38.01:467][  0]LogTemp: Display: Loaded TP MacTargetPlatform
[2018.08.06-12.38.01:522][  0]LogTemp: Display: Loaded TP WindowsClientTargetPlatform
[2018.08.06-12.38.01:562][  0]LogTemp: Display: Loaded TP WindowsNoEditorTargetPlatform
[2018.08.06-12.38.01:613][  0]LogTemp: Display: Loaded TP WindowsServerTargetPlatform
[2018.08.06-12.38.01:662][  0]LogTemp: Display: Loaded TP WindowsTargetPlatform
[2018.08.06-12.38.01:699][  0]LogTemp: Display: Loaded TP Android_ASTCTargetPlatform
[2018.08.06-12.38.01:745][  0]LogTemp: Display: Loaded TP Android_ATCTargetPlatform
[2018.08.06-12.38.01:781][  0]LogTemp: Display: Loaded TP Android_DXTTargetPlatform
[2018.08.06-12.38.01:838][  0]LogTemp: Display: Loaded TP Android_ETC1aTargetPlatform
[2018.08.06-12.38.01:891][  0]LogTemp: Display: Loaded TP Android_ETC1TargetPlatform
[2018.08.06-12.38.01:965][  0]LogTemp: Display: Loaded TP Android_ETC2TargetPlatform
[2018.08.06-12.38.02:107][  0]LogTemp: Display: Loaded TP Android_MultiTargetPlatform
[2018.08.06-12.38.02:107][  0]LogTemp: Display: Loaded TP Android_PVRTCTargetPlatform
[2018.08.06-12.38.02:205][  0]LogTemp: Display: Loaded TP AndroidTargetPlatform
[2018.08.06-12.38.02:246][  0]LogTemp: Display: Loaded TP HTML5TargetPlatform
[2018.08.06-12.38.02:495][  0]LogTemp: Display: Loaded TP IOSTargetPlatform
[2018.08.06-12.38.02:532][  0]LogTemp: Display: Loaded TP TVOSTargetPlatform
[2018.08.06-12.38.02:586][  0]LogTemp: Display: Loaded TP LinuxClientTargetPlatform
[2018.08.06-12.38.02:612][  0]LogTemp: Display: Loaded TP LinuxNoEditorTargetPlatform
[2018.08.06-12.38.02:646][  0]LogTemp: Display: Loaded TP LinuxServerTargetPlatform
[2018.08.06-12.38.02:752][  0]LogTemp: Display: Loaded TP LinuxTargetPlatform
[2018.08.06-12.38.02:753][  0]LogTargetPlatformManager: Display: Building Assets For Windows
[2018.08.06-12.38.04:121][  0]LogXGEController: Cleaning working directory: C:/Users/Administrator/AppData/Local/Temp/UnrealXGEWorkingDir/
[2018.08.06-12.38.04:121][  0]LogXGEController: Cannot use XGE Controller as Incredibuild is not installed on this machine.
[2018.08.06-12.38.04:161][  0]LogShaderCompilers: Cannot use XGE Shader Compiler as Incredibuild is not installed on this machine.
[2018.08.06-12.38.04:161][  0]LogShaderCompilers: Display: Using Local Shader Compiler.
[2018.08.06-12.38.09:444][  0]LogDerivedDataCache: Display: Max Cache Size: 512 MB
[2018.08.06-12.38.10:240][  0]LogDerivedDataCache: Loaded boot cache 0.78s 74MB C:/Users/Administrator/AppData/Local/UnrealEngine/4.19/DerivedDataCache/Boot.ddc.
[2018.08.06-12.38.10:240][  0]LogDerivedDataCache: Display: Loaded Boot cache: C:/Users/Administrator/AppData/Local/UnrealEngine/4.19/DerivedDataCache/Boot.ddc
[2018.08.06-12.38.10:240][  0]LogDerivedDataCache: FDerivedDataBackendGraph:  Pak pak cache file ../../../../../Users/Administrator/Documents/GitHub/Bar-Hyena/DerivedDataCache/DDC.ddp not found, will not use a pak cache.
[2018.08.06-12.38.10:240][  0]LogDerivedDataCache: Unable to find inner node Pak for hierarchical cache Hierarchy.
[2018.08.06-12.38.10:240][  0]LogDerivedDataCache: FDerivedDataBackendGraph:  CompressedPak pak cache file ../../../../../Users/Administrator/Documents/GitHub/Bar-Hyena/DerivedDataCache/Compressed.ddp not found, will not use a pak cache.
[2018.08.06-12.38.10:240][  0]LogDerivedDataCache: Unable to find inner node CompressedPak for hierarchical cache Hierarchy.
[2018.08.06-12.38.10:360][  0]LogDerivedDataCache: Display: Pak cache opened for reading ../../../Engine/DerivedDataCache/Compressed.ddp.
[2018.08.06-12.38.10:374][  0]LogDerivedDataCache: Using Local data cache path C:/Users/Administrator/AppData/Local/UnrealEngine/Common/DerivedDataCache: Writable
[2018.08.06-12.38.10:374][  0]LogDerivedDataCache: Shared data cache path not found in *engine.ini, will not use an Shared cache.
[2018.08.06-12.38.10:374][  0]LogDerivedDataCache: Unable to find inner node Shared for hierarchical cache Hierarchy.
[2018.08.06-12.38.10:443][  0]LogMaterial: Verifying Global Shaders for PCD3D_SM5
[2018.08.06-12.38.10:535][  0]LogSlate: Using Freetype 2.6.0
[2018.08.06-12.38.10:666][  0]LogSlate: SlateFontCache - WITH_FREETYPE: 1, WITH_HARFBUZZ: 1
[2018.08.06-12.38.10:666][  0]LogSlate: SlateFontCache - WITH_FREETYPE: 1, WITH_HARFBUZZ: 1
[2018.08.06-12.38.17:187][  0]LogAssetRegistry: FAssetRegistry took 0.0285 seconds to start up
[2018.08.06-12.38.22:772][  0]LogInit: Selected Device Profile: [Windows]
[2018.08.06-12.38.25:247][  0]LogSimplygon: Simplygon DLL not present - disabling.
[2018.08.06-12.38.25:329][  0]LogMeshReduction: Using SimplygonSwarm for distributed automatic mesh merging
[2018.08.06-12.38.25:353][  0]LogMeshReduction: Using QuadricMeshReduction for automatic static mesh reduction
[2018.08.06-12.38.25:353][  0]LogMeshReduction: No automatic skeletal mesh reduction module available
[2018.08.06-12.38.25:353][  0]LogMeshReduction: No automatic mesh merging module available
[2018.08.06-12.38.25:353][  0]LogMeshMerging: No automatic mesh merging module available
[2018.08.06-12.38.25:972][  0]LogNetVersion: Roadhouse , NetCL: 3944462, EngineNetVer: 2, GameNetVer: 0 (Checksum: 487093703)
[2018.08.06-12.38.32:124][  0]LogPackageLocalizationCache: Processed 9 localized package path(s) for 1 prioritized culture(s) in 0.146863 seconds
[2018.08.06-12.38.32:143][  0]LogUObjectArray: 36728 objects as part of root set at end of initial load.
[2018.08.06-12.38.32:143][  0]LogUObjectAllocator: 7314304 out of 0 bytes used by permanent object pool.
[2018.08.06-12.38.32:143][  0]LogUObjectArray: CloseDisregardForGC: 0/0 objects in disregard for GC pool
[2018.08.06-12.39.05:968][  0]LogTcpMessaging: Initializing TcpMessaging bridge
[2018.08.06-12.39.06:090][  0]LogUdpMessaging: Initializing bridge on interface 0.0.0.0:0 to multicast group 230.0.0.1:6666.
[2018.08.06-12.39.07:976][  0]SourceControl: Source control is disabled
[2018.08.06-12.39.07:976][  0]SourceControl: Source control is disabled
[2018.08.06-12.39.08:132][  0]SourceControl: Source control is disabled
[2018.08.06-12.39.08:253][  0]SourceControl: Source control is disabled
[2018.08.06-12.39.10:711][  0]LogAndroidPermission: UAndroidPermissionCallbackProxy::GetInstance
[2018.08.06-12.39.11:306][  0]LogOcInput: OculusInput pre-init called
[2018.08.06-12.39.12:218][  0]LogEngine: Initializing Engine...
[2018.08.06-12.39.12:473][  0]LogHMD: Failed to initialize OpenVR with code 105
[2018.08.06-12.39.12:509][  0]LogStats: UGameplayTagsManager::ConstructGameplayTagTree: Construct from data asset -  0.000 s
[2018.08.06-12.39.12:510][  0]LogStats: UGameplayTagsManager::ConstructGameplayTagTree: GameplayTagTreeChangedEvent.Broadcast -  0.000 s
[2018.08.06-12.39.14:283][  0]LogAIModule: Creating AISystem for world Untitled
[2018.08.06-12.39.14:447][  0]LogInit: XAudio2 using 'Speakers (Realtek High Definition Audio)' : 2 channels at 44.1 kHz using 16 bits per sample (channel mask 0x3)
[2018.08.06-12.39.14:484][  0]LogInit: FAudioDevice initialized.
[2018.08.06-12.39.15:323][  0]LogDerivedDataCache: Saved boot cache 0.84s 74MB C:/Users/Administrator/AppData/Local/UnrealEngine/4.19/DerivedDataCache/Boot.ddc.
[2018.08.06-12.39.15:386][  0]LogInit: Texture streaming: Enabled
[2018.08.06-12.39.15:560][  0]LogEngineSessionManager: EngineSessionManager initialized
[2018.08.06-12.39.16:066][  0]LogInit: Transaction tracking system initialized
[2018.08.06-12.39.16:651][  0]BlueprintLog: New page: Editor Load
[2018.08.06-12.39.18:599][  0]LocalizationService: Localization service is disabled
[2018.08.06-12.39.20:145][  0]LogConsoleResponse: Display: 
[2018.08.06-12.39.23:184][  0]LogFileCache: Scanning file cache for directory 'D:/Users/Administrator/Documents/GitHub/Bar-Hyena/Content/' took 0.04s
[2018.08.06-12.39.23:184][  0]LogCook: Display: Max memory allowance for cook 16384mb min free memory 0mb
[2018.08.06-12.39.23:184][  0]LogCook: Display: Mobile HDR setting 1
[2018.08.06-12.39.23:184][  0]LogGameplayTags: Display: UGameplayTagsManager::DoneAddingNativeTags. DelegateIsBound: 0
[2018.08.06-12.39.23:184][  0]LogStats: UGameplayTagsManager::ConstructGameplayTagTree: Construct from data asset -  0.000 s
[2018.08.06-12.39.23:184][  0]LogStats: UGameplayTagsManager::ConstructGameplayTagTree: GameplayTagTreeChangedEvent.Broadcast -  0.000 s
[2018.08.06-12.39.26:355][  0]SourceControl: Source control is disabled
[2018.08.06-12.39.26:416][  0]Cmd: MAP LOAD FILE="../../../../../Users/Administrator/Documents/GitHub/Bar-Hyena/Content/FirstPersonBP/Maps/FirstPersonExampleMap.umap" TEMPLATE=0 SHOWPROGRESS=1 FEATURELEVEL=3
[2018.08.06-12.39.26:437][  0]LightingResults: New page: Lighting Build
[2018.08.06-12.39.26:537][  0]MapCheck: New page: Map Check
[2018.08.06-12.39.26:537][  0]LightingResults: New page: Lighting Build
[2018.08.06-12.39.27:432][  0]LogUObjectGlobals: Created PersistentFrame Addr=0x0000018d15f4b790, Size=72, Default__FirstPerson_AnimBP_C Function /Game/FirstPerson/Animations/FirstPerson_AnimBP.FirstPerson_AnimBP_C:ExecuteUbergraph_FirstPerson_AnimBP
[2018.08.06-12.39.27:586][  0]LogUObjectGlobals: Destroyed PersistentFrame Addr=0x0000018d15f4b790, Size=72
[2018.08.06-12.39.27:586][  0]LogUObjectGlobals: Created PersistentFrame Addr=0x0000018d15ec7420, Size=72, Default__FirstPerson_AnimBP_C Function /Engine/Transient.REINST_FirstPerson_AnimBP_C_0:ExecuteUbergraph_FirstPerson_AnimBP
[2018.08.06-12.39.27:745][  0]LogUObjectGlobals: Created PersistentFrame Addr=0x0000018d15b4f880, Size=72, Default__FirstPerson_AnimBP_C Function /Game/FirstPerson/Animations/FirstPerson_AnimBP.FirstPerson_AnimBP_C:ExecuteUbergraph_FirstPerson_AnimBP
[2018.08.06-12.39.27:879][  0]LogUObjectGlobals: Created PersistentFrame Addr=0x0000018d15b3fe00, Size=256, Default__FirstPersonProjectile_C Function /Game/FirstPersonBP/Blueprints/FirstPersonProjectile.FirstPersonProjectile_C:ExecuteUbergraph_FirstPersonProjectile
[2018.08.06-12.39.27:937][  0]LogUObjectGlobals: Destroyed PersistentFrame Addr=0x0000018d15b3fe00, Size=256
[2018.08.06-12.39.27:937][  0]LogUObjectGlobals: Created PersistentFrame Addr=0x0000018d15b3fe00, Size=256, Default__FirstPersonProjectile_C Function /Engine/Transient.REINST_FirstPersonProjectile_C_4:ExecuteUbergraph_FirstPersonProjectile
[2018.08.06-12.39.27:940][  0]LogUObjectGlobals: Created PersistentFrame Addr=0x0000018d15b3ce00, Size=256, Default__FirstPersonProjectile_C Function /Game/FirstPersonBP/Blueprints/FirstPersonProjectile.FirstPersonProjectile_C:ExecuteUbergraph_FirstPersonProjectile
[2018.08.06-12.39.28:954][  0]LogUObjectGlobals: Created PersistentFrame Addr=0x0000018d1bbc2200, Size=688, Default__FirstPersonCharacter_C Function /Game/FirstPersonBP/Blueprints/FirstPersonCharacter.FirstPersonCharacter_C:ExecuteUbergraph_FirstPersonCharacter
[2018.08.06-12.39.29:023][  0]LogUObjectGlobals: Destroyed PersistentFrame Addr=0x0000018d1bbc2200, Size=688
[2018.08.06-12.39.29:024][  0]LogUObjectGlobals: Created PersistentFrame Addr=0x0000018d1573f700, Size=688, Default__FirstPersonCharacter_C Function /Engine/Transient.REINST_FirstPersonCharacter_C_6:ExecuteUbergraph_FirstPersonCharacter
[2018.08.06-12.39.29:065][  0]LogUObjectGlobals: Created PersistentFrame Addr=0x0000018d1573dc00, Size=688, Default__FirstPersonCharacter_C Function /Game/FirstPersonBP/Blueprints/FirstPersonCharacter.FirstPersonCharacter_C:ExecuteUbergraph_FirstPersonCharacter
[2018.08.06-12.39.29:493][  0]LogUObjectGlobals: Created PersistentFrame Addr=0x0000018d16e374d8, Size=52, Default__FirstPersonHUD_C Function /Game/FirstPersonBP/Blueprints/FirstPersonHUD.FirstPersonHUD_C:ExecuteUbergraph_FirstPersonHUD
[2018.08.06-12.39.29:496][  0]LogUObjectGlobals: Destroyed PersistentFrame Addr=0x0000018d16e374d8, Size=52
[2018.08.06-12.39.29:496][  0]LogUObjectGlobals: Created PersistentFrame Addr=0x0000018d16e374d8, Size=52, Default__FirstPersonHUD_C Function /Engine/Transient.REINST_FirstPersonHUD_C_10:ExecuteUbergraph_FirstPersonHUD
[2018.08.06-12.39.29:499][  0]LogUObjectGlobals: Created PersistentFrame Addr=0x0000018d16e379e0, Size=52, Default__FirstPersonHUD_C Function /Game/FirstPersonBP/Blueprints/FirstPersonHUD.FirstPersonHUD_C:ExecuteUbergraph_FirstPersonHUD
[2018.08.06-12.39.30:096][  0]LogLinker: Warning: Can't find file '/Game/Geometry/Textures/Table/Table_BaseColor_Mat'
[2018.08.06-12.39.30:097][  0]LogLinker: Warning: Can't find file for asset '/Game/Geometry/Textures/Table/Table_BaseColor_Mat' while loading ../../../../../Users/Administrator/Documents/GitHub/Bar-Hyena/Content/FirstPersonBP/Maps/FirstPersonExampleMap.umap.
[2018.08.06-12.39.30:097][  0]LoadErrors: Error: /Game/FirstPersonBP/Maps/FirstPersonExampleMap : Can't find file for asset. /Game/Geometry/Textures/Table/Table_BaseColor_Mat
[2018.08.06-12.39.30:416][  0]LogLinker: Warning: Can't find file '/Game/Geometry/Textures/Table/Table_BaseColor_Mat'
[2018.08.06-12.39.30:416][  0]LogLinker: Warning: Can't find file for asset '/Game/Geometry/Textures/Table/Table_BaseColor_Mat' while loading ../../../../../Users/Administrator/Documents/GitHub/Bar-Hyena/Content/FirstPersonBP/Maps/FirstPersonExampleMap.umap.
[2018.08.06-12.39.30:416][  0]LoadErrors: Error: /Game/FirstPersonBP/Maps/FirstPersonExampleMap : Can't find file for asset. /Game/Geometry/Textures/Table/Table_BaseColor_Mat
[2018.08.06-12.39.30:443][  0]LogLinker: Warning: Can't find file '/Game/Geometry/Textures/Table/Table_BaseColor_Mat'
[2018.08.06-12.39.30:443][  0]LogLinker: Warning: Can't find file for asset '/Game/Geometry/Textures/Table/Table_BaseColor_Mat' while loading NULL.
[2018.08.06-12.39.30:443][  0]LogLinker: Warning: Can't find file '/Game/Geometry/Textures/Table/Table_BaseColor_Mat'
[2018.08.06-12.39.30:443][  0]LogLinker: Warning: Can't find file for asset '/Game/Geometry/Textures/Table/Table_BaseColor_Mat' while loading NULL.
[2018.08.06-12.39.31:498][  0]LogLinker: Warning: Can't find file '/Game/Geometry/Textures/Table/Table_BaseColor_Mat'
[2018.08.06-12.39.31:498][  0]LoadErrors: Failed to load /Game/Geometry/Textures/Table/Table_BaseColor_Mat.Table_BaseColor_Mat Referenced by StaticMeshComponent0
[2018.08.06-12.39.31:499][  0]LogLinker: Warning: Can't find file for asset '/Game/Geometry/Textures/Table/Table_BaseColor_Mat' while loading NULL.
[2018.08.06-12.39.31:499][  0]LoadErrors: Failed to load /Game/Geometry/Textures/Table/Table_BaseColor_Mat.Table_BaseColor_Mat Referenced by StaticMeshComponent0
[2018.08.06-12.39.31:499][  0]LogLinker: Warning: Can't find file '/Game/Geometry/Textures/Table/Table_BaseColor_Mat'
[2018.08.06-12.39.31:499][  0]LoadErrors: Failed to load /Game/Geometry/Textures/Table/Table_BaseColor_Mat.Table_BaseColor_Mat Referenced by StaticMeshComponent0
[2018.08.06-12.39.31:499][  0]LogLinker: Warning: Can't find file for asset '/Game/Geometry/Textures/Table/Table_BaseColor_Mat' while loading NULL.
[2018.08.06-12.39.31:500][  0]LoadErrors: Failed to load /Game/Geometry/Textures/Table/Table_BaseColor_Mat.Table_BaseColor_Mat Referenced by StaticMeshComponent0
[2018.08.06-12.39.31:500][  0]LogLinker: Warning: Can't find file '/Game/Geometry/Textures/Table/Table_BaseColor_Mat'
[2018.08.06-12.39.31:500][  0]LoadErrors: Failed to load /Game/Geometry/Textures/Table/Table_BaseColor_Mat.Table_BaseColor_Mat Referenced by StaticMeshComponent0
[2018.08.06-12.39.31:500][  0]LogLinker: Warning: Can't find file for asset '/Game/Geometry/Textures/Table/Table_BaseColor_Mat' while loading NULL.
[2018.08.06-12.39.31:500][  0]LoadErrors: Failed to load /Game/Geometry/Textures/Table/Table_BaseColor_Mat.Table_BaseColor_Mat Referenced by StaticMeshComponent0
[2018.08.06-12.39.31:500][  0]LogLinker: Warning: Can't find file '/Game/Geometry/Textures/Table/Table_BaseColor_Mat'
[2018.08.06-12.39.31:500][  0]LoadErrors: Failed to load /Game/Geometry/Textures/Table/Table_BaseColor_Mat.Table_BaseColor_Mat Referenced by StaticMeshComponent0
[2018.08.06-12.39.31:501][  0]LogLinker: Warning: Can't find file for asset '/Game/Geometry/Textures/Table/Table_BaseColor_Mat' while loading NULL.
[2018.08.06-12.39.31:501][  0]LoadErrors: Failed to load /Game/Geometry/Textures/Table/Table_BaseColor_Mat.Table_BaseColor_Mat Referenced by StaticMeshComponent0
[2018.08.06-12.39.31:760][  0]LogSkeletalMesh: Skeletal Mesh found in DDC [10.671923ms] /Game/FirstPerson/FPWeapon/Mesh/SK_FPGun.SK_FPGun
[2018.08.06-12.39.31:838][  0]LogSkeletalMesh: Skeletal Mesh found in DDC [25.903730ms] /Game/FirstPerson/Character/Mesh/SK_Mannequin_Arms.SK_Mannequin_Arms
[2018.08.06-12.39.33:302][  0]LogAIModule: Creating AISystem for world FirstPersonExampleMap
[2018.08.06-12.39.34:140][  0]LogEditorServer: Finished looking for orphan Actors (0.000 secs)
[2018.08.06-12.39.34:255][  0]LogUObjectGlobals: Destroyed PersistentFrame Addr=0x0000018d15ec7420, Size=72
[2018.08.06-12.39.34:268][  0]LogUObjectGlobals: Destroyed PersistentFrame Addr=0x0000018d15b3fe00, Size=256
[2018.08.06-12.39.34:269][  0]LogUObjectGlobals: Destroyed PersistentFrame Addr=0x0000018d1573f700, Size=688
[2018.08.06-12.39.34:269][  0]LogUObjectGlobals: Destroyed PersistentFrame Addr=0x0000018d16e374d8, Size=52
[2018.08.06-12.39.34:305][  0]Cmd: MAP CHECKDEP NOCLEARLOG
[2018.08.06-12.39.34:416][  0]MapCheck: Map check complete: 0 Error(s), 0 Warning(s), took 110,194ms to complete.
[2018.08.06-12.39.34:416][  0]LogFileHelpers: Loading map 'FirstPersonExampleMap' took 8.021
[2018.08.06-12.39.36:557][  0]LogCollectionManager: Loaded 0 collections in 0.002136 seconds
[2018.08.06-12.39.36:881][  0]LogFileCache: Scanning file cache for directory 'D:/Users/Administrator/Documents/GitHub/Bar-Hyena/Saved/Collections/' took 0.01s
[2018.08.06-12.39.36:881][  0]LogFileCache: Scanning file cache for directory 'D:/Users/Administrator/Documents/GitHub/Bar-Hyena/Content/Developers/Administrator/Collections/' took 0.01s
[2018.08.06-12.39.36:881][  0]LogFileCache: Scanning file cache for directory 'D:/Users/Administrator/Documents/GitHub/Bar-Hyena/Content/Collections/' took 0.01s
[2018.08.06-12.39.36:881][  0]LogCollectionManager: Rebuilt the GUID cache for 0 collections in 0.000000 seconds
[2018.08.06-12.39.36:894][  0]LogContentBrowser: Native class hierarchy populated in 0.0121 seconds. Added 2452 classes and 558 folders.
[2018.08.06-12.39.37:023][  0]LogContentBrowser: Native class hierarchy updated for 'WidgetCarousel' in 0.0005 seconds. Added 0 classes and 0 folders.
[2018.08.06-12.39.38:389][  0]LogContentBrowser: Native class hierarchy updated for 'AddContentDialog' in 0.0004 seconds. Added 0 classes and 0 folders.
[2018.08.06-12.39.38:480][  0]LogContentBrowser: Native class hierarchy updated for 'SceneOutliner' in 0.0004 seconds. Added 1 classes and 2 folders.
[2018.08.06-12.39.39:138][  0]LogSlate: Took 0.015383 seconds to synchronously load lazily loaded font '../../../Engine/Content/Slate/Fonts/Roboto-Regular.ttf' (155K)
[2018.08.06-12.39.39:172][  0]LogSlate: Took 0.031100 seconds to synchronously load lazily loaded font '../../../Engine/Content/Slate/Fonts/Roboto-Bold.ttf' (160K)
[2018.08.06-12.39.39:241][  0]LogSlate: Took 0.013830 seconds to synchronously load lazily loaded font '../../../Engine/Content/Editor/Slate/Fonts/FontAwesome.ttf' (139K)
[2018.08.06-12.39.39:904][  0]LogRenderer: Reallocating scene render targets to support 1056x544 Format 9 NumSamples 1 (Frame:1).
[2018.08.06-12.39.40:806][  0]LogContentBrowser: Native class hierarchy updated for 'HierarchicalLODOutliner' in 0.0004 seconds. Added 0 classes and 0 folders.
[2018.08.06-12.39.40:806][  0]LogLoad: (Engine Initialization) Total time: 135.68 seconds
[2018.08.06-12.39.40:806][  0]LogLoad: (Engine Initialization) Total Blueprint compile time: 0.00 seconds
[2018.08.06-12.39.41:289][  0]LogContentStreaming: Texture pool size now 600 MB
[2018.08.06-12.39.41:324][  0]LogSlate: FSceneViewport::OnFocusLost() reason 2
[2018.08.06-12.39.42:411][  3]LogAssetRegistry: Asset discovery search completed in 85.2454 seconds
[2018.08.06-12.39.42:415][  3]LogCollectionManager: Rebuilt the object cache for 0 collections in 0.000000 seconds (found 0 objects)
[2018.08.06-12.39.42:415][  3]LogCollectionManager: Fixed up redirectors for 0 collections in 0.000103 seconds (updated 0 objects)
[2018.08.06-12.40.00:826][ 90]LogRenderer: Reallocating scene render targets to support 1208x564 Format 9 NumSamples 1 (Frame:41).
[2018.08.06-12.40.01:970][131]LogSlate: Window 'Message Log' being destroyed
[2018.08.06-12.40.01:984][131]LogSlate: Window 'Message Log' being destroyed
[2018.08.06-12.40.18:170][669]LogEditorViewport: Clicking on Actor (LMB): StaticMeshActor (blockout_hood)
[2018.08.06-12.40.19:159][669]LogEditorViewport: Clicking on Actor (LMB): StaticMeshActor (blockout_hood)
[2018.08.06-12.40.19:881][672]LogEditorViewport: Clicking on Actor (LMB): StaticMeshActor (blockout_hood)
[2018.08.06-12.41.24:021][947]LogEditorViewport: Clicking on Actor (context menu): StaticMeshActor (blockout_Wall_v12)
[2018.08.06-12.41.24:522][947]LogSlate: FSceneViewport::OnFocusLost() reason 2
[2018.08.06-12.41.26:238][968]LogEditorViewport: Clicking on Actor (LMB): StaticMeshActor (blockout_Wall_window_v5)
[2018.08.06-12.44.01:373][446]LogSlate: FSceneViewport::OnFocusLost() reason 0
[2018.08.06-12.46.09:522][906]LogSlate: Window 'Roadhouse - Unreal Editor' being destroyed
[2018.08.06-12.46.09:996][907]Cmd: QUIT_EDITOR
[2018.08.06-12.46.10:188][907]LogWindowsTextInputMethodSystem: Display: IME system now deactivated.
[2018.08.06-12.46.10:243][907]LogSlate: Slate User Destroyed.  User Index 0, Is Virtual User: 0
[2018.08.06-12.46.10:274][907]LogExit: Preparing to exit.
[2018.08.06-12.46.11:592][907]LogDirectoryWatcher: A directory notification for 'D:/Users/Administrator/Documents/GitHub/Bar-Hyena/Content/' was aborted.
[2018.08.06-12.46.11:664][907]LogExit: Editor shut down
[2018.08.06-12.46.11:669][907]LogExit: Transaction tracking system shut down
[2018.08.06-12.46.11:669][907]LogUObjectGlobals: Destroyed PersistentFrame Addr=0x0000018d15b4f880, Size=72
[2018.08.06-12.46.11:669][907]LogUObjectGlobals: Destroyed PersistentFrame Addr=0x0000018d15b3ce00, Size=256
[2018.08.06-12.46.11:669][907]LogUObjectGlobals: Destroyed PersistentFrame Addr=0x0000018d1573dc00, Size=688
[2018.08.06-12.46.11:670][907]LogUObjectGlobals: Destroyed PersistentFrame Addr=0x0000018d16e379e0, Size=52
[2018.08.06-12.46.12:032][907]LogDirectoryWatcher: A directory notification for '../../../Engine/Content/' was aborted.
[2018.08.06-12.46.12:032][907]LogDirectoryWatcher: A directory notification for '../../../../../Users/Administrator/Documents/GitHub/Bar-Hyena/Content/' was aborted.
[2018.08.06-12.46.12:032][907]LogDirectoryWatcher: A directory notification for '../../Plugins/2D/Paper2D/Content/' was aborted.
[2018.08.06-12.46.12:032][907]LogDirectoryWatcher: A directory notification for '../../Plugins/Enterprise/DatasmithContent/Content/' was aborted.
[2018.08.06-12.46.12:032][907]LogDirectoryWatcher: A directory notification for '../../Plugins/Media/MediaCompositing/Content/' was aborted.
[2018.08.06-12.46.12:032][907]LogDirectoryWatcher: A directory notification for '../../Plugins/Runtime/AppleARKit/Content/' was aborted.
[2018.08.06-12.46.12:032][907]LogDirectoryWatcher: A directory notification for '../../Plugins/Runtime/Oculus/OculusVR/Content/' was aborted.
[2018.08.06-12.46.12:032][907]LogDirectoryWatcher: A directory notification for '../../Plugins/Runtime/Steam/SteamVR/Content/' was aborted.
[2018.08.06-12.46.13:042][907]LogExit: Object subsystem successfully closed.
[2018.08.06-12.46.13:139][907]LogShaderCompilers: Display: Shaders left to compile 0
[2018.08.06-12.46.13:161][907]LogD3D11RHI: Shutdown
[2018.08.06-12.46.13:162][907]LogD3D11RHI: CleanupD3DDevice
[2018.08.06-12.46.13:164][907]LogD3D11RHI: ~FD3D11DynamicRHI
[2018.08.06-12.46.13:472][907]LogModuleManager: Shutting down and abandoning module HierarchicalLODOutliner (574)
[2018.08.06-12.46.13:472][907]LogModuleManager: Shutting down and abandoning module SceneOutliner (572)
[2018.08.06-12.46.13:480][907]LogModuleManager: Shutting down and abandoning module AddContentDialog (570)
[2018.08.06-12.46.13:485][907]LogDirectoryWatcher: A directory notification for 'D:/UE4_engine/UE_4.19/FeaturePacks/' was aborted.
[2018.08.06-12.46.13:488][907]LogModuleManager: Shutting down and abandoning module WidgetCarousel (569)
[2018.08.06-12.46.13:488][907]LogModuleManager: Shutting down and abandoning module EditorWidgets (566)
[2018.08.06-12.46.13:488][907]LogModuleManager: Shutting down and abandoning module CollectionManager (564)
[2018.08.06-12.46.13:488][907]LogDirectoryWatcher: A directory notification for 'D:/Users/Administrator/Documents/GitHub/Bar-Hyena/Content/Collections/' was aborted.
[2018.08.06-12.46.13:488][907]LogDirectoryWatcher: A directory notification for 'D:/Users/Administrator/Documents/GitHub/Bar-Hyena/Content/Developers/Administrator/Collections/' was aborted.
[2018.08.06-12.46.13:488][907]LogDirectoryWatcher: A directory notification for 'D:/Users/Administrator/Documents/GitHub/Bar-Hyena/Saved/Collections/' was aborted.
[2018.08.06-12.46.13:489][907]LogModuleManager: Shutting down and abandoning module StatsViewer (562)
[2018.08.06-12.46.13:489][907]LogModuleManager: Shutting down and abandoning module FoliageEdit (560)
[2018.08.06-12.46.13:489][907]LogModuleManager: Shutting down and abandoning module LandscapeEditor (558)
[2018.08.06-12.46.13:498][907]LogModuleManager: Shutting down and abandoning module MeshPaintMode (556)
[2018.08.06-12.46.13:498][907]LogModuleManager: Shutting down and abandoning module SceneDepthPickerMode (554)
[2018.08.06-12.46.13:498][907]LogModuleManager: Shutting down and abandoning module ActorPickerMode (552)
[2018.08.06-12.46.13:498][907]LogModuleManager: Shutting down and abandoning module GeometryMode (550)
[2018.08.06-12.46.13:498][907]LogModuleManager: Shutting down and abandoning module TextureAlignMode (548)
[2018.08.06-12.46.13:498][907]LogModuleManager: Shutting down and abandoning module BspMode (546)
[2018.08.06-12.46.13:498][907]LogModuleManager: Shutting down and abandoning module PIEPreviewDeviceProfileSelector (544)
[2018.08.06-12.46.13:498][907]LogModuleManager: Shutting down and abandoning module HardwareSurvey (542)
[2018.08.06-12.46.13:498][907]LogModuleManager: Shutting down and abandoning module SequenceRecorderSections (540)
[2018.08.06-12.46.13:498][907]LogModuleManager: Shutting down and abandoning module AutomationWorker (538)
[2018.08.06-12.46.13:499][907]LogModuleManager: Shutting down and abandoning module AudioCaptureEditor (536)
[2018.08.06-12.46.13:499][907]LogModuleManager: Shutting down and abandoning module SequenceRecorder (535)
[2018.08.06-12.46.13:499][907]LogModuleManager: Shutting down and abandoning module MatineeToLevelSequence (532)
[2018.08.06-12.46.13:499][907]LogModuleManager: Shutting down and abandoning module LevelSequenceEditor (530)
[2018.08.06-12.46.13:522][907]LogModuleManager: Shutting down and abandoning module PlacementMode (529)
[2018.08.06-12.46.13:522][907]LogModuleManager: Shutting down and abandoning module MaterialEditor (528)
[2018.08.06-12.46.13:637][907]LogModuleManager: Shutting down and abandoning module WmfMediaFactory (524)
[2018.08.06-12.46.13:638][907]LogModuleManager: Shutting down and abandoning module WmfMediaEditor (522)
[2018.08.06-12.46.13:638][907]LogModuleManager: Shutting down and abandoning module MediaPlayerEditor (520)
[2018.08.06-12.46.13:648][907]LogModuleManager: Shutting down and abandoning module OpenExrWrapper (518)
[2018.08.06-12.46.13:648][907]LogModuleManager: Shutting down and abandoning module ImgMediaFactory (516)
[2018.08.06-12.46.13:649][907]LogModuleManager: Shutting down and abandoning module ImgMediaEditor (514)
[2018.08.06-12.46.13:649][907]LogModuleManager: Shutting down and abandoning module AvfMediaFactory (512)
[2018.08.06-12.46.13:649][907]LogModuleManager: Shutting down and abandoning module AvfMediaEditor (510)
[2018.08.06-12.46.13:649][907]LogModuleManager: Shutting down and abandoning module AndroidMediaFactory (508)
[2018.08.06-12.46.13:649][907]LogModuleManager: Shutting down and abandoning module AndroidMediaEditor (506)
[2018.08.06-12.46.13:649][907]LogModuleManager: Shutting down and abandoning module CharacterAI (504)
[2018.08.06-12.46.13:649][907]LogModuleManager: Shutting down and abandoning module SmartSnapping (502)
[2018.08.06-12.46.13:649][907]LogModuleManager: Shutting down and abandoning module SessionServices (500)
[2018.08.06-12.46.13:649][907]LogModuleManager: Shutting down and abandoning module ViewportSnapping (498)
[2018.08.06-12.46.13:649][907]LogModuleManager: Shutting down and abandoning module ViewportInteraction (496)
[2018.08.06-12.46.13:649][907]LogModuleManager: Shutting down and abandoning module ClothPainter (494)
[2018.08.06-12.46.13:663][907]LogModuleManager: Shutting down and abandoning module SkeletalMeshEditor (493)
[2018.08.06-12.46.13:696][907]LogModuleManager: Shutting down and abandoning module LogVisualizer (490)
[2018.08.06-12.46.13:697][907]LogModuleManager: Shutting down and abandoning module IntroTutorials (488)
[2018.08.06-12.46.13:697][907]LogModuleManager: Shutting down and abandoning module GameProjectGeneration (487)
[2018.08.06-12.46.13:707][907]LogModuleManager: Shutting down and abandoning module IOSPlatformEditor (484)
[2018.08.06-12.46.13:707][907]LogModuleManager: Shutting down and abandoning module HTML5PlatformEditor (482)
[2018.08.06-12.46.13:707][907]LogModuleManager: Shutting down and abandoning module AndroidPlatformEditor (480)
[2018.08.06-12.46.13:707][907]LogModuleManager: Shutting down and abandoning module AndroidDeviceDetection (479)
[2018.08.06-12.46.14:212][907]LogModuleManager: Shutting down and abandoning module WindowsPlatformEditor (476)
[2018.08.06-12.46.14:212][907]LogModuleManager: Shutting down and abandoning module IOSRuntimeSettings (474)
[2018.08.06-12.46.14:212][907]LogModuleManager: Shutting down and abandoning module AndroidRuntimeSettings (472)
[2018.08.06-12.46.14:212][907]LogModuleManager: Shutting down and abandoning module InputBindingEditor (470)
[2018.08.06-12.46.14:213][907]LogModuleManager: Shutting down and abandoning module MergeActors (468)
[2018.08.06-12.46.14:263][907]LogModuleManager: Shutting down and abandoning module LocalizationDashboard (466)
[2018.08.06-12.46.14:278][907]LogModuleManager: Shutting down and abandoning module LocalizationService (465)
[2018.08.06-12.46.14:278][907]LogModuleManager: Shutting down and abandoning module HardwareTargeting (462)
[2018.08.06-12.46.14:278][907]LogModuleManager: Shutting down and abandoning module DeviceProfileEditor (460)
[2018.08.06-12.46.14:278][907]LogModuleManager: Shutting down and abandoning module UndoHistory (458)
[2018.08.06-12.46.14:278][907]LogModuleManager: Shutting down and abandoning module XmlParser (456)
[2018.08.06-12.46.14:278][907]LogModuleManager: Shutting down and abandoning module Blutility (454)
[2018.08.06-12.46.14:278][907]LogModuleManager: Shutting down and abandoning module ProjectSettingsViewer (452)
[2018.08.06-12.46.14:278][907]LogModuleManager: Shutting down and abandoning module ProjectTargetPlatformEditor (451)
[2018.08.06-12.46.14:278][907]LogModuleManager: Shutting down and abandoning module EditorSettingsViewer (448)
[2018.08.06-12.46.14:278][907]LogModuleManager: Shutting down and abandoning module SettingsEditor (446)
[2018.08.06-12.46.14:284][907]LogModuleManager: Shutting down and abandoning module ProjectLauncher (444)
[2018.08.06-12.46.14:293][907]LogModuleManager: Shutting down and abandoning module SessionFrontend (442)
[2018.08.06-12.46.14:293][907]LogModuleManager: Shutting down and abandoning module ProfilerClient (440)
[2018.08.06-12.46.14:309][907]LogModuleManager: Shutting down and abandoning module DeviceManager (438)
[2018.08.06-12.46.14:309][907]LogModuleManager: Shutting down and abandoning module TargetDeviceServices (437)
[2018.08.06-12.46.14:375][907]LogModuleManager: Shutting down and abandoning module AutomationController (434)
[2018.08.06-12.46.14:375][907]LogModuleManager: Shutting down and abandoning module AutomationWindow (432)
[2018.08.06-12.46.14:428][907]LogModuleManager: Shutting down and abandoning module Layers (430)
[2018.08.06-12.46.14:470][907]LogModuleManager: Shutting down and abandoning module ComponentVisualizers (428)
[2018.08.06-12.46.14:470][907]LogModuleManager: Shutting down and abandoning module DetailCustomizations (426)
[2018.08.06-12.46.14:470][907]LogModuleManager: Shutting down and abandoning module PackagesDialog (424)
[2018.08.06-12.46.14:479][907]LogModuleManager: Shutting down and abandoning module Persona (422)
[2018.08.06-12.46.14:499][907]LogModuleManager: Shutting down and abandoning module AdvancedPreviewScene (421)
[2018.08.06-12.46.14:499][907]LogModuleManager: Shutting down and abandoning module AnimGraph (419)
[2018.08.06-12.46.14:499][907]LogModuleManager: Shutting down and abandoning module Kismet (416)
[2018.08.06-12.46.14:499][907]LogModuleManager: Shutting down and abandoning module GraphEditor (414)
[2018.08.06-12.46.14:541][907]LogModuleManager: Shutting down and abandoning module ClassViewer (412)
[2018.08.06-12.46.14:541][907]LogModuleManager: Shutting down and abandoning module Toolbox (410)
[2018.08.06-12.46.14:541][907]LogModuleManager: Shutting down and abandoning module ModuleUI (408)
[2018.08.06-12.46.14:550][907]LogModuleManager: Shutting down and abandoning module MovieSceneTools (406)
[2018.08.06-12.46.14:550][907]LogModuleManager: Shutting down and abandoning module OutputLog (404)
[2018.08.06-12.46.14:565][907]LogModuleManager: Shutting down and abandoning module GammaUI (402)
[2018.08.06-12.46.14:573][907]LogModuleManager: Shutting down and abandoning module Documentation (400)
[2018.08.06-12.46.14:573][907]LogModuleManager: Shutting down and abandoning module MovieSceneTracks (398)
[2018.08.06-12.46.14:586][907]LogModuleManager: Shutting down and abandoning module MovieScene (396)
[2018.08.06-12.46.14:599][907]LogModuleManager: Shutting down and abandoning module StreamingPauseRendering (394)
[2018.08.06-12.46.14:599][907]LogModuleManager: Shutting down and abandoning module LauncherPlatform (392)
[2018.08.06-12.46.14:599][907]LogModuleManager: Shutting down and abandoning module AnalyticsET (390)
[2018.08.06-12.46.14:599][907]LogModuleManager: Shutting down and abandoning module PortalServices (388)
[2018.08.06-12.46.14:599][907]LogModuleManager: Shutting down and abandoning module PortalRpc (386)
[2018.08.06-12.46.14:599][907]LogModuleManager: Shutting down and abandoning module MessagingRpc (384)
[2018.08.06-12.46.14:599][907]LogModuleManager: Shutting down and abandoning module AIModule (382)
[2018.08.06-12.46.14:599][907]LogModuleManager: Shutting down and abandoning module GameplayDebugger (381)
[2018.08.06-12.46.14:600][907]LogModuleManager: Shutting down and abandoning module AITestSuite (379)
[2018.08.06-12.46.14:600][907]LogModuleManager: Shutting down and abandoning module DesktopPlatform (376)
[2018.08.06-12.46.14:600][907]LogModuleManager: Shutting down and abandoning module ProfilerService (374)
[2018.08.06-12.46.14:606][907]LogModuleManager: Shutting down and abandoning module TaskGraph (372)
[2018.08.06-12.46.14:607][907]LogModuleManager: Shutting down and abandoning module SteamVRController (370)
[2018.08.06-12.46.14:607][907]LogModuleManager: Shutting down and abandoning module ProceduralMeshComponentEditor (368)
[2018.08.06-12.46.14:607][907]LogModuleManager: Shutting down and abandoning module ProceduralMeshComponent (366)
[2018.08.06-12.46.14:607][907]LogModuleManager: Shutting down and abandoning module OculusInput (364)
[2018.08.06-12.46.14:607][907]LogModuleManager: Shutting down and abandoning module MobilePatchingUtils (362)
[2018.08.06-12.46.14:607][907]LogModuleManager: Shutting down and abandoning module CustomMeshComponent (360)
[2018.08.06-12.46.14:607][907]LogModuleManager: Shutting down and abandoning module CableComponent (358)
[2018.08.06-12.46.14:607][907]LogModuleManager: Shutting down and abandoning module AudioCapture (356)
[2018.08.06-12.46.14:607][907]LogModuleManager: Shutting down and abandoning module ArchVisCharacter (354)
[2018.08.06-12.46.14:607][907]LogModuleManager: Shutting down and abandoning module AndroidPermission (352)
[2018.08.06-12.46.14:607][907]LogModuleManager: Shutting down and abandoning module NUTUnrealEngine4 (348)
[2018.08.06-12.46.14:607][907]LogModuleManager: Shutting down and abandoning module NetcodeUnitTest (346)
[2018.08.06-12.46.14:620][907]LogModuleManager: Shutting down and abandoning module MediaCompositingEditor (344)
[2018.08.06-12.46.14:620][907]LogModuleManager: Shutting down and abandoning module MediaCompositing (342)
[2018.08.06-12.46.14:621][907]LogModuleManager: Shutting down and abandoning module LinearTimecode (340)
[2018.08.06-12.46.14:621][907]LogModuleManager: Shutting down and abandoning module ImgMedia (338)
[2018.08.06-12.46.14:627][907]LogModuleManager: Shutting down and abandoning module HTML5Networking (336)
[2018.08.06-12.46.14:627][907]LogModuleManager: Shutting down and abandoning module AlembicImporter (334)
[2018.08.06-12.46.14:638][907]LogModuleManager: Shutting down and abandoning module AlembicLibrary (333)
[2018.08.06-12.46.14:638][907]LogModuleManager: Shutting down and abandoning module GeometryCache (332)
[2018.08.06-12.46.14:638][907]LogModuleManager: Shutting down and abandoning module GeometryCacheEd (331)
[2018.08.06-12.46.14:638][907]LogModuleManager: Shutting down and abandoning module DatasmithContent (326)
[2018.08.06-12.46.14:638][907]LogModuleManager: Shutting down and abandoning module SpeedTreeImporter (324)
[2018.08.06-12.46.14:638][907]LogModuleManager: Shutting down and abandoning module PluginBrowser (322)
[2018.08.06-12.46.14:658][907]LogModuleManager: Shutting down and abandoning module MobileLauncherProfileWizard (320)
[2018.08.06-12.46.14:669][907]LogModuleManager: Shutting down and abandoning module CryptoKeysOpenSSL (318)
[2018.08.06-12.46.14:669][907]LogModuleManager: Shutting down and abandoning module CryptoKeys (316)
[2018.08.06-12.46.14:669][907]LogModuleManager: Shutting down and abandoning module VisualStudioSourceCodeAccess (314)
[2018.08.06-12.46.14:669][907]LogModuleManager: Shutting down and abandoning module VisualStudioCodeSourceCodeAccess (312)
[2018.08.06-12.46.14:669][907]LogModuleManager: Shutting down and abandoning module UObjectPlugin (310)
[2018.08.06-12.46.14:669][907]LogModuleManager: Shutting down and abandoning module SubversionSourceControl (308)
[2018.08.06-12.46.14:669][907]LogModuleManager: Shutting down and abandoning module PerforceSourceControl (306)
[2018.08.06-12.46.14:669][907]LogModuleManager: Shutting down and abandoning module GitSourceControl (304)
[2018.08.06-12.46.14:669][907]LogModuleManager: Shutting down and abandoning module SourceControl (303)
[2018.08.06-12.46.14:670][907]LogModuleManager: Shutting down and abandoning module CLionSourceCodeAccess (300)
[2018.08.06-12.46.14:670][907]LogModuleManager: Shutting down and abandoning module LightPropagationVolumeEditor (298)
[2018.08.06-12.46.14:670][907]LogModuleManager: Shutting down and abandoning module PaperTiledImporter (296)
[2018.08.06-12.46.14:670][907]LogModuleManager: Shutting down and abandoning module PaperSpriteSheetImporter (294)
[2018.08.06-12.46.14:670][907]LogModuleManager: Shutting down and abandoning module Paper2DEditor (292)
[2018.08.06-12.46.14:678][907]LogModuleManager: Shutting down and abandoning module MeshPaint (291)
[2018.08.06-12.46.14:678][907]LogModuleManager: Shutting down and abandoning module RuntimePhysXCooking (288)
[2018.08.06-12.46.14:678][907]LogModuleManager: Shutting down and abandoning module PhysXVehiclesEditor (286)
[2018.08.06-12.46.14:678][907]LogModuleManager: Shutting down and abandoning module PhysXVehicles (284)
[2018.08.06-12.46.14:678][907]LogModuleManager: Shutting down and abandoning module OculusEditor (282)
[2018.08.06-12.46.14:678][907]LogModuleManager: Shutting down and abandoning module LocationServicesBPLibrary (280)
[2018.08.06-12.46.14:678][907]LogModuleManager: Shutting down and abandoning module ImmediatePhysicsEditor (278)
[2018.08.06-12.46.14:678][907]LogModuleManager: Shutting down and abandoning module ImmediatePhysics (276)
[2018.08.06-12.46.14:678][907]LogModuleManager: Shutting down and abandoning module ActorSequence (274)
[2018.08.06-12.46.14:678][907]LogModuleManager: Shutting down and abandoning module UdpMessaging (272)
[2018.08.06-12.46.14:779][907]LogModuleManager: Shutting down and abandoning module TcpMessaging (270)
[2018.08.06-12.46.14:880][907]LogModuleManager: Shutting down and abandoning module GameplayTagsEditor (268)
[2018.08.06-12.46.14:904][907]LogModuleManager: Shutting down and abandoning module FacialAnimationEditor (266)
[2018.08.06-12.46.14:904][907]LogModuleManager: Shutting down and abandoning module FacialAnimation (264)
[2018.08.06-12.46.14:904][907]LogModuleManager: Shutting down and abandoning module DataValidation (262)
[2018.08.06-12.46.14:917][907]LogModuleManager: Shutting down and abandoning module AssetManagerEditor (260)
[2018.08.06-12.46.14:931][907]LogModuleManager: Shutting down and abandoning module LevelEditor (259)
[2018.08.06-12.46.14:934][907]LogModuleManager: Shutting down and abandoning module PixelInspectorModule (258)
[2018.08.06-12.46.14:934][907]LogModuleManager: Shutting down and abandoning module CommonMenuExtensions (256)
[2018.08.06-12.46.14:935][907]LogModuleManager: Shutting down and abandoning module MainFrame (254)
[2018.08.06-12.46.14:935][907]LogModuleManager: Shutting down and abandoning module HotReload (253)
[2018.08.06-12.46.14:937][907]LogModuleManager: Shutting down and abandoning module ContentBrowser (249)
[2018.08.06-12.46.14:941][907]LogModuleManager: Shutting down and abandoning module TreeMap (247)
[2018.08.06-12.46.14:941][907]LogModuleManager: Shutting down and abandoning module LightPropagationVolumeRuntime (244)
[2018.08.06-12.46.14:941][907]LogModuleManager: Shutting down and abandoning module LiveLinkEditor (242)
[2018.08.06-12.46.14:941][907]LogModuleManager: Shutting down and abandoning module LiveLink (240)
[2018.08.06-12.46.15:130][907]LogModuleManager: Shutting down and abandoning module Paper2D (238)
[2018.08.06-12.46.15:130][907]LogModuleManager: Shutting down and abandoning module WindowsMoviePlayer (236)
[2018.08.06-12.46.15:130][907]LogModuleManager: Shutting down and abandoning module WmfMedia (234)
[2018.08.06-12.46.15:152][907]LogModuleManager: Shutting down and abandoning module Media (233)
[2018.08.06-12.46.15:159][907]LogModuleManager: Shutting down and abandoning module PacketHandler (230)
[2018.08.06-12.46.15:159][907]LogModuleManager: Shutting down and abandoning module ClothingSystemEditor (228)
[2018.08.06-12.46.15:159][907]LogModuleManager: Shutting down and abandoning module ClothingSystemRuntime (226)
[2018.08.06-12.46.15:172][907]LogModuleManager: Shutting down and abandoning module MediaAssets (224)
[2018.08.06-12.46.15:172][907]LogModuleManager: Shutting down and abandoning module Overlay (222)
[2018.08.06-12.46.15:172][907]LogModuleManager: Shutting down and abandoning module OverlayEditor (221)
[2018.08.06-12.46.15:173][907]LogModuleManager: Shutting down and abandoning module VREditor (218)
[2018.08.06-12.46.15:182][907]LogModuleManager: Shutting down and abandoning module StringTableEditor (216)
[2018.08.06-12.46.15:182][907]LogModuleManager: Shutting down and abandoning module GameplayTasksEditor (214)
[2018.08.06-12.46.15:182][907]LogModuleManager: Shutting down and abandoning module BehaviorTreeEditor (212)
[2018.08.06-12.46.15:217][907]LogModuleManager: Shutting down and abandoning module FunctionalTesting (210)
[2018.08.06-12.46.15:217][907]LogModuleManager: Shutting down and abandoning module CollisionAnalyzer (208)
[2018.08.06-12.46.15:217][907]LogModuleManager: Shutting down and abandoning module WorkspaceMenuStructure (207)
[2018.08.06-12.46.15:217][907]LogModuleManager: Shutting down and abandoning module UMG (204)
[2018.08.06-12.46.15:225][907]LogModuleManager: Shutting down and abandoning module UMGEditor (203)
[2018.08.06-12.46.15:263][907]LogModuleManager: Shutting down and abandoning module Sequencer (202)
[2018.08.06-12.46.15:275][907]LogModuleManager: Shutting down and abandoning module MessageLog (199)
[2018.08.06-12.46.15:275][907]LogModuleManager: Shutting down and abandoning module SlateReflector (194)
[2018.08.06-12.46.15:303][907]LogModuleManager: Shutting down and abandoning module Slate (192)
[2018.08.06-12.46.15:303][907]LogModuleManager: Shutting down and abandoning module EditorStyle (190)
[2018.08.06-12.46.15:306][907]LogModuleManager: Shutting down and abandoning module MRMesh (188)
[2018.08.06-12.46.15:306][907]LogModuleManager: Shutting down and abandoning module SourceCodeAccess (186)
[2018.08.06-12.46.15:306][907]LogModuleManager: Shutting down and abandoning module HeadMountedDisplay (184)
[2018.08.06-12.46.15:306][907]LogModuleManager: Shutting down and abandoning module XAudio2 (182)
[2018.08.06-12.46.15:306][907]LogModuleManager: Shutting down and abandoning module Networking (180)
[2018.08.06-12.46.15:306][907]LogModuleManager: Shutting down and abandoning module Core (178)
[2018.08.06-12.46.15:306][907]LogModuleManager: Shutting down and abandoning module LevelSequence (176)
[2018.08.06-12.46.15:306][907]LogModuleManager: Shutting down and abandoning module KismetCompiler (174)
[2018.08.06-12.46.15:306][907]LogModuleManager: Shutting down and abandoning module MeshUtilities (172)
[2018.08.06-12.46.15:320][907]LogModuleManager: Shutting down and abandoning module MeshMergeUtilities (171)
[2018.08.06-12.46.15:320][907]LogModuleManager: Shutting down and abandoning module MeshReductionInterface (170)
[2018.08.06-12.46.15:320][907]LogModuleManager: Shutting down and abandoning module SimplygonSwarm (169)
[2018.08.06-12.46.15:320][907]LogModuleManager: Shutting down and abandoning module SimplygonMeshReduction (167)
[2018.08.06-12.46.15:320][907]LogModuleManager: Shutting down and abandoning module QuadricMeshReduction (165)
[2018.08.06-12.46.15:320][907]LogModuleManager: Shutting down and abandoning module MaterialBaking (161)
[2018.08.06-12.46.15:321][907]LogModuleManager: Shutting down and abandoning module DirectoryWatcher (157)
[2018.08.06-12.46.15:322][907]LogModuleManager: Shutting down and abandoning module DerivedDataCache (154)
[2018.08.06-12.46.15:398][907]LogDerivedDataCache: Shutdown
[2018.08.06-12.46.15:398][907]LogModuleManager: Shutting down and abandoning module XGEController (152)
[2018.08.06-12.46.15:398][907]LogXGEController: Cleaning working directory: C:/Users/Administrator/AppData/Local/Temp/UnrealXGEWorkingDir/
[2018.08.06-12.46.15:398][907]LogModuleManager: Shutting down and abandoning module TargetPlatform (150)
[2018.08.06-12.46.15:399][907]LogModuleManager: Shutting down and abandoning module VulkanShaderFormat (149)
[2018.08.06-12.46.15:399][907]LogModuleManager: Shutting down and abandoning module ShaderFormatVectorVM (147)
[2018.08.06-12.46.15:407][907]LogModuleManager: Shutting down and abandoning module ShaderFormatOpenGL (145)
[2018.08.06-12.46.15:413][907]LogModuleManager: Shutting down and abandoning module ShaderFormatD3D (143)
[2018.08.06-12.46.15:413][907]LogModuleManager: Shutting down and abandoning module MetalShaderFormat (141)
[2018.08.06-12.46.15:428][907]LogModuleManager: Shutting down and abandoning module TextureFormatUncompressed (139)
[2018.08.06-12.46.15:428][907]LogModuleManager: Shutting down and abandoning module TextureFormatPVR (137)
[2018.08.06-12.46.15:428][907]LogModuleManager: Shutting down and abandoning module TextureFormatDXT (135)
[2018.08.06-12.46.15:428][907]LogModuleManager: Shutting down and abandoning module TextureFormatIntelISPCTexComp (133)
[2018.08.06-12.46.15:428][907]LogModuleManager: Shutting down and abandoning module TextureFormatASTC (131)
[2018.08.06-12.46.15:428][907]LogModuleManager: Shutting down and abandoning module ImageWrapper (130)
[2018.08.06-12.46.15:428][907]LogModuleManager: Shutting down and abandoning module TextureFormatAndroid (127)
[2018.08.06-12.46.15:428][907]LogModuleManager: Shutting down and abandoning module AudioFormatOpus (125)
[2018.08.06-12.46.15:428][907]LogModuleManager: Shutting down and abandoning module AudioFormatOgg (123)
[2018.08.06-12.46.15:428][907]LogModuleManager: Shutting down and abandoning module AudioFormatADPCM (121)
[2018.08.06-12.46.15:428][907]LogModuleManager: Shutting down and abandoning module LinuxTargetPlatform (119)
[2018.08.06-12.46.15:428][907]LogModuleManager: Shutting down and abandoning module LinuxServerTargetPlatform (117)
[2018.08.06-12.46.15:428][907]LogModuleManager: Shutting down and abandoning module LinuxNoEditorTargetPlatform (115)
[2018.08.06-12.46.15:428][907]LogModuleManager: Shutting down and abandoning module LinuxClientTargetPlatform (113)
[2018.08.06-12.46.15:428][907]LogModuleManager: Shutting down and abandoning module TVOSTargetPlatform (111)
[2018.08.06-12.46.15:428][907]LogModuleManager: Shutting down and abandoning module Messaging (109)
[2018.08.06-12.46.15:428][907]LogModuleManager: Shutting down and abandoning module IOSTargetPlatform (107)
[2018.08.06-12.46.15:428][907]LogModuleManager: Shutting down and abandoning module HTML5TargetPlatform (105)
[2018.08.06-12.46.15:428][907]LogModuleManager: Shutting down and abandoning module AndroidTargetPlatform (103)
[2018.08.06-12.46.15:428][907]LogModuleManager: Shutting down and abandoning module Android_PVRTCTargetPlatform (101)
[2018.08.06-12.46.15:428][907]LogModuleManager: Shutting down and abandoning module Android_MultiTargetPlatform (99)
[2018.08.06-12.46.15:428][907]LogModuleManager: Shutting down and abandoning module Android_ETC2TargetPlatform (97)
[2018.08.06-12.46.15:428][907]LogModuleManager: Shutting down and abandoning module Android_ETC1TargetPlatform (95)
[2018.08.06-12.46.15:428][907]LogModuleManager: Shutting down and abandoning module Android_ETC1aTargetPlatform (93)
[2018.08.06-12.46.15:428][907]LogModuleManager: Shutting down and abandoning module Android_DXTTargetPlatform (91)
[2018.08.06-12.46.15:428][907]LogModuleManager: Shutting down and abandoning module Android_ATCTargetPlatform (89)
[2018.08.06-12.46.15:429][907]LogModuleManager: Shutting down and abandoning module Android_ASTCTargetPlatform (87)
[2018.08.06-12.46.15:429][907]LogModuleManager: Shutting down and abandoning module WindowsTargetPlatform (85)
[2018.08.06-12.46.15:429][907]LogModuleManager: Shutting down and abandoning module WindowsServerTargetPlatform (83)
[2018.08.06-12.46.15:429][907]LogModuleManager: Shutting down and abandoning module WindowsNoEditorTargetPlatform (81)
[2018.08.06-12.46.15:429][907]LogModuleManager: Shutting down and abandoning module WindowsClientTargetPlatform (79)
[2018.08.06-12.46.15:429][907]LogModuleManager: Shutting down and abandoning module MacTargetPlatform (77)
[2018.08.06-12.46.15:429][907]LogModuleManager: Shutting down and abandoning module MacServerTargetPlatform (75)
[2018.08.06-12.46.15:429][907]LogModuleManager: Shutting down and abandoning module MacNoEditorTargetPlatform (73)
[2018.08.06-12.46.15:429][907]LogModuleManager: Shutting down and abandoning module MacClientTargetPlatform (71)
[2018.08.06-12.46.15:429][907]LogModuleManager: Shutting down and abandoning module AllDesktopTargetPlatform (69)
[2018.08.06-12.46.15:429][907]LogModuleManager: Shutting down and abandoning module InputCore (66)
[2018.08.06-12.46.15:429][907]LogModuleManager: Shutting down and abandoning module Settings (64)
[2018.08.06-12.46.15:429][907]LogModuleManager: Shutting down and abandoning module PhysXCooking (62)
[2018.08.06-12.46.15:429][907]LogModuleManager: Shutting down and abandoning module SteamVR (60)
[2018.08.06-12.46.15:429][907]LogModuleManager: Shutting down and abandoning module OculusHMD (58)
[2018.08.06-12.46.15:429][907]LogModuleManager: Shutting down and abandoning module ExampleDeviceProfileSelector (56)
[2018.08.06-12.46.15:429][907]LogModuleManager: Shutting down and abandoning module AppleARKit (54)
[2018.08.06-12.46.15:429][907]LogModuleManager: Shutting down and abandoning module AugmentedReality (51)
[2018.08.06-12.46.15:429][907]LogModuleManager: Shutting down and abandoning module OnlineBlueprintSupport (48)
[2018.08.06-12.46.15:429][907]LogModuleManager: Shutting down and abandoning module OnlineSubsystem (44)
[2018.08.06-12.46.15:450][907]LogModuleManager: Shutting down and abandoning module XMPP (43)
[2018.08.06-12.46.15:461][907]LogModuleManager: Shutting down and abandoning module HTTP (41)
[2018.08.06-12.46.15:461][907]LogHttp: Display: Http module shutting down, but needs to wait on 1 outstanding Http requests:
[2018.08.06-12.46.15:461][907]LogHttp: Display: 	verb=[POST] url=[https://datarouter.ol.epicgames.com/datarouter/api/v1/public/data?SessionID=%7B408B42CC-435E-0ADD-BB27-D38AC5D21931%7D&AppID=UEEditor.Rocket.Release&AppVersion=4.19.2-4033788%2B%2B%2BUE4%2BRelease-4.19&UserID=d6ff1a5446fbae1276da95bbdf46b853%7C002534f943d94cfb99c8b9b206d54173%7Cabb0079e-60e5-4b04-b8d7-9c48458bd8a1&AppEnvironment=datacollector-binary&UploadType=eteventstream] status=Processing
[2018.08.06-12.46.15:493][907]LogModuleManager: Shutting down and abandoning module SSL (40)
[2018.08.06-12.46.15:496][907]LogModuleManager: Shutting down and abandoning module AnimationModifiers (36)
[2018.08.06-12.46.15:496][907]LogModuleManager: Shutting down and abandoning module PropertyEditor (35)
[2018.08.06-12.46.15:520][907]LogModuleManager: Shutting down and abandoning module AudioEditor (32)
[2018.08.06-12.46.15:535][907]LogModuleManager: Shutting down and abandoning module TextureCompressor (30)
[2018.08.06-12.46.15:536][907]LogModuleManager: Shutting down and abandoning module ShaderCore (28)
[2018.08.06-12.46.15:536][907]LogModuleManager: Shutting down and abandoning module Landscape (26)
[2018.08.06-12.46.15:536][907]LogModuleManager: Shutting down and abandoning module SlateRHIRenderer (24)
[2018.08.06-12.46.15:545][907]LogModuleManager: Shutting down and abandoning module OpenGLDrv (22)
[2018.08.06-12.46.15:563][907]LogModuleManager: Shutting down and abandoning module D3D11RHI (20)
[2018.08.06-12.46.15:563][907]LogModuleManager: Shutting down and abandoning module AnimGraphRuntime (18)
[2018.08.06-12.46.15:563][907]LogModuleManager: Shutting down and abandoning module Renderer (16)
[2018.08.06-12.46.15:563][907]LogModuleManager: Shutting down and abandoning module Engine (14)
[2018.08.06-12.46.15:563][907]LogModuleManager: Shutting down and abandoning module CoreUObject (12)
[2018.08.06-12.46.15:563][907]LogModuleManager: Shutting down and abandoning module NetworkFile (10)
[2018.08.06-12.46.15:563][907]LogModuleManager: Shutting down and abandoning module CookedIterativeFile (8)
[2018.08.06-12.46.15:563][907]LogModuleManager: Shutting down and abandoning module StreamingFile (6)
[2018.08.06-12.46.15:563][907]LogModuleManager: Shutting down and abandoning module SandboxFile (4)
[2018.08.06-12.46.15:563][907]LogModuleManager: Shutting down and abandoning module PakFile (2)
[2018.08.06-12.46.15:584][907]LogExit: Exiting.
[2018.08.06-12.46.15:619][907]Log file closed, 08/06/18 14:46:15
