Log file open, 09/17/18 13:24:59
LogWindows: Failed to load 'aqProf.dll' (GetLastError=126)
LogWindows: File 'aqProf.dll' does not exist
LogWindows: Failed to load 'VtuneApi.dll' (GetLastError=126)
LogWindows: File 'VtuneApi.dll' does not exist
LogWindows: Failed to load 'VtuneApi32e.dll' (GetLastError=126)
LogWindows: File 'VtuneApi32e.dll' does not exist
LogInit: Display: Running engine for game: Roadhouse
LogPlatformFile: Not using cached read wrapper
LogInit: Display: RandInit(690407262) SRandInit(690407262).
LogInit: Read version file with build ID '3944462'
LogInit: Overriding engine version to CL 4033788, compatible CL 3944462
LogInit: Registered custom module enumerator with build ID '3944462'
LogTaskGraph: Started task graph with 5 named threads and 11 total threads with 3 sets of task threads.
LogStats: Stats thread started at 0.760941
LogD3D11RHI: Aftermath initialized
LogICUInternationalization: Display: ICU TimeZone Detection - Raw Offset: +1:00, Platform Override: ''
LogModuleManager: Display: Found up-to-date module file ../../../Engine/Plugins/2D/Paper2D/Binaries/Win64/UE4Editor-Paper2D.dll (API version 3944462).
LogModuleManager: Display: Found up-to-date module file ../../../Engine/Plugins/2D/Paper2D/Binaries/Win64/UE4Editor-Paper2DEditor.dll (API version 3944462).
LogModuleManager: Display: Found up-to-date module file ../../../Engine/Plugins/2D/Paper2D/Binaries/Win64/UE4Editor-PaperSpriteSheetImporter.dll (API version 3944462).
LogModuleManager: Display: Found up-to-date module file ../../../Engine/Plugins/2D/Paper2D/Binaries/Win64/UE4Editor-PaperTiledImporter.dll (API version 3944462).
LogModuleManager: Display: Found up-to-date module file ../../../Engine/Plugins/2D/Paper2D/Binaries/Win64/UE4Editor-SmartSnapping.dll (API version 3944462).
LogModuleManager: Display: Found up-to-date module file ../../../Engine/Plugins/Blendables/LightPropagationVolume/Binaries/Win64/UE4Editor-LightPropagationVolumeRuntime.dll (API version 3944462).
LogModuleManager: Display: Found up-to-date module file ../../../Engine/Plugins/Blendables/LightPropagationVolume/Binaries/Win64/UE4Editor-LightPropagationVolumeEditor.dll (API version 3944462).
LogModuleManager: Display: Found up-to-date module file ../../../Engine/Plugins/Developer/CLionSourceCodeAccess/Binaries/Win64/UE4Editor-CLionSourceCodeAccess.dll (API version 3944462).
LogModuleManager: Display: Found up-to-date module file ../../../Engine/Plugins/Developer/GitSourceControl/Binaries/Win64/UE4Editor-GitSourceControl.dll (API version 3944462).
LogModuleManager: Display: Found up-to-date module file ../../../Engine/Plugins/Developer/PerforceSourceControl/Binaries/Win64/UE4Editor-PerforceSourceControl.dll (API version 3944462).
LogModuleManager: Display: Found up-to-date module file ../../../Engine/Plugins/Developer/SubversionSourceControl/Binaries/Win64/UE4Editor-SubversionSourceControl.dll (API version 3944462).
LogModuleManager: Display: Found up-to-date module file ../../../Engine/Plugins/Developer/UObjectPlugin/Binaries/Win64/UE4Editor-UObjectPlugin.dll (API version 3944462).
LogModuleManager: Display: Found up-to-date module file ../../../Engine/Plugins/Developer/VisualStudioCodeSourceCodeAccess/Binaries/Win64/UE4Editor-VisualStudioCodeSourceCodeAccess.dll (API version 3944462).
LogModuleManager: Display: Found up-to-date module file ../../../Engine/Plugins/Developer/VisualStudioSourceCodeAccess/Binaries/Win64/UE4Editor-VisualStudioSourceCodeAccess.dll (API version 3944462).
LogModuleManager: Display: Found up-to-date module file ../../../Engine/Plugins/Editor/AssetManagerEditor/Binaries/Win64/UE4Editor-AssetManagerEditor.dll (API version 3944462).
LogModuleManager: Display: Found up-to-date module file ../../../Engine/Plugins/Editor/CryptoKeys/Binaries/Win64/UE4Editor-CryptoKeys.dll (API version 3944462).
LogModuleManager: Display: Found up-to-date module file ../../../Engine/Plugins/Editor/CryptoKeys/Binaries/Win64/UE4Editor-CryptoKeysOpenSSL.dll (API version 3944462).
LogModuleManager: Display: Found up-to-date module file ../../../Engine/Plugins/Editor/DataValidation/Binaries/Win64/UE4Editor-DataValidation.dll (API version 3944462).
LogModuleManager: Display: Found up-to-date module file ../../../Engine/Plugins/Editor/FacialAnimation/Binaries/Win64/UE4Editor-FacialAnimation.dll (API version 3944462).
LogModuleManager: Display: Found up-to-date module file ../../../Engine/Plugins/Editor/FacialAnimation/Binaries/Win64/UE4Editor-FacialAnimationEditor.dll (API version 3944462).
LogModuleManager: Display: Found up-to-date module file ../../../Engine/Plugins/Editor/GameplayTagsEditor/Binaries/Win64/UE4Editor-GameplayTagsEditor.dll (API version 3944462).
LogModuleManager: Display: Found up-to-date module file ../../../Engine/Plugins/Editor/MobileLauncherProfileWizard/Binaries/Win64/UE4Editor-MobileLauncherProfileWizard.dll (API version 3944462).
LogModuleManager: Display: Found up-to-date module file ../../../Engine/Plugins/Editor/PluginBrowser/Binaries/Win64/UE4Editor-PluginBrowser.dll (API version 3944462).
LogModuleManager: Display: Found up-to-date module file ../../../Engine/Plugins/Editor/SpeedTreeImporter/Binaries/Win64/UE4Editor-SpeedTreeImporter.dll (API version 3944462).
LogModuleManager: Display: Found up-to-date module file ../../../Engine/Plugins/Enterprise/DatasmithContent/Binaries/Win64/UE4Editor-DatasmithContent.dll (API version 3944462).
LogModuleManager: Display: Found up-to-date module file ../../../Engine/Plugins/Experimental/AlembicImporter/Binaries/Win64/UE4Editor-AlembicImporter.dll (API version 3944462).
LogModuleManager: Display: Found up-to-date module file ../../../Engine/Plugins/Experimental/AlembicImporter/Binaries/Win64/UE4Editor-AlembicLibrary.dll (API version 3944462).
LogModuleManager: Display: Found up-to-date module file ../../../Engine/Plugins/Experimental/CharacterAI/Binaries/Win64/UE4Editor-CharacterAI.dll (API version 3944462).
LogModuleManager: Display: Found up-to-date module file ../../../Engine/Plugins/Experimental/HTML5Networking/Binaries/Win64/UE4Editor-HTML5Networking.dll (API version 3944462).
LogModuleManager: Display: Found up-to-date module file ../../../Engine/Plugins/Media/AndroidMedia/Binaries/Win64/UE4Editor-AndroidMediaEditor.dll (API version 3944462).
LogModuleManager: Display: Found up-to-date module file ../../../Engine/Plugins/Media/AndroidMedia/Binaries/Win64/UE4Editor-AndroidMediaFactory.dll (API version 3944462).
LogModuleManager: Display: Found up-to-date module file ../../../Engine/Plugins/Media/AvfMedia/Binaries/Win64/UE4Editor-AvfMediaEditor.dll (API version 3944462).
LogModuleManager: Display: Found up-to-date module file ../../../Engine/Plugins/Media/AvfMedia/Binaries/Win64/UE4Editor-AvfMediaFactory.dll (API version 3944462).
LogModuleManager: Display: Found up-to-date module file ../../../Engine/Plugins/Media/AvfMedia/Binaries/Win64/UE4Editor-AvfMediaFactory.dll (API version 3944462).
LogModuleManager: Display: Found up-to-date module file ../../../Engine/Plugins/Media/ImgMedia/Binaries/Win64/UE4Editor-ImgMedia.dll (API version 3944462).
LogModuleManager: Display: Found up-to-date module file ../../../Engine/Plugins/Media/ImgMedia/Binaries/Win64/UE4Editor-ImgMediaEditor.dll (API version 3944462).
LogModuleManager: Display: Found up-to-date module file ../../../Engine/Plugins/Media/ImgMedia/Binaries/Win64/UE4Editor-ImgMediaFactory.dll (API version 3944462).
LogModuleManager: Display: Found up-to-date module file ../../../Engine/Plugins/Media/ImgMedia/Binaries/Win64/UE4Editor-ImgMediaFactory.dll (API version 3944462).
LogModuleManager: Display: Found up-to-date module file ../../../Engine/Plugins/Media/ImgMedia/Binaries/Win64/UE4Editor-OpenExrWrapper.dll (API version 3944462).
LogModuleManager: Display: Found up-to-date module file ../../../Engine/Plugins/Media/LinearTimecode/Binaries/Win64/UE4Editor-LinearTimecode.dll (API version 3944462).
LogModuleManager: Display: Found up-to-date module file ../../../Engine/Plugins/Media/MediaCompositing/Binaries/Win64/UE4Editor-MediaCompositing.dll (API version 3944462).
LogModuleManager: Display: Found up-to-date module file ../../../Engine/Plugins/Media/MediaCompositing/Binaries/Win64/UE4Editor-MediaCompositingEditor.dll (API version 3944462).
LogModuleManager: Display: Found up-to-date module file ../../../Engine/Plugins/Media/MediaPlayerEditor/Binaries/Win64/UE4Editor-MediaPlayerEditor.dll (API version 3944462).
LogModuleManager: Display: Found up-to-date module file ../../../Engine/Plugins/Media/WmfMedia/Binaries/Win64/UE4Editor-WmfMedia.dll (API version 3944462).
LogModuleManager: Display: Found up-to-date module file ../../../Engine/Plugins/Media/WmfMedia/Binaries/Win64/UE4Editor-WmfMediaEditor.dll (API version 3944462).
LogModuleManager: Display: Found up-to-date module file ../../../Engine/Plugins/Media/WmfMedia/Binaries/Win64/UE4Editor-WmfMediaFactory.dll (API version 3944462).
LogModuleManager: Display: Found up-to-date module file ../../../Engine/Plugins/Media/WmfMedia/Binaries/Win64/UE4Editor-WmfMediaFactory.dll (API version 3944462).
LogModuleManager: Display: Found up-to-date module file ../../../Engine/Plugins/Messaging/TcpMessaging/Binaries/Win64/UE4Editor-TcpMessaging.dll (API version 3944462).
LogModuleManager: Display: Found up-to-date module file ../../../Engine/Plugins/Messaging/UdpMessaging/Binaries/Win64/UE4Editor-UdpMessaging.dll (API version 3944462).
LogModuleManager: Display: Found up-to-date module file ../../../Engine/Plugins/MovieScene/ActorSequence/Binaries/Win64/UE4Editor-ActorSequence.dll (API version 3944462).
LogModuleManager: Display: Found up-to-date module file ../../../Engine/Plugins/MovieScene/LevelSequenceEditor/Binaries/Win64/UE4Editor-LevelSequenceEditor.dll (API version 3944462).
LogModuleManager: Display: Found up-to-date module file ../../../Engine/Plugins/MovieScene/MatineeToLevelSequence/Binaries/Win64/UE4Editor-MatineeToLevelSequence.dll (API version 3944462).
LogModuleManager: Display: Found up-to-date module file ../../../Engine/Plugins/NetcodeUnitTest/NetcodeUnitTest/Binaries/Win64/UE4Editor-NetcodeUnitTest.dll (API version 3944462).
LogModuleManager: Display: Found up-to-date module file ../../../Engine/Plugins/NetcodeUnitTest/NUTUnrealEngine4/Binaries/Win64/UE4Editor-NUTUnrealEngine4.dll (API version 3944462).
LogModuleManager: Display: Found up-to-date module file ../../../Engine/Plugins/Online/OnlineSubsystem/Binaries/Win64/UE4Editor-OnlineSubsystem.dll (API version 3944462).
LogModuleManager: Display: Found up-to-date module file ../../../Engine/Plugins/Runtime/AndroidPermission/Binaries/Win64/UE4Editor-AndroidPermission.dll (API version 3944462).
LogModuleManager: Display: Found up-to-date module file ../../../Engine/Plugins/Online/OnlineSubsystemNull/Binaries/Win64/UE4Editor-OnlineSubsystemNull.dll (API version 3944462).
LogModuleManager: Display: Found up-to-date module file ../../../Engine/Plugins/Online/OnlineSubsystemUtils/Binaries/Win64/UE4Editor-OnlineSubsystemUtils.dll (API version 3944462).
LogModuleManager: Display: Found up-to-date module file ../../../Engine/Plugins/Online/OnlineSubsystemUtils/Binaries/Win64/UE4Editor-OnlineBlueprintSupport.dll (API version 3944462).
LogModuleManager: Display: Found up-to-date module file ../../../Engine/Plugins/Runtime/AndroidDeviceProfileSelector/Binaries/Win64/UE4Editor-AndroidDeviceProfileSelector.dll (API version 3944462).
LogModuleManager: Display: Found up-to-date module file ../../../Engine/Plugins/Runtime/AppleARKit/Binaries/Win64/UE4Editor-AppleARKit.dll (API version 3944462).
LogModuleManager: Display: Found up-to-date module file ../../../Engine/Plugins/Runtime/ProceduralMeshComponent/Binaries/Win64/UE4Editor-ProceduralMeshComponent.dll (API version 3944462).
LogModuleManager: Display: Found up-to-date module file ../../../Engine/Plugins/Runtime/ProceduralMeshComponent/Binaries/Win64/UE4Editor-ProceduralMeshComponentEditor.dll (API version 3944462).
LogModuleManager: Display: Found up-to-date module file ../../../Engine/Plugins/Animation/LiveLink/Binaries/Win64/UE4Editor-LiveLink.dll (API version 3944462).
LogModuleManager: Display: Found up-to-date module file ../../../Engine/Plugins/Animation/LiveLink/Binaries/Win64/UE4Editor-LiveLinkEditor.dll (API version 3944462).
LogModuleManager: Display: Found up-to-date module file ../../../Engine/Plugins/Runtime/ArchVisCharacter/Binaries/Win64/UE4Editor-ArchVisCharacter.dll (API version 3944462).
LogModuleManager: Display: Found up-to-date module file ../../../Engine/Plugins/Runtime/AudioCapture/Binaries/Win64/UE4Editor-AudioCapture.dll (API version 3944462).
LogModuleManager: Display: Found up-to-date module file ../../../Engine/Plugins/Runtime/AudioCapture/Binaries/Win64/UE4Editor-AudioCaptureEditor.dll (API version 3944462).
LogModuleManager: Display: Found up-to-date module file ../../../Engine/Plugins/Runtime/CableComponent/Binaries/Win64/UE4Editor-CableComponent.dll (API version 3944462).
LogModuleManager: Display: Found up-to-date module file ../../../Engine/Plugins/Runtime/CustomMeshComponent/Binaries/Win64/UE4Editor-CustomMeshComponent.dll (API version 3944462).
LogModuleManager: Display: Found up-to-date module file ../../../Engine/Plugins/Runtime/ExampleDeviceProfileSelector/Binaries/Win64/UE4Editor-ExampleDeviceProfileSelector.dll (API version 3944462).
LogModuleManager: Display: Found up-to-date module file ../../../Engine/Plugins/Runtime/ImmediatePhysics/Binaries/Win64/UE4Editor-ImmediatePhysics.dll (API version 3944462).
LogModuleManager: Display: Found up-to-date module file ../../../Engine/Plugins/Runtime/ImmediatePhysics/Binaries/Win64/UE4Editor-ImmediatePhysicsEditor.dll (API version 3944462).
LogModuleManager: Display: Found up-to-date module file ../../../Engine/Plugins/Runtime/LocationServicesBPLibrary/Binaries/Win64/UE4Editor-LocationServicesBPLibrary.dll (API version 3944462).
LogModuleManager: Display: Found up-to-date module file ../../../Engine/Plugins/Runtime/MobilePatchingUtils/Binaries/Win64/UE4Editor-MobilePatchingUtils.dll (API version 3944462).
LogModuleManager: Display: Found up-to-date module file ../../../Engine/Plugins/Runtime/Oculus/OculusVR/Binaries/Win64/UE4Editor-OculusHMD.dll (API version 3944462).
LogModuleManager: Display: Found up-to-date module file ../../../Engine/Plugins/Runtime/Oculus/OculusVR/Binaries/Win64/UE4Editor-OculusInput.dll (API version 3944462).
LogModuleManager: Display: Found up-to-date module file ../../../Engine/Plugins/Runtime/Oculus/OculusVR/Binaries/Win64/UE4Editor-OculusEditor.dll (API version 3944462).
LogModuleManager: Display: Found up-to-date module file ../../../Engine/Plugins/Runtime/PhysXVehicles/Binaries/Win64/UE4Editor-PhysXVehicles.dll (API version 3944462).
LogModuleManager: Display: Found up-to-date module file ../../../Engine/Plugins/Runtime/PhysXVehicles/Binaries/Win64/UE4Editor-PhysXVehiclesEditor.dll (API version 3944462).
LogModuleManager: Display: Found up-to-date module file ../../../Engine/Plugins/Runtime/RuntimePhysXCooking/Binaries/Win64/UE4Editor-RuntimePhysXCooking.dll (API version 3944462).
LogModuleManager: Display: Found up-to-date module file ../../../Engine/Plugins/Runtime/Steam/SteamVR/Binaries/Win64/UE4Editor-SteamVR.dll (API version 3944462).
LogModuleManager: Display: Found up-to-date module file ../../../Engine/Plugins/Runtime/Steam/SteamVR/Binaries/Win64/UE4Editor-SteamVRController.dll (API version 3944462).
LogModuleManager: Display: Found up-to-date module file ../../../Engine/Plugins/Runtime/WindowsMoviePlayer/Binaries/Win64/UE4Editor-WindowsMoviePlayer.dll (API version 3944462).
LogPluginManager: Mounting plugin Paper2D
LogPluginManager: Mounting plugin LiveLink
LogPluginManager: Mounting plugin LightPropagationVolume
LogPluginManager: Mounting plugin CLionSourceCodeAccess
LogPluginManager: Mounting plugin CodeLiteSourceCodeAccess
LogPluginManager: Mounting plugin GitSourceControl
LogPluginManager: Mounting plugin KDevelopSourceCodeAccess
LogPluginManager: Mounting plugin NullSourceCodeAccess
LogPluginManager: Mounting plugin PerforceSourceControl
LogPluginManager: Mounting plugin SubversionSourceControl
LogPluginManager: Mounting plugin UObjectPlugin
LogPluginManager: Mounting plugin VisualStudioCodeSourceCodeAccess
LogPluginManager: Mounting plugin VisualStudioSourceCodeAccess
LogPluginManager: Mounting plugin XCodeSourceCodeAccess
LogPluginManager: Mounting plugin AssetManagerEditor
LogPluginManager: Mounting plugin CryptoKeys
LogPluginManager: Mounting plugin DataValidation
LogPluginManager: Mounting plugin FacialAnimation
LogPluginManager: Mounting plugin GameplayTagsEditor
LogPluginManager: Mounting plugin MobileLauncherProfileWizard
LogPluginManager: Mounting plugin PluginBrowser
LogPluginManager: Mounting plugin SpeedTreeImporter
LogPluginManager: Mounting plugin DatasmithContent
LogPluginManager: Mounting plugin AlembicImporter
LogPluginManager: Mounting plugin CharacterAI
LogPluginManager: Mounting plugin HTML5Networking
LogPluginManager: Mounting plugin AndroidMedia
LogPluginManager: Mounting plugin AvfMedia
LogPluginManager: Mounting plugin ImgMedia
LogPluginManager: Mounting plugin LinearTimecode
LogPluginManager: Mounting plugin MediaCompositing
LogPluginManager: Mounting plugin MediaPlayerEditor
LogPluginManager: Mounting plugin WmfMedia
LogPluginManager: Mounting plugin TcpMessaging
LogPluginManager: Mounting plugin UdpMessaging
LogPluginManager: Mounting plugin ActorSequence
LogPluginManager: Mounting plugin LevelSequenceEditor
LogPluginManager: Mounting plugin MatineeToLevelSequence
LogPluginManager: Mounting plugin NetcodeUnitTest
LogPluginManager: Mounting plugin NUTUnrealEngine4
LogPluginManager: Mounting plugin OnlineSubsystemGooglePlay
LogPluginManager: Mounting plugin OnlineSubsystemIOS
LogPluginManager: Mounting plugin OnlineSubsystem
LogPluginManager: Mounting plugin OnlineSubsystemNull
LogPluginManager: Mounting plugin OnlineSubsystemUtils
LogPluginManager: Mounting plugin AndroidDeviceProfileSelector
LogPluginManager: Mounting plugin AndroidMoviePlayer
LogPluginManager: Mounting plugin AndroidPermission
LogPluginManager: Mounting plugin AppleARKit
LogPluginManager: Mounting plugin AppleMoviePlayer
LogPluginManager: Mounting plugin ArchVisCharacter
LogPluginManager: Mounting plugin AudioCapture
LogPluginManager: Mounting plugin CableComponent
LogPluginManager: Mounting plugin CustomMeshComponent
LogPluginManager: Mounting plugin ExampleDeviceProfileSelector
LogPluginManager: Mounting plugin GoogleCloudMessaging
LogPluginManager: Mounting plugin ImmediatePhysics
LogPluginManager: Mounting plugin IOSDeviceProfileSelector
LogPluginManager: Mounting plugin LinuxDeviceProfileSelector
LogPluginManager: Mounting plugin LocationServicesBPLibrary
LogPluginManager: Mounting plugin MobilePatchingUtils
LogPluginManager: Mounting plugin OculusVR
LogPluginManager: Plugin shader directory ../../../Engine/Plugins/Runtime/Oculus/OculusVR/Shaders found
LogPluginManager: Mapping shader source directory ../../../Engine/Plugins/Runtime/Oculus/OculusVR/Shaders to virtual directory /Plugin/OculusVR
LogPluginManager: Mounting plugin PhysXVehicles
LogPluginManager: Mounting plugin ProceduralMeshComponent
LogPluginManager: Mounting plugin RuntimePhysXCooking
LogPluginManager: Mounting plugin SteamVR
LogPluginManager: Mounting plugin WindowsMoviePlayer
LogStreaming: Display: Took  2.198s to configure plugins.
LogInit: Using libcurl 7.47.1
LogInit:  - built for x86_64-pc-win32
LogInit:  - supports SSL with OpenSSL/1.0.2g
LogInit:  - supports HTTP deflate (compression) using libz 1.2.8
LogInit:  - other features:
LogInit:      CURL_VERSION_SSL
LogInit:      CURL_VERSION_LIBZ
LogInit:      CURL_VERSION_IPV6
LogInit:      CURL_VERSION_ASYNCHDNS
LogInit:      CURL_VERSION_LARGEFILE
LogInit:      CURL_VERSION_IDN
LogInit:  CurlRequestOptions (configurable via config and command line):
LogInit:  - bVerifyPeer = false  - Libcurl will NOT verify peer certificate
LogInit:  - bUseHttpProxy = false  - Libcurl will NOT use HTTP proxy
LogInit:  - bDontReuseConnections = false  - Libcurl will reuse connections
LogInit:  - CertBundlePath = nullptr  - Libcurl will use whatever was configured at build time.
LogInit:  - MaxHostConnections = 16  - Libcurl will limit the number of connections to a host
LogInit:  - LocalHostAddr = Default
LogInit: WinSock: version 1.1 (2.2), MaxSocks=32767, MaxUdp=65467
LogInit: WinSock: I am DESKTOP-5J6HU0I (10.2.5.69:0)
LogInit: Build: ++UE4+Release-4.19-CL-4033788
LogInit: Engine Version: 4.19.2-4033788+++UE4+Release-4.19
LogInit: Compatible Engine Version: 4.19.0-3944462+++UE4+Release-4.19
LogInit: Net CL: 3944462
LogDevObjectVersion: Number of dev versions registered: 18
LogDevObjectVersion:   Dev-Blueprints (B0D832E4-1F89-4F0D-ACCF-7EB736FD4AA2): 10
LogDevObjectVersion:   Dev-Build (E1C64328-A22C-4D53-A36C-8E866417BD8C): 0
LogDevObjectVersion:   Dev-Core (375EC13C-06E4-48FB-B500-84F0262A717E): 2
LogDevObjectVersion:   Dev-Editor (E4B068ED-F494-42E9-A231-DA0B2E46BB41): 23
LogDevObjectVersion:   Dev-Framework (CFFC743F-43B0-4480-9391-14DF171D2073): 33
LogDevObjectVersion:   Dev-Mobile (B02B49B5-BB20-44E9-A304-32B752E40360): 2
LogDevObjectVersion:   Dev-Networking (A4E4105C-59A1-49B5-A7C5-40C4547EDFEE): 0
LogDevObjectVersion:   Dev-Online (39C831C9-5AE6-47DC-9A44-9C173E1C8E7C): 0
LogDevObjectVersion:   Dev-Physics (78F01B33-EBEA-4F98-B9B4-84EACCB95AA2): 0
LogDevObjectVersion:   Dev-Platform (6631380F-2D4D-43E0-8009-CF276956A95A): 0
LogDevObjectVersion:   Dev-Rendering (12F88B9F-8875-4AFC-A67C-D90C383ABD29): 25
LogDevObjectVersion:   Dev-Sequencer (7B5AE74C-D270-4C10-A958-57980B212A5A): 6
LogDevObjectVersion:   Dev-VR (D7296918-1DD6-4BDD-9DE2-64A83CC13884): 1
LogDevObjectVersion:   Dev-LoadTimes (C2A15278-BFE7-4AFE-6C17-90FF531DF755): 1
LogDevObjectVersion:   Private-Geometry (6EACA3D4-40EC-4CC1-B786-8BED09428FC5): 2
LogDevObjectVersion:   Dev-AnimPhys (29E575DD-E0A3-4627-9D10-D276232CDCEA): 16
LogDevObjectVersion:   Dev-ReflectionCapture (6B266CEC-1EC7-4B8F-A30B-E4D90942FC07): 1
LogDevObjectVersion:   Dev-Automation (0DF73D61-A23F-47EA-B727-89E90C41499A): 1
LogInit: Compiled (64-bit): Apr 27 2018 02:06:57
LogInit: Compiled with Visual C++: 19.00.24215.01
LogInit: Build Configuration: Development
LogInit: Branch Name: ++UE4+Release-4.19
LogInit: Command Line:  
LogInit: Base Directory: C:/Program Files/Epic Games/UE_4.19/Engine/Binaries/Win64/
LogInit: Installed Engine Build: 1
LogStreaming: Display: Took  0.001s to delete old logs.
LogInit: Presizing for max 8388607 objects, including 0 objects not considered by GC, pre-allocating 0 bytes for permanent pool.
LogInit: Object subsystem initialized
[2018.09.17-11.25.02:524][  0]LogInit: Selected Device Profile: [Windows]
[2018.09.17-11.25.02:524][  0]LogInit: Applying CVar settings loaded from the selected device profile: [Windows]
[2018.09.17-11.25.02:547][  0]LogInit: Computer: DESKTOP-5J6HU0I
[2018.09.17-11.25.02:547][  0]LogInit: User: usagi
[2018.09.17-11.25.02:547][  0]LogInit: CPU Page size=4096, Cores=2
[2018.09.17-11.25.02:547][  0]LogInit: High frequency timer resolution =2.343752 MHz
[2018.09.17-11.25.02:547][  0]LogMemory: Memory total: Physical=15.9GB (16GB approx)
[2018.09.17-11.25.02:547][  0]LogMemory: Platform Memory Stats for Windows
[2018.09.17-11.25.02:547][  0]LogMemory: Process Physical Memory: 272.70 MB used, 272.70 MB peak
[2018.09.17-11.25.02:547][  0]LogMemory: Process Virtual Memory: 265.99 MB used, 265.99 MB peak
[2018.09.17-11.25.02:547][  0]LogMemory: Physical Memory: 7840.40 MB used,  8457.54 MB free, 16297.94 MB total
[2018.09.17-11.25.02:547][  0]LogMemory: Virtual Memory: 4762.94 MB used,  8457.54 MB free, 134217728.00 MB total
[2018.09.17-11.25.02:775][  0]LogInit: Using OS detected language (de-DE).
[2018.09.17-11.25.02:775][  0]LogInit: Using OS detected locale (de-DE).
[2018.09.17-11.25.02:792][  0]LogTextLocalizationManager: No localization for 'de-DE' exists, so 'en' will be used for the language.
[2018.09.17-11.25.03:427][  0]LogStreaming: Display: Took  0.652s to EndInitTextLocalization.
[2018.09.17-11.25.03:429][  0]LogInit: Setting process to per monitor DPI aware
[2018.09.17-11.25.03:516][  0]LogSlate: New Slate User Created.  User Index 0, Is Virtual User: 0
[2018.09.17-11.25.03:516][  0]LogSlate: Slate User Registered.  User Index 0, Is Virtual User: 0
[2018.09.17-11.25.04:180][  0]LogD3D11RHI: D3D11 adapters:
[2018.09.17-11.25.04:269][  0]LogD3D11RHI:    0. 'NVIDIA GeForce GTX 950M' (Feature Level 11_0)
[2018.09.17-11.25.04:269][  0]LogD3D11RHI:       2010/0/8148 MB DedicatedVideo/DedicatedSystem/SharedSystem, Outputs:1, VendorId:0x10de
[2018.09.17-11.25.04:279][  0]LogD3D11RHI:    1. 'Intel(R) HD Graphics 520' (Feature Level 11_0)
[2018.09.17-11.25.04:279][  0]LogD3D11RHI:       128/0/8148 MB DedicatedVideo/DedicatedSystem/SharedSystem, Outputs:0, VendorId:0x8086
[2018.09.17-11.25.04:281][  0]LogD3D11RHI:    2. 'Microsoft Basic Render Driver' (Feature Level 11_0)
[2018.09.17-11.25.04:282][  0]LogD3D11RHI:       0/0/8148 MB DedicatedVideo/DedicatedSystem/SharedSystem, Outputs:0, VendorId:0x1414
[2018.09.17-11.25.04:282][  0]LogD3D11RHI: Chosen D3D11 Adapter: 0
[2018.09.17-11.25.04:304][  0]LogD3D11RHI: Creating new Direct3DDevice
[2018.09.17-11.25.04:305][  0]LogD3D11RHI:     GPU DeviceId: 0x139a (for the marketing name, search the web for "GPU Device Id")
[2018.09.17-11.25.04:305][  0]LogWindows: EnumDisplayDevices:
[2018.09.17-11.25.04:305][  0]LogWindows:    0. 'Intel(R) HD Graphics 520' (P:1 D:1)
[2018.09.17-11.25.04:305][  0]LogWindows:    1. 'Intel(R) HD Graphics 520' (P:0 D:0)
[2018.09.17-11.25.04:306][  0]LogWindows:    2. 'Intel(R) HD Graphics 520' (P:0 D:0)
[2018.09.17-11.25.04:306][  0]LogWindows: DebugString: GetVideoDriverDetailsInvalid PrimaryIsNotTheChoosenAdapter GetVideoDriverDetailsInvalid PrimaryIsNotTheChoosenAdapter GetVideoDriverDetailsInvalid PrimaryIsNotTheChoosenAdapter FoundDriverCount:0 
[2018.09.17-11.25.04:306][  0]LogD3D11RHI:     Adapter Name: NVIDIA GeForce GTX 950M
[2018.09.17-11.25.04:306][  0]LogD3D11RHI:   Driver Version: Unknown (internal:Unknown, unified:Unknown)
[2018.09.17-11.25.04:306][  0]LogD3D11RHI:      Driver Date: Unknown
[2018.09.17-11.25.04:306][  0]LogRHI: Texture pool is 1407 MB (70% of 2010 MB)
[2018.09.17-11.25.04:369][  0]LogD3D11RHI: [Aftermath] Aftermath enabled and primed
[2018.09.17-11.25.04:369][  0]LogD3D11RHI: [Aftermath] Aftermath enabled and primed
[2018.09.17-11.25.04:369][  0]LogD3D11RHI: Async texture creation enabled
[2018.09.17-11.25.04:407][  0]LogD3D11RHI: GPU Timing Frequency: 1000.000000 (Debug: 2 2)
[2018.09.17-11.25.04:413][  0]LogShaderCompilers: Guid format shader working directory is -19 characters bigger than the processId version (../../../../../../Users/usagi/Documents/Unreal Projects/Roadhouse/Intermediate/Shaders/WorkingDirectory/5984/).
[2018.09.17-11.25.04:413][  0]LogShaderCompilers: Cleaned the shader compiler working directory 'C:/Users/usagi/AppData/Local/Temp/UnrealShaderWorkingDir/62ECBBDF49142281DC9D21B41CE87B1E/'.
[2018.09.17-11.25.05:168][  0]LogTemp: Display: Loaded TP AllDesktopTargetPlatform
[2018.09.17-11.25.05:190][  0]LogTemp: Display: Loaded TP MacClientTargetPlatform
[2018.09.17-11.25.05:211][  0]LogTemp: Display: Loaded TP MacNoEditorTargetPlatform
[2018.09.17-11.25.05:231][  0]LogTemp: Display: Loaded TP MacServerTargetPlatform
[2018.09.17-11.25.05:255][  0]LogTemp: Display: Loaded TP MacTargetPlatform
[2018.09.17-11.25.05:282][  0]LogTemp: Display: Loaded TP WindowsClientTargetPlatform
[2018.09.17-11.25.05:309][  0]LogTemp: Display: Loaded TP WindowsNoEditorTargetPlatform
[2018.09.17-11.25.05:332][  0]LogTemp: Display: Loaded TP WindowsServerTargetPlatform
[2018.09.17-11.25.05:345][  0]LogTemp: Display: Loaded TP WindowsTargetPlatform
[2018.09.17-11.25.05:366][  0]LogTemp: Display: Loaded TP Android_ASTCTargetPlatform
[2018.09.17-11.25.05:386][  0]LogTemp: Display: Loaded TP Android_ATCTargetPlatform
[2018.09.17-11.25.05:407][  0]LogTemp: Display: Loaded TP Android_DXTTargetPlatform
[2018.09.17-11.25.05:430][  0]LogTemp: Display: Loaded TP Android_ETC1aTargetPlatform
[2018.09.17-11.25.05:452][  0]LogTemp: Display: Loaded TP Android_ETC1TargetPlatform
[2018.09.17-11.25.05:472][  0]LogTemp: Display: Loaded TP Android_ETC2TargetPlatform
[2018.09.17-11.25.05:516][  0]LogTemp: Display: Loaded TP Android_MultiTargetPlatform
[2018.09.17-11.25.05:516][  0]LogTemp: Display: Loaded TP Android_PVRTCTargetPlatform
[2018.09.17-11.25.05:537][  0]LogTemp: Display: Loaded TP AndroidTargetPlatform
[2018.09.17-11.25.05:542][  0]LogTemp: Display: Loaded TP HTML5TargetPlatform
[2018.09.17-11.25.05:603][  0]LogTemp: Display: Loaded TP IOSTargetPlatform
[2018.09.17-11.25.05:621][  0]LogTemp: Display: Loaded TP TVOSTargetPlatform
[2018.09.17-11.25.05:642][  0]LogTemp: Display: Loaded TP LinuxClientTargetPlatform
[2018.09.17-11.25.05:664][  0]LogTemp: Display: Loaded TP LinuxNoEditorTargetPlatform
[2018.09.17-11.25.05:686][  0]LogTemp: Display: Loaded TP LinuxServerTargetPlatform
[2018.09.17-11.25.05:709][  0]LogTemp: Display: Loaded TP LinuxTargetPlatform
[2018.09.17-11.25.05:709][  0]LogTargetPlatformManager: Display: Building Assets For Windows
[2018.09.17-11.25.06:077][  0]LogXGEController: Cleaning working directory: C:/Users/usagi/AppData/Local/Temp/UnrealXGEWorkingDir/
[2018.09.17-11.25.06:077][  0]LogXGEController: Cannot use XGE Controller as Incredibuild is not installed on this machine.
[2018.09.17-11.25.06:078][  0]LogShaderCompilers: Cannot use XGE Shader Compiler as Incredibuild is not installed on this machine.
[2018.09.17-11.25.06:078][  0]LogShaderCompilers: Display: Using Local Shader Compiler.
[2018.09.17-11.25.07:310][  0]LogDerivedDataCache: Display: Max Cache Size: 512 MB
[2018.09.17-11.25.07:937][  0]LogDerivedDataCache: Loaded boot cache 0.63s 74MB C:/Users/usagi/AppData/Local/UnrealEngine/4.19/DerivedDataCache/Boot.ddc.
[2018.09.17-11.25.07:937][  0]LogDerivedDataCache: Display: Loaded Boot cache: C:/Users/usagi/AppData/Local/UnrealEngine/4.19/DerivedDataCache/Boot.ddc
[2018.09.17-11.25.07:937][  0]LogDerivedDataCache: FDerivedDataBackendGraph:  Pak pak cache file ../../../../../../Users/usagi/Documents/Unreal Projects/Roadhouse/DerivedDataCache/DDC.ddp not found, will not use a pak cache.
[2018.09.17-11.25.07:937][  0]LogDerivedDataCache: Unable to find inner node Pak for hierarchical cache Hierarchy.
[2018.09.17-11.25.07:937][  0]LogDerivedDataCache: FDerivedDataBackendGraph:  CompressedPak pak cache file ../../../../../../Users/usagi/Documents/Unreal Projects/Roadhouse/DerivedDataCache/Compressed.ddp not found, will not use a pak cache.
[2018.09.17-11.25.07:937][  0]LogDerivedDataCache: Unable to find inner node CompressedPak for hierarchical cache Hierarchy.
[2018.09.17-11.25.07:966][  0]LogDerivedDataCache: Display: Pak cache opened for reading ../../../Engine/DerivedDataCache/Compressed.ddp.
[2018.09.17-11.25.07:981][  0]LogDerivedDataCache: Using Local data cache path C:/Users/usagi/AppData/Local/UnrealEngine/Common/DerivedDataCache: Writable
[2018.09.17-11.25.07:981][  0]LogDerivedDataCache: Shared data cache path not found in *engine.ini, will not use an Shared cache.
[2018.09.17-11.25.07:981][  0]LogDerivedDataCache: Unable to find inner node Shared for hierarchical cache Hierarchy.
[2018.09.17-11.25.07:997][  0]LogMaterial: Verifying Global Shaders for PCD3D_SM5
[2018.09.17-11.25.08:002][  0]LogSlate: Using Freetype 2.6.0
[2018.09.17-11.25.08:006][  0]LogSlate: SlateFontCache - WITH_FREETYPE: 1, WITH_HARFBUZZ: 1
[2018.09.17-11.25.08:006][  0]LogSlate: SlateFontCache - WITH_FREETYPE: 1, WITH_HARFBUZZ: 1
[2018.09.17-11.25.08:644][  0]LogAssetRegistry: FAssetRegistry took 0.0308 seconds to start up
[2018.09.17-11.25.09:248][  0]LogInit: Selected Device Profile: [Windows]
[2018.09.17-11.25.09:683][  0]LogSimplygon: Simplygon DLL not present - disabling.
[2018.09.17-11.25.09:696][  0]LogMeshReduction: Using SimplygonSwarm for distributed automatic mesh merging
[2018.09.17-11.25.09:697][  0]LogMeshReduction: Using QuadricMeshReduction for automatic static mesh reduction
[2018.09.17-11.25.09:697][  0]LogMeshReduction: No automatic skeletal mesh reduction module available
[2018.09.17-11.25.09:697][  0]LogMeshReduction: No automatic mesh merging module available
[2018.09.17-11.25.09:697][  0]LogMeshMerging: No automatic mesh merging module available
[2018.09.17-11.25.09:781][  0]LogNetVersion: Roadhouse , NetCL: 3944462, EngineNetVer: 2, GameNetVer: 0 (Checksum: 487093703)
[2018.09.17-11.25.10:776][  0]LogPackageLocalizationCache: Processed 9 localized package path(s) for 1 prioritized culture(s) in 0.078676 seconds
[2018.09.17-11.25.10:784][  0]LogUObjectArray: 36728 objects as part of root set at end of initial load.
[2018.09.17-11.25.10:784][  0]LogUObjectAllocator: 7314304 out of 0 bytes used by permanent object pool.
[2018.09.17-11.25.10:784][  0]LogUObjectArray: CloseDisregardForGC: 0/0 objects in disregard for GC pool
[2018.09.17-11.25.15:740][  0]LogTcpMessaging: Initializing TcpMessaging bridge
[2018.09.17-11.25.15:802][  0]LogUdpMessaging: Initializing bridge on interface 0.0.0.0:0 to multicast group 230.0.0.1:6666.
[2018.09.17-11.25.16:550][  0]SourceControl: Source control is disabled
[2018.09.17-11.25.18:580][  0]LogAndroidPermission: UAndroidPermissionCallbackProxy::GetInstance
[2018.09.17-11.25.18:877][  0]LogOcInput: OculusInput pre-init called
[2018.09.17-11.25.19:122][  0]LogEngine: Initializing Engine...
[2018.09.17-11.25.19:126][  0]LogHMD: Failed to initialize OpenVR with code 110
[2018.09.17-11.25.19:129][  0]LogStats: UGameplayTagsManager::ConstructGameplayTagTree: Construct from data asset -  0.000 s
[2018.09.17-11.25.19:129][  0]LogStats: UGameplayTagsManager::ConstructGameplayTagTree: GameplayTagTreeChangedEvent.Broadcast -  0.000 s
[2018.09.17-11.25.19:499][  0]LogAIModule: Creating AISystem for world Untitled
[2018.09.17-11.25.19:520][  0]LogInit: XAudio2 using 'Lautsprecher (Realtek High Definition Audio)' : 2 channels at 48 kHz using 32 bits per sample (channel mask 0x3)
[2018.09.17-11.25.19:572][  0]LogInit: FAudioDevice initialized.
[2018.09.17-11.25.19:664][  0]LogDerivedDataCache: Saved boot cache 0.09s 74MB C:/Users/usagi/AppData/Local/UnrealEngine/4.19/DerivedDataCache/Boot.ddc.
[2018.09.17-11.25.19:679][  0]LogInit: Texture streaming: Enabled
[2018.09.17-11.25.19:722][  0]LogEngineSessionManager: EngineSessionManager initialized
[2018.09.17-11.25.19:754][  0]LogInit: Transaction tracking system initialized
[2018.09.17-11.25.19:851][  0]BlueprintLog: New page: Editor Load
[2018.09.17-11.25.20:153][  0]LocalizationService: Localization service is disabled
[2018.09.17-11.25.20:454][  0]LogConsoleResponse: Display: 
[2018.09.17-11.25.20:822][  0]LogCook: Display: Max memory allowance for cook 16384mb min free memory 0mb
[2018.09.17-11.25.20:822][  0]LogCook: Display: Mobile HDR setting 1
[2018.09.17-11.25.20:822][  0]LogGameplayTags: Display: UGameplayTagsManager::DoneAddingNativeTags. DelegateIsBound: 0
[2018.09.17-11.25.20:822][  0]LogStats: UGameplayTagsManager::ConstructGameplayTagTree: Construct from data asset -  0.000 s
[2018.09.17-11.25.20:822][  0]LogStats: UGameplayTagsManager::ConstructGameplayTagTree: GameplayTagTreeChangedEvent.Broadcast -  0.000 s
[2018.09.17-11.25.21:732][  0]LogFileCache: Scanning file cache for directory 'C:/Users/usagi/Documents/Unreal Projects/Roadhouse/Content/' took 0.02s
[2018.09.17-11.25.21:732][  0]Cmd: MAP LOAD FILE="../../../../../../Users/usagi/Documents/Unreal Projects/Roadhouse/Content/FirstPersonBP/Maps/FirstPersonExampleMap.umap" TEMPLATE=0 SHOWPROGRESS=1 FEATURELEVEL=3
[2018.09.17-11.25.21:736][  0]LightingResults: New page: Lighting Build
[2018.09.17-11.25.21:745][  0]MapCheck: New page: Map Check
[2018.09.17-11.25.21:745][  0]LightingResults: New page: Lighting Build
[2018.09.17-11.25.21:871][  0]LogUObjectGlobals: Created PersistentFrame Addr=0x0000024a4ca3f5b0, Size=72, Default__FirstPerson_AnimBP_C Function /Game/FirstPerson/Animations/FirstPerson_AnimBP.FirstPerson_AnimBP_C:ExecuteUbergraph_FirstPerson_AnimBP
[2018.09.17-11.25.21:889][  0]LogUObjectGlobals: Destroyed PersistentFrame Addr=0x0000024a4ca3f5b0, Size=72
[2018.09.17-11.25.21:889][  0]LogUObjectGlobals: Created PersistentFrame Addr=0x0000024a52e1b740, Size=72, Default__FirstPerson_AnimBP_C Function /Engine/Transient.REINST_FirstPerson_AnimBP_C_0:ExecuteUbergraph_FirstPerson_AnimBP
[2018.09.17-11.25.21:908][  0]LogUObjectGlobals: Created PersistentFrame Addr=0x0000024a52de4db0, Size=72, Default__FirstPerson_AnimBP_C Function /Game/FirstPerson/Animations/FirstPerson_AnimBP.FirstPerson_AnimBP_C:ExecuteUbergraph_FirstPerson_AnimBP
[2018.09.17-11.25.21:936][  0]LogUObjectGlobals: Created PersistentFrame Addr=0x0000024a52db5300, Size=256, Default__FirstPersonProjectile_C Function /Game/FirstPersonBP/Blueprints/FirstPersonProjectile.FirstPersonProjectile_C:ExecuteUbergraph_FirstPersonProjectile
[2018.09.17-11.25.21:942][  0]LogUObjectGlobals: Destroyed PersistentFrame Addr=0x0000024a52db5300, Size=256
[2018.09.17-11.25.21:942][  0]LogUObjectGlobals: Created PersistentFrame Addr=0x0000024a52db5300, Size=256, Default__FirstPersonProjectile_C Function /Engine/Transient.REINST_FirstPersonProjectile_C_4:ExecuteUbergraph_FirstPersonProjectile
[2018.09.17-11.25.21:945][  0]LogUObjectGlobals: Created PersistentFrame Addr=0x0000024a52db4c00, Size=256, Default__FirstPersonProjectile_C Function /Game/FirstPersonBP/Blueprints/FirstPersonProjectile.FirstPersonProjectile_C:ExecuteUbergraph_FirstPersonProjectile
[2018.09.17-11.25.22:207][  0]LogUObjectGlobals: Created PersistentFrame Addr=0x0000024a539ee500, Size=688, Default__FirstPersonCharacter_C Function /Game/FirstPersonBP/Blueprints/FirstPersonCharacter.FirstPersonCharacter_C:ExecuteUbergraph_FirstPersonCharacter
[2018.09.17-11.25.22:223][  0]LogUObjectGlobals: Destroyed PersistentFrame Addr=0x0000024a539ee500, Size=688
[2018.09.17-11.25.22:223][  0]LogUObjectGlobals: Created PersistentFrame Addr=0x0000024a535d3700, Size=688, Default__FirstPersonCharacter_C Function /Engine/Transient.REINST_FirstPersonCharacter_C_6:ExecuteUbergraph_FirstPersonCharacter
[2018.09.17-11.25.22:237][  0]LogUObjectGlobals: Created PersistentFrame Addr=0x0000024a535d1c00, Size=688, Default__FirstPersonCharacter_C Function /Game/FirstPersonBP/Blueprints/FirstPersonCharacter.FirstPersonCharacter_C:ExecuteUbergraph_FirstPersonCharacter
[2018.09.17-11.25.22:382][  0]LogUObjectGlobals: Created PersistentFrame Addr=0x0000024a53d9bf90, Size=52, Default__FirstPersonHUD_C Function /Game/FirstPersonBP/Blueprints/FirstPersonHUD.FirstPersonHUD_C:ExecuteUbergraph_FirstPersonHUD
[2018.09.17-11.25.22:385][  0]LogUObjectGlobals: Destroyed PersistentFrame Addr=0x0000024a53d9bf90, Size=52
[2018.09.17-11.25.22:386][  0]LogUObjectGlobals: Created PersistentFrame Addr=0x0000024a53d9bf90, Size=52, Default__FirstPersonHUD_C Function /Engine/Transient.REINST_FirstPersonHUD_C_10:ExecuteUbergraph_FirstPersonHUD
[2018.09.17-11.25.22:388][  0]LogUObjectGlobals: Created PersistentFrame Addr=0x0000024a53d9b8c8, Size=52, Default__FirstPersonHUD_C Function /Game/FirstPersonBP/Blueprints/FirstPersonHUD.FirstPersonHUD_C:ExecuteUbergraph_FirstPersonHUD
[2018.09.17-11.25.23:672][  0]LogSkeletalMesh: Skeletal Mesh found in DDC [8.714660ms] /Game/FirstPerson/FPWeapon/Mesh/SK_FPGun.SK_FPGun
[2018.09.17-11.25.23:698][  0]LogSkeletalMesh: Skeletal Mesh found in DDC [11.148790ms] /Game/FirstPerson/Character/Mesh/SK_Mannequin_Arms.SK_Mannequin_Arms
[2018.09.17-11.25.24:129][  0]LogAIModule: Creating AISystem for world FirstPersonExampleMap
[2018.09.17-11.25.24:174][  0]LogEditorServer: Finished looking for orphan Actors (0.000 secs)
[2018.09.17-11.25.24:199][  0]LogUObjectGlobals: Destroyed PersistentFrame Addr=0x0000024a52e1b740, Size=72
[2018.09.17-11.25.24:199][  0]LogUObjectGlobals: Destroyed PersistentFrame Addr=0x0000024a52db5300, Size=256
[2018.09.17-11.25.24:200][  0]LogUObjectGlobals: Destroyed PersistentFrame Addr=0x0000024a535d3700, Size=688
[2018.09.17-11.25.24:200][  0]LogUObjectGlobals: Destroyed PersistentFrame Addr=0x0000024a53d9bf90, Size=52
[2018.09.17-11.25.24:203][  0]Cmd: MAP CHECKDEP NOCLEARLOG
[2018.09.17-11.25.24:369][  0]MapCheck: Map check complete: 0 Error(s), 0 Warning(s), took 166,087ms to complete.
[2018.09.17-11.25.24:369][  0]LogFileHelpers: Loading map 'FirstPersonExampleMap' took 2.638
[2018.09.17-11.25.24:626][  0]LogCollectionManager: Loaded 0 collections in 0.003439 seconds
[2018.09.17-11.25.24:701][  0]LogFileCache: Scanning file cache for directory 'C:/Users/usagi/Documents/Unreal Projects/Roadhouse/Saved/Collections/' took 0.01s
[2018.09.17-11.25.24:701][  0]LogFileCache: Scanning file cache for directory 'C:/Users/usagi/Documents/Unreal Projects/Roadhouse/Content/Developers/usagi/Collections/' took 0.01s
[2018.09.17-11.25.24:701][  0]LogFileCache: Scanning file cache for directory 'C:/Users/usagi/Documents/Unreal Projects/Roadhouse/Content/Collections/' took 0.01s
[2018.09.17-11.25.24:701][  0]LogCollectionManager: Rebuilt the GUID cache for 0 collections in 0.000001 seconds
[2018.09.17-11.25.24:721][  0]LogContentBrowser: Native class hierarchy populated in 0.0178 seconds. Added 2452 classes and 558 folders.
[2018.09.17-11.25.24:742][  0]LogContentBrowser: Native class hierarchy updated for 'WidgetCarousel' in 0.0004 seconds. Added 0 classes and 0 folders.
[2018.09.17-11.25.24:941][  0]LogContentBrowser: Native class hierarchy updated for 'AddContentDialog' in 0.0003 seconds. Added 0 classes and 0 folders.
[2018.09.17-11.25.24:962][  0]LogContentBrowser: Native class hierarchy updated for 'SceneOutliner' in 0.0004 seconds. Added 1 classes and 2 folders.
[2018.09.17-11.25.25:047][  0]LogSlate: Took 0.007757 seconds to synchronously load lazily loaded font '../../../Engine/Content/Slate/Fonts/Roboto-Regular.ttf' (155K)
[2018.09.17-11.25.25:052][  0]LogSlate: Took 0.003173 seconds to synchronously load lazily loaded font '../../../Engine/Content/Slate/Fonts/Roboto-Bold.ttf' (160K)
[2018.09.17-11.25.25:064][  0]LogSlate: Took 0.002094 seconds to synchronously load lazily loaded font '../../../Engine/Content/Editor/Slate/Fonts/FontAwesome.ttf' (139K)
[2018.09.17-11.25.25:249][  0]LogRenderer: Reallocating scene render targets to support 1204x648 Format 10 NumSamples 1 (Frame:1).
[2018.09.17-11.25.25:556][  0]LogContentBrowser: Native class hierarchy updated for 'HierarchicalLODOutliner' in 0.0003 seconds. Added 0 classes and 0 folders.
[2018.09.17-11.25.25:556][  0]LogLoad: (Engine Initialization) Total time: 28.37 seconds
[2018.09.17-11.25.25:556][  0]LogLoad: (Engine Initialization) Total Blueprint compile time: 0.00 seconds
[2018.09.17-11.25.25:574][  0]LogWindowsTextInputMethodSystem: Display: IME system now deactivated.
[2018.09.17-11.25.25:597][  0]LogContentStreaming: Texture pool size now 1000 MB
[2018.09.17-11.25.25:631][  0]LogSlate: Took 0.001984 seconds to synchronously load lazily loaded font '../../../Engine/Content/Slate/Fonts/Roboto-Light.ttf' (167K)
[2018.09.17-11.25.25:745][  2]LogAssetRegistry: Asset discovery search completed in 17.1240 seconds
[2018.09.17-11.25.25:749][  2]LogCollectionManager: Rebuilt the object cache for 0 collections in 0.000000 seconds (found 0 objects)
[2018.09.17-11.25.25:749][  2]LogCollectionManager: Fixed up redirectors for 0 collections in 0.000119 seconds (updated 0 objects)
[2018.09.17-11.25.30:155][134]LogEditorViewport: Clicking on Actor (LMB): StaticMeshActor (Dach)
[2018.09.17-11.25.31:688][175]Cmd: ACTOR HIDE SELECTED
[2018.09.17-11.25.34:752][267]LogEditorViewport: Clicking on Actor (LMB): StaticMeshActor (Wall_door7)
[2018.09.17-11.25.35:786][295]Cmd: CAMERA ALIGN ACTIVEVIEWPORTONLY
[2018.09.17-11.26.36:808][105]LogSlate: FSceneViewport::OnFocusLost() reason 0
[2018.09.17-11.26.38:366][144]EditorErrors: New page: Actor attachment
[2018.09.17-11.26.44:203][304]LogEditorViewport: Clicking on Actor (LMB): StaticMeshActor (blockout_Flor_E)
[2018.09.17-11.26.44:988][325]LogEditorViewport: Clicking on Actor (LMB): StaticMeshActor (blockout_Flor_E)
[2018.09.17-11.26.45:521][340]LogEditorViewport: Clicking on Actor (LMB): StaticMeshActor (Wall_3x29)
[2018.09.17-11.26.53:471][576]LogEditorViewport: Clicking on Actor (LMB): StaticMeshActor (blockout_Flor_E)
[2018.09.17-11.27.03:822][882]LogEditorViewport: Clicking on Actor (LMB): StaticMeshActor (blockout_Peg_system)
[2018.09.17-11.27.07:455][989]LogEditorViewport: Clicking on Actor (LMB): StaticMeshActor (blockout_shelf)
[2018.09.17-11.27.12:865][147]LogEditorViewport: Clicking on Actor (LMB): StaticMeshActor (Shelf3)
[2018.09.17-11.27.13:685][169]Cmd: CAMERA ALIGN ACTIVEVIEWPORTONLY
[2018.09.17-11.28.47:522][972]LogEditorViewport: Clicking on Actor (LMB): StaticMeshActor (blockout_Flor_E)
[2018.09.17-11.28.48:407][996]LogEditorViewport: Clicking on Actor (LMB): StaticMeshActor (desk_office)
[2018.09.17-11.28.49:690][ 32]Cmd: CAMERA ALIGN ACTIVEVIEWPORTONLY
[2018.09.17-11.29.01:016][370]LogEditorViewport: Clicking on Actor (LMB): StaticMeshActor (blockout_Flor_E)
[2018.09.17-11.29.01:533][382]LogEditorViewport: Clicking on Actor (LMB): StaticMeshActor (blockout_Flor_E)
[2018.09.17-11.29.02:115][400]LogEditorViewport: Clicking on Actor (LMB): StaticMeshActor (blockout_Frezzer2)
[2018.09.17-11.29.10:279][640]LogEditorViewport: Clicking on Actor (LMB): StaticMeshActor (blockout_Fridge2)
[2018.09.17-11.29.14:310][756]LogEditorViewport: Clicking on Actor (LMB): StaticMeshActor (blockout_Holzplanke8)
[2018.09.17-11.29.15:185][780]Cmd: CAMERA ALIGN ACTIVEVIEWPORTONLY
[2018.09.17-11.30.52:320][672]LogEditorViewport: Clicking on Actor (LMB): StaticMeshActor (Bar_export)
[2018.09.17-11.32.10:810][986]LogEditorViewport: Clicking on Actor (LMB): StaticMeshActor (Wall_3x26)
[2018.09.17-11.32.12:256][ 26]LogEditorViewport: Clicking on Actor (LMB): StaticMeshActor (Wall_3x49)
[2018.09.17-11.32.13:359][ 57]LogEditorViewport: Clicking on Actor (LMB): StaticMeshActor (Wall_3x52)
[2018.09.17-11.32.16:662][154]LogEditorViewport: Clicking on Actor (LMB): StaticMeshActor (Woodwall_door3)
[2018.09.17-11.32.17:595][179]LogEditorViewport: Clicking on Actor (LMB): StaticMeshActor (Wall_door4)
[2018.09.17-11.32.39:998][843]LogEditorViewport: Clicking on Actor (LMB): StaticMeshActor (Wall_3x71)
[2018.09.17-11.32.41:097][873]LogEditorViewport: Clicking on Actor (LMB): BP_Sky_Sphere_C (SkySphereBlueprint)
[2018.09.17-11.32.58:433][383]LogEditorViewport: Clicking on Actor (LMB): StaticMeshActor (Wall_3x46)
[2018.09.17-11.33.18:872][988]LogEditorViewport: Clicking on Actor (LMB): StaticMeshActor (desk_office)
[2018.09.17-11.33.19:923][ 17]LogEditorViewport: Clicking on Actor (LMB): StaticMeshActor (blockout_Flor_E)
[2018.09.17-11.33.20:826][ 42]LogEditorViewport: Clicking on Actor (LMB): BP_Sky_Sphere_C (SkySphereBlueprint)
[2018.09.17-11.33.36:052][495]LogEditorViewport: Clicking on Actor (LMB): StaticMeshActor (Wall_3x25)
[2018.09.17-11.33.38:151][554]Cmd: CAMERA ALIGN ACTIVEVIEWPORTONLY
[2018.09.17-11.33.45:071][760]Cmd: CAMERA ALIGN ACTIVEVIEWPORTONLY
[2018.09.17-11.33.50:561][923]LogEditorViewport: Clicking on Actor (LMB): BP_Sky_Sphere_C (SkySphereBlueprint)
[2018.09.17-11.33.53:228][999]LogEditorViewport: Clicking on Actor (CTRL LMB): StaticMeshActor (blockout_Flor_E)
[2018.09.17-11.33.53:644][ 10]LogEditorViewport: Clicking on Actor (CTRL LMB): StaticMeshActor (toilet2)
[2018.09.17-11.33.54:561][ 36]LogEditorViewport: Clicking on Actor (LMB): BP_Sky_Sphere_C (SkySphereBlueprint)
[2018.09.17-11.33.56:455][ 90]LogEditorViewport: Clicking on Actor (LMB): StaticMeshActor (blockout_shelf2)
[2018.09.17-11.33.57:938][132]LogEditorViewport: Clicking on Actor (CTRL LMB): StaticMeshActor (blockout_shelf3)
[2018.09.17-11.34.00:634][210]LogEditorViewport: Clicking on Actor (CTRL LMB): StaticMeshActor (Wall_door7)
[2018.09.17-11.34.02:230][252]LogEditorViewport: Clicking on Actor (CTRL LMB): StaticMeshActor (Wall_3x25)
[2018.09.17-11.34.02:797][267]LogEditorViewport: Clicking on Actor (CTRL LMB): StaticMeshActor (Wall_door7)
[2018.09.17-11.34.04:452][314]LogEditorViewport: Clicking on Actor (CTRL LMB): StaticMeshActor (Wall_3x24)
[2018.09.17-11.34.08:125][423]LogEditorViewport: Clicking on Actor (CTRL LMB): StaticMeshActor (Wall_3x23)
[2018.09.17-11.34.08:690][438]LogEditorViewport: Clicking on Actor (CTRL LMB): StaticMeshActor (Wall_3x22)
[2018.09.17-11.34.09:626][465]LogEditorViewport: Clicking on Actor (CTRL LMB): StaticMeshActor (Wall_door6)
[2018.09.17-11.34.28:731][ 32]LogEditorViewport: Clicking on Actor (LMB): StaticMeshActor (Wall_door2)
[2018.09.17-11.34.33:866][183]LogEditorViewport: Clicking on Actor (LMB): StaticMeshActor (Wall_3x72)
[2018.09.17-11.34.37:046][274]Cmd: ACTOR UNHIDE ALL
[2018.09.17-11.34.37:080][275]Cmd: TRANSACTION UNDO
[2018.09.17-11.34.37:080][275]LogEditorTransaction: Undo UnHide All
[2018.09.17-11.34.37:120][275]LogSlate: Took 0.000352 seconds to synchronously load lazily loaded font '../../../Engine/Content/Slate/Fonts/Roboto-Light.ttf' (167K)
[2018.09.17-11.34.38:448][312]Cmd: TRANSACTION UNDO
[2018.09.17-11.34.38:448][312]LogEditorTransaction: Undo Move Actors
[2018.09.17-11.34.41:864][414]LogEditorViewport: Clicking on Actor (CTRL LMB): StaticMeshActor (Wall_3x71)
[2018.09.17-11.34.42:767][439]LogEditorViewport: Clicking on Actor (LMB): StaticMeshActor (Wall_3x27)
[2018.09.17-11.34.43:748][466]LogEditorViewport: Clicking on Actor (CTRL LMB): StaticMeshActor (Wall_3x28)
[2018.09.17-11.34.44:907][496]LogEditorViewport: Clicking on Actor (CTRL LMB): StaticMeshActor (Wall_3x26)
[2018.09.17-11.34.46:046][528]LogEditorViewport: Clicking on Actor (CTRL LMB): StaticMeshActor (Wall_3x19)
[2018.09.17-11.34.46:950][553]LogEditorViewport: Clicking on Actor (CTRL LMB): StaticMeshActor (Wall_3x18)
[2018.09.17-11.34.50:752][664]LogEditorViewport: Clicking on Actor (CTRL LMB): StaticMeshActor (toilet)
[2018.09.17-11.34.51:734][692]LogEditorViewport: Clicking on Actor (CTRL LMB): StaticMeshActor (toilet2)
[2018.09.17-11.35.01:499][983]LogEditorViewport: Clicking on Actor (LMB): StaticMeshActor (Wall_door2)
[2018.09.17-11.35.04:915][ 82]Cmd: TRANSACTION UNDO
[2018.09.17-11.35.04:915][ 82]LogEditorTransaction: Undo Move Actors
[2018.09.17-11.35.10:818][256]LogEditorViewport: Clicking on Actor (LMB): StaticMeshActor (Wall_3x17)
[2018.09.17-11.35.11:968][288]Cmd: CAMERA ALIGN ACTIVEVIEWPORTONLY
[2018.09.17-11.35.15:377][389]Cmd: TRANSACTION UNDO
[2018.09.17-11.35.15:377][389]LogEditorTransaction: Undo Move Actors
[2018.09.17-11.35.24:108][648]LogEditorViewport: Clicking on Actor (CTRL LMB): StaticMeshActor (Table_v2_7)
[2018.09.17-11.35.25:209][679]LogEditorViewport: Clicking on Actor (CTRL LMB): StaticMeshActor (Woodwall_low_half)
[2018.09.17-11.35.27:058][733]LogEditorViewport: Clicking on Actor (CTRL LMB): StaticMeshActor (Wall_3x16)
[2018.09.17-11.35.28:388][768]LogEditorViewport: Clicking on Actor (CTRL LMB): StaticMeshActor (Woodwall_low15)
[2018.09.17-11.35.29:193][790]LogEditorViewport: Clicking on Actor (CTRL LMB): StaticMeshActor (Woodwall_low16)
[2018.09.17-11.35.30:074][816]LogEditorViewport: Clicking on Actor (CTRL LMB): StaticMeshActor (Woodwall_low14)
[2018.09.17-11.35.30:824][837]LogEditorViewport: Clicking on Actor (CTRL LMB): StaticMeshActor (Woodwall_door)
[2018.09.17-11.35.31:642][860]LogEditorViewport: Clicking on Actor (CTRL LMB): StaticMeshActor (Wall_3x15)
[2018.09.17-11.35.32:324][879]LogEditorViewport: Clicking on Actor (CTRL LMB): StaticMeshActor (Wall_door)
[2018.09.17-11.35.44:774][248]LogEditorViewport: Clicking on Actor (LMB): StaticMeshActor (Wall_3x16)
[2018.09.17-11.35.46:045][284]LogEditorViewport: Clicking on Actor (CTRL LMB): StaticMeshActor (Wall_3x2_half)
[2018.09.17-11.35.54:009][519]LogEditorViewport: Clicking on Actor (LMB): StaticMeshActor (Wall_3x33)
[2018.09.17-11.35.55:953][566]LogSlate: FSceneViewport::OnFocusLost() reason 2
[2018.09.17-11.35.57:846][620]LogEditorViewport: Clicking on Actor (LMB): StaticMeshActor (blockout_Flor_E)
[2018.09.17-11.35.58:979][650]LogSlate: FSceneViewport::OnFocusLost() reason 0
[2018.09.17-11.36.17:729][178]LogSlate: FSceneViewport::OnFocusLost() reason 0
[2018.09.17-11.36.20:949][324]LogWindows: Windows GetLastError: Der Vorgang wurde erfolgreich beendet. (0)
[2018.09.17-11.36.22:299][324]LogWindows: Error: === Critical error: ===
[2018.09.17-11.36.22:299][324]LogWindows: Error: 
[2018.09.17-11.36.22:299][324]LogWindows: Error: Assertion failed: NewMenu.IsValid() && NewMenu->GetOwnedWindow().IsValid() [File:D:\Build\++UE4+Release-4.19+Compile\Sync\Engine\Source\Runtime\Slate\Private\Widgets\Input\SMenuAnchor.cpp] [Line: 371] 
[2018.09.17-11.36.22:299][324]LogWindows: Error: 
[2018.09.17-11.36.22:299][324]LogWindows: Error: 
[2018.09.17-11.36.22:299][324]LogWindows: Error: 
[2018.09.17-11.36.22:299][324]LogWindows: Error: [Callstack] 0x0000000073B8A388 KERNELBASE.dll!UnknownFunction []
[2018.09.17-11.36.22:299][324]LogWindows: Error: [Callstack] 0x000000005B6B7884 UE4Editor-ApplicationCore.dll!UnknownFunction []
[2018.09.17-11.36.22:299][324]LogWindows: Error: [Callstack] 0x000000003C7C6D9B UE4Editor-Core.dll!UnknownFunction []
[2018.09.17-11.36.22:299][324]LogWindows: Error: [Callstack] 0x000000003C701949 UE4Editor-Core.dll!UnknownFunction []
[2018.09.17-11.36.22:299][324]LogWindows: Error: [Callstack] 0x000000003C216471 UE4Editor-Slate.dll!UnknownFunction []
[2018.09.17-11.36.22:299][324]LogWindows: Error: [Callstack] 0x000000003C1F84C3 UE4Editor-Slate.dll!UnknownFunction []
[2018.09.17-11.36.22:300][324]LogWindows: Error: [Callstack] 0x000000003C173BC2 UE4Editor-Slate.dll!UnknownFunction []
[2018.09.17-11.36.22:300][324]LogWindows: Error: [Callstack] 0x000000003C174A59 UE4Editor-Slate.dll!UnknownFunction []
[2018.09.17-11.36.22:300][324]LogWindows: Error: [Callstack] 0x000000003C1DD9E5 UE4Editor-Slate.dll!UnknownFunction []
[2018.09.17-11.36.22:300][324]LogWindows: Error: [Callstack] 0x000000003C1DB7F7 UE4Editor-Slate.dll!UnknownFunction []
[2018.09.17-11.36.22:300][324]LogWindows: Error: [Callstack] 0x000000003C1FF992 UE4Editor-Slate.dll!UnknownFunction []
[2018.09.17-11.36.22:300][324]LogWindows: Error: [Callstack] 0x000000003C025366 UE4Editor-Slate.dll!UnknownFunction []
[2018.09.17-11.36.22:300][324]LogWindows: Error: [Callstack] 0x000000003BFF72DC UE4Editor-Slate.dll!UnknownFunction []
[2018.09.17-11.36.22:300][324]LogWindows: Error: [Callstack] 0x000000003C08DAB7 UE4Editor-Slate.dll!UnknownFunction []
[2018.09.17-11.36.22:300][324]LogWindows: Error: [Callstack] 0x000000003C07782C UE4Editor-Slate.dll!UnknownFunction []
[2018.09.17-11.36.22:300][324]LogWindows: Error: [Callstack] 0x000000003C06AD33 UE4Editor-Slate.dll!UnknownFunction []
[2018.09.17-11.36.22:300][324]LogWindows: Error: [Callstack] 0x000000005B6AE73E UE4Editor-ApplicationCore.dll!UnknownFunction []
[2018.09.17-11.36.22:300][324]LogWindows: Error: [Callstack] 0x000000005B6A1B78 UE4Editor-ApplicationCore.dll!UnknownFunction []
[2018.09.17-11.36.22:300][324]LogWindows: Error: [Callstack] 0x000000005B6B052C UE4Editor-ApplicationCore.dll!UnknownFunction []
[2018.09.17-11.36.22:300][324]LogWindows: Error: [Callstack] 0x000000005B69D679 UE4Editor-ApplicationCore.dll!UnknownFunction []
[2018.09.17-11.36.22:300][324]LogWindows: Error: [Callstack] 0x0000000076FD6CC1 USER32.dll!UnknownFunction []
[2018.09.17-11.36.22:300][324]LogWindows: Error: [Callstack] 0x0000000076FD6693 USER32.dll!UnknownFunction []
[2018.09.17-11.36.22:300][324]LogWindows: Error: [Callstack] 0x000000005B6B1666 UE4Editor-ApplicationCore.dll!UnknownFunction []
[2018.09.17-11.36.22:300][324]LogWindows: Error: [Callstack] 0x00000000806C5475 UE4Editor.exe!UnknownFunction []
[2018.09.17-11.36.22:300][324]LogWindows: Error: [Callstack] 0x00000000806D6BD0 UE4Editor.exe!UnknownFunction []
[2018.09.17-11.36.22:300][324]LogWindows: Error: [Callstack] 0x00000000806D6C4A UE4Editor.exe!UnknownFunction []
[2018.09.17-11.36.22:300][324]LogWindows: Error: [Callstack] 0x00000000806E4177 UE4Editor.exe!UnknownFunction []
[2018.09.17-11.36.22:300][324]LogWindows: Error: [Callstack] 0x00000000806E5B87 UE4Editor.exe!UnknownFunction []
[2018.09.17-11.36.22:300][324]LogWindows: Error: [Callstack] 0x00000000747A3034 KERNEL32.DLL!UnknownFunction []
[2018.09.17-11.36.22:300][324]LogWindows: Error: [Callstack] 0x0000000077371431 ntdll.dll!UnknownFunction []
[2018.09.17-11.36.22:300][324]LogWindows: Error: [Callstack] 0x0000000077371431 ntdll.dll!UnknownFunction []
[2018.09.17-11.36.22:300][324]LogWindows: Error: 
[2018.09.17-11.36.22:318][324]LogExit: Executing StaticShutdownAfterError
[2018.09.17-11.36.22:323][324]LogWindows: FPlatformMisc::RequestExit(1)
[2018.09.17-11.36.22:323][324]Log file closed, 09/17/18 13:36:22
