Log file open, 09/25/18 20:08:01
LogWindows: Failed to load 'aqProf.dll' (GetLastError=126)
LogWindows: File 'aqProf.dll' does not exist
LogWindows: Failed to load 'VtuneApi.dll' (GetLastError=126)
LogWindows: File 'VtuneApi.dll' does not exist
LogWindows: Failed to load 'VtuneApi32e.dll' (GetLastError=126)
LogWindows: File 'VtuneApi32e.dll' does not exist
LogInit: Display: Running engine for game: Roadhouse
LogPlatformFile: Not using cached read wrapper
LogInit: Display: RandInit(1481145054) SRandInit(1481145054).
LogInit: Read version file with build ID '3944462'
LogInit: Overriding engine version to CL 4033788, compatible CL 3944462
LogInit: Registered custom module enumerator with build ID '3944462'
LogTaskGraph: Started task graph with 5 named threads and 11 total threads with 3 sets of task threads.
LogStats: Stats thread started at 0.263487
LogD3D11RHI: Aftermath initialized
LogICUInternationalization: Display: ICU TimeZone Detection - Raw Offset: +1:00, Platform Override: ''
LogModuleManager: Display: Found up-to-date module file ../../../Engine/Plugins/2D/Paper2D/Binaries/Win64/UE4Editor-Paper2D.dll (API version 3944462).
LogModuleManager: Display: Found up-to-date module file ../../../Engine/Plugins/2D/Paper2D/Binaries/Win64/UE4Editor-Paper2DEditor.dll (API version 3944462).
LogModuleManager: Display: Found up-to-date module file ../../../Engine/Plugins/2D/Paper2D/Binaries/Win64/UE4Editor-PaperSpriteSheetImporter.dll (API version 3944462).
LogModuleManager: Display: Found up-to-date module file ../../../Engine/Plugins/2D/Paper2D/Binaries/Win64/UE4Editor-PaperTiledImporter.dll (API version 3944462).
LogModuleManager: Display: Found up-to-date module file ../../../Engine/Plugins/2D/Paper2D/Binaries/Win64/UE4Editor-SmartSnapping.dll (API version 3944462).
LogModuleManager: Display: Found up-to-date module file ../../../Engine/Plugins/Blendables/LightPropagationVolume/Binaries/Win64/UE4Editor-LightPropagationVolumeRuntime.dll (API version 3944462).
LogModuleManager: Display: Found up-to-date module file ../../../Engine/Plugins/Blendables/LightPropagationVolume/Binaries/Win64/UE4Editor-LightPropagationVolumeEditor.dll (API version 3944462).
LogModuleManager: Display: Found up-to-date module file ../../../Engine/Plugins/Developer/CLionSourceCodeAccess/Binaries/Win64/UE4Editor-CLionSourceCodeAccess.dll (API version 3944462).
LogModuleManager: Display: Found up-to-date module file ../../../Engine/Plugins/Developer/GitSourceControl/Binaries/Win64/UE4Editor-GitSourceControl.dll (API version 3944462).
LogModuleManager: Display: Found up-to-date module file ../../../Engine/Plugins/Developer/PerforceSourceControl/Binaries/Win64/UE4Editor-PerforceSourceControl.dll (API version 3944462).
LogModuleManager: Display: Found up-to-date module file ../../../Engine/Plugins/Developer/SubversionSourceControl/Binaries/Win64/UE4Editor-SubversionSourceControl.dll (API version 3944462).
LogModuleManager: Display: Found up-to-date module file ../../../Engine/Plugins/Developer/UObjectPlugin/Binaries/Win64/UE4Editor-UObjectPlugin.dll (API version 3944462).
LogModuleManager: Display: Found up-to-date module file ../../../Engine/Plugins/Developer/VisualStudioCodeSourceCodeAccess/Binaries/Win64/UE4Editor-VisualStudioCodeSourceCodeAccess.dll (API version 3944462).
LogModuleManager: Display: Found up-to-date module file ../../../Engine/Plugins/Developer/VisualStudioSourceCodeAccess/Binaries/Win64/UE4Editor-VisualStudioSourceCodeAccess.dll (API version 3944462).
LogModuleManager: Display: Found up-to-date module file ../../../Engine/Plugins/Editor/AssetManagerEditor/Binaries/Win64/UE4Editor-AssetManagerEditor.dll (API version 3944462).
LogModuleManager: Display: Found up-to-date module file ../../../Engine/Plugins/Editor/CryptoKeys/Binaries/Win64/UE4Editor-CryptoKeys.dll (API version 3944462).
LogModuleManager: Display: Found up-to-date module file ../../../Engine/Plugins/Editor/CryptoKeys/Binaries/Win64/UE4Editor-CryptoKeysOpenSSL.dll (API version 3944462).
LogModuleManager: Display: Found up-to-date module file ../../../Engine/Plugins/Editor/DataValidation/Binaries/Win64/UE4Editor-DataValidation.dll (API version 3944462).
LogModuleManager: Display: Found up-to-date module file ../../../Engine/Plugins/Editor/FacialAnimation/Binaries/Win64/UE4Editor-FacialAnimation.dll (API version 3944462).
LogModuleManager: Display: Found up-to-date module file ../../../Engine/Plugins/Editor/FacialAnimation/Binaries/Win64/UE4Editor-FacialAnimationEditor.dll (API version 3944462).
LogModuleManager: Display: Found up-to-date module file ../../../Engine/Plugins/Editor/GameplayTagsEditor/Binaries/Win64/UE4Editor-GameplayTagsEditor.dll (API version 3944462).
LogModuleManager: Display: Found up-to-date module file ../../../Engine/Plugins/Editor/MobileLauncherProfileWizard/Binaries/Win64/UE4Editor-MobileLauncherProfileWizard.dll (API version 3944462).
LogModuleManager: Display: Found up-to-date module file ../../../Engine/Plugins/Editor/PluginBrowser/Binaries/Win64/UE4Editor-PluginBrowser.dll (API version 3944462).
LogModuleManager: Display: Found up-to-date module file ../../../Engine/Plugins/Editor/SpeedTreeImporter/Binaries/Win64/UE4Editor-SpeedTreeImporter.dll (API version 3944462).
LogModuleManager: Display: Found up-to-date module file ../../../Engine/Plugins/Enterprise/DatasmithContent/Binaries/Win64/UE4Editor-DatasmithContent.dll (API version 3944462).
LogModuleManager: Display: Found up-to-date module file ../../../Engine/Plugins/Experimental/AlembicImporter/Binaries/Win64/UE4Editor-AlembicImporter.dll (API version 3944462).
LogModuleManager: Display: Found up-to-date module file ../../../Engine/Plugins/Experimental/AlembicImporter/Binaries/Win64/UE4Editor-AlembicLibrary.dll (API version 3944462).
LogModuleManager: Display: Found up-to-date module file ../../../Engine/Plugins/Experimental/CharacterAI/Binaries/Win64/UE4Editor-CharacterAI.dll (API version 3944462).
LogModuleManager: Display: Found up-to-date module file ../../../Engine/Plugins/Experimental/HTML5Networking/Binaries/Win64/UE4Editor-HTML5Networking.dll (API version 3944462).
LogModuleManager: Display: Found up-to-date module file ../../../Engine/Plugins/Media/AndroidMedia/Binaries/Win64/UE4Editor-AndroidMediaEditor.dll (API version 3944462).
LogModuleManager: Display: Found up-to-date module file ../../../Engine/Plugins/Media/AndroidMedia/Binaries/Win64/UE4Editor-AndroidMediaFactory.dll (API version 3944462).
LogModuleManager: Display: Found up-to-date module file ../../../Engine/Plugins/Media/AvfMedia/Binaries/Win64/UE4Editor-AvfMediaEditor.dll (API version 3944462).
LogModuleManager: Display: Found up-to-date module file ../../../Engine/Plugins/Media/AvfMedia/Binaries/Win64/UE4Editor-AvfMediaFactory.dll (API version 3944462).
LogModuleManager: Display: Found up-to-date module file ../../../Engine/Plugins/Media/AvfMedia/Binaries/Win64/UE4Editor-AvfMediaFactory.dll (API version 3944462).
LogModuleManager: Display: Found up-to-date module file ../../../Engine/Plugins/Media/ImgMedia/Binaries/Win64/UE4Editor-ImgMedia.dll (API version 3944462).
LogModuleManager: Display: Found up-to-date module file ../../../Engine/Plugins/Media/ImgMedia/Binaries/Win64/UE4Editor-ImgMediaEditor.dll (API version 3944462).
LogModuleManager: Display: Found up-to-date module file ../../../Engine/Plugins/Media/ImgMedia/Binaries/Win64/UE4Editor-ImgMediaFactory.dll (API version 3944462).
LogModuleManager: Display: Found up-to-date module file ../../../Engine/Plugins/Media/ImgMedia/Binaries/Win64/UE4Editor-ImgMediaFactory.dll (API version 3944462).
LogModuleManager: Display: Found up-to-date module file ../../../Engine/Plugins/Media/ImgMedia/Binaries/Win64/UE4Editor-OpenExrWrapper.dll (API version 3944462).
LogModuleManager: Display: Found up-to-date module file ../../../Engine/Plugins/Media/LinearTimecode/Binaries/Win64/UE4Editor-LinearTimecode.dll (API version 3944462).
LogModuleManager: Display: Found up-to-date module file ../../../Engine/Plugins/Media/MediaCompositing/Binaries/Win64/UE4Editor-MediaCompositing.dll (API version 3944462).
LogModuleManager: Display: Found up-to-date module file ../../../Engine/Plugins/Media/MediaCompositing/Binaries/Win64/UE4Editor-MediaCompositingEditor.dll (API version 3944462).
LogModuleManager: Display: Found up-to-date module file ../../../Engine/Plugins/Media/MediaPlayerEditor/Binaries/Win64/UE4Editor-MediaPlayerEditor.dll (API version 3944462).
LogModuleManager: Display: Found up-to-date module file ../../../Engine/Plugins/Media/WmfMedia/Binaries/Win64/UE4Editor-WmfMedia.dll (API version 3944462).
LogModuleManager: Display: Found up-to-date module file ../../../Engine/Plugins/Media/WmfMedia/Binaries/Win64/UE4Editor-WmfMediaEditor.dll (API version 3944462).
LogModuleManager: Display: Found up-to-date module file ../../../Engine/Plugins/Media/WmfMedia/Binaries/Win64/UE4Editor-WmfMediaFactory.dll (API version 3944462).
LogModuleManager: Display: Found up-to-date module file ../../../Engine/Plugins/Media/WmfMedia/Binaries/Win64/UE4Editor-WmfMediaFactory.dll (API version 3944462).
LogModuleManager: Display: Found up-to-date module file ../../../Engine/Plugins/Messaging/TcpMessaging/Binaries/Win64/UE4Editor-TcpMessaging.dll (API version 3944462).
LogModuleManager: Display: Found up-to-date module file ../../../Engine/Plugins/Messaging/UdpMessaging/Binaries/Win64/UE4Editor-UdpMessaging.dll (API version 3944462).
LogModuleManager: Display: Found up-to-date module file ../../../Engine/Plugins/MovieScene/ActorSequence/Binaries/Win64/UE4Editor-ActorSequence.dll (API version 3944462).
LogModuleManager: Display: Found up-to-date module file ../../../Engine/Plugins/MovieScene/LevelSequenceEditor/Binaries/Win64/UE4Editor-LevelSequenceEditor.dll (API version 3944462).
LogModuleManager: Display: Found up-to-date module file ../../../Engine/Plugins/MovieScene/MatineeToLevelSequence/Binaries/Win64/UE4Editor-MatineeToLevelSequence.dll (API version 3944462).
LogModuleManager: Display: Found up-to-date module file ../../../Engine/Plugins/NetcodeUnitTest/NetcodeUnitTest/Binaries/Win64/UE4Editor-NetcodeUnitTest.dll (API version 3944462).
LogModuleManager: Display: Found up-to-date module file ../../../Engine/Plugins/NetcodeUnitTest/NUTUnrealEngine4/Binaries/Win64/UE4Editor-NUTUnrealEngine4.dll (API version 3944462).
LogModuleManager: Display: Found up-to-date module file ../../../Engine/Plugins/Online/OnlineSubsystem/Binaries/Win64/UE4Editor-OnlineSubsystem.dll (API version 3944462).
LogModuleManager: Display: Found up-to-date module file ../../../Engine/Plugins/Runtime/AndroidPermission/Binaries/Win64/UE4Editor-AndroidPermission.dll (API version 3944462).
LogModuleManager: Display: Found up-to-date module file ../../../Engine/Plugins/Online/OnlineSubsystemNull/Binaries/Win64/UE4Editor-OnlineSubsystemNull.dll (API version 3944462).
LogModuleManager: Display: Found up-to-date module file ../../../Engine/Plugins/Online/OnlineSubsystemUtils/Binaries/Win64/UE4Editor-OnlineSubsystemUtils.dll (API version 3944462).
LogModuleManager: Display: Found up-to-date module file ../../../Engine/Plugins/Online/OnlineSubsystemUtils/Binaries/Win64/UE4Editor-OnlineBlueprintSupport.dll (API version 3944462).
LogModuleManager: Display: Found up-to-date module file ../../../Engine/Plugins/Runtime/AndroidDeviceProfileSelector/Binaries/Win64/UE4Editor-AndroidDeviceProfileSelector.dll (API version 3944462).
LogModuleManager: Display: Found up-to-date module file ../../../Engine/Plugins/Runtime/AppleARKit/Binaries/Win64/UE4Editor-AppleARKit.dll (API version 3944462).
LogModuleManager: Display: Found up-to-date module file ../../../Engine/Plugins/Runtime/ProceduralMeshComponent/Binaries/Win64/UE4Editor-ProceduralMeshComponent.dll (API version 3944462).
LogModuleManager: Display: Found up-to-date module file ../../../Engine/Plugins/Runtime/ProceduralMeshComponent/Binaries/Win64/UE4Editor-ProceduralMeshComponentEditor.dll (API version 3944462).
LogModuleManager: Display: Found up-to-date module file ../../../Engine/Plugins/Animation/LiveLink/Binaries/Win64/UE4Editor-LiveLink.dll (API version 3944462).
LogModuleManager: Display: Found up-to-date module file ../../../Engine/Plugins/Animation/LiveLink/Binaries/Win64/UE4Editor-LiveLinkEditor.dll (API version 3944462).
LogModuleManager: Display: Found up-to-date module file ../../../Engine/Plugins/Runtime/ArchVisCharacter/Binaries/Win64/UE4Editor-ArchVisCharacter.dll (API version 3944462).
LogModuleManager: Display: Found up-to-date module file ../../../Engine/Plugins/Runtime/AudioCapture/Binaries/Win64/UE4Editor-AudioCapture.dll (API version 3944462).
LogModuleManager: Display: Found up-to-date module file ../../../Engine/Plugins/Runtime/AudioCapture/Binaries/Win64/UE4Editor-AudioCaptureEditor.dll (API version 3944462).
LogModuleManager: Display: Found up-to-date module file ../../../Engine/Plugins/Runtime/CableComponent/Binaries/Win64/UE4Editor-CableComponent.dll (API version 3944462).
LogModuleManager: Display: Found up-to-date module file ../../../Engine/Plugins/Runtime/CustomMeshComponent/Binaries/Win64/UE4Editor-CustomMeshComponent.dll (API version 3944462).
LogModuleManager: Display: Found up-to-date module file ../../../Engine/Plugins/Runtime/ExampleDeviceProfileSelector/Binaries/Win64/UE4Editor-ExampleDeviceProfileSelector.dll (API version 3944462).
LogModuleManager: Display: Found up-to-date module file ../../../Engine/Plugins/Runtime/ImmediatePhysics/Binaries/Win64/UE4Editor-ImmediatePhysics.dll (API version 3944462).
LogModuleManager: Display: Found up-to-date module file ../../../Engine/Plugins/Runtime/ImmediatePhysics/Binaries/Win64/UE4Editor-ImmediatePhysicsEditor.dll (API version 3944462).
LogModuleManager: Display: Found up-to-date module file ../../../Engine/Plugins/Runtime/LocationServicesBPLibrary/Binaries/Win64/UE4Editor-LocationServicesBPLibrary.dll (API version 3944462).
LogModuleManager: Display: Found up-to-date module file ../../../Engine/Plugins/Runtime/MobilePatchingUtils/Binaries/Win64/UE4Editor-MobilePatchingUtils.dll (API version 3944462).
LogModuleManager: Display: Found up-to-date module file ../../../Engine/Plugins/Runtime/Oculus/OculusVR/Binaries/Win64/UE4Editor-OculusHMD.dll (API version 3944462).
LogModuleManager: Display: Found up-to-date module file ../../../Engine/Plugins/Runtime/Oculus/OculusVR/Binaries/Win64/UE4Editor-OculusInput.dll (API version 3944462).
LogModuleManager: Display: Found up-to-date module file ../../../Engine/Plugins/Runtime/Oculus/OculusVR/Binaries/Win64/UE4Editor-OculusEditor.dll (API version 3944462).
LogModuleManager: Display: Found up-to-date module file ../../../Engine/Plugins/Runtime/PhysXVehicles/Binaries/Win64/UE4Editor-PhysXVehicles.dll (API version 3944462).
LogModuleManager: Display: Found up-to-date module file ../../../Engine/Plugins/Runtime/PhysXVehicles/Binaries/Win64/UE4Editor-PhysXVehiclesEditor.dll (API version 3944462).
LogModuleManager: Display: Found up-to-date module file ../../../Engine/Plugins/Runtime/RuntimePhysXCooking/Binaries/Win64/UE4Editor-RuntimePhysXCooking.dll (API version 3944462).
LogModuleManager: Display: Found up-to-date module file ../../../Engine/Plugins/Runtime/Steam/SteamVR/Binaries/Win64/UE4Editor-SteamVR.dll (API version 3944462).
LogModuleManager: Display: Found up-to-date module file ../../../Engine/Plugins/Runtime/Steam/SteamVR/Binaries/Win64/UE4Editor-SteamVRController.dll (API version 3944462).
LogModuleManager: Display: Found up-to-date module file ../../../Engine/Plugins/Runtime/WindowsMoviePlayer/Binaries/Win64/UE4Editor-WindowsMoviePlayer.dll (API version 3944462).
LogPluginManager: Mounting plugin Paper2D
LogPluginManager: Mounting plugin LiveLink
LogPluginManager: Mounting plugin LightPropagationVolume
LogPluginManager: Mounting plugin CLionSourceCodeAccess
LogPluginManager: Mounting plugin CodeLiteSourceCodeAccess
LogPluginManager: Mounting plugin GitSourceControl
LogPluginManager: Mounting plugin KDevelopSourceCodeAccess
LogPluginManager: Mounting plugin NullSourceCodeAccess
LogPluginManager: Mounting plugin PerforceSourceControl
LogPluginManager: Mounting plugin SubversionSourceControl
LogPluginManager: Mounting plugin UObjectPlugin
LogPluginManager: Mounting plugin VisualStudioCodeSourceCodeAccess
LogPluginManager: Mounting plugin VisualStudioSourceCodeAccess
LogPluginManager: Mounting plugin XCodeSourceCodeAccess
LogPluginManager: Mounting plugin AssetManagerEditor
LogPluginManager: Mounting plugin CryptoKeys
LogPluginManager: Mounting plugin DataValidation
LogPluginManager: Mounting plugin FacialAnimation
LogPluginManager: Mounting plugin GameplayTagsEditor
LogPluginManager: Mounting plugin MobileLauncherProfileWizard
LogPluginManager: Mounting plugin PluginBrowser
LogPluginManager: Mounting plugin SpeedTreeImporter
LogPluginManager: Mounting plugin DatasmithContent
LogPluginManager: Mounting plugin AlembicImporter
LogPluginManager: Mounting plugin CharacterAI
LogPluginManager: Mounting plugin HTML5Networking
LogPluginManager: Mounting plugin AndroidMedia
LogPluginManager: Mounting plugin AvfMedia
LogPluginManager: Mounting plugin ImgMedia
LogPluginManager: Mounting plugin LinearTimecode
LogPluginManager: Mounting plugin MediaCompositing
LogPluginManager: Mounting plugin MediaPlayerEditor
LogPluginManager: Mounting plugin WmfMedia
LogPluginManager: Mounting plugin TcpMessaging
LogPluginManager: Mounting plugin UdpMessaging
LogPluginManager: Mounting plugin ActorSequence
LogPluginManager: Mounting plugin LevelSequenceEditor
LogPluginManager: Mounting plugin MatineeToLevelSequence
LogPluginManager: Mounting plugin NetcodeUnitTest
LogPluginManager: Mounting plugin NUTUnrealEngine4
LogPluginManager: Mounting plugin OnlineSubsystemGooglePlay
LogPluginManager: Mounting plugin OnlineSubsystemIOS
LogPluginManager: Mounting plugin OnlineSubsystem
LogPluginManager: Mounting plugin OnlineSubsystemNull
LogPluginManager: Mounting plugin OnlineSubsystemUtils
LogPluginManager: Mounting plugin AndroidDeviceProfileSelector
LogPluginManager: Mounting plugin AndroidMoviePlayer
LogPluginManager: Mounting plugin AndroidPermission
LogPluginManager: Mounting plugin AppleARKit
LogPluginManager: Mounting plugin AppleMoviePlayer
LogPluginManager: Mounting plugin ArchVisCharacter
LogPluginManager: Mounting plugin AudioCapture
LogPluginManager: Mounting plugin CableComponent
LogPluginManager: Mounting plugin CustomMeshComponent
LogPluginManager: Mounting plugin ExampleDeviceProfileSelector
LogPluginManager: Mounting plugin GoogleCloudMessaging
LogPluginManager: Mounting plugin ImmediatePhysics
LogPluginManager: Mounting plugin IOSDeviceProfileSelector
LogPluginManager: Mounting plugin LinuxDeviceProfileSelector
LogPluginManager: Mounting plugin LocationServicesBPLibrary
LogPluginManager: Mounting plugin MobilePatchingUtils
LogPluginManager: Mounting plugin OculusVR
LogPluginManager: Plugin shader directory ../../../Engine/Plugins/Runtime/Oculus/OculusVR/Shaders found
LogPluginManager: Mapping shader source directory ../../../Engine/Plugins/Runtime/Oculus/OculusVR/Shaders to virtual directory /Plugin/OculusVR
LogPluginManager: Mounting plugin PhysXVehicles
LogPluginManager: Mounting plugin ProceduralMeshComponent
LogPluginManager: Mounting plugin RuntimePhysXCooking
LogPluginManager: Mounting plugin SteamVR
LogPluginManager: Mounting plugin WindowsMoviePlayer
LogStreaming: Display: Took  3.864s to configure plugins.
LogInit: Using libcurl 7.47.1
LogInit:  - built for x86_64-pc-win32
LogInit:  - supports SSL with OpenSSL/1.0.2g
LogInit:  - supports HTTP deflate (compression) using libz 1.2.8
LogInit:  - other features:
LogInit:      CURL_VERSION_SSL
LogInit:      CURL_VERSION_LIBZ
LogInit:      CURL_VERSION_IPV6
LogInit:      CURL_VERSION_ASYNCHDNS
LogInit:      CURL_VERSION_LARGEFILE
LogInit:      CURL_VERSION_IDN
LogInit:  CurlRequestOptions (configurable via config and command line):
LogInit:  - bVerifyPeer = false  - Libcurl will NOT verify peer certificate
LogInit:  - bUseHttpProxy = false  - Libcurl will NOT use HTTP proxy
LogInit:  - bDontReuseConnections = false  - Libcurl will reuse connections
LogInit:  - CertBundlePath = nullptr  - Libcurl will use whatever was configured at build time.
LogInit:  - MaxHostConnections = 16  - Libcurl will limit the number of connections to a host
LogInit:  - LocalHostAddr = Default
LogInit: WinSock: version 1.1 (2.2), MaxSocks=32767, MaxUdp=65467
LogInit: WinSock: I am DESKTOP-5J6HU0I (192.168.178.25:0)
LogInit: Build: ++UE4+Release-4.19-CL-4033788
LogInit: Engine Version: 4.19.2-4033788+++UE4+Release-4.19
LogInit: Compatible Engine Version: 4.19.0-3944462+++UE4+Release-4.19
LogInit: Net CL: 3944462
LogDevObjectVersion: Number of dev versions registered: 18
LogDevObjectVersion:   Dev-Blueprints (B0D832E4-1F89-4F0D-ACCF-7EB736FD4AA2): 10
LogDevObjectVersion:   Dev-Build (E1C64328-A22C-4D53-A36C-8E866417BD8C): 0
LogDevObjectVersion:   Dev-Core (375EC13C-06E4-48FB-B500-84F0262A717E): 2
LogDevObjectVersion:   Dev-Editor (E4B068ED-F494-42E9-A231-DA0B2E46BB41): 23
LogDevObjectVersion:   Dev-Framework (CFFC743F-43B0-4480-9391-14DF171D2073): 33
LogDevObjectVersion:   Dev-Mobile (B02B49B5-BB20-44E9-A304-32B752E40360): 2
LogDevObjectVersion:   Dev-Networking (A4E4105C-59A1-49B5-A7C5-40C4547EDFEE): 0
LogDevObjectVersion:   Dev-Online (39C831C9-5AE6-47DC-9A44-9C173E1C8E7C): 0
LogDevObjectVersion:   Dev-Physics (78F01B33-EBEA-4F98-B9B4-84EACCB95AA2): 0
LogDevObjectVersion:   Dev-Platform (6631380F-2D4D-43E0-8009-CF276956A95A): 0
LogDevObjectVersion:   Dev-Rendering (12F88B9F-8875-4AFC-A67C-D90C383ABD29): 25
LogDevObjectVersion:   Dev-Sequencer (7B5AE74C-D270-4C10-A958-57980B212A5A): 6
LogDevObjectVersion:   Dev-VR (D7296918-1DD6-4BDD-9DE2-64A83CC13884): 1
LogDevObjectVersion:   Dev-LoadTimes (C2A15278-BFE7-4AFE-6C17-90FF531DF755): 1
LogDevObjectVersion:   Private-Geometry (6EACA3D4-40EC-4CC1-B786-8BED09428FC5): 2
LogDevObjectVersion:   Dev-AnimPhys (29E575DD-E0A3-4627-9D10-D276232CDCEA): 16
LogDevObjectVersion:   Dev-ReflectionCapture (6B266CEC-1EC7-4B8F-A30B-E4D90942FC07): 1
LogDevObjectVersion:   Dev-Automation (0DF73D61-A23F-47EA-B727-89E90C41499A): 1
LogInit: Compiled (64-bit): Apr 27 2018 02:06:57
LogInit: Compiled with Visual C++: 19.00.24215.01
LogInit: Build Configuration: Development
LogInit: Branch Name: ++UE4+Release-4.19
LogInit: Command Line:  
LogInit: Base Directory: C:/Program Files/Epic Games/UE_4.19/Engine/Binaries/Win64/
LogInit: Installed Engine Build: 1
LogStreaming: Display: Took  0.012s to delete old logs.
LogInit: Presizing for max 8388607 objects, including 0 objects not considered by GC, pre-allocating 0 bytes for permanent pool.
LogInit: Object subsystem initialized
[2018.09.25-18.08.06:066][  0]LogInit: Selected Device Profile: [Windows]
[2018.09.25-18.08.06:066][  0]LogInit: Applying CVar settings loaded from the selected device profile: [Windows]
[2018.09.25-18.08.06:120][  0]LogInit: Computer: DESKTOP-5J6HU0I
[2018.09.25-18.08.06:120][  0]LogInit: User: usagi
[2018.09.25-18.08.06:120][  0]LogInit: CPU Page size=4096, Cores=2
[2018.09.25-18.08.06:120][  0]LogInit: High frequency timer resolution =2.343751 MHz
[2018.09.25-18.08.06:121][  0]LogMemory: Memory total: Physical=15.9GB (16GB approx)
[2018.09.25-18.08.06:121][  0]LogMemory: Platform Memory Stats for Windows
[2018.09.25-18.08.06:121][  0]LogMemory: Process Physical Memory: 273.20 MB used, 273.20 MB peak
[2018.09.25-18.08.06:121][  0]LogMemory: Process Virtual Memory: 265.90 MB used, 265.90 MB peak
[2018.09.25-18.08.06:121][  0]LogMemory: Physical Memory: 4866.93 MB used,  11431.02 MB free, 16297.94 MB total
[2018.09.25-18.08.06:121][  0]LogMemory: Virtual Memory: 4762.88 MB used,  11431.02 MB free, 134217728.00 MB total
[2018.09.25-18.08.06:324][  0]LogInit: Using OS detected language (de-DE).
[2018.09.25-18.08.06:324][  0]LogInit: Using OS detected locale (de-DE).
[2018.09.25-18.08.06:345][  0]LogTextLocalizationManager: No localization for 'de-DE' exists, so 'en' will be used for the language.
[2018.09.25-18.08.07:144][  0]LogStreaming: Display: Took  0.820s to EndInitTextLocalization.
[2018.09.25-18.08.07:146][  0]LogInit: Setting process to per monitor DPI aware
[2018.09.25-18.08.07:254][  0]LogSlate: New Slate User Created.  User Index 0, Is Virtual User: 0
[2018.09.25-18.08.07:254][  0]LogSlate: Slate User Registered.  User Index 0, Is Virtual User: 0
[2018.09.25-18.08.08:251][  0]LogD3D11RHI: D3D11 adapters:
[2018.09.25-18.08.08:351][  0]LogD3D11RHI:    0. 'NVIDIA GeForce GTX 950M' (Feature Level 11_0)
[2018.09.25-18.08.08:351][  0]LogD3D11RHI:       2010/0/8148 MB DedicatedVideo/DedicatedSystem/SharedSystem, Outputs:1, VendorId:0x10de
[2018.09.25-18.08.08:361][  0]LogD3D11RHI:    1. 'Intel(R) HD Graphics 520' (Feature Level 11_0)
[2018.09.25-18.08.08:361][  0]LogD3D11RHI:       128/0/8148 MB DedicatedVideo/DedicatedSystem/SharedSystem, Outputs:0, VendorId:0x8086
[2018.09.25-18.08.08:365][  0]LogD3D11RHI:    2. 'Microsoft Basic Render Driver' (Feature Level 11_0)
[2018.09.25-18.08.08:365][  0]LogD3D11RHI:       0/0/8148 MB DedicatedVideo/DedicatedSystem/SharedSystem, Outputs:0, VendorId:0x1414
[2018.09.25-18.08.08:365][  0]LogD3D11RHI: Chosen D3D11 Adapter: 0
[2018.09.25-18.08.08:390][  0]LogD3D11RHI: Creating new Direct3DDevice
[2018.09.25-18.08.08:391][  0]LogD3D11RHI:     GPU DeviceId: 0x139a (for the marketing name, search the web for "GPU Device Id")
[2018.09.25-18.08.08:391][  0]LogWindows: EnumDisplayDevices:
[2018.09.25-18.08.08:391][  0]LogWindows:    0. 'Intel(R) HD Graphics 520' (P:1 D:1)
[2018.09.25-18.08.08:392][  0]LogWindows:    1. 'Intel(R) HD Graphics 520' (P:0 D:0)
[2018.09.25-18.08.08:392][  0]LogWindows:    2. 'Intel(R) HD Graphics 520' (P:0 D:0)
[2018.09.25-18.08.08:393][  0]LogWindows: DebugString: GetVideoDriverDetailsInvalid PrimaryIsNotTheChoosenAdapter GetVideoDriverDetailsInvalid PrimaryIsNotTheChoosenAdapter GetVideoDriverDetailsInvalid PrimaryIsNotTheChoosenAdapter FoundDriverCount:0 
[2018.09.25-18.08.08:393][  0]LogD3D11RHI:     Adapter Name: NVIDIA GeForce GTX 950M
[2018.09.25-18.08.08:393][  0]LogD3D11RHI:   Driver Version: Unknown (internal:Unknown, unified:Unknown)
[2018.09.25-18.08.08:393][  0]LogD3D11RHI:      Driver Date: Unknown
[2018.09.25-18.08.08:393][  0]LogRHI: Texture pool is 1407 MB (70% of 2010 MB)
[2018.09.25-18.08.08:469][  0]LogD3D11RHI: [Aftermath] Aftermath enabled and primed
[2018.09.25-18.08.08:469][  0]LogD3D11RHI: [Aftermath] Aftermath enabled and primed
[2018.09.25-18.08.08:469][  0]LogD3D11RHI: Async texture creation enabled
[2018.09.25-18.08.08:526][  0]LogD3D11RHI: GPU Timing Frequency: 1000.000000 (Debug: 2 2)
[2018.09.25-18.08.08:536][  0]LogShaderCompilers: Guid format shader working directory is -20 characters bigger than the processId version (../../../../../../Users/usagi/Documents/Unreal Projects/Roadhouse/Intermediate/Shaders/WorkingDirectory/16696/).
[2018.09.25-18.08.08:537][  0]LogShaderCompilers: Cleaned the shader compiler working directory 'C:/Users/usagi/AppData/Local/Temp/UnrealShaderWorkingDir/120CFDDB49427F2DAC78FE8F6664A657/'.
[2018.09.25-18.08.09:333][  0]LogTemp: Display: Loaded TP AllDesktopTargetPlatform
[2018.09.25-18.08.09:363][  0]LogTemp: Display: Loaded TP MacClientTargetPlatform
[2018.09.25-18.08.09:393][  0]LogTemp: Display: Loaded TP MacNoEditorTargetPlatform
[2018.09.25-18.08.09:424][  0]LogTemp: Display: Loaded TP MacServerTargetPlatform
[2018.09.25-18.08.09:455][  0]LogTemp: Display: Loaded TP MacTargetPlatform
[2018.09.25-18.08.09:484][  0]LogTemp: Display: Loaded TP WindowsClientTargetPlatform
[2018.09.25-18.08.09:516][  0]LogTemp: Display: Loaded TP WindowsNoEditorTargetPlatform
[2018.09.25-18.08.09:548][  0]LogTemp: Display: Loaded TP WindowsServerTargetPlatform
[2018.09.25-18.08.09:564][  0]LogTemp: Display: Loaded TP WindowsTargetPlatform
[2018.09.25-18.08.09:593][  0]LogTemp: Display: Loaded TP Android_ASTCTargetPlatform
[2018.09.25-18.08.09:622][  0]LogTemp: Display: Loaded TP Android_ATCTargetPlatform
[2018.09.25-18.08.09:651][  0]LogTemp: Display: Loaded TP Android_DXTTargetPlatform
[2018.09.25-18.08.09:678][  0]LogTemp: Display: Loaded TP Android_ETC1aTargetPlatform
[2018.09.25-18.08.09:706][  0]LogTemp: Display: Loaded TP Android_ETC1TargetPlatform
[2018.09.25-18.08.09:735][  0]LogTemp: Display: Loaded TP Android_ETC2TargetPlatform
[2018.09.25-18.08.09:792][  0]LogTemp: Display: Loaded TP Android_MultiTargetPlatform
[2018.09.25-18.08.09:792][  0]LogTemp: Display: Loaded TP Android_PVRTCTargetPlatform
[2018.09.25-18.08.09:821][  0]LogTemp: Display: Loaded TP AndroidTargetPlatform
[2018.09.25-18.08.09:826][  0]LogTemp: Display: Loaded TP HTML5TargetPlatform
[2018.09.25-18.08.09:893][  0]LogTemp: Display: Loaded TP IOSTargetPlatform
[2018.09.25-18.08.09:918][  0]LogTemp: Display: Loaded TP TVOSTargetPlatform
[2018.09.25-18.08.09:946][  0]LogTemp: Display: Loaded TP LinuxClientTargetPlatform
[2018.09.25-18.08.09:972][  0]LogTemp: Display: Loaded TP LinuxNoEditorTargetPlatform
[2018.09.25-18.08.10:002][  0]LogTemp: Display: Loaded TP LinuxServerTargetPlatform
[2018.09.25-18.08.10:050][  0]LogTemp: Display: Loaded TP LinuxTargetPlatform
[2018.09.25-18.08.10:050][  0]LogTargetPlatformManager: Display: Building Assets For Windows
[2018.09.25-18.08.10:436][  0]LogXGEController: Cleaning working directory: C:/Users/usagi/AppData/Local/Temp/UnrealXGEWorkingDir/
[2018.09.25-18.08.10:436][  0]LogXGEController: Cannot use XGE Controller as Incredibuild is not installed on this machine.
[2018.09.25-18.08.10:437][  0]LogShaderCompilers: Cannot use XGE Shader Compiler as Incredibuild is not installed on this machine.
[2018.09.25-18.08.10:437][  0]LogShaderCompilers: Display: Using Local Shader Compiler.
[2018.09.25-18.08.12:424][  0]LogDerivedDataCache: Display: Max Cache Size: 512 MB
[2018.09.25-18.08.13:332][  0]LogDerivedDataCache: Loaded boot cache 0.91s 74MB C:/Users/usagi/AppData/Local/UnrealEngine/4.19/DerivedDataCache/Boot.ddc.
[2018.09.25-18.08.13:332][  0]LogDerivedDataCache: Display: Loaded Boot cache: C:/Users/usagi/AppData/Local/UnrealEngine/4.19/DerivedDataCache/Boot.ddc
[2018.09.25-18.08.13:332][  0]LogDerivedDataCache: FDerivedDataBackendGraph:  Pak pak cache file ../../../../../../Users/usagi/Documents/Unreal Projects/Roadhouse/DerivedDataCache/DDC.ddp not found, will not use a pak cache.
[2018.09.25-18.08.13:332][  0]LogDerivedDataCache: Unable to find inner node Pak for hierarchical cache Hierarchy.
[2018.09.25-18.08.13:332][  0]LogDerivedDataCache: FDerivedDataBackendGraph:  CompressedPak pak cache file ../../../../../../Users/usagi/Documents/Unreal Projects/Roadhouse/DerivedDataCache/Compressed.ddp not found, will not use a pak cache.
[2018.09.25-18.08.13:332][  0]LogDerivedDataCache: Unable to find inner node CompressedPak for hierarchical cache Hierarchy.
[2018.09.25-18.08.13:368][  0]LogDerivedDataCache: Display: Pak cache opened for reading ../../../Engine/DerivedDataCache/Compressed.ddp.
[2018.09.25-18.08.13:398][  0]LogDerivedDataCache: Using Local data cache path C:/Users/usagi/AppData/Local/UnrealEngine/Common/DerivedDataCache: Writable
[2018.09.25-18.08.13:398][  0]LogDerivedDataCache: Shared data cache path not found in *engine.ini, will not use an Shared cache.
[2018.09.25-18.08.13:398][  0]LogDerivedDataCache: Unable to find inner node Shared for hierarchical cache Hierarchy.
[2018.09.25-18.08.13:424][  0]LogMaterial: Verifying Global Shaders for PCD3D_SM5
[2018.09.25-18.08.13:430][  0]LogSlate: Using Freetype 2.6.0
[2018.09.25-18.08.13:455][  0]LogSlate: SlateFontCache - WITH_FREETYPE: 1, WITH_HARFBUZZ: 1
[2018.09.25-18.08.13:455][  0]LogSlate: SlateFontCache - WITH_FREETYPE: 1, WITH_HARFBUZZ: 1
[2018.09.25-18.08.14:355][  0]LogAssetRegistry: FAssetRegistry took 0.1416 seconds to start up
[2018.09.25-18.08.15:352][  0]LogInit: Selected Device Profile: [Windows]
[2018.09.25-18.08.15:849][  0]LogSimplygon: Simplygon DLL not present - disabling.
[2018.09.25-18.08.15:861][  0]LogMeshReduction: Using SimplygonSwarm for distributed automatic mesh merging
[2018.09.25-18.08.15:861][  0]LogMeshReduction: Using QuadricMeshReduction for automatic static mesh reduction
[2018.09.25-18.08.15:862][  0]LogMeshReduction: No automatic skeletal mesh reduction module available
[2018.09.25-18.08.15:862][  0]LogMeshReduction: No automatic mesh merging module available
[2018.09.25-18.08.15:862][  0]LogMeshMerging: No automatic mesh merging module available
[2018.09.25-18.08.15:998][  0]LogNetVersion: Roadhouse , NetCL: 3944462, EngineNetVer: 2, GameNetVer: 0 (Checksum: 487093703)
[2018.09.25-18.08.17:646][  0]LogPackageLocalizationCache: Processed 9 localized package path(s) for 1 prioritized culture(s) in 0.118548 seconds
[2018.09.25-18.08.17:657][  0]LogUObjectArray: 36728 objects as part of root set at end of initial load.
[2018.09.25-18.08.17:657][  0]LogUObjectAllocator: 7314304 out of 0 bytes used by permanent object pool.
[2018.09.25-18.08.17:657][  0]LogUObjectArray: CloseDisregardForGC: 0/0 objects in disregard for GC pool
[2018.09.25-18.08.23:958][  0]LogTcpMessaging: Initializing TcpMessaging bridge
[2018.09.25-18.08.24:028][  0]LogUdpMessaging: Initializing bridge on interface 0.0.0.0:0 to multicast group 230.0.0.1:6666.
[2018.09.25-18.08.25:077][  0]SourceControl: Source control is disabled
[2018.09.25-18.08.27:501][  0]LogAndroidPermission: UAndroidPermissionCallbackProxy::GetInstance
[2018.09.25-18.08.27:920][  0]LogOcInput: OculusInput pre-init called
[2018.09.25-18.08.28:231][  0]LogEngine: Initializing Engine...
[2018.09.25-18.08.28:238][  0]LogHMD: Failed to initialize OpenVR with code 110
[2018.09.25-18.08.28:242][  0]LogStats: UGameplayTagsManager::ConstructGameplayTagTree: Construct from data asset -  0.000 s
[2018.09.25-18.08.28:243][  0]LogStats: UGameplayTagsManager::ConstructGameplayTagTree: GameplayTagTreeChangedEvent.Broadcast -  0.000 s
[2018.09.25-18.08.28:809][  0]LogAIModule: Creating AISystem for world Untitled
[2018.09.25-18.08.28:838][  0]LogInit: XAudio2 using 'Lautsprecher (Realtek High Definition Audio)' : 2 channels at 48 kHz using 32 bits per sample (channel mask 0x3)
[2018.09.25-18.08.28:891][  0]LogInit: FAudioDevice initialized.
[2018.09.25-18.08.29:001][  0]LogDerivedDataCache: Saved boot cache 0.11s 74MB C:/Users/usagi/AppData/Local/UnrealEngine/4.19/DerivedDataCache/Boot.ddc.
[2018.09.25-18.08.29:014][  0]LogInit: Texture streaming: Enabled
[2018.09.25-18.08.29:063][  0]LogEngineSessionManager: EngineSessionManager initialized
[2018.09.25-18.08.29:100][  0]LogInit: Transaction tracking system initialized
[2018.09.25-18.08.29:206][  0]BlueprintLog: New page: Editor Load
[2018.09.25-18.08.29:553][  0]LocalizationService: Localization service is disabled
[2018.09.25-18.08.29:884][  0]LogConsoleResponse: Display: 
[2018.09.25-18.08.30:247][  0]LogCook: Display: Max memory allowance for cook 16384mb min free memory 0mb
[2018.09.25-18.08.30:247][  0]LogCook: Display: Mobile HDR setting 1
[2018.09.25-18.08.30:247][  0]LogGameplayTags: Display: UGameplayTagsManager::DoneAddingNativeTags. DelegateIsBound: 0
[2018.09.25-18.08.30:247][  0]LogStats: UGameplayTagsManager::ConstructGameplayTagTree: Construct from data asset -  0.000 s
[2018.09.25-18.08.30:247][  0]LogStats: UGameplayTagsManager::ConstructGameplayTagTree: GameplayTagTreeChangedEvent.Broadcast -  0.000 s
[2018.09.25-18.08.30:398][  0]LogFileCache: Scanning file cache for directory 'C:/Users/usagi/Documents/Unreal Projects/Roadhouse/Content/' took 0.02s
[2018.09.25-18.08.31:251][  0]Cmd: MAP LOAD FILE="../../../../../../Users/usagi/Documents/Unreal Projects/Roadhouse/Content/FirstPersonBP/Maps/FirstPersonExampleMap.umap" TEMPLATE=0 SHOWPROGRESS=1 FEATURELEVEL=3
[2018.09.25-18.08.31:253][  0]LightingResults: New page: Lighting Build
[2018.09.25-18.08.31:264][  0]MapCheck: New page: Map Check
[2018.09.25-18.08.31:264][  0]LightingResults: New page: Lighting Build
[2018.09.25-18.08.31:399][  0]LogUObjectGlobals: Created PersistentFrame Addr=0x0000029f8c8c35b0, Size=72, Default__FirstPerson_AnimBP_C Function /Game/FirstPerson/Animations/FirstPerson_AnimBP.FirstPerson_AnimBP_C:ExecuteUbergraph_FirstPerson_AnimBP
[2018.09.25-18.08.31:420][  0]LogUObjectGlobals: Destroyed PersistentFrame Addr=0x0000029f8c8c35b0, Size=72
[2018.09.25-18.08.31:420][  0]LogUObjectGlobals: Created PersistentFrame Addr=0x0000029f8c85b790, Size=72, Default__FirstPerson_AnimBP_C Function /Engine/Transient.REINST_FirstPerson_AnimBP_C_0:ExecuteUbergraph_FirstPerson_AnimBP
[2018.09.25-18.08.31:444][  0]LogUObjectGlobals: Created PersistentFrame Addr=0x0000029f8c824e00, Size=72, Default__FirstPerson_AnimBP_C Function /Game/FirstPerson/Animations/FirstPerson_AnimBP.FirstPerson_AnimBP_C:ExecuteUbergraph_FirstPerson_AnimBP
[2018.09.25-18.08.31:471][  0]LogUObjectGlobals: Created PersistentFrame Addr=0x0000029f8c7f4f00, Size=256, Default__FirstPersonProjectile_C Function /Game/FirstPersonBP/Blueprints/FirstPersonProjectile.FirstPersonProjectile_C:ExecuteUbergraph_FirstPersonProjectile
[2018.09.25-18.08.31:478][  0]LogUObjectGlobals: Destroyed PersistentFrame Addr=0x0000029f8c7f4f00, Size=256
[2018.09.25-18.08.31:478][  0]LogUObjectGlobals: Created PersistentFrame Addr=0x0000029f8c7f4f00, Size=256, Default__FirstPersonProjectile_C Function /Engine/Transient.REINST_FirstPersonProjectile_C_4:ExecuteUbergraph_FirstPersonProjectile
[2018.09.25-18.08.31:483][  0]LogUObjectGlobals: Created PersistentFrame Addr=0x0000029f8c7f4c00, Size=256, Default__FirstPersonProjectile_C Function /Game/FirstPersonBP/Blueprints/FirstPersonProjectile.FirstPersonProjectile_C:ExecuteUbergraph_FirstPersonProjectile
[2018.09.25-18.08.31:716][  0]LogUObjectGlobals: Created PersistentFrame Addr=0x0000029f9466d300, Size=688, Default__FirstPersonCharacter_C Function /Game/FirstPersonBP/Blueprints/FirstPersonCharacter.FirstPersonCharacter_C:ExecuteUbergraph_FirstPersonCharacter
[2018.09.25-18.08.31:735][  0]LogUObjectGlobals: Destroyed PersistentFrame Addr=0x0000029f9466d300, Size=688
[2018.09.25-18.08.31:735][  0]LogUObjectGlobals: Created PersistentFrame Addr=0x0000029f9527e800, Size=688, Default__FirstPersonCharacter_C Function /Engine/Transient.REINST_FirstPersonCharacter_C_6:ExecuteUbergraph_FirstPersonCharacter
[2018.09.25-18.08.31:750][  0]LogUObjectGlobals: Created PersistentFrame Addr=0x0000029f9527cd00, Size=688, Default__FirstPersonCharacter_C Function /Game/FirstPersonBP/Blueprints/FirstPersonCharacter.FirstPersonCharacter_C:ExecuteUbergraph_FirstPersonCharacter
[2018.09.25-18.08.31:913][  0]LogUObjectGlobals: Created PersistentFrame Addr=0x0000029f94ce3f90, Size=52, Default__FirstPersonHUD_C Function /Game/FirstPersonBP/Blueprints/FirstPersonHUD.FirstPersonHUD_C:ExecuteUbergraph_FirstPersonHUD
[2018.09.25-18.08.31:920][  0]LogUObjectGlobals: Destroyed PersistentFrame Addr=0x0000029f94ce3f90, Size=52
[2018.09.25-18.08.31:920][  0]LogUObjectGlobals: Created PersistentFrame Addr=0x0000029f94ce3f90, Size=52, Default__FirstPersonHUD_C Function /Engine/Transient.REINST_FirstPersonHUD_C_10:ExecuteUbergraph_FirstPersonHUD
[2018.09.25-18.08.31:924][  0]LogUObjectGlobals: Created PersistentFrame Addr=0x0000029f94ce38c8, Size=52, Default__FirstPersonHUD_C Function /Game/FirstPersonBP/Blueprints/FirstPersonHUD.FirstPersonHUD_C:ExecuteUbergraph_FirstPersonHUD
[2018.09.25-18.08.33:545][  0]LogSkeletalMesh: Skeletal Mesh found in DDC [39.785797ms] /Game/FirstPerson/Character/Mesh/SK_Mannequin_Arms.SK_Mannequin_Arms
[2018.09.25-18.08.34:062][  0]LogSkeletalMesh: Skeletal Mesh found in DDC [6.885971ms] /Game/FirstPerson/FPWeapon/Mesh/SK_FPGun.SK_FPGun
[2018.09.25-18.08.34:517][  0]LogAIModule: Creating AISystem for world FirstPersonExampleMap
[2018.09.25-18.08.34:574][  0]LogEditorServer: Finished looking for orphan Actors (0.000 secs)
[2018.09.25-18.08.34:620][  0]LogUObjectGlobals: Destroyed PersistentFrame Addr=0x0000029f8c85b790, Size=72
[2018.09.25-18.08.34:620][  0]LogUObjectGlobals: Destroyed PersistentFrame Addr=0x0000029f8c7f4f00, Size=256
[2018.09.25-18.08.34:620][  0]LogUObjectGlobals: Destroyed PersistentFrame Addr=0x0000029f9527e800, Size=688
[2018.09.25-18.08.34:621][  0]LogUObjectGlobals: Destroyed PersistentFrame Addr=0x0000029f94ce3f90, Size=52
[2018.09.25-18.08.34:624][  0]Cmd: MAP CHECKDEP NOCLEARLOG
[2018.09.25-18.08.34:875][  0]MapCheck: Map check complete: 0 Error(s), 0 Warning(s), took 250,2ms to complete.
[2018.09.25-18.08.34:875][  0]LogFileHelpers: Loading map 'FirstPersonExampleMap' took 3.626
[2018.09.25-18.08.35:161][  0]LogCollectionManager: Loaded 0 collections in 0.003537 seconds
[2018.09.25-18.08.35:250][  0]LogFileCache: Scanning file cache for directory 'C:/Users/usagi/Documents/Unreal Projects/Roadhouse/Saved/Collections/' took 0.01s
[2018.09.25-18.08.35:251][  0]LogFileCache: Scanning file cache for directory 'C:/Users/usagi/Documents/Unreal Projects/Roadhouse/Content/Developers/usagi/Collections/' took 0.01s
[2018.09.25-18.08.35:251][  0]LogFileCache: Scanning file cache for directory 'C:/Users/usagi/Documents/Unreal Projects/Roadhouse/Content/Collections/' took 0.01s
[2018.09.25-18.08.35:251][  0]LogCollectionManager: Rebuilt the GUID cache for 0 collections in 0.000002 seconds
[2018.09.25-18.08.35:270][  0]LogContentBrowser: Native class hierarchy populated in 0.0170 seconds. Added 2452 classes and 558 folders.
[2018.09.25-18.08.35:291][  0]LogContentBrowser: Native class hierarchy updated for 'WidgetCarousel' in 0.0004 seconds. Added 0 classes and 0 folders.
[2018.09.25-18.08.35:575][  0]LogContentBrowser: Native class hierarchy updated for 'AddContentDialog' in 0.0004 seconds. Added 0 classes and 0 folders.
[2018.09.25-18.08.35:593][  0]LogContentBrowser: Native class hierarchy updated for 'SceneOutliner' in 0.0004 seconds. Added 1 classes and 2 folders.
[2018.09.25-18.08.35:715][  0]LogSlate: Took 0.031943 seconds to synchronously load lazily loaded font '../../../Engine/Content/Slate/Fonts/Roboto-Regular.ttf' (155K)
[2018.09.25-18.08.35:724][  0]LogSlate: Took 0.005876 seconds to synchronously load lazily loaded font '../../../Engine/Content/Slate/Fonts/Roboto-Bold.ttf' (160K)
[2018.09.25-18.08.35:736][  0]LogSlate: Took 0.002437 seconds to synchronously load lazily loaded font '../../../Engine/Content/Editor/Slate/Fonts/FontAwesome.ttf' (139K)
[2018.09.25-18.08.35:950][  0]LogRenderer: Reallocating scene render targets to support 1204x648 Format 10 NumSamples 1 (Frame:1).
[2018.09.25-18.08.36:214][  0]LogContentBrowser: Native class hierarchy updated for 'HierarchicalLODOutliner' in 0.0004 seconds. Added 0 classes and 0 folders.
[2018.09.25-18.08.36:214][  0]LogLoad: (Engine Initialization) Total time: 39.38 seconds
[2018.09.25-18.08.36:214][  0]LogLoad: (Engine Initialization) Total Blueprint compile time: 0.00 seconds
[2018.09.25-18.08.36:653][  0]LogContentStreaming: Texture pool size now 1000 MB
[2018.09.25-18.08.36:957][  0]LogSlate: Took 0.002420 seconds to synchronously load lazily loaded font '../../../Engine/Content/Slate/Fonts/Roboto-Light.ttf' (167K)
[2018.09.25-18.08.37:933][  3]LogAssetRegistry: Asset discovery search completed in 23.7080 seconds
[2018.09.25-18.08.37:937][  3]LogCollectionManager: Rebuilt the object cache for 0 collections in 0.000001 seconds (found 0 objects)
[2018.09.25-18.08.37:937][  3]LogCollectionManager: Fixed up redirectors for 0 collections in 0.000099 seconds (updated 0 objects)
[2018.09.25-18.08.42:269][ 16]LogEditorViewport: Clicking on Actor (LMB): StaticMeshActor (Cube16)
[2018.09.25-18.08.46:403][236]LogEditorViewport: Clicking on Actor (LMB): StaticMeshActor (Ground_Bar2)
[2018.09.25-18.08.47:886][323]Cmd: CAMERA ALIGN ACTIVEVIEWPORTONLY
[2018.09.25-18.08.52:576][623]Cmd: CAMERA ALIGN ACTIVEVIEWPORTONLY
[2018.09.25-18.09.00:245][130]LogEditorViewport: Clicking on Actor (LMB): BP_Sky_Sphere_C (SkySphereBlueprint)
[2018.09.25-18.10.34:059][299]LogSlate: FSceneViewport::OnFocusLost() reason 0
[2018.09.25-18.10.38:077][570]MapCheck: New page: Map Check
[2018.09.25-18.10.38:102][570]Cmd: MAP REBUILD ALLVISIBLE
[2018.09.25-18.10.38:102][570]LogEditorServer: Rebuildmap Clear paths rebuilt
[2018.09.25-18.10.38:216][570]LogMaterial: Missing cached shader map for material FDebugViewModeMaterialProxy WorldGridMaterial, compiling. Is special engine material.
[2018.09.25-18.10.38:229][570]LogShaderCompilers: Display: Shaders left to compile 1
[2018.09.25-18.10.38:229][570]LogMaterial: Missing cached shader map for material FDebugViewModeMaterialProxy AntiAliasedTextMaterialTranslucent, compiling. 
[2018.09.25-18.10.38:236][570]LogMaterial: Missing cached shader map for material FDebugViewModeMaterialProxy MaterialInstanceDynamic_1, compiling. 
[2018.09.25-18.10.38:245][570]LogMaterial: Missing cached shader map for material FDebugViewModeMaterialProxy CubeMaterialOverride, compiling. 
[2018.09.25-18.10.38:253][570]LogMaterial: Missing cached shader map for material FDebugViewModeMaterialProxy CubeMaterial, compiling. 
[2018.09.25-18.10.38:260][570]LogMaterial: Missing cached shader map for material FDebugViewModeMaterialProxy Dartboard_T, compiling. 
[2018.09.25-18.10.38:268][570]LogMaterial: Missing cached shader map for material FDebugViewModeMaterialProxy Botle_oval_Mat, compiling. 
[2018.09.25-18.10.38:275][570]LogMaterial: Missing cached shader map for material FDebugViewModeMaterialProxy Botle_round_Mat, compiling. 
[2018.09.25-18.10.38:284][570]LogMaterial: Missing cached shader map for material FDebugViewModeMaterialProxy Botle_square_Mat, compiling. 
[2018.09.25-18.10.38:294][570]LogShaderCompilers: Display: Shaders left to compile 7
[2018.09.25-18.10.38:294][570]LogShaderCompilers: Display: Shaders left to compile 6
[2018.09.25-18.10.38:294][570]LogMaterial: Missing cached shader map for material FDebugViewModeMaterialProxy Cash_register_Mat, compiling. 
[2018.09.25-18.10.38:304][570]LogMaterial: Missing cached shader map for material FDebugViewModeMaterialProxy Clock_Mat, compiling. 
[2018.09.25-18.10.38:314][570]LogMaterial: Missing cached shader map for material FDebugViewModeMaterialProxy Jukebox_Mat, compiling. 
[2018.09.25-18.10.38:323][570]LogMaterial: Missing cached shader map for material FDebugViewModeMaterialProxy Notice_board_T, compiling. 
[2018.09.25-18.10.38:333][570]LogMaterial: Missing cached shader map for material FDebugViewModeMaterialProxy Oven_T, compiling. 
[2018.09.25-18.10.38:343][570]LogMaterial: Missing cached shader map for material FDebugViewModeMaterialProxy Peg_system_T, compiling. 
[2018.09.25-18.10.38:353][570]LogMaterial: Missing cached shader map for material FDebugViewModeMaterialProxy Wood_T, compiling. 
[2018.09.25-18.10.38:362][570]LogMaterial: Missing cached shader map for material FDebugViewModeMaterialProxy Shelf_T, compiling. 
[2018.09.25-18.10.38:372][570]LogMaterial: Missing cached shader map for material FDebugViewModeMaterialProxy Bad_wc, compiling. 
[2018.09.25-18.10.38:382][570]LogMaterial: Missing cached shader map for material FDebugViewModeMaterialProxy Table_kitchen2_Mat, compiling. 
[2018.09.25-18.10.38:392][570]LogMaterial: Missing cached shader map for material FDebugViewModeMaterialProxy Shelf_Kitchen_T, compiling. 
[2018.09.25-18.10.38:402][570]LogMaterial: Missing cached shader map for material FDebugViewModeMaterialProxy Fridge_T, compiling. 
[2018.09.25-18.10.38:411][570]LogMaterial: Missing cached shader map for material FDebugViewModeMaterialProxy Freezer_T, compiling. 
[2018.09.25-18.10.38:421][570]LogMaterial: Missing cached shader map for material FDebugViewModeMaterialProxy Ofen_inst, compiling. 
[2018.09.25-18.10.38:431][570]LogMaterial: Missing cached shader map for material FDebugViewModeMaterialProxy Table_Mat1, compiling. 
[2018.09.25-18.10.38:441][570]LogMaterial: Missing cached shader map for material FDebugViewModeMaterialProxy Bar_Mat, compiling. 
[2018.09.25-18.10.38:450][570]LogMaterial: Missing cached shader map for material FDebugViewModeMaterialProxy Panorama_mat_Inst, compiling. 
[2018.09.25-18.10.38:459][570]LogMaterial: Missing cached shader map for material FDebugViewModeMaterialProxy Chair_Mat, compiling. 
[2018.09.25-18.10.38:469][570]LogMaterial: Missing cached shader map for material FDebugViewModeMaterialProxy group1_Bar_Mat, compiling. 
[2018.09.25-18.10.38:478][570]LogMaterial: Missing cached shader map for material FDebugViewModeMaterialProxy group2_Bar_Mat, compiling. 
[2018.09.25-18.10.38:485][570]LogMaterial: Missing cached shader map for material FDebugViewModeMaterialProxy group4_Toiletbrik_Mat, compiling. 
[2018.09.25-18.10.38:491][570]LogMaterial: Missing cached shader map for material FDebugViewModeMaterialProxy group3_Toiletbrik_Mat, compiling. 
[2018.09.25-18.10.38:500][570]LogMaterial: Missing cached shader map for material FDebugViewModeMaterialProxy group2_Office_Mat, compiling. 
[2018.09.25-18.10.38:506][570]LogMaterial: Missing cached shader map for material FDebugViewModeMaterialProxy group1_Office_Mat, compiling. 
[2018.09.25-18.10.38:513][570]LogMaterial: Missing cached shader map for material FDebugViewModeMaterialProxy group3_Kitchenbricks_Mat, compiling. 
[2018.09.25-18.10.38:520][570]LogMaterial: Missing cached shader map for material FDebugViewModeMaterialProxy group4_Plaster_Mat, compiling. 
[2018.09.25-18.10.38:529][570]LogMaterial: Missing cached shader map for material FDebugViewModeMaterialProxy group4_Kitchenbricks_Mat, compiling. 
[2018.09.25-18.10.38:540][570]LogMaterial: Missing cached shader map for material FDebugViewModeMaterialProxy group3_Plaster_Mat, compiling. 
[2018.09.25-18.10.38:549][570]LogMaterial: Missing cached shader map for material FDebugViewModeMaterialProxy MatineeCam_mat, compiling. 
[2018.09.25-18.10.38:559][570]LogMaterial: Missing cached shader map for material FDebugViewModeMaterialProxy M_FPGun, compiling. 
[2018.09.25-18.10.38:575][570]LogMaterial: Missing cached shader map for material FDebugViewModeMaterialProxy M_UE4Man_Body, compiling. 
[2018.09.25-18.10.45:371][570]LogShaderCompilers: Display: Shaders left to compile 37
[2018.09.25-18.10.45:371][570]LogShaderCompilers: Display: Shaders left to compile 36
[2018.09.25-18.10.45:371][570]LogShaderCompilers: Display: Shaders left to compile 35
[2018.09.25-18.10.45:371][570]LogShaderCompilers: Display: Shaders left to compile 34
[2018.09.25-18.10.45:371][570]LogShaderCompilers: Display: Shaders left to compile 33
[2018.09.25-18.10.45:371][570]LogShaderCompilers: Display: Shaders left to compile 32
[2018.09.25-18.10.45:371][570]LogShaderCompilers: Display: Shaders left to compile 31
[2018.09.25-18.10.45:371][570]LogShaderCompilers: Display: Shaders left to compile 30
[2018.09.25-18.10.45:371][570]LogShaderCompilers: Display: Shaders left to compile 29
[2018.09.25-18.10.45:371][570]LogShaderCompilers: Display: Shaders left to compile 28
[2018.09.25-18.10.45:371][570]LogShaderCompilers: Display: Shaders left to compile 27
[2018.09.25-18.10.45:371][570]LogShaderCompilers: Display: Shaders left to compile 26
[2018.09.25-18.10.45:371][570]LogShaderCompilers: Display: Shaders left to compile 25
[2018.09.25-18.10.45:371][570]LogShaderCompilers: Display: Shaders left to compile 24
[2018.09.25-18.10.45:371][570]LogShaderCompilers: Display: Shaders left to compile 23
[2018.09.25-18.10.45:371][570]LogShaderCompilers: Display: Shaders left to compile 22
[2018.09.25-18.10.45:371][570]LogShaderCompilers: Display: Shaders left to compile 21
[2018.09.25-18.10.45:371][570]LogShaderCompilers: Display: Shaders left to compile 20
[2018.09.25-18.10.45:371][570]LogShaderCompilers: Display: Shaders left to compile 19
[2018.09.25-18.10.45:371][570]LogShaderCompilers: Display: Shaders left to compile 18
[2018.09.25-18.10.45:371][570]LogShaderCompilers: Display: Shaders left to compile 17
[2018.09.25-18.10.45:371][570]LogShaderCompilers: Display: Shaders left to compile 16
[2018.09.25-18.10.45:371][570]LogShaderCompilers: Display: Shaders left to compile 15
[2018.09.25-18.10.45:371][570]LogShaderCompilers: Display: Shaders left to compile 14
[2018.09.25-18.10.45:371][570]LogShaderCompilers: Display: Shaders left to compile 13
[2018.09.25-18.10.45:371][570]LogShaderCompilers: Display: Shaders left to compile 12
[2018.09.25-18.10.45:371][570]LogShaderCompilers: Display: Shaders left to compile 11
[2018.09.25-18.10.45:371][570]LogShaderCompilers: Display: Shaders left to compile 10
[2018.09.25-18.10.45:371][570]LogShaderCompilers: Display: Shaders left to compile 9
[2018.09.25-18.10.45:371][570]LogShaderCompilers: Display: Shaders left to compile 8
[2018.09.25-18.10.45:371][570]LogShaderCompilers: Display: Shaders left to compile 7
[2018.09.25-18.10.45:371][570]LogShaderCompilers: Display: Shaders left to compile 6
[2018.09.25-18.10.45:371][570]LogShaderCompilers: Display: Shaders left to compile 5
[2018.09.25-18.10.45:372][570]LogShaderCompilers: Display: Shaders left to compile 4
[2018.09.25-18.10.45:372][570]LogShaderCompilers: Display: Shaders left to compile 3
[2018.09.25-18.10.45:372][570]LogShaderCompilers: Display: Shaders left to compile 2
[2018.09.25-18.10.45:372][570]LogShaderCompilers: Display: Shaders left to compile 1
[2018.09.25-18.10.45:372][570]TextureStreamingBuild: Display: Compiling optional shaders took 7.162 seconds.
[2018.09.25-18.10.45:437][570]LogLevel: Display: Export Material TexCoord Scales took 0.067 seconds.
[2018.09.25-18.10.45:494][570]TextureStreamingBuild: Display: Build Texture Streaming took 0.056 seconds.
[2018.09.25-18.10.45:525][570]LightingResults: New page: Lighting Build - 25.09.2018 22:10:45
[2018.09.25-18.10.45:621][570]LogSwarmInterface: [OpenConnection] Registering TCP channel ...
[2018.09.25-18.10.45:802][570]LogSwarmInterface: [OpenConnection] Connecting to agent ...
[2018.09.25-18.10.45:896][570]LogSwarmInterface: [TryOpenConnection] Testing the Agent
[2018.09.25-18.10.46:424][570]LogSwarmInterface: [TryOpenConnection] Opening Connection to Agent
[2018.09.25-18.10.46:424][570]LogSwarmInterface: [TryOpenConnection] Local Process ID is 16696
[2018.09.25-18.10.49:221][570]LogStaticLightingSystem: Running Lightmass w/ ImmediateImport mode ENABLED
[2018.09.25-18.10.49:221][570]LogStaticLightingSystem: Running Lightmass w/ ImmediateProcess mode ENABLED
[2018.09.25-18.10.49:221][570]LogStaticLightingSystem: Running Lightmass w/ Sorting mode ENABLED
[2018.09.25-18.10.49:221][570]LogStaticLightingSystem: Running Lightmass w/ Mapping paddings ENABLED
[2018.09.25-18.10.49:221][570]LogStaticLightingSystem: Running Lightmass w/ Mapping debug paddings DISABLED
[2018.09.25-18.10.49:606][570]Cmd: MAP CHECK DONTDISPLAYDIALOG
[2018.09.25-18.10.49:606][570]MapCheck: New page: FirstPersonExampleMap - 25.09.2018 22:10:49
[2018.09.25-18.10.49:607][570]MapCheck: Error: WorldInfo_0 Maps need lighting rebuilt 
[2018.09.25-18.10.49:810][570]MapCheck: Map check complete: 1 Error(s), 0 Warning(s), took 203,377ms to complete.
[2018.09.25-18.10.49:834][570]LogEditorBuildUtils: Build time 0:11
[2018.09.25-18.10.50:103][572]LogMaterial: Missing cached shader map for material FLightmassMaterialRenderer group4_Toiletbrik_Mat, compiling. 
[2018.09.25-18.10.50:117][572]LogShaderCompilers: Display: Shaders left to compile 2
[2018.09.25-18.10.50:117][572]LogMaterial: Missing cached shader map for material FLightmassMaterialRenderer group4_Toiletbrik_Mat, compiling. 
[2018.09.25-18.10.50:136][573]LogShaderCompilers: Display: Shaders left to compile 2
[2018.09.25-18.10.50:161][573]LogMaterial: Missing cached shader map for material FLightmassMaterialRenderer group3_Toiletbrik_Mat, compiling. 
[2018.09.25-18.10.50:174][573]LogShaderCompilers: Display: Shaders left to compile 2
[2018.09.25-18.10.50:174][573]LogMaterial: Missing cached shader map for material FLightmassMaterialRenderer group3_Toiletbrik_Mat, compiling. 
[2018.09.25-18.10.50:289][574]LogMaterial: Missing cached shader map for material FLightmassMaterialRenderer group3_Kitchenbricks_Mat, compiling. 
[2018.09.25-18.10.50:342][574]LogMaterial: Missing cached shader map for material FLightmassMaterialRenderer group3_Kitchenbricks_Mat, compiling. 
[2018.09.25-18.10.50:458][576]LogMaterial: Missing cached shader map for material FLightmassMaterialRenderer group4_Kitchenbricks_Mat, compiling. 
[2018.09.25-18.10.50:488][576]LogMaterial: Missing cached shader map for material FLightmassMaterialRenderer group4_Kitchenbricks_Mat, compiling. 
[2018.09.25-18.10.53:318][578]LogShaderCompilers: Display: Shaders left to compile 10
[2018.09.25-18.13.51:550][105]LightingResults: Warning: piano Object has overlapping UVs.
[2018.09.25-18.13.51:550][105]LightingResults: piano Lightmap UV are overlapping by 3.9%. Please adjust content - Enable Error Coloring to visualize.
[2018.09.25-18.13.52:892][109]LightingResults: Warning: tv Object has overlapping UVs.
[2018.09.25-18.13.52:892][109]LightingResults: tv Lightmap UV are overlapping by 21.9%. Please adjust content - Enable Error Coloring to visualize.
[2018.09.25-18.13.57:295][122]LightingResults: Warning: Sink Object has overlapping UVs.
[2018.09.25-18.13.57:295][122]LightingResults: Sink Lightmap UV are overlapping by 33.4%. Please adjust content - Enable Error Coloring to visualize.
[2018.09.25-18.14.37:745][240]Job is a success!
[2018.09.25-18.14.38:091][241]LogSlate: Took 0.000338 seconds to synchronously load lazily loaded font '../../../Engine/Content/Slate/Fonts/Roboto-Light.ttf' (167K)
[2018.09.25-18.14.38:246][241]LogVolumetricLightmapImport: Imported Volumetric Lightmap in 0.029s
[2018.09.25-18.14.38:246][241]LogVolumetricLightmapImport:      Indirection Texture 16x16x16 = 0.0Mb
[2018.09.25-18.14.38:246][241]LogVolumetricLightmapImport:      BrickData 340x5x5 = 0.3Mb
[2018.09.25-18.14.38:246][241]LogVolumetricLightmapImport:      Bricks at Level
[2018.09.25-18.14.38:246][241]LogVolumetricLightmapImport:          0: 1.5% covering 100.0% of volume
[2018.09.25-18.14.38:246][241]LogVolumetricLightmapImport:          1: 5.9% covering 6.3% of volume
[2018.09.25-18.14.38:246][241]LogVolumetricLightmapImport:          2: 92.6% covering 1.5% of volume
[2018.09.25-18.14.55:467][241]LogTexture: Display: Building textures: SkyOcclusion0_1 (AutoDXT, 2048X1024)
[2018.09.25-18.14.55:471][241]LogTexture: Display: Building textures: HQ_Lightmap0_1 (AutoDXT, 2048X2048)
[2018.09.25-18.14.55:471][241]LogTexture: Display: Building textures: LQ_Lightmap_0_1 (DXT1, 2048X2048)
[2018.09.25-18.14.55:471][241]LogTexture: Display: Building textures: SkyOcclusion0_2 (AutoDXT, 2048X1024)
[2018.09.25-18.14.55:471][241]LogTexture: Display: Building textures: HQ_Lightmap0_2 (AutoDXT, 2048X2048)
[2018.09.25-18.14.55:471][241]LogTexture: Display: Building textures: LQ_Lightmap_0_2 (DXT1, 2048X2048)
[2018.09.25-18.14.55:471][241]LogTexture: Display: Building textures: SkyOcclusion0_3 (AutoDXT, 2048X1024)
[2018.09.25-18.14.55:471][241]LogTexture: Display: Building textures: HQ_Lightmap0_3 (AutoDXT, 2048X2048)
[2018.09.25-18.14.55:471][241]LogTexture: Display: Building textures: LQ_Lightmap_0_3 (DXT1, 2048X2048)
[2018.09.25-18.14.55:471][241]LogTexture: Display: Building textures: SkyOcclusion0_4 (AutoDXT, 2048X1024)
[2018.09.25-18.14.55:471][241]LogTexture: Display: Building textures: HQ_Lightmap0_4 (AutoDXT, 2048X2048)
[2018.09.25-18.14.55:471][241]LogTexture: Display: Building textures: LQ_Lightmap_0_4 (DXT1, 2048X2048)
[2018.09.25-18.14.55:471][241]LogTexture: Display: Building textures: SkyOcclusion0_5 (AutoDXT, 1024X512)
[2018.09.25-18.14.55:471][241]LogTexture: Display: Building textures: HQ_Lightmap0_5 (AutoDXT, 1024X1024)
[2018.09.25-18.14.55:471][241]LogTexture: Display: Building textures: LQ_Lightmap_0_5 (DXT1, 1024X1024)
[2018.09.25-18.14.55:471][241]LogTexture: Display: Building textures: SkyOcclusion1_6 (AutoDXT, 1024X512)
[2018.09.25-18.14.55:471][241]LogTexture: Display: Building textures: HQ_Lightmap1_6 (AutoDXT, 1024X1024)
[2018.09.25-18.14.55:471][241]LogTexture: Display: Building textures: LQ_Lightmap_1_6 (DXT1, 1024X1024)
[2018.09.25-18.14.55:471][241]LogTexture: Display: Building textures: SkyOcclusion1_7 (AutoDXT, 64X32)
[2018.09.25-18.14.55:471][241]LogTexture: Display: Building textures: HQ_Lightmap1_7 (AutoDXT, 64X64)
[2018.09.25-18.14.55:471][241]LogTexture: Display: Building textures: LQ_Lightmap_1_7 (DXT1, 64X64)
[2018.09.25-18.14.56:075][241]LogTexture: Display: Building textures: ShadowMapTexture2D_11 (G8, 1024X1024)
[2018.09.25-18.14.56:075][241]LogTexture: Display: Building textures: ShadowMapTexture2D_10 (G8, 1024X1024)
[2018.09.25-18.14.56:276][241]LogTexture: Display: Building textures: ShadowMapTexture2D_12 (G8, 1024X1024)
[2018.09.25-18.14.56:475][241]LogTexture: Display: Building textures: ShadowMapTexture2D_13 (G8, 1024X1024)
[2018.09.25-18.14.56:676][241]LogTexture: Display: Building textures: ShadowMapTexture2D_14 (G8, 1024X1024)
[2018.09.25-18.14.56:676][241]LogTexture: Display: Building textures: ShadowMapTexture2D_15 (G8, 1024X1024)
[2018.09.25-18.14.57:075][241]LogTexture: Display: Building textures: ShadowMapTexture2D_16 (G8, 1024X1024)
[2018.09.25-18.14.57:075][241]LogTexture: Display: Building textures: ShadowMapTexture2D_17 (G8, 1024X1024)
[2018.09.25-18.14.57:075][241]LogTexture: Display: Building textures: ShadowMapTexture2D_19 (G8, 32X32)
[2018.09.25-18.14.57:208][241]LogTexture: Display: Building textures: ShadowMapTexture2D_18 (BGRA8, 1024X512)
[2018.09.25-18.14.57:302][241]Lightmass on DESKTOP-5J6HU0I: 4:02 min total, 434 ms importing, 82 ms setup, 17.3 sec photons, 3:44 min processing, 0 ms extra exporting [197/197 mappings]. Threads: 14:57 min total, 10:05 min processing.
[2018.09.25-18.14.57:339][241]LogStaticLightingSystem: Illumination: 4:11 min (16.4 sec encoding lightmaps, 1.73 sec encoding shadowmaps)
[2018.09.25-18.14.57:339][241]LogStaticLightingSystem: Lightmap texture memory:  48.0 MB (48.0 MB streaming, 0.0 MB non-streaming), 14 textures
[2018.09.25-18.14.57:339][241]LogStaticLightingSystem: Shadowmap texture memory: 13.3 MB (13.3 MB streaming, 0.0 MB non-streaming), 10 textures
[2018.09.25-18.14.57:585][241]DumpUnbuiltLightIteractions
[2018.09.25-18.14.57:585][241]Lights with unbuilt interactions: 0
[2018.09.25-18.14.57:585][241]
[2018.09.25-18.14.57:585][241]Primitives with unbuilt interactions: 0
[2018.09.25-18.14.57:845][242]Cmd: MAP CHECK NOTIFYRESULTS
[2018.09.25-18.14.57:846][242]MapCheck: New page: FirstPersonExampleMap - 25.09.2018 22:14:57
[2018.09.25-18.14.58:080][242]MapCheck: Map check complete: 0 Error(s), 0 Warning(s), took 234,489ms to complete.
[2018.09.25-18.18.56:816][956]LogSavePackage: Save=433.26ms
[2018.09.25-18.18.56:816][956]LogSavePackage: Moving '../../../../../../Users/usagi/Documents/Unreal Projects/Roadhouse/Saved/FirstPersonExampleMap_Auto16955CAC745554AEFAB18E385A4895BC7.tmp' to '../../../../../../Users/usagi/Documents/Unreal Projects/Roadhouse/Saved/Autosaves/Game/FirstPersonBP/Maps/FirstPersonExampleMap_Auto1.umap'
[2018.09.25-18.18.56:820][956]LogSavePackage: Display: Finished SavePackage ../../../../../../Users/usagi/Documents/Unreal Projects/Roadhouse/Saved/Autosaves/Game/FirstPersonBP/Maps/FirstPersonExampleMap_Auto1.umap
[2018.09.25-18.18.56:824][956]LogFileHelpers: Editor autosave (incl. sublevels) for '/Game/FirstPersonBP/Maps/FirstPersonExampleMap' took 0.492
[2018.09.25-18.18.56:825][956]LogFileHelpers: Editor autosave (incl. sublevels) for all levels took 0.492
[2018.09.25-18.18.56:832][956]OBJ SavePackage: Generating thumbnails for [0] asset(s) in package [/Game/FirstPersonBP/Maps/FirstPersonExampleMap_BuiltData] ([1] browsable assets)...
[2018.09.25-18.18.56:832][956]OBJ SavePackage: Finished generating thumbnails for package [/Game/FirstPersonBP/Maps/FirstPersonExampleMap_BuiltData]
[2018.09.25-18.18.57:835][956]LogSavePackage: Save=722.95ms
[2018.09.25-18.18.57:836][956]LogSavePackage: Moving '../../../../../../Users/usagi/Documents/Unreal Projects/Roadhouse/Saved/FirstPersonExampleMap_BuiltData_841E3B754A473035E7E5F48E0D7D1E2E.tmp' to '../../../../../../Users/usagi/Documents/Unreal Projects/Roadhouse/Saved/Autosaves/Game/FirstPersonBP/Maps/FirstPersonExampleMap_BuiltData_Auto1.uasset'
[2018.09.25-18.18.57:839][956]LogSavePackage: Display: Finished SavePackage ../../../../../../Users/usagi/Documents/Unreal Projects/Roadhouse/Saved/Autosaves/Game/FirstPersonBP/Maps/FirstPersonExampleMap_BuiltData_Auto1.uasset
[2018.09.25-18.18.57:839][956]LogFileHelpers: Auto-saving content packages took 1.012
[2018.09.25-18.39.47:298][757]LogSlate: Window 'Message Log' being destroyed
[2018.09.25-18.39.47:305][757]LogSlate: Window 'Message Log' being destroyed
[2018.09.25-18.39.50:190][926]LogSavePackage: Save=348.32ms
[2018.09.25-18.39.50:190][926]LogSavePackage: Moving '../../../../../../Users/usagi/Documents/Unreal Projects/Roadhouse/Saved/FirstPersonExampleMapCEA07C474A257F32634EFCB778941D92.tmp' to '../../../../../../Users/usagi/Documents/Unreal Projects/Roadhouse/Content/FirstPersonBP/Maps/FirstPersonExampleMap.umap'
[2018.09.25-18.39.50:200][926]LogSavePackage: Display: Finished SavePackage ../../../../../../Users/usagi/Documents/Unreal Projects/Roadhouse/Content/FirstPersonBP/Maps/FirstPersonExampleMap.umap
[2018.09.25-18.39.55:385][926]LogSavePackage: Save=4984.82ms
[2018.09.25-18.39.55:385][926]LogSavePackage: Moving '../../../../../../Users/usagi/Documents/Unreal Projects/Roadhouse/Saved/FirstPersonExampleMap_BuiltData5E3812B94D185DEF33599F9DD1688800.tmp' to '../../../../../../Users/usagi/Documents/Unreal Projects/Roadhouse/Content/FirstPersonBP/Maps/FirstPersonExampleMap_BuiltData.uasset'
[2018.09.25-18.39.55:399][926]LogSavePackage: Display: Finished SavePackage ../../../../../../Users/usagi/Documents/Unreal Projects/Roadhouse/Content/FirstPersonBP/Maps/FirstPersonExampleMap_BuiltData.uasset
[2018.09.25-18.39.56:614][  0]LogSlate: Window 'Roadhouse - Unreal Editor' being destroyed
[2018.09.25-18.39.56:614][  0]LogWindowsTextInputMethodSystem: Display: IME system now deactivated.
[2018.09.25-18.39.56:906][  1]Cmd: QUIT_EDITOR
[2018.09.25-18.39.56:951][  1]LogSlate: Slate User Destroyed.  User Index 0, Is Virtual User: 0
[2018.09.25-18.39.56:952][  1]LogExit: Preparing to exit.
[2018.09.25-18.39.58:132][  1]LogDirectoryWatcher: A directory notification for 'C:/Users/usagi/Documents/Unreal Projects/Roadhouse/Content/' was aborted.
[2018.09.25-18.39.58:199][  1]LogExit: Editor shut down
[2018.09.25-18.39.58:219][  1]LogExit: Transaction tracking system shut down
[2018.09.25-18.39.58:220][  1]LogUObjectGlobals: Destroyed PersistentFrame Addr=0x0000029f8c824e00, Size=72
[2018.09.25-18.39.58:221][  1]LogUObjectGlobals: Destroyed PersistentFrame Addr=0x0000029f8c7f4c00, Size=256
[2018.09.25-18.39.58:221][  1]LogUObjectGlobals: Destroyed PersistentFrame Addr=0x0000029f9527cd00, Size=688
[2018.09.25-18.39.58:222][  1]LogUObjectGlobals: Destroyed PersistentFrame Addr=0x0000029f94ce38c8, Size=52
[2018.09.25-18.39.58:441][  1]LogDirectoryWatcher: A directory notification for '../../../Engine/Content/' was aborted.
[2018.09.25-18.39.58:441][  1]LogDirectoryWatcher: A directory notification for '../../../../../../Users/usagi/Documents/Unreal Projects/Roadhouse/Content/' was aborted.
[2018.09.25-18.39.58:441][  1]LogDirectoryWatcher: A directory notification for '../../Plugins/2D/Paper2D/Content/' was aborted.
[2018.09.25-18.39.58:441][  1]LogDirectoryWatcher: A directory notification for '../../Plugins/Enterprise/DatasmithContent/Content/' was aborted.
[2018.09.25-18.39.58:441][  1]LogDirectoryWatcher: A directory notification for '../../Plugins/Media/MediaCompositing/Content/' was aborted.
[2018.09.25-18.39.58:441][  1]LogDirectoryWatcher: A directory notification for '../../Plugins/Runtime/AppleARKit/Content/' was aborted.
[2018.09.25-18.39.58:442][  1]LogDirectoryWatcher: A directory notification for '../../Plugins/Runtime/Oculus/OculusVR/Content/' was aborted.
[2018.09.25-18.39.58:444][  1]LogDirectoryWatcher: A directory notification for '../../Plugins/Runtime/Steam/SteamVR/Content/' was aborted.
[2018.09.25-18.39.58:620][  1]LogExit: Object subsystem successfully closed.
[2018.09.25-18.39.58:640][  1]LogShaderCompilers: Display: Shaders left to compile 0
[2018.09.25-18.39.58:651][  1]LogD3D11RHI: Shutdown
[2018.09.25-18.39.58:651][  1]LogD3D11RHI: CleanupD3DDevice
[2018.09.25-18.39.58:655][  1]LogD3D11RHI: ~FD3D11DynamicRHI
[2018.09.25-18.39.58:717][  1]LogModuleManager: Shutting down and abandoning module HierarchicalLODUtilities (576)
[2018.09.25-18.39.58:718][  1]LogModuleManager: Shutting down and abandoning module HierarchicalLODOutliner (574)
[2018.09.25-18.39.58:718][  1]LogModuleManager: Shutting down and abandoning module SceneOutliner (572)
[2018.09.25-18.39.58:718][  1]LogModuleManager: Shutting down and abandoning module AddContentDialog (570)
[2018.09.25-18.39.58:718][  1]LogDirectoryWatcher: A directory notification for 'C:/Program Files/Epic Games/UE_4.19/FeaturePacks/' was aborted.
[2018.09.25-18.39.58:724][  1]LogModuleManager: Shutting down and abandoning module WidgetCarousel (569)
[2018.09.25-18.39.58:725][  1]LogModuleManager: Shutting down and abandoning module EditorWidgets (566)
[2018.09.25-18.39.58:725][  1]LogModuleManager: Shutting down and abandoning module CollectionManager (564)
[2018.09.25-18.39.58:725][  1]LogDirectoryWatcher: A directory notification for 'C:/Users/usagi/Documents/Unreal Projects/Roadhouse/Content/Collections/' was aborted.
[2018.09.25-18.39.58:725][  1]LogDirectoryWatcher: A directory notification for 'C:/Users/usagi/Documents/Unreal Projects/Roadhouse/Content/Developers/usagi/Collections/' was aborted.
[2018.09.25-18.39.58:725][  1]LogDirectoryWatcher: A directory notification for 'C:/Users/usagi/Documents/Unreal Projects/Roadhouse/Saved/Collections/' was aborted.
[2018.09.25-18.39.58:725][  1]LogModuleManager: Shutting down and abandoning module StatsViewer (562)
[2018.09.25-18.39.58:726][  1]LogModuleManager: Shutting down and abandoning module FoliageEdit (560)
[2018.09.25-18.39.58:726][  1]LogModuleManager: Shutting down and abandoning module LandscapeEditor (558)
[2018.09.25-18.39.58:727][  1]LogModuleManager: Shutting down and abandoning module MeshPaintMode (556)
[2018.09.25-18.39.58:727][  1]LogModuleManager: Shutting down and abandoning module SceneDepthPickerMode (554)
[2018.09.25-18.39.58:727][  1]LogModuleManager: Shutting down and abandoning module ActorPickerMode (552)
[2018.09.25-18.39.58:727][  1]LogModuleManager: Shutting down and abandoning module GeometryMode (550)
[2018.09.25-18.39.58:727][  1]LogModuleManager: Shutting down and abandoning module TextureAlignMode (548)
[2018.09.25-18.39.58:727][  1]LogModuleManager: Shutting down and abandoning module BspMode (546)
[2018.09.25-18.39.58:727][  1]LogModuleManager: Shutting down and abandoning module PIEPreviewDeviceProfileSelector (544)
[2018.09.25-18.39.58:728][  1]LogModuleManager: Shutting down and abandoning module HardwareSurvey (542)
[2018.09.25-18.39.58:728][  1]LogModuleManager: Shutting down and abandoning module SequenceRecorderSections (540)
[2018.09.25-18.39.58:728][  1]LogModuleManager: Shutting down and abandoning module AutomationWorker (538)
[2018.09.25-18.39.58:728][  1]LogModuleManager: Shutting down and abandoning module AudioCaptureEditor (536)
[2018.09.25-18.39.58:728][  1]LogModuleManager: Shutting down and abandoning module SequenceRecorder (535)
[2018.09.25-18.39.58:728][  1]LogModuleManager: Shutting down and abandoning module MatineeToLevelSequence (532)
[2018.09.25-18.39.58:728][  1]LogModuleManager: Shutting down and abandoning module LevelSequenceEditor (530)
[2018.09.25-18.39.58:729][  1]LogModuleManager: Shutting down and abandoning module PlacementMode (529)
[2018.09.25-18.39.58:730][  1]LogModuleManager: Shutting down and abandoning module MaterialEditor (528)
[2018.09.25-18.39.58:732][  1]LogModuleManager: Shutting down and abandoning module WmfMediaFactory (524)
[2018.09.25-18.39.58:732][  1]LogModuleManager: Shutting down and abandoning module WmfMediaEditor (522)
[2018.09.25-18.39.58:732][  1]LogModuleManager: Shutting down and abandoning module MediaPlayerEditor (520)
[2018.09.25-18.39.58:733][  1]LogModuleManager: Shutting down and abandoning module OpenExrWrapper (518)
[2018.09.25-18.39.58:733][  1]LogModuleManager: Shutting down and abandoning module ImgMediaFactory (516)
[2018.09.25-18.39.58:733][  1]LogModuleManager: Shutting down and abandoning module ImgMediaEditor (514)
[2018.09.25-18.39.58:733][  1]LogModuleManager: Shutting down and abandoning module AvfMediaFactory (512)
[2018.09.25-18.39.58:733][  1]LogModuleManager: Shutting down and abandoning module AvfMediaEditor (510)
[2018.09.25-18.39.58:733][  1]LogModuleManager: Shutting down and abandoning module AndroidMediaFactory (508)
[2018.09.25-18.39.58:733][  1]LogModuleManager: Shutting down and abandoning module AndroidMediaEditor (506)
[2018.09.25-18.39.58:733][  1]LogModuleManager: Shutting down and abandoning module CharacterAI (504)
[2018.09.25-18.39.58:733][  1]LogModuleManager: Shutting down and abandoning module SmartSnapping (502)
[2018.09.25-18.39.58:733][  1]LogModuleManager: Shutting down and abandoning module SessionServices (500)
[2018.09.25-18.39.58:733][  1]LogModuleManager: Shutting down and abandoning module ViewportSnapping (498)
[2018.09.25-18.39.58:733][  1]LogModuleManager: Shutting down and abandoning module ViewportInteraction (496)
[2018.09.25-18.39.58:733][  1]LogModuleManager: Shutting down and abandoning module ClothPainter (494)
[2018.09.25-18.39.58:733][  1]LogModuleManager: Shutting down and abandoning module SkeletalMeshEditor (493)
[2018.09.25-18.39.58:734][  1]LogModuleManager: Shutting down and abandoning module LogVisualizer (490)
[2018.09.25-18.39.58:734][  1]LogModuleManager: Shutting down and abandoning module IntroTutorials (488)
[2018.09.25-18.39.58:735][  1]LogModuleManager: Shutting down and abandoning module GameProjectGeneration (487)
[2018.09.25-18.39.58:735][  1]LogModuleManager: Shutting down and abandoning module IOSPlatformEditor (484)
[2018.09.25-18.39.58:736][  1]LogModuleManager: Shutting down and abandoning module HTML5PlatformEditor (482)
[2018.09.25-18.39.58:736][  1]LogModuleManager: Shutting down and abandoning module AndroidPlatformEditor (480)
[2018.09.25-18.39.58:736][  1]LogModuleManager: Shutting down and abandoning module AndroidDeviceDetection (479)
[2018.09.25-18.39.58:888][  1]LogModuleManager: Shutting down and abandoning module WindowsPlatformEditor (476)
[2018.09.25-18.39.58:888][  1]LogModuleManager: Shutting down and abandoning module IOSRuntimeSettings (474)
[2018.09.25-18.39.58:889][  1]LogModuleManager: Shutting down and abandoning module AndroidRuntimeSettings (472)
[2018.09.25-18.39.58:889][  1]LogModuleManager: Shutting down and abandoning module InputBindingEditor (470)
[2018.09.25-18.39.58:889][  1]LogModuleManager: Shutting down and abandoning module MergeActors (468)
[2018.09.25-18.39.58:889][  1]LogModuleManager: Shutting down and abandoning module LocalizationDashboard (466)
[2018.09.25-18.39.58:890][  1]LogModuleManager: Shutting down and abandoning module LocalizationService (465)
[2018.09.25-18.39.58:890][  1]LogModuleManager: Shutting down and abandoning module HardwareTargeting (462)
[2018.09.25-18.39.58:890][  1]LogModuleManager: Shutting down and abandoning module DeviceProfileEditor (460)
[2018.09.25-18.39.58:890][  1]LogModuleManager: Shutting down and abandoning module UndoHistory (458)
[2018.09.25-18.39.58:890][  1]LogModuleManager: Shutting down and abandoning module XmlParser (456)
[2018.09.25-18.39.58:890][  1]LogModuleManager: Shutting down and abandoning module Blutility (454)
[2018.09.25-18.39.58:890][  1]LogModuleManager: Shutting down and abandoning module ProjectSettingsViewer (452)
[2018.09.25-18.39.58:890][  1]LogModuleManager: Shutting down and abandoning module ProjectTargetPlatformEditor (451)
[2018.09.25-18.39.58:890][  1]LogModuleManager: Shutting down and abandoning module EditorSettingsViewer (448)
[2018.09.25-18.39.58:890][  1]LogModuleManager: Shutting down and abandoning module SettingsEditor (446)
[2018.09.25-18.39.58:891][  1]LogModuleManager: Shutting down and abandoning module ProjectLauncher (444)
[2018.09.25-18.39.58:892][  1]LogModuleManager: Shutting down and abandoning module SessionFrontend (442)
[2018.09.25-18.39.58:893][  1]LogModuleManager: Shutting down and abandoning module ProfilerClient (440)
[2018.09.25-18.39.58:893][  1]LogModuleManager: Shutting down and abandoning module DeviceManager (438)
[2018.09.25-18.39.58:894][  1]LogModuleManager: Shutting down and abandoning module TargetDeviceServices (437)
[2018.09.25-18.39.58:949][  1]LogModuleManager: Shutting down and abandoning module AutomationController (434)
[2018.09.25-18.39.58:949][  1]LogModuleManager: Shutting down and abandoning module AutomationWindow (432)
[2018.09.25-18.39.58:950][  1]LogModuleManager: Shutting down and abandoning module Layers (430)
[2018.09.25-18.39.58:952][  1]LogModuleManager: Shutting down and abandoning module ComponentVisualizers (428)
[2018.09.25-18.39.58:952][  1]LogModuleManager: Shutting down and abandoning module DetailCustomizations (426)
[2018.09.25-18.39.58:952][  1]LogModuleManager: Shutting down and abandoning module PackagesDialog (424)
[2018.09.25-18.39.58:952][  1]LogModuleManager: Shutting down and abandoning module Persona (422)
[2018.09.25-18.39.58:952][  1]LogModuleManager: Shutting down and abandoning module AdvancedPreviewScene (421)
[2018.09.25-18.39.58:953][  1]LogModuleManager: Shutting down and abandoning module AnimGraph (419)
[2018.09.25-18.39.58:953][  1]LogModuleManager: Shutting down and abandoning module Kismet (416)
[2018.09.25-18.39.58:953][  1]LogModuleManager: Shutting down and abandoning module GraphEditor (414)
[2018.09.25-18.39.58:956][  1]LogModuleManager: Shutting down and abandoning module ClassViewer (412)
[2018.09.25-18.39.58:956][  1]LogModuleManager: Shutting down and abandoning module Toolbox (410)
[2018.09.25-18.39.58:956][  1]LogModuleManager: Shutting down and abandoning module ModuleUI (408)
[2018.09.25-18.39.58:956][  1]LogModuleManager: Shutting down and abandoning module MovieSceneTools (406)
[2018.09.25-18.39.58:956][  1]LogModuleManager: Shutting down and abandoning module OutputLog (404)
[2018.09.25-18.39.58:957][  1]LogModuleManager: Shutting down and abandoning module GammaUI (402)
[2018.09.25-18.39.58:957][  1]LogModuleManager: Shutting down and abandoning module Documentation (400)
[2018.09.25-18.39.58:957][  1]LogModuleManager: Shutting down and abandoning module MovieSceneTracks (398)
[2018.09.25-18.39.58:957][  1]LogModuleManager: Shutting down and abandoning module MovieScene (396)
[2018.09.25-18.39.58:958][  1]LogModuleManager: Shutting down and abandoning module StreamingPauseRendering (394)
[2018.09.25-18.39.58:958][  1]LogModuleManager: Shutting down and abandoning module LauncherPlatform (392)
[2018.09.25-18.39.58:958][  1]LogModuleManager: Shutting down and abandoning module AnalyticsET (390)
[2018.09.25-18.39.58:958][  1]LogModuleManager: Shutting down and abandoning module PortalServices (388)
[2018.09.25-18.39.58:958][  1]LogModuleManager: Shutting down and abandoning module PortalRpc (386)
[2018.09.25-18.39.58:958][  1]LogModuleManager: Shutting down and abandoning module MessagingRpc (384)
[2018.09.25-18.39.58:958][  1]LogModuleManager: Shutting down and abandoning module AIModule (382)
[2018.09.25-18.39.58:959][  1]LogModuleManager: Shutting down and abandoning module GameplayDebugger (381)
[2018.09.25-18.39.58:959][  1]LogModuleManager: Shutting down and abandoning module AITestSuite (379)
[2018.09.25-18.39.58:960][  1]LogModuleManager: Shutting down and abandoning module DesktopPlatform (376)
[2018.09.25-18.39.58:960][  1]LogModuleManager: Shutting down and abandoning module ProfilerService (374)
[2018.09.25-18.39.59:117][  1]LogModuleManager: Shutting down and abandoning module TaskGraph (372)
[2018.09.25-18.39.59:117][  1]LogModuleManager: Shutting down and abandoning module SteamVRController (370)
[2018.09.25-18.39.59:117][  1]LogModuleManager: Shutting down and abandoning module ProceduralMeshComponentEditor (368)
[2018.09.25-18.39.59:117][  1]LogModuleManager: Shutting down and abandoning module ProceduralMeshComponent (366)
[2018.09.25-18.39.59:117][  1]LogModuleManager: Shutting down and abandoning module OculusInput (364)
[2018.09.25-18.39.59:117][  1]LogModuleManager: Shutting down and abandoning module MobilePatchingUtils (362)
[2018.09.25-18.39.59:117][  1]LogModuleManager: Shutting down and abandoning module CustomMeshComponent (360)
[2018.09.25-18.39.59:117][  1]LogModuleManager: Shutting down and abandoning module CableComponent (358)
[2018.09.25-18.39.59:117][  1]LogModuleManager: Shutting down and abandoning module AudioCapture (356)
[2018.09.25-18.39.59:117][  1]LogModuleManager: Shutting down and abandoning module ArchVisCharacter (354)
[2018.09.25-18.39.59:117][  1]LogModuleManager: Shutting down and abandoning module AndroidPermission (352)
[2018.09.25-18.39.59:117][  1]LogModuleManager: Shutting down and abandoning module NUTUnrealEngine4 (348)
[2018.09.25-18.39.59:117][  1]LogModuleManager: Shutting down and abandoning module NetcodeUnitTest (346)
[2018.09.25-18.39.59:118][  1]LogModuleManager: Shutting down and abandoning module MediaCompositingEditor (344)
[2018.09.25-18.39.59:118][  1]LogModuleManager: Shutting down and abandoning module MediaCompositing (342)
[2018.09.25-18.39.59:118][  1]LogModuleManager: Shutting down and abandoning module LinearTimecode (340)
[2018.09.25-18.39.59:118][  1]LogModuleManager: Shutting down and abandoning module ImgMedia (338)
[2018.09.25-18.39.59:124][  1]LogModuleManager: Shutting down and abandoning module HTML5Networking (336)
[2018.09.25-18.39.59:124][  1]LogModuleManager: Shutting down and abandoning module AlembicImporter (334)
[2018.09.25-18.39.59:125][  1]LogModuleManager: Shutting down and abandoning module AlembicLibrary (333)
[2018.09.25-18.39.59:125][  1]LogModuleManager: Shutting down and abandoning module GeometryCache (332)
[2018.09.25-18.39.59:125][  1]LogModuleManager: Shutting down and abandoning module GeometryCacheEd (331)
[2018.09.25-18.39.59:125][  1]LogModuleManager: Shutting down and abandoning module DatasmithContent (326)
[2018.09.25-18.39.59:125][  1]LogModuleManager: Shutting down and abandoning module SpeedTreeImporter (324)
[2018.09.25-18.39.59:125][  1]LogModuleManager: Shutting down and abandoning module PluginBrowser (322)
[2018.09.25-18.39.59:126][  1]LogModuleManager: Shutting down and abandoning module MobileLauncherProfileWizard (320)
[2018.09.25-18.39.59:127][  1]LogModuleManager: Shutting down and abandoning module CryptoKeysOpenSSL (318)
[2018.09.25-18.39.59:128][  1]LogModuleManager: Shutting down and abandoning module CryptoKeys (316)
[2018.09.25-18.39.59:128][  1]LogModuleManager: Shutting down and abandoning module VisualStudioSourceCodeAccess (314)
[2018.09.25-18.39.59:128][  1]LogModuleManager: Shutting down and abandoning module VisualStudioCodeSourceCodeAccess (312)
[2018.09.25-18.39.59:128][  1]LogModuleManager: Shutting down and abandoning module UObjectPlugin (310)
[2018.09.25-18.39.59:128][  1]LogModuleManager: Shutting down and abandoning module SubversionSourceControl (308)
[2018.09.25-18.39.59:128][  1]LogModuleManager: Shutting down and abandoning module PerforceSourceControl (306)
[2018.09.25-18.39.59:128][  1]LogModuleManager: Shutting down and abandoning module GitSourceControl (304)
[2018.09.25-18.39.59:128][  1]LogModuleManager: Shutting down and abandoning module SourceControl (303)
[2018.09.25-18.39.59:128][  1]LogModuleManager: Shutting down and abandoning module CLionSourceCodeAccess (300)
[2018.09.25-18.39.59:128][  1]LogModuleManager: Shutting down and abandoning module LightPropagationVolumeEditor (298)
[2018.09.25-18.39.59:128][  1]LogModuleManager: Shutting down and abandoning module PaperTiledImporter (296)
[2018.09.25-18.39.59:129][  1]LogModuleManager: Shutting down and abandoning module PaperSpriteSheetImporter (294)
[2018.09.25-18.39.59:129][  1]LogModuleManager: Shutting down and abandoning module Paper2DEditor (292)
[2018.09.25-18.39.59:129][  1]LogModuleManager: Shutting down and abandoning module MeshPaint (291)
[2018.09.25-18.39.59:129][  1]LogModuleManager: Shutting down and abandoning module RuntimePhysXCooking (288)
[2018.09.25-18.39.59:129][  1]LogModuleManager: Shutting down and abandoning module PhysXVehiclesEditor (286)
[2018.09.25-18.39.59:129][  1]LogModuleManager: Shutting down and abandoning module PhysXVehicles (284)
[2018.09.25-18.39.59:129][  1]LogModuleManager: Shutting down and abandoning module OculusEditor (282)
[2018.09.25-18.39.59:129][  1]LogModuleManager: Shutting down and abandoning module LocationServicesBPLibrary (280)
[2018.09.25-18.39.59:129][  1]LogModuleManager: Shutting down and abandoning module ImmediatePhysicsEditor (278)
[2018.09.25-18.39.59:129][  1]LogModuleManager: Shutting down and abandoning module ImmediatePhysics (276)
[2018.09.25-18.39.59:129][  1]LogModuleManager: Shutting down and abandoning module ActorSequence (274)
[2018.09.25-18.39.59:129][  1]LogModuleManager: Shutting down and abandoning module UdpMessaging (272)
[2018.09.25-18.39.59:231][  1]LogModuleManager: Shutting down and abandoning module TcpMessaging (270)
[2018.09.25-18.39.59:331][  1]LogModuleManager: Shutting down and abandoning module GameplayTagsEditor (268)
[2018.09.25-18.39.59:331][  1]LogModuleManager: Shutting down and abandoning module FacialAnimationEditor (266)
[2018.09.25-18.39.59:331][  1]LogModuleManager: Shutting down and abandoning module FacialAnimation (264)
[2018.09.25-18.39.59:331][  1]LogModuleManager: Shutting down and abandoning module DataValidation (262)
[2018.09.25-18.39.59:332][  1]LogModuleManager: Shutting down and abandoning module AssetManagerEditor (260)
[2018.09.25-18.39.59:333][  1]LogModuleManager: Shutting down and abandoning module LevelEditor (259)
[2018.09.25-18.39.59:334][  1]LogModuleManager: Shutting down and abandoning module PixelInspectorModule (258)
[2018.09.25-18.39.59:334][  1]LogModuleManager: Shutting down and abandoning module CommonMenuExtensions (256)
[2018.09.25-18.39.59:335][  1]LogModuleManager: Shutting down and abandoning module MainFrame (254)
[2018.09.25-18.39.59:335][  1]LogModuleManager: Shutting down and abandoning module HotReload (253)
[2018.09.25-18.39.59:336][  1]LogModuleManager: Shutting down and abandoning module ContentBrowser (249)
[2018.09.25-18.39.59:337][  1]LogModuleManager: Shutting down and abandoning module TreeMap (247)
[2018.09.25-18.39.59:337][  1]LogModuleManager: Shutting down and abandoning module LightPropagationVolumeRuntime (244)
[2018.09.25-18.39.59:337][  1]LogModuleManager: Shutting down and abandoning module LiveLinkEditor (242)
[2018.09.25-18.39.59:337][  1]LogModuleManager: Shutting down and abandoning module LiveLink (240)
[2018.09.25-18.40.00:272][  1]LogModuleManager: Shutting down and abandoning module Paper2D (238)
[2018.09.25-18.40.00:272][  1]LogModuleManager: Shutting down and abandoning module WindowsMoviePlayer (236)
[2018.09.25-18.40.00:272][  1]LogModuleManager: Shutting down and abandoning module WmfMedia (234)
[2018.09.25-18.40.00:275][  1]LogModuleManager: Shutting down and abandoning module Media (233)
[2018.09.25-18.40.00:281][  1]LogModuleManager: Shutting down and abandoning module PacketHandler (230)
[2018.09.25-18.40.00:281][  1]LogModuleManager: Shutting down and abandoning module ClothingSystemEditor (228)
[2018.09.25-18.40.00:281][  1]LogModuleManager: Shutting down and abandoning module ClothingSystemRuntime (226)
[2018.09.25-18.40.00:282][  1]LogModuleManager: Shutting down and abandoning module MediaAssets (224)
[2018.09.25-18.40.00:282][  1]LogModuleManager: Shutting down and abandoning module Overlay (222)
[2018.09.25-18.40.00:282][  1]LogModuleManager: Shutting down and abandoning module OverlayEditor (221)
[2018.09.25-18.40.00:282][  1]LogModuleManager: Shutting down and abandoning module VREditor (218)
[2018.09.25-18.40.00:283][  1]LogModuleManager: Shutting down and abandoning module StringTableEditor (216)
[2018.09.25-18.40.00:283][  1]LogModuleManager: Shutting down and abandoning module GameplayTasksEditor (214)
[2018.09.25-18.40.00:283][  1]LogModuleManager: Shutting down and abandoning module BehaviorTreeEditor (212)
[2018.09.25-18.40.00:284][  1]LogModuleManager: Shutting down and abandoning module FunctionalTesting (210)
[2018.09.25-18.40.00:284][  1]LogModuleManager: Shutting down and abandoning module CollisionAnalyzer (208)
[2018.09.25-18.40.00:284][  1]LogModuleManager: Shutting down and abandoning module WorkspaceMenuStructure (207)
[2018.09.25-18.40.00:284][  1]LogModuleManager: Shutting down and abandoning module UMG (204)
[2018.09.25-18.40.00:284][  1]LogModuleManager: Shutting down and abandoning module UMGEditor (203)
[2018.09.25-18.40.00:285][  1]LogModuleManager: Shutting down and abandoning module Sequencer (202)
[2018.09.25-18.40.00:286][  1]LogModuleManager: Shutting down and abandoning module MessageLog (199)
[2018.09.25-18.40.00:287][  1]LogModuleManager: Shutting down and abandoning module SlateReflector (194)
[2018.09.25-18.40.00:288][  1]LogModuleManager: Shutting down and abandoning module Slate (192)
[2018.09.25-18.40.00:288][  1]LogModuleManager: Shutting down and abandoning module EditorStyle (190)
[2018.09.25-18.40.00:291][  1]LogModuleManager: Shutting down and abandoning module MRMesh (188)
[2018.09.25-18.40.00:291][  1]LogModuleManager: Shutting down and abandoning module SourceCodeAccess (186)
[2018.09.25-18.40.00:291][  1]LogModuleManager: Shutting down and abandoning module HeadMountedDisplay (184)
[2018.09.25-18.40.00:291][  1]LogModuleManager: Shutting down and abandoning module XAudio2 (182)
[2018.09.25-18.40.00:291][  1]LogModuleManager: Shutting down and abandoning module Networking (180)
[2018.09.25-18.40.00:291][  1]LogModuleManager: Shutting down and abandoning module Core (178)
[2018.09.25-18.40.00:291][  1]LogModuleManager: Shutting down and abandoning module LevelSequence (176)
[2018.09.25-18.40.00:291][  1]LogModuleManager: Shutting down and abandoning module KismetCompiler (174)
[2018.09.25-18.40.00:291][  1]LogModuleManager: Shutting down and abandoning module MeshUtilities (172)
[2018.09.25-18.40.00:292][  1]LogModuleManager: Shutting down and abandoning module MeshMergeUtilities (171)
[2018.09.25-18.40.00:292][  1]LogModuleManager: Shutting down and abandoning module MeshReductionInterface (170)
[2018.09.25-18.40.00:292][  1]LogModuleManager: Shutting down and abandoning module SimplygonSwarm (169)
[2018.09.25-18.40.00:292][  1]LogModuleManager: Shutting down and abandoning module SimplygonMeshReduction (167)
[2018.09.25-18.40.00:292][  1]LogModuleManager: Shutting down and abandoning module QuadricMeshReduction (165)
[2018.09.25-18.40.00:292][  1]LogModuleManager: Shutting down and abandoning module MaterialBaking (161)
[2018.09.25-18.40.00:292][  1]LogModuleManager: Shutting down and abandoning module DirectoryWatcher (157)
[2018.09.25-18.40.00:296][  1]LogModuleManager: Shutting down and abandoning module DerivedDataCache (154)
[2018.09.25-18.40.00:354][  1]LogDerivedDataCache: Shutdown
[2018.09.25-18.40.00:354][  1]LogModuleManager: Shutting down and abandoning module XGEController (152)
[2018.09.25-18.40.00:355][  1]LogXGEController: Cleaning working directory: C:/Users/usagi/AppData/Local/Temp/UnrealXGEWorkingDir/
[2018.09.25-18.40.00:355][  1]LogModuleManager: Shutting down and abandoning module TargetPlatform (150)
[2018.09.25-18.40.00:355][  1]LogModuleManager: Shutting down and abandoning module VulkanShaderFormat (149)
[2018.09.25-18.40.00:355][  1]LogModuleManager: Shutting down and abandoning module ShaderFormatVectorVM (147)
[2018.09.25-18.40.00:356][  1]LogModuleManager: Shutting down and abandoning module ShaderFormatOpenGL (145)
[2018.09.25-18.40.00:357][  1]LogModuleManager: Shutting down and abandoning module ShaderFormatD3D (143)
[2018.09.25-18.40.00:357][  1]LogModuleManager: Shutting down and abandoning module MetalShaderFormat (141)
[2018.09.25-18.40.00:357][  1]LogModuleManager: Shutting down and abandoning module TextureFormatUncompressed (139)
[2018.09.25-18.40.00:357][  1]LogModuleManager: Shutting down and abandoning module TextureFormatPVR (137)
[2018.09.25-18.40.00:357][  1]LogModuleManager: Shutting down and abandoning module TextureFormatDXT (135)
[2018.09.25-18.40.00:357][  1]LogModuleManager: Shutting down and abandoning module TextureFormatIntelISPCTexComp (133)
[2018.09.25-18.40.00:357][  1]LogModuleManager: Shutting down and abandoning module TextureFormatASTC (131)
[2018.09.25-18.40.00:357][  1]LogModuleManager: Shutting down and abandoning module ImageWrapper (130)
[2018.09.25-18.40.00:357][  1]LogModuleManager: Shutting down and abandoning module TextureFormatAndroid (127)
[2018.09.25-18.40.00:357][  1]LogModuleManager: Shutting down and abandoning module AudioFormatOpus (125)
[2018.09.25-18.40.00:357][  1]LogModuleManager: Shutting down and abandoning module AudioFormatOgg (123)
[2018.09.25-18.40.00:357][  1]LogModuleManager: Shutting down and abandoning module AudioFormatADPCM (121)
[2018.09.25-18.40.00:358][  1]LogModuleManager: Shutting down and abandoning module LinuxTargetPlatform (119)
[2018.09.25-18.40.00:358][  1]LogModuleManager: Shutting down and abandoning module LinuxServerTargetPlatform (117)
[2018.09.25-18.40.00:358][  1]LogModuleManager: Shutting down and abandoning module LinuxNoEditorTargetPlatform (115)
[2018.09.25-18.40.00:358][  1]LogModuleManager: Shutting down and abandoning module LinuxClientTargetPlatform (113)
[2018.09.25-18.40.00:358][  1]LogModuleManager: Shutting down and abandoning module TVOSTargetPlatform (111)
[2018.09.25-18.40.00:358][  1]LogModuleManager: Shutting down and abandoning module Messaging (109)
[2018.09.25-18.40.00:359][  1]LogModuleManager: Shutting down and abandoning module IOSTargetPlatform (107)
[2018.09.25-18.40.00:359][  1]LogModuleManager: Shutting down and abandoning module HTML5TargetPlatform (105)
[2018.09.25-18.40.00:359][  1]LogModuleManager: Shutting down and abandoning module AndroidTargetPlatform (103)
[2018.09.25-18.40.00:359][  1]LogModuleManager: Shutting down and abandoning module Android_PVRTCTargetPlatform (101)
[2018.09.25-18.40.00:359][  1]LogModuleManager: Shutting down and abandoning module Android_MultiTargetPlatform (99)
[2018.09.25-18.40.00:359][  1]LogModuleManager: Shutting down and abandoning module Android_ETC2TargetPlatform (97)
[2018.09.25-18.40.00:359][  1]LogModuleManager: Shutting down and abandoning module Android_ETC1TargetPlatform (95)
[2018.09.25-18.40.00:359][  1]LogModuleManager: Shutting down and abandoning module Android_ETC1aTargetPlatform (93)
[2018.09.25-18.40.00:359][  1]LogModuleManager: Shutting down and abandoning module Android_DXTTargetPlatform (91)
[2018.09.25-18.40.00:359][  1]LogModuleManager: Shutting down and abandoning module Android_ATCTargetPlatform (89)
[2018.09.25-18.40.00:359][  1]LogModuleManager: Shutting down and abandoning module Android_ASTCTargetPlatform (87)
[2018.09.25-18.40.00:359][  1]LogModuleManager: Shutting down and abandoning module WindowsTargetPlatform (85)
[2018.09.25-18.40.00:359][  1]LogModuleManager: Shutting down and abandoning module WindowsServerTargetPlatform (83)
[2018.09.25-18.40.00:360][  1]LogModuleManager: Shutting down and abandoning module WindowsNoEditorTargetPlatform (81)
[2018.09.25-18.40.00:360][  1]LogModuleManager: Shutting down and abandoning module WindowsClientTargetPlatform (79)
[2018.09.25-18.40.00:360][  1]LogModuleManager: Shutting down and abandoning module MacTargetPlatform (77)
[2018.09.25-18.40.00:360][  1]LogModuleManager: Shutting down and abandoning module MacServerTargetPlatform (75)
[2018.09.25-18.40.00:360][  1]LogModuleManager: Shutting down and abandoning module MacNoEditorTargetPlatform (73)
[2018.09.25-18.40.00:360][  1]LogModuleManager: Shutting down and abandoning module MacClientTargetPlatform (71)
[2018.09.25-18.40.00:360][  1]LogModuleManager: Shutting down and abandoning module AllDesktopTargetPlatform (69)
[2018.09.25-18.40.00:360][  1]LogModuleManager: Shutting down and abandoning module InputCore (66)
[2018.09.25-18.40.00:360][  1]LogModuleManager: Shutting down and abandoning module Settings (64)
[2018.09.25-18.40.00:360][  1]LogModuleManager: Shutting down and abandoning module PhysXCooking (62)
[2018.09.25-18.40.00:360][  1]LogModuleManager: Shutting down and abandoning module SteamVR (60)
[2018.09.25-18.40.00:360][  1]LogModuleManager: Shutting down and abandoning module OculusHMD (58)
[2018.09.25-18.40.00:360][  1]LogModuleManager: Shutting down and abandoning module ExampleDeviceProfileSelector (56)
[2018.09.25-18.40.00:360][  1]LogModuleManager: Shutting down and abandoning module AppleARKit (54)
[2018.09.25-18.40.00:360][  1]LogModuleManager: Shutting down and abandoning module AugmentedReality (51)
[2018.09.25-18.40.00:360][  1]LogModuleManager: Shutting down and abandoning module OnlineBlueprintSupport (48)
[2018.09.25-18.40.00:360][  1]LogModuleManager: Shutting down and abandoning module OnlineSubsystem (44)
[2018.09.25-18.40.00:361][  1]LogModuleManager: Shutting down and abandoning module XMPP (43)
[2018.09.25-18.40.00:362][  1]LogModuleManager: Shutting down and abandoning module HTTP (41)
[2018.09.25-18.40.00:363][  1]LogHttp: Display: Http module shutting down, but needs to wait on 1 outstanding Http requests:
[2018.09.25-18.40.00:363][  1]LogHttp: Display: 	verb=[POST] url=[https://datarouter.ol.epicgames.com/datarouter/api/v1/public/data?SessionID=%7B94AE5CE9-4012-3C19-416B-218F34024CC9%7D&AppID=UEEditor.Rocket.Release&AppVersion=4.19.2-4033788%2B%2B%2BUE4%2BRelease-4.19&UserID=45133d5643d4d745c18ea3b09ad971ca%7C0a2c2f5bbc5f41cebf178ebfc7d33677%7C2debc7a1-8005-4312-91dc-e5f743cc7aa2&AppEnvironment=datacollector-binary&UploadType=eteventstream] status=Processing
[2018.09.25-18.40.00:384][  1]LogModuleManager: Shutting down and abandoning module SSL (40)
[2018.09.25-18.40.00:386][  1]LogModuleManager: Shutting down and abandoning module AnimationModifiers (36)
[2018.09.25-18.40.00:386][  1]LogModuleManager: Shutting down and abandoning module PropertyEditor (35)
[2018.09.25-18.40.00:386][  1]LogModuleManager: Shutting down and abandoning module AudioEditor (32)
[2018.09.25-18.40.00:387][  1]LogModuleManager: Shutting down and abandoning module TextureCompressor (30)
[2018.09.25-18.40.00:387][  1]LogModuleManager: Shutting down and abandoning module ShaderCore (28)
[2018.09.25-18.40.00:387][  1]LogModuleManager: Shutting down and abandoning module Landscape (26)
[2018.09.25-18.40.00:387][  1]LogModuleManager: Shutting down and abandoning module SlateRHIRenderer (24)
[2018.09.25-18.40.00:389][  1]LogModuleManager: Shutting down and abandoning module OpenGLDrv (22)
[2018.09.25-18.40.00:390][  1]LogModuleManager: Shutting down and abandoning module D3D11RHI (20)
[2018.09.25-18.40.00:390][  1]LogModuleManager: Shutting down and abandoning module AnimGraphRuntime (18)
[2018.09.25-18.40.00:390][  1]LogModuleManager: Shutting down and abandoning module Renderer (16)
[2018.09.25-18.40.00:390][  1]LogModuleManager: Shutting down and abandoning module Engine (14)
[2018.09.25-18.40.00:390][  1]LogModuleManager: Shutting down and abandoning module CoreUObject (12)
[2018.09.25-18.40.00:390][  1]LogModuleManager: Shutting down and abandoning module NetworkFile (10)
[2018.09.25-18.40.00:391][  1]LogModuleManager: Shutting down and abandoning module CookedIterativeFile (8)
[2018.09.25-18.40.00:391][  1]LogModuleManager: Shutting down and abandoning module StreamingFile (6)
[2018.09.25-18.40.00:392][  1]LogModuleManager: Shutting down and abandoning module SandboxFile (4)
[2018.09.25-18.40.00:392][  1]LogModuleManager: Shutting down and abandoning module PakFile (2)
[2018.09.25-18.40.00:398][  1]LogExit: Exiting.
[2018.09.25-18.40.00:415][  1]Log file closed, 09/25/18 20:40:00
