Log file open, 08/06/18 16:42:48
LogWindows: Failed to load 'aqProf.dll' (GetLastError=126)
LogWindows: File 'aqProf.dll' does not exist
LogWindows: Failed to load 'VtuneApi.dll' (GetLastError=126)
LogWindows: File 'VtuneApi.dll' does not exist
LogWindows: Failed to load 'VtuneApi32e.dll' (GetLastError=126)
LogWindows: File 'VtuneApi32e.dll' does not exist
LogInit: Display: Running engine for game: Roadhouse
LogPlatformFile: Not using cached read wrapper
LogInit: Display: RandInit(253570892) SRandInit(253570892).
LogInit: Read version file with build ID '3944462'
LogInit: Overriding engine version to CL 4033788, compatible CL 3944462
LogInit: Registered custom module enumerator with build ID '3944462'
LogTaskGraph: Started task graph with 5 named threads and 11 total threads with 3 sets of task threads.
LogStats: Stats thread started at 0.184816
LogD3D11RHI: Aftermath initialized
LogICUInternationalization: Display: ICU TimeZone Detection - Raw Offset: +1:00, Platform Override: ''
LogModuleManager: Display: Found up-to-date module file ../../../Engine/Plugins/2D/Paper2D/Binaries/Win64/UE4Editor-Paper2D.dll (API version 3944462).
LogModuleManager: Display: Found up-to-date module file ../../../Engine/Plugins/2D/Paper2D/Binaries/Win64/UE4Editor-Paper2DEditor.dll (API version 3944462).
LogModuleManager: Display: Found up-to-date module file ../../../Engine/Plugins/2D/Paper2D/Binaries/Win64/UE4Editor-PaperSpriteSheetImporter.dll (API version 3944462).
LogModuleManager: Display: Found up-to-date module file ../../../Engine/Plugins/2D/Paper2D/Binaries/Win64/UE4Editor-PaperTiledImporter.dll (API version 3944462).
LogModuleManager: Display: Found up-to-date module file ../../../Engine/Plugins/2D/Paper2D/Binaries/Win64/UE4Editor-SmartSnapping.dll (API version 3944462).
LogModuleManager: Display: Found up-to-date module file ../../../Engine/Plugins/Blendables/LightPropagationVolume/Binaries/Win64/UE4Editor-LightPropagationVolumeRuntime.dll (API version 3944462).
LogModuleManager: Display: Found up-to-date module file ../../../Engine/Plugins/Blendables/LightPropagationVolume/Binaries/Win64/UE4Editor-LightPropagationVolumeEditor.dll (API version 3944462).
LogModuleManager: Display: Found up-to-date module file ../../../Engine/Plugins/Developer/CLionSourceCodeAccess/Binaries/Win64/UE4Editor-CLionSourceCodeAccess.dll (API version 3944462).
LogModuleManager: Display: Found up-to-date module file ../../../Engine/Plugins/Developer/GitSourceControl/Binaries/Win64/UE4Editor-GitSourceControl.dll (API version 3944462).
LogModuleManager: Display: Found up-to-date module file ../../../Engine/Plugins/Developer/PerforceSourceControl/Binaries/Win64/UE4Editor-PerforceSourceControl.dll (API version 3944462).
LogModuleManager: Display: Found up-to-date module file ../../../Engine/Plugins/Developer/SubversionSourceControl/Binaries/Win64/UE4Editor-SubversionSourceControl.dll (API version 3944462).
LogModuleManager: Display: Found up-to-date module file ../../../Engine/Plugins/Developer/UObjectPlugin/Binaries/Win64/UE4Editor-UObjectPlugin.dll (API version 3944462).
LogModuleManager: Display: Found up-to-date module file ../../../Engine/Plugins/Developer/VisualStudioCodeSourceCodeAccess/Binaries/Win64/UE4Editor-VisualStudioCodeSourceCodeAccess.dll (API version 3944462).
LogModuleManager: Display: Found up-to-date module file ../../../Engine/Plugins/Developer/VisualStudioSourceCodeAccess/Binaries/Win64/UE4Editor-VisualStudioSourceCodeAccess.dll (API version 3944462).
LogModuleManager: Display: Found up-to-date module file ../../../Engine/Plugins/Editor/AssetManagerEditor/Binaries/Win64/UE4Editor-AssetManagerEditor.dll (API version 3944462).
LogModuleManager: Display: Found up-to-date module file ../../../Engine/Plugins/Editor/CryptoKeys/Binaries/Win64/UE4Editor-CryptoKeys.dll (API version 3944462).
LogModuleManager: Display: Found up-to-date module file ../../../Engine/Plugins/Editor/CryptoKeys/Binaries/Win64/UE4Editor-CryptoKeysOpenSSL.dll (API version 3944462).
LogModuleManager: Display: Found up-to-date module file ../../../Engine/Plugins/Editor/DataValidation/Binaries/Win64/UE4Editor-DataValidation.dll (API version 3944462).
LogModuleManager: Display: Found up-to-date module file ../../../Engine/Plugins/Editor/FacialAnimation/Binaries/Win64/UE4Editor-FacialAnimation.dll (API version 3944462).
LogModuleManager: Display: Found up-to-date module file ../../../Engine/Plugins/Editor/FacialAnimation/Binaries/Win64/UE4Editor-FacialAnimationEditor.dll (API version 3944462).
LogModuleManager: Display: Found up-to-date module file ../../../Engine/Plugins/Editor/GameplayTagsEditor/Binaries/Win64/UE4Editor-GameplayTagsEditor.dll (API version 3944462).
LogModuleManager: Display: Found up-to-date module file ../../../Engine/Plugins/Editor/MobileLauncherProfileWizard/Binaries/Win64/UE4Editor-MobileLauncherProfileWizard.dll (API version 3944462).
LogModuleManager: Display: Found up-to-date module file ../../../Engine/Plugins/Editor/PluginBrowser/Binaries/Win64/UE4Editor-PluginBrowser.dll (API version 3944462).
LogModuleManager: Display: Found up-to-date module file ../../../Engine/Plugins/Editor/SpeedTreeImporter/Binaries/Win64/UE4Editor-SpeedTreeImporter.dll (API version 3944462).
LogModuleManager: Display: Found up-to-date module file ../../../Engine/Plugins/Enterprise/DatasmithContent/Binaries/Win64/UE4Editor-DatasmithContent.dll (API version 3944462).
LogModuleManager: Display: Found up-to-date module file ../../../Engine/Plugins/Experimental/AlembicImporter/Binaries/Win64/UE4Editor-AlembicImporter.dll (API version 3944462).
LogModuleManager: Display: Found up-to-date module file ../../../Engine/Plugins/Experimental/AlembicImporter/Binaries/Win64/UE4Editor-AlembicLibrary.dll (API version 3944462).
LogModuleManager: Display: Found up-to-date module file ../../../Engine/Plugins/Experimental/CharacterAI/Binaries/Win64/UE4Editor-CharacterAI.dll (API version 3944462).
LogModuleManager: Display: Found up-to-date module file ../../../Engine/Plugins/Experimental/HTML5Networking/Binaries/Win64/UE4Editor-HTML5Networking.dll (API version 3944462).
LogModuleManager: Display: Found up-to-date module file ../../../Engine/Plugins/Media/AndroidMedia/Binaries/Win64/UE4Editor-AndroidMediaEditor.dll (API version 3944462).
LogModuleManager: Display: Found up-to-date module file ../../../Engine/Plugins/Media/AndroidMedia/Binaries/Win64/UE4Editor-AndroidMediaFactory.dll (API version 3944462).
LogModuleManager: Display: Found up-to-date module file ../../../Engine/Plugins/Media/AvfMedia/Binaries/Win64/UE4Editor-AvfMediaEditor.dll (API version 3944462).
LogModuleManager: Display: Found up-to-date module file ../../../Engine/Plugins/Media/AvfMedia/Binaries/Win64/UE4Editor-AvfMediaFactory.dll (API version 3944462).
LogModuleManager: Display: Found up-to-date module file ../../../Engine/Plugins/Media/AvfMedia/Binaries/Win64/UE4Editor-AvfMediaFactory.dll (API version 3944462).
LogModuleManager: Display: Found up-to-date module file ../../../Engine/Plugins/Media/ImgMedia/Binaries/Win64/UE4Editor-ImgMedia.dll (API version 3944462).
LogModuleManager: Display: Found up-to-date module file ../../../Engine/Plugins/Media/ImgMedia/Binaries/Win64/UE4Editor-ImgMediaEditor.dll (API version 3944462).
LogModuleManager: Display: Found up-to-date module file ../../../Engine/Plugins/Media/ImgMedia/Binaries/Win64/UE4Editor-ImgMediaFactory.dll (API version 3944462).
LogModuleManager: Display: Found up-to-date module file ../../../Engine/Plugins/Media/ImgMedia/Binaries/Win64/UE4Editor-ImgMediaFactory.dll (API version 3944462).
LogModuleManager: Display: Found up-to-date module file ../../../Engine/Plugins/Media/ImgMedia/Binaries/Win64/UE4Editor-OpenExrWrapper.dll (API version 3944462).
LogModuleManager: Display: Found up-to-date module file ../../../Engine/Plugins/Media/LinearTimecode/Binaries/Win64/UE4Editor-LinearTimecode.dll (API version 3944462).
LogModuleManager: Display: Found up-to-date module file ../../../Engine/Plugins/Media/MediaCompositing/Binaries/Win64/UE4Editor-MediaCompositing.dll (API version 3944462).
LogModuleManager: Display: Found up-to-date module file ../../../Engine/Plugins/Media/MediaCompositing/Binaries/Win64/UE4Editor-MediaCompositingEditor.dll (API version 3944462).
LogModuleManager: Display: Found up-to-date module file ../../../Engine/Plugins/Media/MediaPlayerEditor/Binaries/Win64/UE4Editor-MediaPlayerEditor.dll (API version 3944462).
LogModuleManager: Display: Found up-to-date module file ../../../Engine/Plugins/Media/WmfMedia/Binaries/Win64/UE4Editor-WmfMedia.dll (API version 3944462).
LogModuleManager: Display: Found up-to-date module file ../../../Engine/Plugins/Media/WmfMedia/Binaries/Win64/UE4Editor-WmfMediaEditor.dll (API version 3944462).
LogModuleManager: Display: Found up-to-date module file ../../../Engine/Plugins/Media/WmfMedia/Binaries/Win64/UE4Editor-WmfMediaFactory.dll (API version 3944462).
LogModuleManager: Display: Found up-to-date module file ../../../Engine/Plugins/Media/WmfMedia/Binaries/Win64/UE4Editor-WmfMediaFactory.dll (API version 3944462).
LogModuleManager: Display: Found up-to-date module file ../../../Engine/Plugins/Messaging/TcpMessaging/Binaries/Win64/UE4Editor-TcpMessaging.dll (API version 3944462).
LogModuleManager: Display: Found up-to-date module file ../../../Engine/Plugins/Messaging/UdpMessaging/Binaries/Win64/UE4Editor-UdpMessaging.dll (API version 3944462).
LogModuleManager: Display: Found up-to-date module file ../../../Engine/Plugins/MovieScene/ActorSequence/Binaries/Win64/UE4Editor-ActorSequence.dll (API version 3944462).
LogModuleManager: Display: Found up-to-date module file ../../../Engine/Plugins/MovieScene/LevelSequenceEditor/Binaries/Win64/UE4Editor-LevelSequenceEditor.dll (API version 3944462).
LogModuleManager: Display: Found up-to-date module file ../../../Engine/Plugins/MovieScene/MatineeToLevelSequence/Binaries/Win64/UE4Editor-MatineeToLevelSequence.dll (API version 3944462).
LogModuleManager: Display: Found up-to-date module file ../../../Engine/Plugins/NetcodeUnitTest/NetcodeUnitTest/Binaries/Win64/UE4Editor-NetcodeUnitTest.dll (API version 3944462).
LogModuleManager: Display: Found up-to-date module file ../../../Engine/Plugins/NetcodeUnitTest/NUTUnrealEngine4/Binaries/Win64/UE4Editor-NUTUnrealEngine4.dll (API version 3944462).
LogModuleManager: Display: Found up-to-date module file ../../../Engine/Plugins/Online/OnlineSubsystem/Binaries/Win64/UE4Editor-OnlineSubsystem.dll (API version 3944462).
LogModuleManager: Display: Found up-to-date module file ../../../Engine/Plugins/Runtime/AndroidPermission/Binaries/Win64/UE4Editor-AndroidPermission.dll (API version 3944462).
LogModuleManager: Display: Found up-to-date module file ../../../Engine/Plugins/Online/OnlineSubsystemNull/Binaries/Win64/UE4Editor-OnlineSubsystemNull.dll (API version 3944462).
LogModuleManager: Display: Found up-to-date module file ../../../Engine/Plugins/Online/OnlineSubsystemUtils/Binaries/Win64/UE4Editor-OnlineSubsystemUtils.dll (API version 3944462).
LogModuleManager: Display: Found up-to-date module file ../../../Engine/Plugins/Online/OnlineSubsystemUtils/Binaries/Win64/UE4Editor-OnlineBlueprintSupport.dll (API version 3944462).
LogModuleManager: Display: Found up-to-date module file ../../../Engine/Plugins/Runtime/AndroidDeviceProfileSelector/Binaries/Win64/UE4Editor-AndroidDeviceProfileSelector.dll (API version 3944462).
LogModuleManager: Display: Found up-to-date module file ../../../Engine/Plugins/Runtime/AppleARKit/Binaries/Win64/UE4Editor-AppleARKit.dll (API version 3944462).
LogModuleManager: Display: Found up-to-date module file ../../../Engine/Plugins/Runtime/ProceduralMeshComponent/Binaries/Win64/UE4Editor-ProceduralMeshComponent.dll (API version 3944462).
LogModuleManager: Display: Found up-to-date module file ../../../Engine/Plugins/Runtime/ProceduralMeshComponent/Binaries/Win64/UE4Editor-ProceduralMeshComponentEditor.dll (API version 3944462).
LogModuleManager: Display: Found up-to-date module file ../../../Engine/Plugins/Animation/LiveLink/Binaries/Win64/UE4Editor-LiveLink.dll (API version 3944462).
LogModuleManager: Display: Found up-to-date module file ../../../Engine/Plugins/Animation/LiveLink/Binaries/Win64/UE4Editor-LiveLinkEditor.dll (API version 3944462).
LogModuleManager: Display: Found up-to-date module file ../../../Engine/Plugins/Runtime/ArchVisCharacter/Binaries/Win64/UE4Editor-ArchVisCharacter.dll (API version 3944462).
LogModuleManager: Display: Found up-to-date module file ../../../Engine/Plugins/Runtime/AudioCapture/Binaries/Win64/UE4Editor-AudioCapture.dll (API version 3944462).
LogModuleManager: Display: Found up-to-date module file ../../../Engine/Plugins/Runtime/AudioCapture/Binaries/Win64/UE4Editor-AudioCaptureEditor.dll (API version 3944462).
LogModuleManager: Display: Found up-to-date module file ../../../Engine/Plugins/Runtime/CableComponent/Binaries/Win64/UE4Editor-CableComponent.dll (API version 3944462).
LogModuleManager: Display: Found up-to-date module file ../../../Engine/Plugins/Runtime/CustomMeshComponent/Binaries/Win64/UE4Editor-CustomMeshComponent.dll (API version 3944462).
LogModuleManager: Display: Found up-to-date module file ../../../Engine/Plugins/Runtime/ExampleDeviceProfileSelector/Binaries/Win64/UE4Editor-ExampleDeviceProfileSelector.dll (API version 3944462).
LogModuleManager: Display: Found up-to-date module file ../../../Engine/Plugins/Runtime/ImmediatePhysics/Binaries/Win64/UE4Editor-ImmediatePhysics.dll (API version 3944462).
LogModuleManager: Display: Found up-to-date module file ../../../Engine/Plugins/Runtime/ImmediatePhysics/Binaries/Win64/UE4Editor-ImmediatePhysicsEditor.dll (API version 3944462).
LogModuleManager: Display: Found up-to-date module file ../../../Engine/Plugins/Runtime/LocationServicesBPLibrary/Binaries/Win64/UE4Editor-LocationServicesBPLibrary.dll (API version 3944462).
LogModuleManager: Display: Found up-to-date module file ../../../Engine/Plugins/Runtime/MobilePatchingUtils/Binaries/Win64/UE4Editor-MobilePatchingUtils.dll (API version 3944462).
LogModuleManager: Display: Found up-to-date module file ../../../Engine/Plugins/Runtime/Oculus/OculusVR/Binaries/Win64/UE4Editor-OculusHMD.dll (API version 3944462).
LogModuleManager: Display: Found up-to-date module file ../../../Engine/Plugins/Runtime/Oculus/OculusVR/Binaries/Win64/UE4Editor-OculusInput.dll (API version 3944462).
LogModuleManager: Display: Found up-to-date module file ../../../Engine/Plugins/Runtime/Oculus/OculusVR/Binaries/Win64/UE4Editor-OculusEditor.dll (API version 3944462).
LogModuleManager: Display: Found up-to-date module file ../../../Engine/Plugins/Runtime/PhysXVehicles/Binaries/Win64/UE4Editor-PhysXVehicles.dll (API version 3944462).
LogModuleManager: Display: Found up-to-date module file ../../../Engine/Plugins/Runtime/PhysXVehicles/Binaries/Win64/UE4Editor-PhysXVehiclesEditor.dll (API version 3944462).
LogModuleManager: Display: Found up-to-date module file ../../../Engine/Plugins/Runtime/RuntimePhysXCooking/Binaries/Win64/UE4Editor-RuntimePhysXCooking.dll (API version 3944462).
LogModuleManager: Display: Found up-to-date module file ../../../Engine/Plugins/Runtime/Steam/SteamVR/Binaries/Win64/UE4Editor-SteamVR.dll (API version 3944462).
LogModuleManager: Display: Found up-to-date module file ../../../Engine/Plugins/Runtime/Steam/SteamVR/Binaries/Win64/UE4Editor-SteamVRController.dll (API version 3944462).
LogModuleManager: Display: Found up-to-date module file ../../../Engine/Plugins/Runtime/WindowsMoviePlayer/Binaries/Win64/UE4Editor-WindowsMoviePlayer.dll (API version 3944462).
LogPluginManager: Mounting plugin Paper2D
LogPluginManager: Mounting plugin LiveLink
LogPluginManager: Mounting plugin LightPropagationVolume
LogPluginManager: Mounting plugin CLionSourceCodeAccess
LogPluginManager: Mounting plugin CodeLiteSourceCodeAccess
LogPluginManager: Mounting plugin GitSourceControl
LogPluginManager: Mounting plugin KDevelopSourceCodeAccess
LogPluginManager: Mounting plugin NullSourceCodeAccess
LogPluginManager: Mounting plugin PerforceSourceControl
LogPluginManager: Mounting plugin SubversionSourceControl
LogPluginManager: Mounting plugin UObjectPlugin
LogPluginManager: Mounting plugin VisualStudioCodeSourceCodeAccess
LogPluginManager: Mounting plugin VisualStudioSourceCodeAccess
LogPluginManager: Mounting plugin XCodeSourceCodeAccess
LogPluginManager: Mounting plugin AssetManagerEditor
LogPluginManager: Mounting plugin CryptoKeys
LogPluginManager: Mounting plugin DataValidation
LogPluginManager: Mounting plugin FacialAnimation
LogPluginManager: Mounting plugin GameplayTagsEditor
LogPluginManager: Mounting plugin MobileLauncherProfileWizard
LogPluginManager: Mounting plugin PluginBrowser
LogPluginManager: Mounting plugin SpeedTreeImporter
LogPluginManager: Mounting plugin DatasmithContent
LogPluginManager: Mounting plugin AlembicImporter
LogPluginManager: Mounting plugin CharacterAI
LogPluginManager: Mounting plugin HTML5Networking
LogPluginManager: Mounting plugin AndroidMedia
LogPluginManager: Mounting plugin AvfMedia
LogPluginManager: Mounting plugin ImgMedia
LogPluginManager: Mounting plugin LinearTimecode
LogPluginManager: Mounting plugin MediaCompositing
LogPluginManager: Mounting plugin MediaPlayerEditor
LogPluginManager: Mounting plugin WmfMedia
LogPluginManager: Mounting plugin TcpMessaging
LogPluginManager: Mounting plugin UdpMessaging
LogPluginManager: Mounting plugin ActorSequence
LogPluginManager: Mounting plugin LevelSequenceEditor
LogPluginManager: Mounting plugin MatineeToLevelSequence
LogPluginManager: Mounting plugin NetcodeUnitTest
LogPluginManager: Mounting plugin NUTUnrealEngine4
LogPluginManager: Mounting plugin OnlineSubsystemGooglePlay
LogPluginManager: Mounting plugin OnlineSubsystemIOS
LogPluginManager: Mounting plugin OnlineSubsystem
LogPluginManager: Mounting plugin OnlineSubsystemNull
LogPluginManager: Mounting plugin OnlineSubsystemUtils
LogPluginManager: Mounting plugin AndroidDeviceProfileSelector
LogPluginManager: Mounting plugin AndroidMoviePlayer
LogPluginManager: Mounting plugin AndroidPermission
LogPluginManager: Mounting plugin AppleARKit
LogPluginManager: Mounting plugin AppleMoviePlayer
LogPluginManager: Mounting plugin ArchVisCharacter
LogPluginManager: Mounting plugin AudioCapture
LogPluginManager: Mounting plugin CableComponent
LogPluginManager: Mounting plugin CustomMeshComponent
LogPluginManager: Mounting plugin ExampleDeviceProfileSelector
LogPluginManager: Mounting plugin GoogleCloudMessaging
LogPluginManager: Mounting plugin ImmediatePhysics
LogPluginManager: Mounting plugin IOSDeviceProfileSelector
LogPluginManager: Mounting plugin LinuxDeviceProfileSelector
LogPluginManager: Mounting plugin LocationServicesBPLibrary
LogPluginManager: Mounting plugin MobilePatchingUtils
LogPluginManager: Mounting plugin OculusVR
LogPluginManager: Plugin shader directory ../../../Engine/Plugins/Runtime/Oculus/OculusVR/Shaders found
LogPluginManager: Mapping shader source directory ../../../Engine/Plugins/Runtime/Oculus/OculusVR/Shaders to virtual directory /Plugin/OculusVR
LogPluginManager: Mounting plugin PhysXVehicles
LogPluginManager: Mounting plugin ProceduralMeshComponent
LogPluginManager: Mounting plugin RuntimePhysXCooking
LogPluginManager: Mounting plugin SteamVR
LogPluginManager: Mounting plugin WindowsMoviePlayer
LogStreaming: Display: Took  2.067s to configure plugins.
LogInit: Using libcurl 7.47.1
LogInit:  - built for x86_64-pc-win32
LogInit:  - supports SSL with OpenSSL/1.0.2g
LogInit:  - supports HTTP deflate (compression) using libz 1.2.8
LogInit:  - other features:
LogInit:      CURL_VERSION_SSL
LogInit:      CURL_VERSION_LIBZ
LogInit:      CURL_VERSION_IPV6
LogInit:      CURL_VERSION_ASYNCHDNS
LogInit:      CURL_VERSION_LARGEFILE
LogInit:      CURL_VERSION_IDN
LogInit:  CurlRequestOptions (configurable via config and command line):
LogInit:  - bVerifyPeer = false  - Libcurl will NOT verify peer certificate
LogInit:  - bUseHttpProxy = false  - Libcurl will NOT use HTTP proxy
LogInit:  - bDontReuseConnections = false  - Libcurl will reuse connections
LogInit:  - CertBundlePath = nullptr  - Libcurl will use whatever was configured at build time.
LogInit:  - MaxHostConnections = 16  - Libcurl will limit the number of connections to a host
LogInit:  - LocalHostAddr = Default
LogInit: WinSock: version 1.1 (2.2), MaxSocks=32767, MaxUdp=65467
LogInit: WinSock: I am DESKTOP-5J6HU0I (10.2.5.69:0)
LogInit: Build: ++UE4+Release-4.19-CL-4033788
LogInit: Engine Version: 4.19.2-4033788+++UE4+Release-4.19
LogInit: Compatible Engine Version: 4.19.0-3944462+++UE4+Release-4.19
LogInit: Net CL: 3944462
LogDevObjectVersion: Number of dev versions registered: 18
LogDevObjectVersion:   Dev-Blueprints (B0D832E4-1F89-4F0D-ACCF-7EB736FD4AA2): 10
LogDevObjectVersion:   Dev-Build (E1C64328-A22C-4D53-A36C-8E866417BD8C): 0
LogDevObjectVersion:   Dev-Core (375EC13C-06E4-48FB-B500-84F0262A717E): 2
LogDevObjectVersion:   Dev-Editor (E4B068ED-F494-42E9-A231-DA0B2E46BB41): 23
LogDevObjectVersion:   Dev-Framework (CFFC743F-43B0-4480-9391-14DF171D2073): 33
LogDevObjectVersion:   Dev-Mobile (B02B49B5-BB20-44E9-A304-32B752E40360): 2
LogDevObjectVersion:   Dev-Networking (A4E4105C-59A1-49B5-A7C5-40C4547EDFEE): 0
LogDevObjectVersion:   Dev-Online (39C831C9-5AE6-47DC-9A44-9C173E1C8E7C): 0
LogDevObjectVersion:   Dev-Physics (78F01B33-EBEA-4F98-B9B4-84EACCB95AA2): 0
LogDevObjectVersion:   Dev-Platform (6631380F-2D4D-43E0-8009-CF276956A95A): 0
LogDevObjectVersion:   Dev-Rendering (12F88B9F-8875-4AFC-A67C-D90C383ABD29): 25
LogDevObjectVersion:   Dev-Sequencer (7B5AE74C-D270-4C10-A958-57980B212A5A): 6
LogDevObjectVersion:   Dev-VR (D7296918-1DD6-4BDD-9DE2-64A83CC13884): 1
LogDevObjectVersion:   Dev-LoadTimes (C2A15278-BFE7-4AFE-6C17-90FF531DF755): 1
LogDevObjectVersion:   Private-Geometry (6EACA3D4-40EC-4CC1-B786-8BED09428FC5): 2
LogDevObjectVersion:   Dev-AnimPhys (29E575DD-E0A3-4627-9D10-D276232CDCEA): 16
LogDevObjectVersion:   Dev-ReflectionCapture (6B266CEC-1EC7-4B8F-A30B-E4D90942FC07): 1
LogDevObjectVersion:   Dev-Automation (0DF73D61-A23F-47EA-B727-89E90C41499A): 1
LogInit: Compiled (64-bit): Apr 27 2018 02:06:57
LogInit: Compiled with Visual C++: 19.00.24215.01
LogInit: Build Configuration: Development
LogInit: Branch Name: ++UE4+Release-4.19
LogInit: Command Line: -EpicPortal 
LogInit: Base Directory: C:/Program Files/Epic Games/UE_4.19/Engine/Binaries/Win64/
LogInit: Installed Engine Build: 1
LogStreaming: Display: Took  0.007s to delete old logs.
LogInit: Presizing for max 8388607 objects, including 0 objects not considered by GC, pre-allocating 0 bytes for permanent pool.
LogInit: Object subsystem initialized
[2018.08.06-14.42.50:780][  0]LogInit: Selected Device Profile: [Windows]
[2018.08.06-14.42.50:780][  0]LogInit: Applying CVar settings loaded from the selected device profile: [Windows]
[2018.08.06-14.42.50:797][  0]LogInit: Computer: DESKTOP-5J6HU0I
[2018.08.06-14.42.50:797][  0]LogInit: User: usagi
[2018.08.06-14.42.50:797][  0]LogInit: CPU Page size=4096, Cores=2
[2018.08.06-14.42.50:797][  0]LogInit: High frequency timer resolution =2.343747 MHz
[2018.08.06-14.42.50:797][  0]LogMemory: Memory total: Physical=15.9GB (16GB approx)
[2018.08.06-14.42.50:797][  0]LogMemory: Platform Memory Stats for Windows
[2018.08.06-14.42.50:797][  0]LogMemory: Process Physical Memory: 272.52 MB used, 272.52 MB peak
[2018.08.06-14.42.50:797][  0]LogMemory: Process Virtual Memory: 266.03 MB used, 266.03 MB peak
[2018.08.06-14.42.50:797][  0]LogMemory: Physical Memory: 7159.24 MB used,  9138.70 MB free, 16297.94 MB total
[2018.08.06-14.42.50:797][  0]LogMemory: Virtual Memory: 4762.94 MB used,  9138.70 MB free, 134217728.00 MB total
[2018.08.06-14.42.50:828][  0]LogInit: Using OS detected language (de-DE).
[2018.08.06-14.42.50:828][  0]LogInit: Using OS detected locale (de-DE).
[2018.08.06-14.42.50:833][  0]LogTextLocalizationManager: No localization for 'de-DE' exists, so 'en' will be used for the language.
[2018.08.06-14.42.51:441][  0]LogStreaming: Display: Took  0.613s to EndInitTextLocalization.
[2018.08.06-14.42.51:442][  0]LogInit: Setting process to per monitor DPI aware
[2018.08.06-14.42.51:488][  0]LogSlate: New Slate User Created.  User Index 0, Is Virtual User: 0
[2018.08.06-14.42.51:488][  0]LogSlate: Slate User Registered.  User Index 0, Is Virtual User: 0
[2018.08.06-14.42.51:828][  0]LogD3D11RHI: D3D11 adapters:
[2018.08.06-14.42.51:907][  0]LogD3D11RHI:    0. 'NVIDIA GeForce GTX 950M' (Feature Level 11_0)
[2018.08.06-14.42.51:907][  0]LogD3D11RHI:       2010/0/8148 MB DedicatedVideo/DedicatedSystem/SharedSystem, Outputs:1, VendorId:0x10de
[2018.08.06-14.42.51:916][  0]LogD3D11RHI:    1. 'Intel(R) HD Graphics 520' (Feature Level 11_0)
[2018.08.06-14.42.51:916][  0]LogD3D11RHI:       128/0/8148 MB DedicatedVideo/DedicatedSystem/SharedSystem, Outputs:0, VendorId:0x8086
[2018.08.06-14.42.51:920][  0]LogD3D11RHI:    2. 'Microsoft Basic Render Driver' (Feature Level 11_0)
[2018.08.06-14.42.51:920][  0]LogD3D11RHI:       0/0/8148 MB DedicatedVideo/DedicatedSystem/SharedSystem, Outputs:0, VendorId:0x1414
[2018.08.06-14.42.51:920][  0]LogD3D11RHI: Chosen D3D11 Adapter: 0
[2018.08.06-14.42.51:943][  0]LogD3D11RHI: Creating new Direct3DDevice
[2018.08.06-14.42.51:943][  0]LogD3D11RHI:     GPU DeviceId: 0x139a (for the marketing name, search the web for "GPU Device Id")
[2018.08.06-14.42.51:943][  0]LogWindows: EnumDisplayDevices:
[2018.08.06-14.42.51:944][  0]LogWindows:    0. 'Intel(R) HD Graphics 520' (P:1 D:1)
[2018.08.06-14.42.51:944][  0]LogWindows:    1. 'Intel(R) HD Graphics 520' (P:0 D:0)
[2018.08.06-14.42.51:945][  0]LogWindows:    2. 'Intel(R) HD Graphics 520' (P:0 D:0)
[2018.08.06-14.42.51:945][  0]LogWindows: DebugString: GetVideoDriverDetailsInvalid PrimaryIsNotTheChoosenAdapter GetVideoDriverDetailsInvalid PrimaryIsNotTheChoosenAdapter GetVideoDriverDetailsInvalid PrimaryIsNotTheChoosenAdapter FoundDriverCount:0 
[2018.08.06-14.42.51:945][  0]LogD3D11RHI:     Adapter Name: NVIDIA GeForce GTX 950M
[2018.08.06-14.42.51:945][  0]LogD3D11RHI:   Driver Version: Unknown (internal:Unknown, unified:Unknown)
[2018.08.06-14.42.51:945][  0]LogD3D11RHI:      Driver Date: Unknown
[2018.08.06-14.42.51:945][  0]LogRHI: Texture pool is 1407 MB (70% of 2010 MB)
[2018.08.06-14.42.52:007][  0]LogD3D11RHI: [Aftermath] Aftermath enabled and primed
[2018.08.06-14.42.52:007][  0]LogD3D11RHI: [Aftermath] Aftermath enabled and primed
[2018.08.06-14.42.52:007][  0]LogD3D11RHI: Async texture creation enabled
[2018.08.06-14.42.52:026][  0]LogD3D11RHI: GPU Timing Frequency: 1000.000000 (Debug: 2 2)
[2018.08.06-14.42.52:028][  0]LogShaderCompilers: Guid format shader working directory is -19 characters bigger than the processId version (../../../../../../Users/usagi/Documents/Unreal Projects/Roadhouse/Intermediate/Shaders/WorkingDirectory/1444/).
[2018.08.06-14.42.52:028][  0]LogShaderCompilers: Cleaned the shader compiler working directory 'C:/Users/usagi/AppData/Local/Temp/UnrealShaderWorkingDir/F32617F345DCEC4385A9A9ABC7710FDA/'.
[2018.08.06-14.42.52:386][  0]LogTemp: Display: Loaded TP AllDesktopTargetPlatform
[2018.08.06-14.42.52:407][  0]LogTemp: Display: Loaded TP MacClientTargetPlatform
[2018.08.06-14.42.52:428][  0]LogTemp: Display: Loaded TP MacNoEditorTargetPlatform
[2018.08.06-14.42.52:447][  0]LogTemp: Display: Loaded TP MacServerTargetPlatform
[2018.08.06-14.42.52:469][  0]LogTemp: Display: Loaded TP MacTargetPlatform
[2018.08.06-14.42.52:490][  0]LogTemp: Display: Loaded TP WindowsClientTargetPlatform
[2018.08.06-14.42.52:508][  0]LogTemp: Display: Loaded TP WindowsNoEditorTargetPlatform
[2018.08.06-14.42.52:529][  0]LogTemp: Display: Loaded TP WindowsServerTargetPlatform
[2018.08.06-14.42.52:540][  0]LogTemp: Display: Loaded TP WindowsTargetPlatform
[2018.08.06-14.42.52:559][  0]LogTemp: Display: Loaded TP Android_ASTCTargetPlatform
[2018.08.06-14.42.52:576][  0]LogTemp: Display: Loaded TP Android_ATCTargetPlatform
[2018.08.06-14.42.52:595][  0]LogTemp: Display: Loaded TP Android_DXTTargetPlatform
[2018.08.06-14.42.52:613][  0]LogTemp: Display: Loaded TP Android_ETC1aTargetPlatform
[2018.08.06-14.42.52:629][  0]LogTemp: Display: Loaded TP Android_ETC1TargetPlatform
[2018.08.06-14.42.52:648][  0]LogTemp: Display: Loaded TP Android_ETC2TargetPlatform
[2018.08.06-14.42.52:682][  0]LogTemp: Display: Loaded TP Android_MultiTargetPlatform
[2018.08.06-14.42.52:682][  0]LogTemp: Display: Loaded TP Android_PVRTCTargetPlatform
[2018.08.06-14.42.52:702][  0]LogTemp: Display: Loaded TP AndroidTargetPlatform
[2018.08.06-14.42.52:704][  0]LogTemp: Display: Loaded TP HTML5TargetPlatform
[2018.08.06-14.42.52:748][  0]LogTemp: Display: Loaded TP IOSTargetPlatform
[2018.08.06-14.42.52:764][  0]LogTemp: Display: Loaded TP TVOSTargetPlatform
[2018.08.06-14.42.52:783][  0]LogTemp: Display: Loaded TP LinuxClientTargetPlatform
[2018.08.06-14.42.52:803][  0]LogTemp: Display: Loaded TP LinuxNoEditorTargetPlatform
[2018.08.06-14.42.52:820][  0]LogTemp: Display: Loaded TP LinuxServerTargetPlatform
[2018.08.06-14.42.52:837][  0]LogTemp: Display: Loaded TP LinuxTargetPlatform
[2018.08.06-14.42.52:837][  0]LogTargetPlatformManager: Display: Building Assets For Windows
[2018.08.06-14.42.53:031][  0]LogXGEController: Cannot use XGE Controller as Incredibuild is not installed on this machine.
[2018.08.06-14.42.53:031][  0]LogShaderCompilers: Cannot use XGE Shader Compiler as Incredibuild is not installed on this machine.
[2018.08.06-14.42.53:031][  0]LogShaderCompilers: Display: Using Local Shader Compiler.
[2018.08.06-14.42.54:037][  0]LogDerivedDataCache: Display: Max Cache Size: 512 MB
[2018.08.06-14.42.54:119][  0]LogDerivedDataCache: Loaded boot cache 0.08s 74MB C:/Users/usagi/AppData/Local/UnrealEngine/4.19/DerivedDataCache/Boot.ddc.
[2018.08.06-14.42.54:119][  0]LogDerivedDataCache: Display: Loaded Boot cache: C:/Users/usagi/AppData/Local/UnrealEngine/4.19/DerivedDataCache/Boot.ddc
[2018.08.06-14.42.54:119][  0]LogDerivedDataCache: FDerivedDataBackendGraph:  Pak pak cache file ../../../../../../Users/usagi/Documents/Unreal Projects/Roadhouse/DerivedDataCache/DDC.ddp not found, will not use a pak cache.
[2018.08.06-14.42.54:119][  0]LogDerivedDataCache: Unable to find inner node Pak for hierarchical cache Hierarchy.
[2018.08.06-14.42.54:119][  0]LogDerivedDataCache: FDerivedDataBackendGraph:  CompressedPak pak cache file ../../../../../../Users/usagi/Documents/Unreal Projects/Roadhouse/DerivedDataCache/Compressed.ddp not found, will not use a pak cache.
[2018.08.06-14.42.54:119][  0]LogDerivedDataCache: Unable to find inner node CompressedPak for hierarchical cache Hierarchy.
[2018.08.06-14.42.54:142][  0]LogDerivedDataCache: Display: Pak cache opened for reading ../../../Engine/DerivedDataCache/Compressed.ddp.
[2018.08.06-14.42.54:155][  0]LogDerivedDataCache: Using Local data cache path C:/Users/usagi/AppData/Local/UnrealEngine/Common/DerivedDataCache: Writable
[2018.08.06-14.42.54:155][  0]LogDerivedDataCache: Shared data cache path not found in *engine.ini, will not use an Shared cache.
[2018.08.06-14.42.54:155][  0]LogDerivedDataCache: Unable to find inner node Shared for hierarchical cache Hierarchy.
[2018.08.06-14.42.54:171][  0]LogMaterial: Verifying Global Shaders for PCD3D_SM5
[2018.08.06-14.42.54:171][  0]LogSlate: Using Freetype 2.6.0
[2018.08.06-14.42.54:172][  0]LogSlate: SlateFontCache - WITH_FREETYPE: 1, WITH_HARFBUZZ: 1
[2018.08.06-14.42.54:172][  0]LogSlate: SlateFontCache - WITH_FREETYPE: 1, WITH_HARFBUZZ: 1
[2018.08.06-14.42.54:364][  0]LogAssetRegistry: FAssetRegistry took 0.0286 seconds to start up
[2018.08.06-14.42.54:829][  0]LogInit: Selected Device Profile: [Windows]
[2018.08.06-14.42.55:052][  0]LogSimplygon: Simplygon DLL not present - disabling.
[2018.08.06-14.42.55:056][  0]LogMeshReduction: Using SimplygonSwarm for distributed automatic mesh merging
[2018.08.06-14.42.55:056][  0]LogMeshReduction: Using QuadricMeshReduction for automatic static mesh reduction
[2018.08.06-14.42.55:056][  0]LogMeshReduction: No automatic skeletal mesh reduction module available
[2018.08.06-14.42.55:056][  0]LogMeshReduction: No automatic mesh merging module available
[2018.08.06-14.42.55:056][  0]LogMeshMerging: No automatic mesh merging module available
[2018.08.06-14.42.55:107][  0]LogNetVersion: Roadhouse , NetCL: 3944462, EngineNetVer: 2, GameNetVer: 0 (Checksum: 487093703)
[2018.08.06-14.42.55:708][  0]LogPackageLocalizationCache: Processed 9 localized package path(s) for 1 prioritized culture(s) in 0.076890 seconds
[2018.08.06-14.42.55:715][  0]LogUObjectArray: 36728 objects as part of root set at end of initial load.
[2018.08.06-14.42.55:715][  0]LogUObjectAllocator: 7314304 out of 0 bytes used by permanent object pool.
[2018.08.06-14.42.55:715][  0]LogUObjectArray: CloseDisregardForGC: 0/0 objects in disregard for GC pool
[2018.08.06-14.42.58:216][  0]LogTcpMessaging: Initializing TcpMessaging bridge
[2018.08.06-14.42.58:262][  0]LogUdpMessaging: Initializing bridge on interface 0.0.0.0:0 to multicast group 230.0.0.1:6666.
[2018.08.06-14.42.58:863][  0]SourceControl: Source control is disabled
[2018.08.06-14.43.00:402][  0]LogAndroidPermission: UAndroidPermissionCallbackProxy::GetInstance
[2018.08.06-14.43.00:670][  0]LogOcInput: OculusInput pre-init called
[2018.08.06-14.43.00:848][  0]LogEngine: Initializing Engine...
[2018.08.06-14.43.00:851][  0]LogHMD: Failed to initialize OpenVR with code 110
[2018.08.06-14.43.00:853][  0]LogStats: UGameplayTagsManager::ConstructGameplayTagTree: Construct from data asset -  0.000 s
[2018.08.06-14.43.00:853][  0]LogStats: UGameplayTagsManager::ConstructGameplayTagTree: GameplayTagTreeChangedEvent.Broadcast -  0.000 s
[2018.08.06-14.43.01:149][  0]LogAIModule: Creating AISystem for world Untitled
[2018.08.06-14.43.01:163][  0]LogInit: XAudio2 using 'Lautsprecher (Realtek High Definition Audio)' : 2 channels at 48 kHz using 32 bits per sample (channel mask 0x3)
[2018.08.06-14.43.01:184][  0]LogInit: FAudioDevice initialized.
[2018.08.06-14.43.01:270][  0]LogDerivedDataCache: Saved boot cache 0.09s 74MB C:/Users/usagi/AppData/Local/UnrealEngine/4.19/DerivedDataCache/Boot.ddc.
[2018.08.06-14.43.01:283][  0]LogInit: Texture streaming: Enabled
[2018.08.06-14.43.01:310][  0]LogEngineSessionManager: EngineSessionManager initialized
[2018.08.06-14.43.01:330][  0]LogInit: Transaction tracking system initialized
[2018.08.06-14.43.01:368][  0]BlueprintLog: New page: Editor Load
[2018.08.06-14.43.01:498][  0]LocalizationService: Localization service is disabled
[2018.08.06-14.43.01:660][  0]LogConsoleResponse: Display: 
[2018.08.06-14.43.01:902][  0]LogCook: Display: Max memory allowance for cook 16384mb min free memory 0mb
[2018.08.06-14.43.01:902][  0]LogCook: Display: Mobile HDR setting 1
[2018.08.06-14.43.01:902][  0]LogGameplayTags: Display: UGameplayTagsManager::DoneAddingNativeTags. DelegateIsBound: 0
[2018.08.06-14.43.01:902][  0]LogStats: UGameplayTagsManager::ConstructGameplayTagTree: Construct from data asset -  0.000 s
[2018.08.06-14.43.01:902][  0]LogStats: UGameplayTagsManager::ConstructGameplayTagTree: GameplayTagTreeChangedEvent.Broadcast -  0.000 s
[2018.08.06-14.43.02:596][  0]LogFileCache: Scanning file cache for directory 'C:/Users/usagi/Documents/Unreal Projects/Roadhouse/Content/' took 0.02s
[2018.08.06-14.43.02:596][  0]Cmd: MAP LOAD FILE="../../../../../../Users/usagi/Documents/Unreal Projects/Roadhouse/Content/FirstPersonBP/Maps/FirstPersonExampleMap.umap" TEMPLATE=0 SHOWPROGRESS=1 FEATURELEVEL=3
[2018.08.06-14.43.02:597][  0]LightingResults: New page: Lighting Build
[2018.08.06-14.43.02:601][  0]MapCheck: New page: Map Check
[2018.08.06-14.43.02:601][  0]LightingResults: New page: Lighting Build
[2018.08.06-14.43.02:675][  0]LogUObjectGlobals: Created PersistentFrame Addr=0x000001b4f4386430, Size=72, Default__FirstPerson_AnimBP_C Function /Game/FirstPerson/Animations/FirstPerson_AnimBP.FirstPerson_AnimBP_C:ExecuteUbergraph_FirstPerson_AnimBP
[2018.08.06-14.43.02:685][  0]LogUObjectGlobals: Destroyed PersistentFrame Addr=0x000001b4f4386430, Size=72
[2018.08.06-14.43.02:685][  0]LogUObjectGlobals: Created PersistentFrame Addr=0x000001b4d981f920, Size=72, Default__FirstPerson_AnimBP_C Function /Engine/Transient.REINST_FirstPerson_AnimBP_C_0:ExecuteUbergraph_FirstPerson_AnimBP
[2018.08.06-14.43.02:697][  0]LogUObjectGlobals: Created PersistentFrame Addr=0x000001b4da4bdad0, Size=72, Default__FirstPerson_AnimBP_C Function /Game/FirstPerson/Animations/FirstPerson_AnimBP.FirstPerson_AnimBP_C:ExecuteUbergraph_FirstPerson_AnimBP
[2018.08.06-14.43.02:713][  0]LogUObjectGlobals: Created PersistentFrame Addr=0x000001b4da49a700, Size=256, Default__FirstPersonProjectile_C Function /Game/FirstPersonBP/Blueprints/FirstPersonProjectile.FirstPersonProjectile_C:ExecuteUbergraph_FirstPersonProjectile
[2018.08.06-14.43.02:719][  0]LogUObjectGlobals: Destroyed PersistentFrame Addr=0x000001b4da49a700, Size=256
[2018.08.06-14.43.02:719][  0]LogUObjectGlobals: Created PersistentFrame Addr=0x000001b4da49a700, Size=256, Default__FirstPersonProjectile_C Function /Engine/Transient.REINST_FirstPersonProjectile_C_4:ExecuteUbergraph_FirstPersonProjectile
[2018.08.06-14.43.02:723][  0]LogUObjectGlobals: Created PersistentFrame Addr=0x000001b4da498c00, Size=256, Default__FirstPersonProjectile_C Function /Game/FirstPersonBP/Blueprints/FirstPersonProjectile.FirstPersonProjectile_C:ExecuteUbergraph_FirstPersonProjectile
[2018.08.06-14.43.02:814][  0]LogUObjectGlobals: Created PersistentFrame Addr=0x000001b4da109000, Size=688, Default__FirstPersonCharacter_C Function /Game/FirstPersonBP/Blueprints/FirstPersonCharacter.FirstPersonCharacter_C:ExecuteUbergraph_FirstPersonCharacter
[2018.08.06-14.43.02:830][  0]LogUObjectGlobals: Destroyed PersistentFrame Addr=0x000001b4da109000, Size=688
[2018.08.06-14.43.02:830][  0]LogUObjectGlobals: Created PersistentFrame Addr=0x000001b4d9d02500, Size=688, Default__FirstPersonCharacter_C Function /Engine/Transient.REINST_FirstPersonCharacter_C_6:ExecuteUbergraph_FirstPersonCharacter
[2018.08.06-14.43.02:842][  0]LogUObjectGlobals: Created PersistentFrame Addr=0x000001b4d9d00a00, Size=688, Default__FirstPersonCharacter_C Function /Game/FirstPersonBP/Blueprints/FirstPersonCharacter.FirstPersonCharacter_C:ExecuteUbergraph_FirstPersonCharacter
[2018.08.06-14.43.02:953][  0]LogUObjectGlobals: Created PersistentFrame Addr=0x000001b4de183f90, Size=52, Default__FirstPersonHUD_C Function /Game/FirstPersonBP/Blueprints/FirstPersonHUD.FirstPersonHUD_C:ExecuteUbergraph_FirstPersonHUD
[2018.08.06-14.43.02:956][  0]LogUObjectGlobals: Destroyed PersistentFrame Addr=0x000001b4de183f90, Size=52
[2018.08.06-14.43.02:957][  0]LogUObjectGlobals: Created PersistentFrame Addr=0x000001b4de183f90, Size=52, Default__FirstPersonHUD_C Function /Engine/Transient.REINST_FirstPersonHUD_C_10:ExecuteUbergraph_FirstPersonHUD
[2018.08.06-14.43.02:960][  0]LogUObjectGlobals: Created PersistentFrame Addr=0x000001b4de1838c8, Size=52, Default__FirstPersonHUD_C Function /Game/FirstPersonBP/Blueprints/FirstPersonHUD.FirstPersonHUD_C:ExecuteUbergraph_FirstPersonHUD
[2018.08.06-14.43.03:575][  0]LogSkeletalMesh: Skeletal Mesh found in DDC [6.744755ms] /Game/FirstPerson/Character/Mesh/SK_Mannequin_Arms.SK_Mannequin_Arms
[2018.08.06-14.43.03:775][  0]LogSkeletalMesh: Skeletal Mesh found in DDC [4.402779ms] /Game/FirstPerson/FPWeapon/Mesh/SK_FPGun.SK_FPGun
[2018.08.06-14.43.03:829][  0]LogAIModule: Creating AISystem for world FirstPersonExampleMap
[2018.08.06-14.43.03:858][  0]LogEditorServer: Finished looking for orphan Actors (0.000 secs)
[2018.08.06-14.43.03:880][  0]LogUObjectGlobals: Destroyed PersistentFrame Addr=0x000001b4d981f920, Size=72
[2018.08.06-14.43.03:880][  0]LogUObjectGlobals: Destroyed PersistentFrame Addr=0x000001b4da49a700, Size=256
[2018.08.06-14.43.03:880][  0]LogUObjectGlobals: Destroyed PersistentFrame Addr=0x000001b4d9d02500, Size=688
[2018.08.06-14.43.03:880][  0]LogUObjectGlobals: Destroyed PersistentFrame Addr=0x000001b4de183f90, Size=52
[2018.08.06-14.43.03:882][  0]Cmd: MAP CHECKDEP NOCLEARLOG
[2018.08.06-14.43.04:043][  0]MapCheck: Map check complete: 0 Error(s), 0 Warning(s), took 160,26ms to complete.
[2018.08.06-14.43.04:043][  0]LogFileHelpers: Loading map 'FirstPersonExampleMap' took 1.447
[2018.08.06-14.43.04:228][  0]LogCollectionManager: Loaded 0 collections in 0.003513 seconds
[2018.08.06-14.43.04:282][  0]LogFileCache: Scanning file cache for directory 'C:/Users/usagi/Documents/Unreal Projects/Roadhouse/Saved/Collections/' took 0.01s
[2018.08.06-14.43.04:282][  0]LogFileCache: Scanning file cache for directory 'C:/Users/usagi/Documents/Unreal Projects/Roadhouse/Content/Developers/usagi/Collections/' took 0.01s
[2018.08.06-14.43.04:282][  0]LogFileCache: Scanning file cache for directory 'C:/Users/usagi/Documents/Unreal Projects/Roadhouse/Content/Collections/' took 0.01s
[2018.08.06-14.43.04:282][  0]LogCollectionManager: Rebuilt the GUID cache for 0 collections in 0.000001 seconds
[2018.08.06-14.43.04:298][  0]LogContentBrowser: Native class hierarchy populated in 0.0166 seconds. Added 2452 classes and 558 folders.
[2018.08.06-14.43.04:311][  0]LogContentBrowser: Native class hierarchy updated for 'WidgetCarousel' in 0.0004 seconds. Added 0 classes and 0 folders.
[2018.08.06-14.43.04:411][  0]LogContentBrowser: Native class hierarchy updated for 'AddContentDialog' in 0.0004 seconds. Added 0 classes and 0 folders.
[2018.08.06-14.43.04:419][  0]LogContentBrowser: Native class hierarchy updated for 'SceneOutliner' in 0.0004 seconds. Added 1 classes and 2 folders.
[2018.08.06-14.43.04:446][  0]LogSlate: Took 0.000341 seconds to synchronously load lazily loaded font '../../../Engine/Content/Slate/Fonts/Roboto-Regular.ttf' (155K)
[2018.08.06-14.43.04:449][  0]LogSlate: Took 0.000339 seconds to synchronously load lazily loaded font '../../../Engine/Content/Slate/Fonts/Roboto-Bold.ttf' (160K)
[2018.08.06-14.43.04:458][  0]LogSlate: Took 0.000315 seconds to synchronously load lazily loaded font '../../../Engine/Content/Editor/Slate/Fonts/FontAwesome.ttf' (139K)
[2018.08.06-14.43.04:645][  0]LogRenderer: Reallocating scene render targets to support 1308x648 Format 10 NumSamples 1 (Frame:1).
[2018.08.06-14.43.05:052][  0]LogContentBrowser: Native class hierarchy updated for 'HierarchicalLODOutliner' in 0.0003 seconds. Added 0 classes and 0 folders.
[2018.08.06-14.43.05:052][  0]LogLoad: (Engine Initialization) Total time: 18.36 seconds
[2018.08.06-14.43.05:052][  0]LogLoad: (Engine Initialization) Total Blueprint compile time: 0.00 seconds
[2018.08.06-14.43.05:070][  0]LogWindowsTextInputMethodSystem: Display: IME system now deactivated.
[2018.08.06-14.43.05:091][  0]LogContentStreaming: Texture pool size now 1000 MB
[2018.08.06-14.43.05:120][  0]LogSlate: Took 0.000354 seconds to synchronously load lazily loaded font '../../../Engine/Content/Slate/Fonts/Roboto-Light.ttf' (167K)
[2018.08.06-14.43.05:229][  2]LogAssetRegistry: Asset discovery search completed in 10.8876 seconds
[2018.08.06-14.43.05:233][  2]LogCollectionManager: Rebuilt the object cache for 0 collections in 0.000000 seconds (found 0 objects)
[2018.08.06-14.43.05:233][  2]LogCollectionManager: Fixed up redirectors for 0 collections in 0.000097 seconds (updated 0 objects)
[2018.08.06-14.43.07:743][123]LogSlate: FSceneViewport::OnFocusLost() reason 2
[2018.08.06-14.43.10:016][259]LogEditorViewport: Clicking on Actor (LMB): BP_Sky_Sphere_C (SkySphereBlueprint)
[2018.08.06-14.43.20:935][850]LogEditorViewport: Clicking on Actor (LMB): BP_Sky_Sphere_C (SkySphereBlueprint)
[2018.08.06-14.43.21:843][896]LogEditorViewport: Clicking on Actor (LMB): StaticMeshActor (blockout_mit_assets)
[2018.08.06-14.43.22:715][914]LogEditorViewport: Clicking on Actor (LMB): BP_Sky_Sphere_C (SkySphereBlueprint)
[2018.08.06-14.43.27:488][153]LogSlate: FSceneViewport::OnFocusLost() reason 0
[2018.08.06-14.43.48:748][162]LogSlate: Window 'Delete Assets' being destroyed
[2018.08.06-14.43.48:756][162]LogSlate: Took 0.000322 seconds to synchronously load lazily loaded font '../../../Engine/Content/Slate/Fonts/Roboto-Light.ttf' (167K)
[2018.08.06-14.43.49:838][162]SourceControl: Error: fatal: git rm: 'Content/Textures/Table/Table_BaseColor.uasset': Invalid argument
[2018.08.06-14.43.49:838][162]SourceControl: rm 'Content/Textures/Table/Table_BaseColor.uasset'
[2018.08.06-14.43.49:838][162]SourceControl: rm 'Content/Textures/Table/Table_BaseColor_Mat.uasset'
[2018.08.06-14.43.49:838][162]SourceControl: rm 'Content/Textures/Table/Table_Normal.uasset'
[2018.08.06-14.43.49:838][162]SourceControl: rm 'Content/Textures/Table/Table_OcclusionRoughnessMetallic.uasset'
[2018.08.06-14.43.49:840][162]LogObjectTools: Warning: SCC failed to open the selected files for deletion.
[2018.08.06-14.43.53:812][332]LogEditorViewport: Clicking on Actor (LMB): BP_Sky_Sphere_C (SkySphereBlueprint)
[2018.08.06-14.43.55:264][409]LogSlate: FSceneViewport::OnFocusLost() reason 2
[2018.08.06-14.43.55:770][409]LogSavePackage: Save=340.96ms
[2018.08.06-14.43.55:770][409]LogSavePackage: Moving '../../../../../../Users/usagi/Documents/Unreal Projects/Roadhouse/Saved/FirstPersonExampleMapA9632C1D44D5F75DFD43B7BE3009B902.tmp' to '../../../../../../Users/usagi/Documents/Unreal Projects/Roadhouse/Content/FirstPersonBP/Maps/FirstPersonExampleMap.umap'
[2018.08.06-14.43.55:779][409]LogSavePackage: Display: Finished SavePackage ../../../../../../Users/usagi/Documents/Unreal Projects/Roadhouse/Content/FirstPersonBP/Maps/FirstPersonExampleMap.umap
[2018.08.06-14.43.59:840][409]LogSavePackage: Save=3904.48ms
[2018.08.06-14.43.59:840][409]LogSavePackage: Moving '../../../../../../Users/usagi/Documents/Unreal Projects/Roadhouse/Saved/FirstPersonExampleMap_BuiltData10C8DEFD4B271EBE74A506AEE0919BA2.tmp' to '../../../../../../Users/usagi/Documents/Unreal Projects/Roadhouse/Content/FirstPersonBP/Maps/FirstPersonExampleMap_BuiltData.uasset'
[2018.08.06-14.43.59:847][409]LogSavePackage: Display: Finished SavePackage ../../../../../../Users/usagi/Documents/Unreal Projects/Roadhouse/Content/FirstPersonBP/Maps/FirstPersonExampleMap_BuiltData.uasset
[2018.08.06-14.44.06:647][748]LogEditorViewport: Clicking on Actor (LMB): StaticMeshActor (Table_v2_1)
[2018.08.06-14.44.07:492][791]Cmd: CAMERA ALIGN ACTIVEVIEWPORTONLY
[2018.08.06-14.44.14:134][167]LogEditorViewport: Clicking on Actor (LMB): StaticMeshActor (blockout_Table_v5)
[2018.08.06-14.44.15:750][256]LogEditorViewport: Clicking on Actor (CTRL LMB): StaticMeshActor (blockout_Table_v1)
[2018.08.06-14.44.16:499][294]LogEditorViewport: Clicking on Actor (CTRL LMB): StaticMeshActor (blockout_Table_v7)
[2018.08.06-14.44.17:208][329]LogEditorViewport: Clicking on Actor (CTRL LMB): StaticMeshActor (blockout_Table_v6)
[2018.08.06-14.44.18:089][376]LogEditorViewport: Clicking on Actor (CTRL LMB): StaticMeshActor (blockout_Table_v4)
[2018.08.06-14.44.18:960][422]LogEditorViewport: Clicking on Actor (CTRL LMB): StaticMeshActor (blockout_Table_v2)
[2018.08.06-14.44.21:520][566]LogEditorViewport: Clicking on Actor (CTRL LMB): StaticMeshActor (blockout_Table_v3)
[2018.08.06-14.44.22:594][624]Cmd: DELETE
[2018.08.06-14.44.22:595][624]Cmd: ACTOR DELETE
[2018.08.06-14.44.22:609][624]LogEditorActor: Deleted Actor: StaticMeshActor
[2018.08.06-14.44.22:610][624]LogEditorActor: Deleted Actor: StaticMeshActor
[2018.08.06-14.44.22:610][624]LogEditorActor: Deleted Actor: StaticMeshActor
[2018.08.06-14.44.22:610][624]LogEditorActor: Deleted Actor: StaticMeshActor
[2018.08.06-14.44.22:610][624]LogEditorActor: Deleted Actor: StaticMeshActor
[2018.08.06-14.44.22:610][624]LogEditorActor: Deleted Actor: StaticMeshActor
[2018.08.06-14.44.22:611][624]LogEditorActor: Deleted Actor: StaticMeshActor
[2018.08.06-14.44.22:625][624]LogEditorActor: Deleted 7 Actors (0.028 secs)
[2018.08.06-14.44.24:046][708]LogEditorViewport: Clicking on Actor (LMB): StaticMeshActor (BigWall3)
[2018.08.06-14.44.25:092][763]LogEditorViewport: Clicking on Actor (LMB): StaticMeshActor (BigWall3)
[2018.08.06-14.44.25:495][784]LogEditorViewport: Clicking on Actor (LMB): StaticMeshActor (Table_v2_1)
[2018.08.06-14.44.32:557][196]Cmd: CAMERA ALIGN ACTIVEVIEWPORTONLY
[2018.08.06-14.44.37:923][511]LogSlate: FSceneViewport::OnFocusLost() reason 0
[2018.08.06-14.44.43:708][851]Cmd: EDIT COPY
[2018.08.06-14.44.43:943][865]Cmd: EDIT PASTE
[2018.08.06-14.44.55:559][537]Cmd: CAMERA ALIGN ACTIVEVIEWPORTONLY
[2018.08.06-14.45.07:813][255]LogSlate: FSceneViewport::OnFocusLost() reason 0
[2018.08.06-14.45.15:395][688]LogEditorViewport: Clicking on Actor (LMB): StaticMeshActor (Table_v2_1)
[2018.08.06-14.45.27:031][347]LogEditorViewport: Clicking on Actor (LMB): StaticMeshActor (Table_v2_2)
[2018.08.06-14.45.28:384][422]Cmd: EDIT COPY
[2018.08.06-14.45.29:303][477]Cmd: EDIT PASTE
[2018.08.06-14.45.36:166][881]Cmd: CAMERA ALIGN ACTIVEVIEWPORTONLY
[2018.08.06-14.45.42:145][231]LogEditorViewport: Clicking on Actor (LMB): StaticMeshActor (Table_v2_2)
[2018.08.06-14.45.54:780][967]Cmd: CAMERA ALIGN ACTIVEVIEWPORTONLY
[2018.08.06-14.46.05:144][550]LogEditorViewport: Clicking on Actor (LMB): StaticMeshActor (Table_v1_1)
[2018.08.06-14.46.07:287][670]Cmd: EDIT COPY
[2018.08.06-14.46.07:541][685]Cmd: EDIT PASTE
[2018.08.06-14.46.13:477][ 26]LogEditorViewport: Clicking on Actor (LMB): StaticMeshActor (Table_v1_1)
[2018.08.06-14.46.27:446][822]LogEditorViewport: Clicking on Actor (LMB): StaticMeshActor (Table_v1_2)
[2018.08.06-14.46.33:060][123]LogEditorViewport: Clicking on Actor (LMB): StaticMeshActor (blockout_Flor_E)
[2018.08.06-14.46.34:726][205]LogEditorViewport: Clicking on Actor (LMB): StaticMeshActor (Table_v1_2)
[2018.08.06-14.46.35:373][237]LogEditorViewport: Clicking on Actor (LMB): StaticMeshActor (blockout_Flor_E)
[2018.08.06-14.46.36:591][298]LogEditorViewport: Clicking on Actor (LMB): BP_Sky_Sphere_C (SkySphereBlueprint)
[2018.08.06-14.46.42:473][602]LogSlate: FSceneViewport::OnFocusLost() reason 0
[2018.08.06-14.46.43:210][606]LogSavePackage: Save=351.18ms
[2018.08.06-14.46.43:211][606]LogSavePackage: Moving '../../../../../../Users/usagi/Documents/Unreal Projects/Roadhouse/Saved/FirstPersonExampleMapCB41FAFC44D54B82C23C87A9D600D937.tmp' to '../../../../../../Users/usagi/Documents/Unreal Projects/Roadhouse/Content/FirstPersonBP/Maps/FirstPersonExampleMap.umap'
[2018.08.06-14.46.43:221][606]LogSavePackage: Display: Finished SavePackage ../../../../../../Users/usagi/Documents/Unreal Projects/Roadhouse/Content/FirstPersonBP/Maps/FirstPersonExampleMap.umap
[2018.08.06-14.46.47:269][606]LogSavePackage: Save=3662.65ms
[2018.08.06-14.46.47:269][606]LogSavePackage: Moving '../../../../../../Users/usagi/Documents/Unreal Projects/Roadhouse/Saved/FirstPersonExampleMap_BuiltData183E41604E848BB1B261C4BA403CFF2F.tmp' to '../../../../../../Users/usagi/Documents/Unreal Projects/Roadhouse/Content/FirstPersonBP/Maps/FirstPersonExampleMap_BuiltData.uasset'
[2018.08.06-14.46.47:276][606]LogSavePackage: Display: Finished SavePackage ../../../../../../Users/usagi/Documents/Unreal Projects/Roadhouse/Content/FirstPersonBP/Maps/FirstPersonExampleMap_BuiltData.uasset
[2018.08.06-14.46.48:106][648]LogEditorViewport: Clicking on Actor (LMB): StaticMeshActor (blockout_mit_assets)
[2018.08.06-14.46.49:822][717]Cmd: DELETE
[2018.08.06-14.46.49:822][717]Cmd: ACTOR DELETE
[2018.08.06-14.46.49:830][717]LogEditorActor: Deleted Actor: StaticMeshActor
[2018.08.06-14.46.49:851][717]LogEditorActor: Deleted 1 Actors (0.029 secs)
[2018.08.06-14.46.52:270][854]LogSlate: FSceneViewport::OnFocusLost() reason 0
[2018.08.06-14.47.02:059][426]LogEditorViewport: Clicking on Actor (LMB): BP_Sky_Sphere_C (SkySphereBlueprint)
[2018.08.06-14.47.03:782][515]LogSlate: FSceneViewport::OnFocusLost() reason 0
[2018.08.06-14.47.04:375][520]LogSavePackage: Save=330.16ms
[2018.08.06-14.47.04:375][520]LogSavePackage: Moving '../../../../../../Users/usagi/Documents/Unreal Projects/Roadhouse/Saved/FirstPersonExampleMap2BCE2A6E4EC53EA8671BE6B1C02D4795.tmp' to '../../../../../../Users/usagi/Documents/Unreal Projects/Roadhouse/Content/FirstPersonBP/Maps/FirstPersonExampleMap.umap'
[2018.08.06-14.47.04:385][520]LogSavePackage: Display: Finished SavePackage ../../../../../../Users/usagi/Documents/Unreal Projects/Roadhouse/Content/FirstPersonBP/Maps/FirstPersonExampleMap.umap
[2018.08.06-14.47.08:238][520]LogSavePackage: Save=3508.00ms
[2018.08.06-14.47.08:238][520]LogSavePackage: Moving '../../../../../../Users/usagi/Documents/Unreal Projects/Roadhouse/Saved/FirstPersonExampleMap_BuiltData04BFC0194D5301DFC5F77B83E6F7D018.tmp' to '../../../../../../Users/usagi/Documents/Unreal Projects/Roadhouse/Content/FirstPersonBP/Maps/FirstPersonExampleMap_BuiltData.uasset'
[2018.08.06-14.47.08:245][520]LogSavePackage: Display: Finished SavePackage ../../../../../../Users/usagi/Documents/Unreal Projects/Roadhouse/Content/FirstPersonBP/Maps/FirstPersonExampleMap_BuiltData.uasset
[2018.08.06-14.47.12:951][775]SourceControl: fatal: C:/Program Files/Epic Games/UE_4.19/Engine/Content: 'C:/Program Files/Epic Games/UE_4.19/Engine/Content' is outside repository
[2018.08.06-14.47.23:019][775]LogSlate: Window 'Submit Files' being destroyed
[2018.08.06-14.47.26:134][775]LogSourceControl: commit successful: [master a8c87db] Tabels placed
[2018.08.06-14.47.26:243][775]SourceControl: [master a8c87db] Tabels placed
[2018.08.06-14.47.26:243][775]SourceControl:  2 files changed, 0 insertions(+), 0 deletions(-)
[2018.08.06-14.47.26:249][775]SourceControl: Commited [master a8c87db] Tabels placed.
