Log file open, 09/18/18 23:33:30
LogWindows: Failed to load 'aqProf.dll' (GetLastError=126)
LogWindows: File 'aqProf.dll' does not exist
LogWindows: Failed to load 'VtuneApi.dll' (GetLastError=126)
LogWindows: File 'VtuneApi.dll' does not exist
LogWindows: Failed to load 'VtuneApi32e.dll' (GetLastError=126)
LogWindows: File 'VtuneApi32e.dll' does not exist
LogInit: Display: Running engine for game: Roadhouse
LogPlatformFile: Not using cached read wrapper
LogInit: Display: RandInit(1156413888) SRandInit(1156413888).
LogInit: Read version file with build ID '3944462'
LogInit: Overriding engine version to CL 4033788, compatible CL 3944462
LogInit: Registered custom module enumerator with build ID '3944462'
LogTaskGraph: Started task graph with 5 named threads and 11 total threads with 3 sets of task threads.
LogStats: Stats thread started at 0.863678
LogD3D11RHI: Aftermath initialized
LogICUInternationalization: Display: ICU TimeZone Detection - Raw Offset: +1:00, Platform Override: ''
LogModuleManager: Display: Found up-to-date module file ../../../Engine/Plugins/2D/Paper2D/Binaries/Win64/UE4Editor-Paper2D.dll (API version 3944462).
LogModuleManager: Display: Found up-to-date module file ../../../Engine/Plugins/2D/Paper2D/Binaries/Win64/UE4Editor-Paper2DEditor.dll (API version 3944462).
LogModuleManager: Display: Found up-to-date module file ../../../Engine/Plugins/2D/Paper2D/Binaries/Win64/UE4Editor-PaperSpriteSheetImporter.dll (API version 3944462).
LogModuleManager: Display: Found up-to-date module file ../../../Engine/Plugins/2D/Paper2D/Binaries/Win64/UE4Editor-PaperTiledImporter.dll (API version 3944462).
LogModuleManager: Display: Found up-to-date module file ../../../Engine/Plugins/2D/Paper2D/Binaries/Win64/UE4Editor-SmartSnapping.dll (API version 3944462).
LogModuleManager: Display: Found up-to-date module file ../../../Engine/Plugins/Blendables/LightPropagationVolume/Binaries/Win64/UE4Editor-LightPropagationVolumeRuntime.dll (API version 3944462).
LogModuleManager: Display: Found up-to-date module file ../../../Engine/Plugins/Blendables/LightPropagationVolume/Binaries/Win64/UE4Editor-LightPropagationVolumeEditor.dll (API version 3944462).
LogModuleManager: Display: Found up-to-date module file ../../../Engine/Plugins/Developer/CLionSourceCodeAccess/Binaries/Win64/UE4Editor-CLionSourceCodeAccess.dll (API version 3944462).
LogModuleManager: Display: Found up-to-date module file ../../../Engine/Plugins/Developer/GitSourceControl/Binaries/Win64/UE4Editor-GitSourceControl.dll (API version 3944462).
LogModuleManager: Display: Found up-to-date module file ../../../Engine/Plugins/Developer/PerforceSourceControl/Binaries/Win64/UE4Editor-PerforceSourceControl.dll (API version 3944462).
LogModuleManager: Display: Found up-to-date module file ../../../Engine/Plugins/Developer/SubversionSourceControl/Binaries/Win64/UE4Editor-SubversionSourceControl.dll (API version 3944462).
LogModuleManager: Display: Found up-to-date module file ../../../Engine/Plugins/Developer/UObjectPlugin/Binaries/Win64/UE4Editor-UObjectPlugin.dll (API version 3944462).
LogModuleManager: Display: Found up-to-date module file ../../../Engine/Plugins/Developer/VisualStudioCodeSourceCodeAccess/Binaries/Win64/UE4Editor-VisualStudioCodeSourceCodeAccess.dll (API version 3944462).
LogModuleManager: Display: Found up-to-date module file ../../../Engine/Plugins/Developer/VisualStudioSourceCodeAccess/Binaries/Win64/UE4Editor-VisualStudioSourceCodeAccess.dll (API version 3944462).
LogModuleManager: Display: Found up-to-date module file ../../../Engine/Plugins/Editor/AssetManagerEditor/Binaries/Win64/UE4Editor-AssetManagerEditor.dll (API version 3944462).
LogModuleManager: Display: Found up-to-date module file ../../../Engine/Plugins/Editor/CryptoKeys/Binaries/Win64/UE4Editor-CryptoKeys.dll (API version 3944462).
LogModuleManager: Display: Found up-to-date module file ../../../Engine/Plugins/Editor/CryptoKeys/Binaries/Win64/UE4Editor-CryptoKeysOpenSSL.dll (API version 3944462).
LogModuleManager: Display: Found up-to-date module file ../../../Engine/Plugins/Editor/DataValidation/Binaries/Win64/UE4Editor-DataValidation.dll (API version 3944462).
LogModuleManager: Display: Found up-to-date module file ../../../Engine/Plugins/Editor/FacialAnimation/Binaries/Win64/UE4Editor-FacialAnimation.dll (API version 3944462).
LogModuleManager: Display: Found up-to-date module file ../../../Engine/Plugins/Editor/FacialAnimation/Binaries/Win64/UE4Editor-FacialAnimationEditor.dll (API version 3944462).
LogModuleManager: Display: Found up-to-date module file ../../../Engine/Plugins/Editor/GameplayTagsEditor/Binaries/Win64/UE4Editor-GameplayTagsEditor.dll (API version 3944462).
LogModuleManager: Display: Found up-to-date module file ../../../Engine/Plugins/Editor/MobileLauncherProfileWizard/Binaries/Win64/UE4Editor-MobileLauncherProfileWizard.dll (API version 3944462).
LogModuleManager: Display: Found up-to-date module file ../../../Engine/Plugins/Editor/PluginBrowser/Binaries/Win64/UE4Editor-PluginBrowser.dll (API version 3944462).
LogModuleManager: Display: Found up-to-date module file ../../../Engine/Plugins/Editor/SpeedTreeImporter/Binaries/Win64/UE4Editor-SpeedTreeImporter.dll (API version 3944462).
LogModuleManager: Display: Found up-to-date module file ../../../Engine/Plugins/Enterprise/DatasmithContent/Binaries/Win64/UE4Editor-DatasmithContent.dll (API version 3944462).
LogModuleManager: Display: Found up-to-date module file ../../../Engine/Plugins/Experimental/AlembicImporter/Binaries/Win64/UE4Editor-AlembicImporter.dll (API version 3944462).
LogModuleManager: Display: Found up-to-date module file ../../../Engine/Plugins/Experimental/AlembicImporter/Binaries/Win64/UE4Editor-AlembicLibrary.dll (API version 3944462).
LogModuleManager: Display: Found up-to-date module file ../../../Engine/Plugins/Experimental/CharacterAI/Binaries/Win64/UE4Editor-CharacterAI.dll (API version 3944462).
LogModuleManager: Display: Found up-to-date module file ../../../Engine/Plugins/Experimental/HTML5Networking/Binaries/Win64/UE4Editor-HTML5Networking.dll (API version 3944462).
LogModuleManager: Display: Found up-to-date module file ../../../Engine/Plugins/Media/AndroidMedia/Binaries/Win64/UE4Editor-AndroidMediaEditor.dll (API version 3944462).
LogModuleManager: Display: Found up-to-date module file ../../../Engine/Plugins/Media/AndroidMedia/Binaries/Win64/UE4Editor-AndroidMediaFactory.dll (API version 3944462).
LogModuleManager: Display: Found up-to-date module file ../../../Engine/Plugins/Media/AvfMedia/Binaries/Win64/UE4Editor-AvfMediaEditor.dll (API version 3944462).
LogModuleManager: Display: Found up-to-date module file ../../../Engine/Plugins/Media/AvfMedia/Binaries/Win64/UE4Editor-AvfMediaFactory.dll (API version 3944462).
LogModuleManager: Display: Found up-to-date module file ../../../Engine/Plugins/Media/AvfMedia/Binaries/Win64/UE4Editor-AvfMediaFactory.dll (API version 3944462).
LogModuleManager: Display: Found up-to-date module file ../../../Engine/Plugins/Media/ImgMedia/Binaries/Win64/UE4Editor-ImgMedia.dll (API version 3944462).
LogModuleManager: Display: Found up-to-date module file ../../../Engine/Plugins/Media/ImgMedia/Binaries/Win64/UE4Editor-ImgMediaEditor.dll (API version 3944462).
LogModuleManager: Display: Found up-to-date module file ../../../Engine/Plugins/Media/ImgMedia/Binaries/Win64/UE4Editor-ImgMediaFactory.dll (API version 3944462).
LogModuleManager: Display: Found up-to-date module file ../../../Engine/Plugins/Media/ImgMedia/Binaries/Win64/UE4Editor-ImgMediaFactory.dll (API version 3944462).
LogModuleManager: Display: Found up-to-date module file ../../../Engine/Plugins/Media/ImgMedia/Binaries/Win64/UE4Editor-OpenExrWrapper.dll (API version 3944462).
LogModuleManager: Display: Found up-to-date module file ../../../Engine/Plugins/Media/LinearTimecode/Binaries/Win64/UE4Editor-LinearTimecode.dll (API version 3944462).
LogModuleManager: Display: Found up-to-date module file ../../../Engine/Plugins/Media/MediaCompositing/Binaries/Win64/UE4Editor-MediaCompositing.dll (API version 3944462).
LogModuleManager: Display: Found up-to-date module file ../../../Engine/Plugins/Media/MediaCompositing/Binaries/Win64/UE4Editor-MediaCompositingEditor.dll (API version 3944462).
LogModuleManager: Display: Found up-to-date module file ../../../Engine/Plugins/Media/MediaPlayerEditor/Binaries/Win64/UE4Editor-MediaPlayerEditor.dll (API version 3944462).
LogModuleManager: Display: Found up-to-date module file ../../../Engine/Plugins/Media/WmfMedia/Binaries/Win64/UE4Editor-WmfMedia.dll (API version 3944462).
LogModuleManager: Display: Found up-to-date module file ../../../Engine/Plugins/Media/WmfMedia/Binaries/Win64/UE4Editor-WmfMediaEditor.dll (API version 3944462).
LogModuleManager: Display: Found up-to-date module file ../../../Engine/Plugins/Media/WmfMedia/Binaries/Win64/UE4Editor-WmfMediaFactory.dll (API version 3944462).
LogModuleManager: Display: Found up-to-date module file ../../../Engine/Plugins/Media/WmfMedia/Binaries/Win64/UE4Editor-WmfMediaFactory.dll (API version 3944462).
LogModuleManager: Display: Found up-to-date module file ../../../Engine/Plugins/Messaging/TcpMessaging/Binaries/Win64/UE4Editor-TcpMessaging.dll (API version 3944462).
LogModuleManager: Display: Found up-to-date module file ../../../Engine/Plugins/Messaging/UdpMessaging/Binaries/Win64/UE4Editor-UdpMessaging.dll (API version 3944462).
LogModuleManager: Display: Found up-to-date module file ../../../Engine/Plugins/MovieScene/ActorSequence/Binaries/Win64/UE4Editor-ActorSequence.dll (API version 3944462).
LogModuleManager: Display: Found up-to-date module file ../../../Engine/Plugins/MovieScene/LevelSequenceEditor/Binaries/Win64/UE4Editor-LevelSequenceEditor.dll (API version 3944462).
LogModuleManager: Display: Found up-to-date module file ../../../Engine/Plugins/MovieScene/MatineeToLevelSequence/Binaries/Win64/UE4Editor-MatineeToLevelSequence.dll (API version 3944462).
LogModuleManager: Display: Found up-to-date module file ../../../Engine/Plugins/NetcodeUnitTest/NetcodeUnitTest/Binaries/Win64/UE4Editor-NetcodeUnitTest.dll (API version 3944462).
LogModuleManager: Display: Found up-to-date module file ../../../Engine/Plugins/NetcodeUnitTest/NUTUnrealEngine4/Binaries/Win64/UE4Editor-NUTUnrealEngine4.dll (API version 3944462).
LogModuleManager: Display: Found up-to-date module file ../../../Engine/Plugins/Online/OnlineSubsystem/Binaries/Win64/UE4Editor-OnlineSubsystem.dll (API version 3944462).
LogModuleManager: Display: Found up-to-date module file ../../../Engine/Plugins/Runtime/AndroidPermission/Binaries/Win64/UE4Editor-AndroidPermission.dll (API version 3944462).
LogModuleManager: Display: Found up-to-date module file ../../../Engine/Plugins/Online/OnlineSubsystemNull/Binaries/Win64/UE4Editor-OnlineSubsystemNull.dll (API version 3944462).
LogModuleManager: Display: Found up-to-date module file ../../../Engine/Plugins/Online/OnlineSubsystemUtils/Binaries/Win64/UE4Editor-OnlineSubsystemUtils.dll (API version 3944462).
LogModuleManager: Display: Found up-to-date module file ../../../Engine/Plugins/Online/OnlineSubsystemUtils/Binaries/Win64/UE4Editor-OnlineBlueprintSupport.dll (API version 3944462).
LogModuleManager: Display: Found up-to-date module file ../../../Engine/Plugins/Runtime/AndroidDeviceProfileSelector/Binaries/Win64/UE4Editor-AndroidDeviceProfileSelector.dll (API version 3944462).
LogModuleManager: Display: Found up-to-date module file ../../../Engine/Plugins/Runtime/AppleARKit/Binaries/Win64/UE4Editor-AppleARKit.dll (API version 3944462).
LogModuleManager: Display: Found up-to-date module file ../../../Engine/Plugins/Runtime/ProceduralMeshComponent/Binaries/Win64/UE4Editor-ProceduralMeshComponent.dll (API version 3944462).
LogModuleManager: Display: Found up-to-date module file ../../../Engine/Plugins/Runtime/ProceduralMeshComponent/Binaries/Win64/UE4Editor-ProceduralMeshComponentEditor.dll (API version 3944462).
LogModuleManager: Display: Found up-to-date module file ../../../Engine/Plugins/Animation/LiveLink/Binaries/Win64/UE4Editor-LiveLink.dll (API version 3944462).
LogModuleManager: Display: Found up-to-date module file ../../../Engine/Plugins/Animation/LiveLink/Binaries/Win64/UE4Editor-LiveLinkEditor.dll (API version 3944462).
LogModuleManager: Display: Found up-to-date module file ../../../Engine/Plugins/Runtime/ArchVisCharacter/Binaries/Win64/UE4Editor-ArchVisCharacter.dll (API version 3944462).
LogModuleManager: Display: Found up-to-date module file ../../../Engine/Plugins/Runtime/AudioCapture/Binaries/Win64/UE4Editor-AudioCapture.dll (API version 3944462).
LogModuleManager: Display: Found up-to-date module file ../../../Engine/Plugins/Runtime/AudioCapture/Binaries/Win64/UE4Editor-AudioCaptureEditor.dll (API version 3944462).
LogModuleManager: Display: Found up-to-date module file ../../../Engine/Plugins/Runtime/CableComponent/Binaries/Win64/UE4Editor-CableComponent.dll (API version 3944462).
LogModuleManager: Display: Found up-to-date module file ../../../Engine/Plugins/Runtime/CustomMeshComponent/Binaries/Win64/UE4Editor-CustomMeshComponent.dll (API version 3944462).
LogModuleManager: Display: Found up-to-date module file ../../../Engine/Plugins/Runtime/ExampleDeviceProfileSelector/Binaries/Win64/UE4Editor-ExampleDeviceProfileSelector.dll (API version 3944462).
LogModuleManager: Display: Found up-to-date module file ../../../Engine/Plugins/Runtime/ImmediatePhysics/Binaries/Win64/UE4Editor-ImmediatePhysics.dll (API version 3944462).
LogModuleManager: Display: Found up-to-date module file ../../../Engine/Plugins/Runtime/ImmediatePhysics/Binaries/Win64/UE4Editor-ImmediatePhysicsEditor.dll (API version 3944462).
LogModuleManager: Display: Found up-to-date module file ../../../Engine/Plugins/Runtime/LocationServicesBPLibrary/Binaries/Win64/UE4Editor-LocationServicesBPLibrary.dll (API version 3944462).
LogModuleManager: Display: Found up-to-date module file ../../../Engine/Plugins/Runtime/MobilePatchingUtils/Binaries/Win64/UE4Editor-MobilePatchingUtils.dll (API version 3944462).
LogModuleManager: Display: Found up-to-date module file ../../../Engine/Plugins/Runtime/Oculus/OculusVR/Binaries/Win64/UE4Editor-OculusHMD.dll (API version 3944462).
LogModuleManager: Display: Found up-to-date module file ../../../Engine/Plugins/Runtime/Oculus/OculusVR/Binaries/Win64/UE4Editor-OculusInput.dll (API version 3944462).
LogModuleManager: Display: Found up-to-date module file ../../../Engine/Plugins/Runtime/Oculus/OculusVR/Binaries/Win64/UE4Editor-OculusEditor.dll (API version 3944462).
LogModuleManager: Display: Found up-to-date module file ../../../Engine/Plugins/Runtime/PhysXVehicles/Binaries/Win64/UE4Editor-PhysXVehicles.dll (API version 3944462).
LogModuleManager: Display: Found up-to-date module file ../../../Engine/Plugins/Runtime/PhysXVehicles/Binaries/Win64/UE4Editor-PhysXVehiclesEditor.dll (API version 3944462).
LogModuleManager: Display: Found up-to-date module file ../../../Engine/Plugins/Runtime/RuntimePhysXCooking/Binaries/Win64/UE4Editor-RuntimePhysXCooking.dll (API version 3944462).
LogModuleManager: Display: Found up-to-date module file ../../../Engine/Plugins/Runtime/Steam/SteamVR/Binaries/Win64/UE4Editor-SteamVR.dll (API version 3944462).
LogModuleManager: Display: Found up-to-date module file ../../../Engine/Plugins/Runtime/Steam/SteamVR/Binaries/Win64/UE4Editor-SteamVRController.dll (API version 3944462).
LogModuleManager: Display: Found up-to-date module file ../../../Engine/Plugins/Runtime/WindowsMoviePlayer/Binaries/Win64/UE4Editor-WindowsMoviePlayer.dll (API version 3944462).
LogPluginManager: Mounting plugin Paper2D
LogPluginManager: Mounting plugin LiveLink
LogPluginManager: Mounting plugin LightPropagationVolume
LogPluginManager: Mounting plugin CLionSourceCodeAccess
LogPluginManager: Mounting plugin CodeLiteSourceCodeAccess
LogPluginManager: Mounting plugin GitSourceControl
LogPluginManager: Mounting plugin KDevelopSourceCodeAccess
LogPluginManager: Mounting plugin NullSourceCodeAccess
LogPluginManager: Mounting plugin PerforceSourceControl
LogPluginManager: Mounting plugin SubversionSourceControl
LogPluginManager: Mounting plugin UObjectPlugin
LogPluginManager: Mounting plugin VisualStudioCodeSourceCodeAccess
LogPluginManager: Mounting plugin VisualStudioSourceCodeAccess
LogPluginManager: Mounting plugin XCodeSourceCodeAccess
LogPluginManager: Mounting plugin AssetManagerEditor
LogPluginManager: Mounting plugin CryptoKeys
LogPluginManager: Mounting plugin DataValidation
LogPluginManager: Mounting plugin FacialAnimation
LogPluginManager: Mounting plugin GameplayTagsEditor
LogPluginManager: Mounting plugin MobileLauncherProfileWizard
LogPluginManager: Mounting plugin PluginBrowser
LogPluginManager: Mounting plugin SpeedTreeImporter
LogPluginManager: Mounting plugin DatasmithContent
LogPluginManager: Mounting plugin AlembicImporter
LogPluginManager: Mounting plugin CharacterAI
LogPluginManager: Mounting plugin HTML5Networking
LogPluginManager: Mounting plugin AndroidMedia
LogPluginManager: Mounting plugin AvfMedia
LogPluginManager: Mounting plugin ImgMedia
LogPluginManager: Mounting plugin LinearTimecode
LogPluginManager: Mounting plugin MediaCompositing
LogPluginManager: Mounting plugin MediaPlayerEditor
LogPluginManager: Mounting plugin WmfMedia
LogPluginManager: Mounting plugin TcpMessaging
LogPluginManager: Mounting plugin UdpMessaging
LogPluginManager: Mounting plugin ActorSequence
LogPluginManager: Mounting plugin LevelSequenceEditor
LogPluginManager: Mounting plugin MatineeToLevelSequence
LogPluginManager: Mounting plugin NetcodeUnitTest
LogPluginManager: Mounting plugin NUTUnrealEngine4
LogPluginManager: Mounting plugin OnlineSubsystemGooglePlay
LogPluginManager: Mounting plugin OnlineSubsystemIOS
LogPluginManager: Mounting plugin OnlineSubsystem
LogPluginManager: Mounting plugin OnlineSubsystemNull
LogPluginManager: Mounting plugin OnlineSubsystemUtils
LogPluginManager: Mounting plugin AndroidDeviceProfileSelector
LogPluginManager: Mounting plugin AndroidMoviePlayer
LogPluginManager: Mounting plugin AndroidPermission
LogPluginManager: Mounting plugin AppleARKit
LogPluginManager: Mounting plugin AppleMoviePlayer
LogPluginManager: Mounting plugin ArchVisCharacter
LogPluginManager: Mounting plugin AudioCapture
LogPluginManager: Mounting plugin CableComponent
LogPluginManager: Mounting plugin CustomMeshComponent
LogPluginManager: Mounting plugin ExampleDeviceProfileSelector
LogPluginManager: Mounting plugin GoogleCloudMessaging
LogPluginManager: Mounting plugin ImmediatePhysics
LogPluginManager: Mounting plugin IOSDeviceProfileSelector
LogPluginManager: Mounting plugin LinuxDeviceProfileSelector
LogPluginManager: Mounting plugin LocationServicesBPLibrary
LogPluginManager: Mounting plugin MobilePatchingUtils
LogPluginManager: Mounting plugin OculusVR
LogPluginManager: Plugin shader directory ../../../Engine/Plugins/Runtime/Oculus/OculusVR/Shaders found
LogPluginManager: Mapping shader source directory ../../../Engine/Plugins/Runtime/Oculus/OculusVR/Shaders to virtual directory /Plugin/OculusVR
LogPluginManager: Mounting plugin PhysXVehicles
LogPluginManager: Mounting plugin ProceduralMeshComponent
LogPluginManager: Mounting plugin RuntimePhysXCooking
LogPluginManager: Mounting plugin SteamVR
LogPluginManager: Mounting plugin WindowsMoviePlayer
LogStreaming: Display: Took  2.141s to configure plugins.
LogInit: Using libcurl 7.47.1
LogInit:  - built for x86_64-pc-win32
LogInit:  - supports SSL with OpenSSL/1.0.2g
LogInit:  - supports HTTP deflate (compression) using libz 1.2.8
LogInit:  - other features:
LogInit:      CURL_VERSION_SSL
LogInit:      CURL_VERSION_LIBZ
LogInit:      CURL_VERSION_IPV6
LogInit:      CURL_VERSION_ASYNCHDNS
LogInit:      CURL_VERSION_LARGEFILE
LogInit:      CURL_VERSION_IDN
LogInit:  CurlRequestOptions (configurable via config and command line):
LogInit:  - bVerifyPeer = false  - Libcurl will NOT verify peer certificate
LogInit:  - bUseHttpProxy = false  - Libcurl will NOT use HTTP proxy
LogInit:  - bDontReuseConnections = false  - Libcurl will reuse connections
LogInit:  - CertBundlePath = nullptr  - Libcurl will use whatever was configured at build time.
LogInit:  - MaxHostConnections = 16  - Libcurl will limit the number of connections to a host
LogInit:  - LocalHostAddr = Default
LogInit: WinSock: version 1.1 (2.2), MaxSocks=32767, MaxUdp=65467
LogInit: WinSock: I am DESKTOP-5J6HU0I (192.168.178.25:0)
LogInit: Build: ++UE4+Release-4.19-CL-4033788
LogInit: Engine Version: 4.19.2-4033788+++UE4+Release-4.19
LogInit: Compatible Engine Version: 4.19.0-3944462+++UE4+Release-4.19
LogInit: Net CL: 3944462
LogDevObjectVersion: Number of dev versions registered: 18
LogDevObjectVersion:   Dev-Blueprints (B0D832E4-1F89-4F0D-ACCF-7EB736FD4AA2): 10
LogDevObjectVersion:   Dev-Build (E1C64328-A22C-4D53-A36C-8E866417BD8C): 0
LogDevObjectVersion:   Dev-Core (375EC13C-06E4-48FB-B500-84F0262A717E): 2
LogDevObjectVersion:   Dev-Editor (E4B068ED-F494-42E9-A231-DA0B2E46BB41): 23
LogDevObjectVersion:   Dev-Framework (CFFC743F-43B0-4480-9391-14DF171D2073): 33
LogDevObjectVersion:   Dev-Mobile (B02B49B5-BB20-44E9-A304-32B752E40360): 2
LogDevObjectVersion:   Dev-Networking (A4E4105C-59A1-49B5-A7C5-40C4547EDFEE): 0
LogDevObjectVersion:   Dev-Online (39C831C9-5AE6-47DC-9A44-9C173E1C8E7C): 0
LogDevObjectVersion:   Dev-Physics (78F01B33-EBEA-4F98-B9B4-84EACCB95AA2): 0
LogDevObjectVersion:   Dev-Platform (6631380F-2D4D-43E0-8009-CF276956A95A): 0
LogDevObjectVersion:   Dev-Rendering (12F88B9F-8875-4AFC-A67C-D90C383ABD29): 25
LogDevObjectVersion:   Dev-Sequencer (7B5AE74C-D270-4C10-A958-57980B212A5A): 6
LogDevObjectVersion:   Dev-VR (D7296918-1DD6-4BDD-9DE2-64A83CC13884): 1
LogDevObjectVersion:   Dev-LoadTimes (C2A15278-BFE7-4AFE-6C17-90FF531DF755): 1
LogDevObjectVersion:   Private-Geometry (6EACA3D4-40EC-4CC1-B786-8BED09428FC5): 2
LogDevObjectVersion:   Dev-AnimPhys (29E575DD-E0A3-4627-9D10-D276232CDCEA): 16
LogDevObjectVersion:   Dev-ReflectionCapture (6B266CEC-1EC7-4B8F-A30B-E4D90942FC07): 1
LogDevObjectVersion:   Dev-Automation (0DF73D61-A23F-47EA-B727-89E90C41499A): 1
LogInit: Compiled (64-bit): Apr 27 2018 02:06:57
LogInit: Compiled with Visual C++: 19.00.24215.01
LogInit: Build Configuration: Development
LogInit: Branch Name: ++UE4+Release-4.19
LogInit: Command Line:  
LogInit: Base Directory: C:/Program Files/Epic Games/UE_4.19/Engine/Binaries/Win64/
LogInit: Installed Engine Build: 1
LogStreaming: Display: Took  0.002s to delete old logs.
LogInit: Presizing for max 8388607 objects, including 0 objects not considered by GC, pre-allocating 0 bytes for permanent pool.
LogInit: Object subsystem initialized
[2018.09.18-21.33.32:880][  0]LogInit: Selected Device Profile: [Windows]
[2018.09.18-21.33.32:880][  0]LogInit: Applying CVar settings loaded from the selected device profile: [Windows]
[2018.09.18-21.33.32:903][  0]LogInit: Computer: DESKTOP-5J6HU0I
[2018.09.18-21.33.32:903][  0]LogInit: User: usagi
[2018.09.18-21.33.32:903][  0]LogInit: CPU Page size=4096, Cores=2
[2018.09.18-21.33.32:903][  0]LogInit: High frequency timer resolution =2.343752 MHz
[2018.09.18-21.33.32:903][  0]LogMemory: Memory total: Physical=15.9GB (16GB approx)
[2018.09.18-21.33.32:903][  0]LogMemory: Platform Memory Stats for Windows
[2018.09.18-21.33.32:903][  0]LogMemory: Process Physical Memory: 273.03 MB used, 273.03 MB peak
[2018.09.18-21.33.32:903][  0]LogMemory: Process Virtual Memory: 265.96 MB used, 265.96 MB peak
[2018.09.18-21.33.32:903][  0]LogMemory: Physical Memory: 8351.13 MB used,  7946.81 MB free, 16297.94 MB total
[2018.09.18-21.33.32:903][  0]LogMemory: Virtual Memory: 4762.94 MB used,  7946.81 MB free, 134217728.00 MB total
[2018.09.18-21.33.33:065][  0]LogInit: Using OS detected language (de-DE).
[2018.09.18-21.33.33:065][  0]LogInit: Using OS detected locale (de-DE).
[2018.09.18-21.33.33:077][  0]LogTextLocalizationManager: No localization for 'de-DE' exists, so 'en' will be used for the language.
[2018.09.18-21.33.33:701][  0]LogStreaming: Display: Took  0.636s to EndInitTextLocalization.
[2018.09.18-21.33.33:702][  0]LogInit: Setting process to per monitor DPI aware
[2018.09.18-21.33.33:779][  0]LogSlate: New Slate User Created.  User Index 0, Is Virtual User: 0
[2018.09.18-21.33.33:779][  0]LogSlate: Slate User Registered.  User Index 0, Is Virtual User: 0
[2018.09.18-21.33.34:352][  0]LogD3D11RHI: D3D11 adapters:
[2018.09.18-21.33.34:443][  0]LogD3D11RHI:    0. 'NVIDIA GeForce GTX 950M' (Feature Level 11_0)
[2018.09.18-21.33.34:443][  0]LogD3D11RHI:       2010/0/8148 MB DedicatedVideo/DedicatedSystem/SharedSystem, Outputs:1, VendorId:0x10de
[2018.09.18-21.33.34:453][  0]LogD3D11RHI:    1. 'Intel(R) HD Graphics 520' (Feature Level 11_0)
[2018.09.18-21.33.34:453][  0]LogD3D11RHI:       128/0/8148 MB DedicatedVideo/DedicatedSystem/SharedSystem, Outputs:0, VendorId:0x8086
[2018.09.18-21.33.34:457][  0]LogD3D11RHI:    2. 'Microsoft Basic Render Driver' (Feature Level 11_0)
[2018.09.18-21.33.34:457][  0]LogD3D11RHI:       0/0/8148 MB DedicatedVideo/DedicatedSystem/SharedSystem, Outputs:0, VendorId:0x1414
[2018.09.18-21.33.34:457][  0]LogD3D11RHI: Chosen D3D11 Adapter: 0
[2018.09.18-21.33.34:478][  0]LogD3D11RHI: Creating new Direct3DDevice
[2018.09.18-21.33.34:478][  0]LogD3D11RHI:     GPU DeviceId: 0x139a (for the marketing name, search the web for "GPU Device Id")
[2018.09.18-21.33.34:478][  0]LogWindows: EnumDisplayDevices:
[2018.09.18-21.33.34:478][  0]LogWindows:    0. 'Intel(R) HD Graphics 520' (P:1 D:1)
[2018.09.18-21.33.34:479][  0]LogWindows:    1. 'Intel(R) HD Graphics 520' (P:0 D:0)
[2018.09.18-21.33.34:479][  0]LogWindows:    2. 'Intel(R) HD Graphics 520' (P:0 D:0)
[2018.09.18-21.33.34:479][  0]LogWindows: DebugString: GetVideoDriverDetailsInvalid PrimaryIsNotTheChoosenAdapter GetVideoDriverDetailsInvalid PrimaryIsNotTheChoosenAdapter GetVideoDriverDetailsInvalid PrimaryIsNotTheChoosenAdapter FoundDriverCount:0 
[2018.09.18-21.33.34:479][  0]LogD3D11RHI:     Adapter Name: NVIDIA GeForce GTX 950M
[2018.09.18-21.33.34:479][  0]LogD3D11RHI:   Driver Version: Unknown (internal:Unknown, unified:Unknown)
[2018.09.18-21.33.34:479][  0]LogD3D11RHI:      Driver Date: Unknown
[2018.09.18-21.33.34:480][  0]LogRHI: Texture pool is 1407 MB (70% of 2010 MB)
[2018.09.18-21.33.34:544][  0]LogD3D11RHI: [Aftermath] Aftermath enabled and primed
[2018.09.18-21.33.34:544][  0]LogD3D11RHI: [Aftermath] Aftermath enabled and primed
[2018.09.18-21.33.34:544][  0]LogD3D11RHI: Async texture creation enabled
[2018.09.18-21.33.34:582][  0]LogD3D11RHI: GPU Timing Frequency: 1000.000000 (Debug: 2 2)
[2018.09.18-21.33.34:587][  0]LogShaderCompilers: Guid format shader working directory is -20 characters bigger than the processId version (../../../../../../Users/usagi/Documents/Unreal Projects/Roadhouse/Intermediate/Shaders/WorkingDirectory/17424/).
[2018.09.18-21.33.34:587][  0]LogShaderCompilers: Cleaned the shader compiler working directory 'C:/Users/usagi/AppData/Local/Temp/UnrealShaderWorkingDir/59B786B74347F8C46DD2948563C91721/'.
[2018.09.18-21.33.35:064][  0]LogTemp: Display: Loaded TP AllDesktopTargetPlatform
[2018.09.18-21.33.35:084][  0]LogTemp: Display: Loaded TP MacClientTargetPlatform
[2018.09.18-21.33.35:111][  0]LogTemp: Display: Loaded TP MacNoEditorTargetPlatform
[2018.09.18-21.33.35:130][  0]LogTemp: Display: Loaded TP MacServerTargetPlatform
[2018.09.18-21.33.35:151][  0]LogTemp: Display: Loaded TP MacTargetPlatform
[2018.09.18-21.33.35:172][  0]LogTemp: Display: Loaded TP WindowsClientTargetPlatform
[2018.09.18-21.33.35:193][  0]LogTemp: Display: Loaded TP WindowsNoEditorTargetPlatform
[2018.09.18-21.33.35:216][  0]LogTemp: Display: Loaded TP WindowsServerTargetPlatform
[2018.09.18-21.33.35:229][  0]LogTemp: Display: Loaded TP WindowsTargetPlatform
[2018.09.18-21.33.35:248][  0]LogTemp: Display: Loaded TP Android_ASTCTargetPlatform
[2018.09.18-21.33.35:266][  0]LogTemp: Display: Loaded TP Android_ATCTargetPlatform
[2018.09.18-21.33.35:286][  0]LogTemp: Display: Loaded TP Android_DXTTargetPlatform
[2018.09.18-21.33.35:308][  0]LogTemp: Display: Loaded TP Android_ETC1aTargetPlatform
[2018.09.18-21.33.35:326][  0]LogTemp: Display: Loaded TP Android_ETC1TargetPlatform
[2018.09.18-21.33.35:345][  0]LogTemp: Display: Loaded TP Android_ETC2TargetPlatform
[2018.09.18-21.33.35:383][  0]LogTemp: Display: Loaded TP Android_MultiTargetPlatform
[2018.09.18-21.33.35:383][  0]LogTemp: Display: Loaded TP Android_PVRTCTargetPlatform
[2018.09.18-21.33.35:402][  0]LogTemp: Display: Loaded TP AndroidTargetPlatform
[2018.09.18-21.33.35:406][  0]LogTemp: Display: Loaded TP HTML5TargetPlatform
[2018.09.18-21.33.35:461][  0]LogTemp: Display: Loaded TP IOSTargetPlatform
[2018.09.18-21.33.35:482][  0]LogTemp: Display: Loaded TP TVOSTargetPlatform
[2018.09.18-21.33.35:500][  0]LogTemp: Display: Loaded TP LinuxClientTargetPlatform
[2018.09.18-21.33.35:525][  0]LogTemp: Display: Loaded TP LinuxNoEditorTargetPlatform
[2018.09.18-21.33.35:545][  0]LogTemp: Display: Loaded TP LinuxServerTargetPlatform
[2018.09.18-21.33.35:567][  0]LogTemp: Display: Loaded TP LinuxTargetPlatform
[2018.09.18-21.33.35:567][  0]LogTargetPlatformManager: Display: Building Assets For Windows
[2018.09.18-21.33.35:849][  0]LogXGEController: Cleaning working directory: C:/Users/usagi/AppData/Local/Temp/UnrealXGEWorkingDir/
[2018.09.18-21.33.35:850][  0]LogXGEController: Cannot use XGE Controller as Incredibuild is not installed on this machine.
[2018.09.18-21.33.35:850][  0]LogShaderCompilers: Cannot use XGE Shader Compiler as Incredibuild is not installed on this machine.
[2018.09.18-21.33.35:851][  0]LogShaderCompilers: Display: Using Local Shader Compiler.
[2018.09.18-21.33.37:189][  0]LogDerivedDataCache: Display: Max Cache Size: 512 MB
[2018.09.18-21.33.37:817][  0]LogDerivedDataCache: Loaded boot cache 0.63s 74MB C:/Users/usagi/AppData/Local/UnrealEngine/4.19/DerivedDataCache/Boot.ddc.
[2018.09.18-21.33.37:817][  0]LogDerivedDataCache: Display: Loaded Boot cache: C:/Users/usagi/AppData/Local/UnrealEngine/4.19/DerivedDataCache/Boot.ddc
[2018.09.18-21.33.37:817][  0]LogDerivedDataCache: FDerivedDataBackendGraph:  Pak pak cache file ../../../../../../Users/usagi/Documents/Unreal Projects/Roadhouse/DerivedDataCache/DDC.ddp not found, will not use a pak cache.
[2018.09.18-21.33.37:817][  0]LogDerivedDataCache: Unable to find inner node Pak for hierarchical cache Hierarchy.
[2018.09.18-21.33.37:817][  0]LogDerivedDataCache: FDerivedDataBackendGraph:  CompressedPak pak cache file ../../../../../../Users/usagi/Documents/Unreal Projects/Roadhouse/DerivedDataCache/Compressed.ddp not found, will not use a pak cache.
[2018.09.18-21.33.37:817][  0]LogDerivedDataCache: Unable to find inner node CompressedPak for hierarchical cache Hierarchy.
[2018.09.18-21.33.37:848][  0]LogDerivedDataCache: Display: Pak cache opened for reading ../../../Engine/DerivedDataCache/Compressed.ddp.
[2018.09.18-21.33.37:861][  0]LogDerivedDataCache: Using Local data cache path C:/Users/usagi/AppData/Local/UnrealEngine/Common/DerivedDataCache: Writable
[2018.09.18-21.33.37:861][  0]LogDerivedDataCache: Shared data cache path not found in *engine.ini, will not use an Shared cache.
[2018.09.18-21.33.37:861][  0]LogDerivedDataCache: Unable to find inner node Shared for hierarchical cache Hierarchy.
[2018.09.18-21.33.37:880][  0]LogMaterial: Verifying Global Shaders for PCD3D_SM5
[2018.09.18-21.33.37:886][  0]LogSlate: Using Freetype 2.6.0
[2018.09.18-21.33.37:891][  0]LogSlate: SlateFontCache - WITH_FREETYPE: 1, WITH_HARFBUZZ: 1
[2018.09.18-21.33.37:891][  0]LogSlate: SlateFontCache - WITH_FREETYPE: 1, WITH_HARFBUZZ: 1
[2018.09.18-21.33.38:510][  0]LogAssetRegistry: FAssetRegistry took 0.0299 seconds to start up
[2018.09.18-21.33.39:126][  0]LogInit: Selected Device Profile: [Windows]
[2018.09.18-21.33.39:346][  0]LogSimplygon: Simplygon DLL not present - disabling.
[2018.09.18-21.33.39:355][  0]LogMeshReduction: Using SimplygonSwarm for distributed automatic mesh merging
[2018.09.18-21.33.39:355][  0]LogMeshReduction: Using QuadricMeshReduction for automatic static mesh reduction
[2018.09.18-21.33.39:355][  0]LogMeshReduction: No automatic skeletal mesh reduction module available
[2018.09.18-21.33.39:355][  0]LogMeshReduction: No automatic mesh merging module available
[2018.09.18-21.33.39:355][  0]LogMeshMerging: No automatic mesh merging module available
[2018.09.18-21.33.39:570][  0]LogNetVersion: Roadhouse , NetCL: 3944462, EngineNetVer: 2, GameNetVer: 0 (Checksum: 487093703)
[2018.09.18-21.33.40:535][  0]LogPackageLocalizationCache: Processed 9 localized package path(s) for 1 prioritized culture(s) in 0.081901 seconds
[2018.09.18-21.33.40:545][  0]LogUObjectArray: 36728 objects as part of root set at end of initial load.
[2018.09.18-21.33.40:545][  0]LogUObjectAllocator: 7314304 out of 0 bytes used by permanent object pool.
[2018.09.18-21.33.40:545][  0]LogUObjectArray: CloseDisregardForGC: 0/0 objects in disregard for GC pool
[2018.09.18-21.33.44:976][  0]LogTcpMessaging: Initializing TcpMessaging bridge
[2018.09.18-21.33.45:029][  0]LogUdpMessaging: Initializing bridge on interface 0.0.0.0:0 to multicast group 230.0.0.1:6666.
[2018.09.18-21.33.45:750][  0]SourceControl: Source control is disabled
[2018.09.18-21.33.47:546][  0]LogAndroidPermission: UAndroidPermissionCallbackProxy::GetInstance
[2018.09.18-21.33.47:822][  0]LogOcInput: OculusInput pre-init called
[2018.09.18-21.33.48:039][  0]LogEngine: Initializing Engine...
[2018.09.18-21.33.48:043][  0]LogHMD: Failed to initialize OpenVR with code 110
[2018.09.18-21.33.48:047][  0]LogStats: UGameplayTagsManager::ConstructGameplayTagTree: Construct from data asset -  0.000 s
[2018.09.18-21.33.48:047][  0]LogStats: UGameplayTagsManager::ConstructGameplayTagTree: GameplayTagTreeChangedEvent.Broadcast -  0.000 s
[2018.09.18-21.33.48:423][  0]LogAIModule: Creating AISystem for world Untitled
[2018.09.18-21.33.48:442][  0]LogInit: XAudio2 using 'Lautsprecher (Realtek High Definition Audio)' : 2 channels at 48 kHz using 32 bits per sample (channel mask 0x3)
[2018.09.18-21.33.48:562][  0]LogInit: FAudioDevice initialized.
[2018.09.18-21.33.48:650][  0]LogDerivedDataCache: Saved boot cache 0.09s 74MB C:/Users/usagi/AppData/Local/UnrealEngine/4.19/DerivedDataCache/Boot.ddc.
[2018.09.18-21.33.48:664][  0]LogInit: Texture streaming: Enabled
[2018.09.18-21.33.48:699][  0]LogEngineSessionManager: EngineSessionManager initialized
[2018.09.18-21.33.48:730][  0]LogInit: Transaction tracking system initialized
[2018.09.18-21.33.48:812][  0]BlueprintLog: New page: Editor Load
[2018.09.18-21.33.49:065][  0]LocalizationService: Localization service is disabled
[2018.09.18-21.33.49:346][  0]LogConsoleResponse: Display: 
[2018.09.18-21.33.49:692][  0]LogCook: Display: Max memory allowance for cook 16384mb min free memory 0mb
[2018.09.18-21.33.49:692][  0]LogCook: Display: Mobile HDR setting 1
[2018.09.18-21.33.49:692][  0]LogGameplayTags: Display: UGameplayTagsManager::DoneAddingNativeTags. DelegateIsBound: 0
[2018.09.18-21.33.49:692][  0]LogStats: UGameplayTagsManager::ConstructGameplayTagTree: Construct from data asset -  0.000 s
[2018.09.18-21.33.49:692][  0]LogStats: UGameplayTagsManager::ConstructGameplayTagTree: GameplayTagTreeChangedEvent.Broadcast -  0.000 s
[2018.09.18-21.33.49:879][  0]LogFileCache: Scanning file cache for directory 'C:/Users/usagi/Documents/Unreal Projects/Roadhouse/Content/' took 0.02s
[2018.09.18-21.33.50:585][  0]Cmd: MAP LOAD FILE="../../../../../../Users/usagi/Documents/Unreal Projects/Roadhouse/Content/FirstPersonBP/Maps/FirstPersonExampleMap.umap" TEMPLATE=0 SHOWPROGRESS=1 FEATURELEVEL=3
[2018.09.18-21.33.50:587][  0]LightingResults: New page: Lighting Build
[2018.09.18-21.33.50:598][  0]MapCheck: New page: Map Check
[2018.09.18-21.33.50:598][  0]LightingResults: New page: Lighting Build
[2018.09.18-21.33.50:720][  0]LogUObjectGlobals: Created PersistentFrame Addr=0x00000237477135b0, Size=72, Default__FirstPerson_AnimBP_C Function /Game/FirstPerson/Animations/FirstPerson_AnimBP.FirstPerson_AnimBP_C:ExecuteUbergraph_FirstPerson_AnimBP
[2018.09.18-21.33.50:737][  0]LogUObjectGlobals: Destroyed PersistentFrame Addr=0x00000237477135b0, Size=72
[2018.09.18-21.33.50:737][  0]LogUObjectGlobals: Created PersistentFrame Addr=0x000002374763f740, Size=72, Default__FirstPerson_AnimBP_C Function /Engine/Transient.REINST_FirstPerson_AnimBP_C_0:ExecuteUbergraph_FirstPerson_AnimBP
[2018.09.18-21.33.50:759][  0]LogUObjectGlobals: Created PersistentFrame Addr=0x0000023747618db0, Size=72, Default__FirstPerson_AnimBP_C Function /Game/FirstPerson/Animations/FirstPerson_AnimBP.FirstPerson_AnimBP_C:ExecuteUbergraph_FirstPerson_AnimBP
[2018.09.18-21.33.50:782][  0]LogUObjectGlobals: Created PersistentFrame Addr=0x00000237475e9300, Size=256, Default__FirstPersonProjectile_C Function /Game/FirstPersonBP/Blueprints/FirstPersonProjectile.FirstPersonProjectile_C:ExecuteUbergraph_FirstPersonProjectile
[2018.09.18-21.33.50:789][  0]LogUObjectGlobals: Destroyed PersistentFrame Addr=0x00000237475e9300, Size=256
[2018.09.18-21.33.50:789][  0]LogUObjectGlobals: Created PersistentFrame Addr=0x00000237475e9300, Size=256, Default__FirstPersonProjectile_C Function /Engine/Transient.REINST_FirstPersonProjectile_C_4:ExecuteUbergraph_FirstPersonProjectile
[2018.09.18-21.33.50:792][  0]LogUObjectGlobals: Created PersistentFrame Addr=0x00000237475e8c00, Size=256, Default__FirstPersonProjectile_C Function /Game/FirstPersonBP/Blueprints/FirstPersonProjectile.FirstPersonProjectile_C:ExecuteUbergraph_FirstPersonProjectile
[2018.09.18-21.33.51:004][  0]LogUObjectGlobals: Created PersistentFrame Addr=0x0000023747561300, Size=688, Default__FirstPersonCharacter_C Function /Game/FirstPersonBP/Blueprints/FirstPersonCharacter.FirstPersonCharacter_C:ExecuteUbergraph_FirstPersonCharacter
[2018.09.18-21.33.51:022][  0]LogUObjectGlobals: Destroyed PersistentFrame Addr=0x0000023747561300, Size=688
[2018.09.18-21.33.51:022][  0]LogUObjectGlobals: Created PersistentFrame Addr=0x000002372f1fa800, Size=688, Default__FirstPersonCharacter_C Function /Engine/Transient.REINST_FirstPersonCharacter_C_6:ExecuteUbergraph_FirstPersonCharacter
[2018.09.18-21.33.51:035][  0]LogUObjectGlobals: Created PersistentFrame Addr=0x000002372f1f8d00, Size=688, Default__FirstPersonCharacter_C Function /Game/FirstPersonBP/Blueprints/FirstPersonCharacter.FirstPersonCharacter_C:ExecuteUbergraph_FirstPersonCharacter
[2018.09.18-21.33.51:181][  0]LogUObjectGlobals: Created PersistentFrame Addr=0x000002372f933f90, Size=52, Default__FirstPersonHUD_C Function /Game/FirstPersonBP/Blueprints/FirstPersonHUD.FirstPersonHUD_C:ExecuteUbergraph_FirstPersonHUD
[2018.09.18-21.33.51:184][  0]LogUObjectGlobals: Destroyed PersistentFrame Addr=0x000002372f933f90, Size=52
[2018.09.18-21.33.51:184][  0]LogUObjectGlobals: Created PersistentFrame Addr=0x000002372f933f90, Size=52, Default__FirstPersonHUD_C Function /Engine/Transient.REINST_FirstPersonHUD_C_10:ExecuteUbergraph_FirstPersonHUD
[2018.09.18-21.33.51:187][  0]LogUObjectGlobals: Created PersistentFrame Addr=0x000002372f9338c8, Size=52, Default__FirstPersonHUD_C Function /Game/FirstPersonBP/Blueprints/FirstPersonHUD.FirstPersonHUD_C:ExecuteUbergraph_FirstPersonHUD
[2018.09.18-21.33.51:643][  0]LogLinker: Warning: Can't find file '/Game/Assets/Xmodular/Wall_Basic'
[2018.09.18-21.33.51:644][  0]LogLinker: Warning: Can't find file for asset '/Game/Assets/Xmodular/Wall_Basic' while loading ../../../../../../Users/usagi/Documents/Unreal Projects/Roadhouse/Content/FirstPersonBP/Maps/FirstPersonExampleMap.umap.
[2018.09.18-21.33.51:644][  0]LoadErrors: Error: /Game/FirstPersonBP/Maps/FirstPersonExampleMap : Can't find file for asset. /Game/Assets/Xmodular/Wall_Basic
[2018.09.18-21.33.51:644][  0]LogLinker: Warning: Can't find file '/Game/Assets/Xmodular/Wall_Inside'
[2018.09.18-21.33.51:644][  0]LogLinker: Warning: Can't find file for asset '/Game/Assets/Xmodular/Wall_Inside' while loading ../../../../../../Users/usagi/Documents/Unreal Projects/Roadhouse/Content/FirstPersonBP/Maps/FirstPersonExampleMap.umap.
[2018.09.18-21.33.51:644][  0]LoadErrors: Error: /Game/FirstPersonBP/Maps/FirstPersonExampleMap : Can't find file for asset. /Game/Assets/Xmodular/Wall_Inside
[2018.09.18-21.33.51:644][  0]LogLinker: Warning: Can't find file '/Game/Assets/Xmodular/Wall_Inside_Smal'
[2018.09.18-21.33.51:644][  0]LogLinker: Warning: Can't find file for asset '/Game/Assets/Xmodular/Wall_Inside_Smal' while loading ../../../../../../Users/usagi/Documents/Unreal Projects/Roadhouse/Content/FirstPersonBP/Maps/FirstPersonExampleMap.umap.
[2018.09.18-21.33.51:644][  0]LoadErrors: Error: /Game/FirstPersonBP/Maps/FirstPersonExampleMap : Can't find file for asset. /Game/Assets/Xmodular/Wall_Inside_Smal
[2018.09.18-21.33.51:644][  0]LogLinker: Warning: Can't find file '/Game/Assets/Xmodular/Wall_Smal'
[2018.09.18-21.33.51:644][  0]LogLinker: Warning: Can't find file for asset '/Game/Assets/Xmodular/Wall_Smal' while loading ../../../../../../Users/usagi/Documents/Unreal Projects/Roadhouse/Content/FirstPersonBP/Maps/FirstPersonExampleMap.umap.
[2018.09.18-21.33.51:645][  0]LoadErrors: Error: /Game/FirstPersonBP/Maps/FirstPersonExampleMap : Can't find file for asset. /Game/Assets/Xmodular/Wall_Smal
[2018.09.18-21.33.51:645][  0]LogLinker: Warning: Can't find file '/Game/Assets/Xmodular/Wall_Window'
[2018.09.18-21.33.51:645][  0]LogLinker: Warning: Can't find file for asset '/Game/Assets/Xmodular/Wall_Window' while loading ../../../../../../Users/usagi/Documents/Unreal Projects/Roadhouse/Content/FirstPersonBP/Maps/FirstPersonExampleMap.umap.
[2018.09.18-21.33.51:645][  0]LoadErrors: Error: /Game/FirstPersonBP/Maps/FirstPersonExampleMap : Can't find file for asset. /Game/Assets/Xmodular/Wall_Window
[2018.09.18-21.33.51:645][  0]LogLinker: Warning: Can't find file '/Game/Assets/Xmodular/Wall_Window_Smal'
[2018.09.18-21.33.51:645][  0]LogLinker: Warning: Can't find file for asset '/Game/Assets/Xmodular/Wall_Window_Smal' while loading ../../../../../../Users/usagi/Documents/Unreal Projects/Roadhouse/Content/FirstPersonBP/Maps/FirstPersonExampleMap.umap.
[2018.09.18-21.33.51:645][  0]LoadErrors: Error: /Game/FirstPersonBP/Maps/FirstPersonExampleMap : Can't find file for asset. /Game/Assets/Xmodular/Wall_Window_Smal
[2018.09.18-21.33.51:768][  0]LogLinker: Warning: Can't find file '/Game/Assets/Xmodular/Wall_Basic'
[2018.09.18-21.33.51:769][  0]LogLinker: Warning: Can't find file for asset '/Game/Assets/Xmodular/Wall_Basic' while loading ../../../../../../Users/usagi/Documents/Unreal Projects/Roadhouse/Content/FirstPersonBP/Maps/FirstPersonExampleMap.umap.
[2018.09.18-21.33.51:769][  0]LoadErrors: Error: /Game/FirstPersonBP/Maps/FirstPersonExampleMap : Can't find file for asset. /Game/Assets/Xmodular/Wall_Basic
[2018.09.18-21.33.51:769][  0]LogLinker: Warning: Can't find file '/Game/Assets/Xmodular/Wall_Inside'
[2018.09.18-21.33.51:769][  0]LogLinker: Warning: Can't find file for asset '/Game/Assets/Xmodular/Wall_Inside' while loading ../../../../../../Users/usagi/Documents/Unreal Projects/Roadhouse/Content/FirstPersonBP/Maps/FirstPersonExampleMap.umap.
[2018.09.18-21.33.51:769][  0]LoadErrors: Error: /Game/FirstPersonBP/Maps/FirstPersonExampleMap : Can't find file for asset. /Game/Assets/Xmodular/Wall_Inside
[2018.09.18-21.33.51:769][  0]LogLinker: Warning: Can't find file '/Game/Assets/Xmodular/Wall_Inside_Smal'
[2018.09.18-21.33.51:770][  0]LogLinker: Warning: Can't find file for asset '/Game/Assets/Xmodular/Wall_Inside_Smal' while loading ../../../../../../Users/usagi/Documents/Unreal Projects/Roadhouse/Content/FirstPersonBP/Maps/FirstPersonExampleMap.umap.
[2018.09.18-21.33.51:770][  0]LoadErrors: Error: /Game/FirstPersonBP/Maps/FirstPersonExampleMap : Can't find file for asset. /Game/Assets/Xmodular/Wall_Inside_Smal
[2018.09.18-21.33.51:770][  0]LogLinker: Warning: Can't find file '/Game/Assets/Xmodular/Wall_Smal'
[2018.09.18-21.33.51:770][  0]LogLinker: Warning: Can't find file for asset '/Game/Assets/Xmodular/Wall_Smal' while loading ../../../../../../Users/usagi/Documents/Unreal Projects/Roadhouse/Content/FirstPersonBP/Maps/FirstPersonExampleMap.umap.
[2018.09.18-21.33.51:770][  0]LoadErrors: Error: /Game/FirstPersonBP/Maps/FirstPersonExampleMap : Can't find file for asset. /Game/Assets/Xmodular/Wall_Smal
[2018.09.18-21.33.51:770][  0]LogLinker: Warning: Can't find file '/Game/Assets/Xmodular/Wall_Window'
[2018.09.18-21.33.51:770][  0]LogLinker: Warning: Can't find file for asset '/Game/Assets/Xmodular/Wall_Window' while loading ../../../../../../Users/usagi/Documents/Unreal Projects/Roadhouse/Content/FirstPersonBP/Maps/FirstPersonExampleMap.umap.
[2018.09.18-21.33.51:770][  0]LoadErrors: Error: /Game/FirstPersonBP/Maps/FirstPersonExampleMap : Can't find file for asset. /Game/Assets/Xmodular/Wall_Window
[2018.09.18-21.33.51:770][  0]LogLinker: Warning: Can't find file '/Game/Assets/Xmodular/Wall_Window_Smal'
[2018.09.18-21.33.51:771][  0]LogLinker: Warning: Can't find file for asset '/Game/Assets/Xmodular/Wall_Window_Smal' while loading ../../../../../../Users/usagi/Documents/Unreal Projects/Roadhouse/Content/FirstPersonBP/Maps/FirstPersonExampleMap.umap.
[2018.09.18-21.33.51:771][  0]LoadErrors: Error: /Game/FirstPersonBP/Maps/FirstPersonExampleMap : Can't find file for asset. /Game/Assets/Xmodular/Wall_Window_Smal
[2018.09.18-21.33.51:777][  0]LogLinker: Warning: Can't find file '/Game/Assets/Xmodular/Wall_Basic'
[2018.09.18-21.33.51:778][  0]LogLinker: Warning: Can't find file for asset '/Game/Assets/Xmodular/Wall_Basic' while loading NULL.
[2018.09.18-21.33.51:778][  0]LogLinker: Warning: Can't find file '/Game/Assets/Xmodular/Wall_Inside'
[2018.09.18-21.33.51:778][  0]LogLinker: Warning: Can't find file for asset '/Game/Assets/Xmodular/Wall_Inside' while loading NULL.
[2018.09.18-21.33.51:778][  0]LogLinker: Warning: Can't find file '/Game/Assets/Xmodular/Wall_Inside_Smal'
[2018.09.18-21.33.51:778][  0]LogLinker: Warning: Can't find file for asset '/Game/Assets/Xmodular/Wall_Inside_Smal' while loading NULL.
[2018.09.18-21.33.51:779][  0]LogLinker: Warning: Can't find file '/Game/Assets/Xmodular/Wall_Smal'
[2018.09.18-21.33.51:779][  0]LogLinker: Warning: Can't find file for asset '/Game/Assets/Xmodular/Wall_Smal' while loading NULL.
[2018.09.18-21.33.51:779][  0]LogLinker: Warning: Can't find file '/Game/Assets/Xmodular/Wall_Window'
[2018.09.18-21.33.51:779][  0]LogLinker: Warning: Can't find file for asset '/Game/Assets/Xmodular/Wall_Window' while loading NULL.
[2018.09.18-21.33.51:779][  0]LogLinker: Warning: Can't find file '/Game/Assets/Xmodular/Wall_Window_Smal'
[2018.09.18-21.33.51:779][  0]LogLinker: Warning: Can't find file for asset '/Game/Assets/Xmodular/Wall_Window_Smal' while loading NULL.
[2018.09.18-21.33.51:780][  0]LogLinker: Warning: Can't find file '/Game/Assets/Xmodular/Wall_Basic'
[2018.09.18-21.33.51:780][  0]LogLinker: Warning: Can't find file for asset '/Game/Assets/Xmodular/Wall_Basic' while loading NULL.
[2018.09.18-21.33.51:780][  0]LogLinker: Warning: Can't find file '/Game/Assets/Xmodular/Wall_Inside'
[2018.09.18-21.33.51:780][  0]LogLinker: Warning: Can't find file for asset '/Game/Assets/Xmodular/Wall_Inside' while loading NULL.
[2018.09.18-21.33.51:780][  0]LogLinker: Warning: Can't find file '/Game/Assets/Xmodular/Wall_Inside_Smal'
[2018.09.18-21.33.51:781][  0]LogLinker: Warning: Can't find file for asset '/Game/Assets/Xmodular/Wall_Inside_Smal' while loading NULL.
[2018.09.18-21.33.51:781][  0]LogLinker: Warning: Can't find file '/Game/Assets/Xmodular/Wall_Smal'
[2018.09.18-21.33.51:781][  0]LogLinker: Warning: Can't find file for asset '/Game/Assets/Xmodular/Wall_Smal' while loading NULL.
[2018.09.18-21.33.51:781][  0]LogLinker: Warning: Can't find file '/Game/Assets/Xmodular/Wall_Window'
[2018.09.18-21.33.51:781][  0]LogLinker: Warning: Can't find file for asset '/Game/Assets/Xmodular/Wall_Window' while loading NULL.
[2018.09.18-21.33.51:782][  0]LogLinker: Warning: Can't find file '/Game/Assets/Xmodular/Wall_Window_Smal'
[2018.09.18-21.33.51:782][  0]LogLinker: Warning: Can't find file for asset '/Game/Assets/Xmodular/Wall_Window_Smal' while loading NULL.
[2018.09.18-21.33.52:014][  0]LogTexture: Display: Building textures: HQ_Lightmap0_2 (AutoDXT, 2048X2048)
[2018.09.18-21.33.52:014][  0]LogTexture: Display: Building textures: HQ_Lightmap0_1 (AutoDXT, 2048X2048)
[2018.09.18-21.33.52:015][  0]LogLinker: Warning: Can't find file '/Game/Assets/Xmodular/Wall_Basic'
[2018.09.18-21.33.52:015][  0]LoadErrors: Failed to load /Game/Assets/Xmodular/Wall_Basic.Wall_Basic Referenced by StaticMeshComponent0
[2018.09.18-21.33.52:015][  0]LogLinker: Warning: Can't find file for asset '/Game/Assets/Xmodular/Wall_Basic' while loading NULL.
[2018.09.18-21.33.52:015][  0]LoadErrors: Failed to load /Game/Assets/Xmodular/Wall_Basic.Wall_Basic Referenced by StaticMeshComponent0
[2018.09.18-21.33.52:015][  0]LogLinker: Warning: Can't find file '/Game/Assets/Xmodular/Wall_Basic'
[2018.09.18-21.33.52:015][  0]LoadErrors: Failed to load /Game/Assets/Xmodular/Wall_Basic.Wall_Basic Referenced by StaticMeshComponent0
[2018.09.18-21.33.52:015][  0]LogLinker: Warning: Can't find file for asset '/Game/Assets/Xmodular/Wall_Basic' while loading NULL.
[2018.09.18-21.33.52:015][  0]LoadErrors: Failed to load /Game/Assets/Xmodular/Wall_Basic.Wall_Basic Referenced by StaticMeshComponent0
[2018.09.18-21.33.52:016][  0]LogLinker: Warning: Can't find file '/Game/Assets/Xmodular/Wall_Basic'
[2018.09.18-21.33.52:016][  0]LoadErrors: Failed to load /Game/Assets/Xmodular/Wall_Basic.Wall_Basic Referenced by StaticMeshComponent0
[2018.09.18-21.33.52:016][  0]LogLinker: Warning: Can't find file for asset '/Game/Assets/Xmodular/Wall_Basic' while loading NULL.
[2018.09.18-21.33.52:016][  0]LoadErrors: Failed to load /Game/Assets/Xmodular/Wall_Basic.Wall_Basic Referenced by StaticMeshComponent0
[2018.09.18-21.33.52:016][  0]LogLinker: Warning: Can't find file '/Game/Assets/Xmodular/Wall_Basic'
[2018.09.18-21.33.52:016][  0]LoadErrors: Failed to load /Game/Assets/Xmodular/Wall_Basic.Wall_Basic Referenced by StaticMeshComponent0
[2018.09.18-21.33.52:016][  0]LogLinker: Warning: Can't find file for asset '/Game/Assets/Xmodular/Wall_Basic' while loading NULL.
[2018.09.18-21.33.52:017][  0]LoadErrors: Failed to load /Game/Assets/Xmodular/Wall_Basic.Wall_Basic Referenced by StaticMeshComponent0
[2018.09.18-21.33.52:017][  0]LogLinker: Warning: Can't find file '/Game/Assets/Xmodular/Wall_Basic'
[2018.09.18-21.33.52:017][  0]LoadErrors: Failed to load /Game/Assets/Xmodular/Wall_Basic.Wall_Basic Referenced by StaticMeshComponent0
[2018.09.18-21.33.52:017][  0]LogLinker: Warning: Can't find file for asset '/Game/Assets/Xmodular/Wall_Basic' while loading NULL.
[2018.09.18-21.33.52:017][  0]LoadErrors: Failed to load /Game/Assets/Xmodular/Wall_Basic.Wall_Basic Referenced by StaticMeshComponent0
[2018.09.18-21.33.52:017][  0]LogLinker: Warning: Can't find file '/Game/Assets/Xmodular/Wall_Basic'
[2018.09.18-21.33.52:017][  0]LoadErrors: Failed to load /Game/Assets/Xmodular/Wall_Basic.Wall_Basic Referenced by StaticMeshComponent0
[2018.09.18-21.33.52:017][  0]LogLinker: Warning: Can't find file for asset '/Game/Assets/Xmodular/Wall_Basic' while loading NULL.
[2018.09.18-21.33.52:018][  0]LoadErrors: Failed to load /Game/Assets/Xmodular/Wall_Basic.Wall_Basic Referenced by StaticMeshComponent0
[2018.09.18-21.33.52:018][  0]LogLinker: Warning: Can't find file '/Game/Assets/Xmodular/Wall_Basic'
[2018.09.18-21.33.52:018][  0]LoadErrors: Failed to load /Game/Assets/Xmodular/Wall_Basic.Wall_Basic Referenced by StaticMeshComponent0
[2018.09.18-21.33.52:018][  0]LogLinker: Warning: Can't find file for asset '/Game/Assets/Xmodular/Wall_Basic' while loading NULL.
[2018.09.18-21.33.52:018][  0]LoadErrors: Failed to load /Game/Assets/Xmodular/Wall_Basic.Wall_Basic Referenced by StaticMeshComponent0
[2018.09.18-21.33.52:018][  0]LogLinker: Warning: Can't find file '/Game/Assets/Xmodular/Wall_Basic'
[2018.09.18-21.33.52:018][  0]LoadErrors: Failed to load /Game/Assets/Xmodular/Wall_Basic.Wall_Basic Referenced by StaticMeshComponent0
[2018.09.18-21.33.52:019][  0]LogLinker: Warning: Can't find file for asset '/Game/Assets/Xmodular/Wall_Basic' while loading NULL.
[2018.09.18-21.33.52:019][  0]LoadErrors: Failed to load /Game/Assets/Xmodular/Wall_Basic.Wall_Basic Referenced by StaticMeshComponent0
[2018.09.18-21.33.52:019][  0]LogLinker: Warning: Can't find file '/Game/Assets/Xmodular/Wall_Basic'
[2018.09.18-21.33.52:019][  0]LoadErrors: Failed to load /Game/Assets/Xmodular/Wall_Basic.Wall_Basic Referenced by StaticMeshComponent0
[2018.09.18-21.33.52:019][  0]LogLinker: Warning: Can't find file for asset '/Game/Assets/Xmodular/Wall_Basic' while loading NULL.
[2018.09.18-21.33.52:020][  0]LoadErrors: Failed to load /Game/Assets/Xmodular/Wall_Basic.Wall_Basic Referenced by StaticMeshComponent0
[2018.09.18-21.33.52:020][  0]LogLinker: Warning: Can't find file '/Game/Assets/Xmodular/Wall_Basic'
[2018.09.18-21.33.52:020][  0]LoadErrors: Failed to load /Game/Assets/Xmodular/Wall_Basic.Wall_Basic Referenced by StaticMeshComponent0
[2018.09.18-21.33.52:020][  0]LogLinker: Warning: Can't find file for asset '/Game/Assets/Xmodular/Wall_Basic' while loading NULL.
[2018.09.18-21.33.52:020][  0]LoadErrors: Failed to load /Game/Assets/Xmodular/Wall_Basic.Wall_Basic Referenced by StaticMeshComponent0
[2018.09.18-21.33.52:020][  0]LogLinker: Warning: Can't find file '/Game/Assets/Xmodular/Wall_Basic'
[2018.09.18-21.33.52:021][  0]LoadErrors: Failed to load /Game/Assets/Xmodular/Wall_Basic.Wall_Basic Referenced by StaticMeshComponent0
[2018.09.18-21.33.52:021][  0]LogLinker: Warning: Can't find file for asset '/Game/Assets/Xmodular/Wall_Basic' while loading NULL.
[2018.09.18-21.33.52:021][  0]LoadErrors: Failed to load /Game/Assets/Xmodular/Wall_Basic.Wall_Basic Referenced by StaticMeshComponent0
[2018.09.18-21.33.52:021][  0]LogLinker: Warning: Can't find file '/Game/Assets/Xmodular/Wall_Basic'
[2018.09.18-21.33.52:021][  0]LoadErrors: Failed to load /Game/Assets/Xmodular/Wall_Basic.Wall_Basic Referenced by StaticMeshComponent0
[2018.09.18-21.33.52:021][  0]LogLinker: Warning: Can't find file for asset '/Game/Assets/Xmodular/Wall_Basic' while loading NULL.
[2018.09.18-21.33.52:021][  0]LoadErrors: Failed to load /Game/Assets/Xmodular/Wall_Basic.Wall_Basic Referenced by StaticMeshComponent0
[2018.09.18-21.33.52:022][  0]LogLinker: Warning: Can't find file '/Game/Assets/Xmodular/Wall_Basic'
[2018.09.18-21.33.52:022][  0]LoadErrors: Failed to load /Game/Assets/Xmodular/Wall_Basic.Wall_Basic Referenced by StaticMeshComponent0
[2018.09.18-21.33.52:022][  0]LogLinker: Warning: Can't find file for asset '/Game/Assets/Xmodular/Wall_Basic' while loading NULL.
[2018.09.18-21.33.52:022][  0]LoadErrors: Failed to load /Game/Assets/Xmodular/Wall_Basic.Wall_Basic Referenced by StaticMeshComponent0
[2018.09.18-21.33.52:023][  0]LogLinker: Warning: Can't find file '/Game/Assets/Xmodular/Wall_Inside'
[2018.09.18-21.33.52:024][  0]LoadErrors: Failed to load /Game/Assets/Xmodular/Wall_Inside.Wall_Inside Referenced by StaticMeshComponent0
[2018.09.18-21.33.52:025][  0]LogLinker: Warning: Can't find file for asset '/Game/Assets/Xmodular/Wall_Inside' while loading NULL.
[2018.09.18-21.33.52:025][  0]LoadErrors: Failed to load /Game/Assets/Xmodular/Wall_Inside.Wall_Inside Referenced by StaticMeshComponent0
[2018.09.18-21.33.52:025][  0]LogLinker: Warning: Can't find file '/Game/Assets/Xmodular/Wall_Inside'
[2018.09.18-21.33.52:025][  0]LoadErrors: Failed to load /Game/Assets/Xmodular/Wall_Inside.Wall_Inside Referenced by StaticMeshComponent0
[2018.09.18-21.33.52:026][  0]LogLinker: Warning: Can't find file for asset '/Game/Assets/Xmodular/Wall_Inside' while loading NULL.
[2018.09.18-21.33.52:026][  0]LoadErrors: Failed to load /Game/Assets/Xmodular/Wall_Inside.Wall_Inside Referenced by StaticMeshComponent0
[2018.09.18-21.33.52:026][  0]LogLinker: Warning: Can't find file '/Game/Assets/Xmodular/Wall_Inside'
[2018.09.18-21.33.52:026][  0]LoadErrors: Failed to load /Game/Assets/Xmodular/Wall_Inside.Wall_Inside Referenced by StaticMeshComponent0
[2018.09.18-21.33.52:026][  0]LogLinker: Warning: Can't find file for asset '/Game/Assets/Xmodular/Wall_Inside' while loading NULL.
[2018.09.18-21.33.52:026][  0]LoadErrors: Failed to load /Game/Assets/Xmodular/Wall_Inside.Wall_Inside Referenced by StaticMeshComponent0
[2018.09.18-21.33.52:027][  0]LogLinker: Warning: Can't find file '/Game/Assets/Xmodular/Wall_Inside'
[2018.09.18-21.33.52:027][  0]LoadErrors: Failed to load /Game/Assets/Xmodular/Wall_Inside.Wall_Inside Referenced by StaticMeshComponent0
[2018.09.18-21.33.52:027][  0]LogLinker: Warning: Can't find file for asset '/Game/Assets/Xmodular/Wall_Inside' while loading NULL.
[2018.09.18-21.33.52:027][  0]LoadErrors: Failed to load /Game/Assets/Xmodular/Wall_Inside.Wall_Inside Referenced by StaticMeshComponent0
[2018.09.18-21.33.52:027][  0]LogLinker: Warning: Can't find file '/Game/Assets/Xmodular/Wall_Inside'
[2018.09.18-21.33.52:028][  0]LoadErrors: Failed to load /Game/Assets/Xmodular/Wall_Inside.Wall_Inside Referenced by StaticMeshComponent0
[2018.09.18-21.33.52:028][  0]LogLinker: Warning: Can't find file for asset '/Game/Assets/Xmodular/Wall_Inside' while loading NULL.
[2018.09.18-21.33.52:028][  0]LoadErrors: Failed to load /Game/Assets/Xmodular/Wall_Inside.Wall_Inside Referenced by StaticMeshComponent0
[2018.09.18-21.33.52:028][  0]LogLinker: Warning: Can't find file '/Game/Assets/Xmodular/Wall_Inside'
[2018.09.18-21.33.52:028][  0]LoadErrors: Failed to load /Game/Assets/Xmodular/Wall_Inside.Wall_Inside Referenced by StaticMeshComponent0
[2018.09.18-21.33.52:028][  0]LogLinker: Warning: Can't find file for asset '/Game/Assets/Xmodular/Wall_Inside' while loading NULL.
[2018.09.18-21.33.52:029][  0]LoadErrors: Failed to load /Game/Assets/Xmodular/Wall_Inside.Wall_Inside Referenced by StaticMeshComponent0
[2018.09.18-21.33.52:029][  0]LogLinker: Warning: Can't find file '/Game/Assets/Xmodular/Wall_Inside'
[2018.09.18-21.33.52:029][  0]LoadErrors: Failed to load /Game/Assets/Xmodular/Wall_Inside.Wall_Inside Referenced by StaticMeshComponent0
[2018.09.18-21.33.52:030][  0]LogLinker: Warning: Can't find file for asset '/Game/Assets/Xmodular/Wall_Inside' while loading NULL.
[2018.09.18-21.33.52:030][  0]LoadErrors: Failed to load /Game/Assets/Xmodular/Wall_Inside.Wall_Inside Referenced by StaticMeshComponent0
[2018.09.18-21.33.52:030][  0]LogLinker: Warning: Can't find file '/Game/Assets/Xmodular/Wall_Inside'
[2018.09.18-21.33.52:030][  0]LoadErrors: Failed to load /Game/Assets/Xmodular/Wall_Inside.Wall_Inside Referenced by StaticMeshComponent0
[2018.09.18-21.33.52:030][  0]LogLinker: Warning: Can't find file for asset '/Game/Assets/Xmodular/Wall_Inside' while loading NULL.
[2018.09.18-21.33.52:031][  0]LoadErrors: Failed to load /Game/Assets/Xmodular/Wall_Inside.Wall_Inside Referenced by StaticMeshComponent0
[2018.09.18-21.33.52:031][  0]LogLinker: Warning: Can't find file '/Game/Assets/Xmodular/Wall_Inside'
[2018.09.18-21.33.52:031][  0]LoadErrors: Failed to load /Game/Assets/Xmodular/Wall_Inside.Wall_Inside Referenced by StaticMeshComponent0
[2018.09.18-21.33.52:031][  0]LogLinker: Warning: Can't find file for asset '/Game/Assets/Xmodular/Wall_Inside' while loading NULL.
[2018.09.18-21.33.52:031][  0]LoadErrors: Failed to load /Game/Assets/Xmodular/Wall_Inside.Wall_Inside Referenced by StaticMeshComponent0
[2018.09.18-21.33.52:031][  0]LogLinker: Warning: Can't find file '/Game/Assets/Xmodular/Wall_Inside'
[2018.09.18-21.33.52:031][  0]LoadErrors: Failed to load /Game/Assets/Xmodular/Wall_Inside.Wall_Inside Referenced by StaticMeshComponent0
[2018.09.18-21.33.52:032][  0]LogLinker: Warning: Can't find file for asset '/Game/Assets/Xmodular/Wall_Inside' while loading NULL.
[2018.09.18-21.33.52:032][  0]LoadErrors: Failed to load /Game/Assets/Xmodular/Wall_Inside.Wall_Inside Referenced by StaticMeshComponent0
[2018.09.18-21.33.52:032][  0]LogLinker: Warning: Can't find file '/Game/Assets/Xmodular/Wall_Inside'
[2018.09.18-21.33.52:032][  0]LoadErrors: Failed to load /Game/Assets/Xmodular/Wall_Inside.Wall_Inside Referenced by StaticMeshComponent0
[2018.09.18-21.33.52:032][  0]LogLinker: Warning: Can't find file for asset '/Game/Assets/Xmodular/Wall_Inside' while loading NULL.
[2018.09.18-21.33.52:032][  0]LoadErrors: Failed to load /Game/Assets/Xmodular/Wall_Inside.Wall_Inside Referenced by StaticMeshComponent0
[2018.09.18-21.33.52:033][  0]LogLinker: Warning: Can't find file '/Game/Assets/Xmodular/Wall_Inside'
[2018.09.18-21.33.52:033][  0]LoadErrors: Failed to load /Game/Assets/Xmodular/Wall_Inside.Wall_Inside Referenced by StaticMeshComponent0
[2018.09.18-21.33.52:033][  0]LogLinker: Warning: Can't find file for asset '/Game/Assets/Xmodular/Wall_Inside' while loading NULL.
[2018.09.18-21.33.52:033][  0]LoadErrors: Failed to load /Game/Assets/Xmodular/Wall_Inside.Wall_Inside Referenced by StaticMeshComponent0
[2018.09.18-21.33.52:033][  0]LogLinker: Warning: Can't find file '/Game/Assets/Xmodular/Wall_Inside'
[2018.09.18-21.33.52:033][  0]LoadErrors: Failed to load /Game/Assets/Xmodular/Wall_Inside.Wall_Inside Referenced by StaticMeshComponent0
[2018.09.18-21.33.52:033][  0]LogLinker: Warning: Can't find file for asset '/Game/Assets/Xmodular/Wall_Inside' while loading NULL.
[2018.09.18-21.33.52:034][  0]LoadErrors: Failed to load /Game/Assets/Xmodular/Wall_Inside.Wall_Inside Referenced by StaticMeshComponent0
[2018.09.18-21.33.52:034][  0]LogLinker: Warning: Can't find file '/Game/Assets/Xmodular/Wall_Inside'
[2018.09.18-21.33.52:034][  0]LoadErrors: Failed to load /Game/Assets/Xmodular/Wall_Inside.Wall_Inside Referenced by StaticMeshComponent0
[2018.09.18-21.33.52:034][  0]LogLinker: Warning: Can't find file for asset '/Game/Assets/Xmodular/Wall_Inside' while loading NULL.
[2018.09.18-21.33.52:034][  0]LoadErrors: Failed to load /Game/Assets/Xmodular/Wall_Inside.Wall_Inside Referenced by StaticMeshComponent0
[2018.09.18-21.33.52:034][  0]LogLinker: Warning: Can't find file '/Game/Assets/Xmodular/Wall_Inside'
[2018.09.18-21.33.52:034][  0]LoadErrors: Failed to load /Game/Assets/Xmodular/Wall_Inside.Wall_Inside Referenced by StaticMeshComponent0
[2018.09.18-21.33.52:035][  0]LogLinker: Warning: Can't find file for asset '/Game/Assets/Xmodular/Wall_Inside' while loading NULL.
[2018.09.18-21.33.52:035][  0]LoadErrors: Failed to load /Game/Assets/Xmodular/Wall_Inside.Wall_Inside Referenced by StaticMeshComponent0
[2018.09.18-21.33.52:035][  0]LogLinker: Warning: Can't find file '/Game/Assets/Xmodular/Wall_Inside'
[2018.09.18-21.33.52:035][  0]LoadErrors: Failed to load /Game/Assets/Xmodular/Wall_Inside.Wall_Inside Referenced by StaticMeshComponent0
[2018.09.18-21.33.52:035][  0]LogLinker: Warning: Can't find file for asset '/Game/Assets/Xmodular/Wall_Inside' while loading NULL.
[2018.09.18-21.33.52:035][  0]LoadErrors: Failed to load /Game/Assets/Xmodular/Wall_Inside.Wall_Inside Referenced by StaticMeshComponent0
[2018.09.18-21.33.52:035][  0]LogLinker: Warning: Can't find file '/Game/Assets/Xmodular/Wall_Inside'
[2018.09.18-21.33.52:035][  0]LoadErrors: Failed to load /Game/Assets/Xmodular/Wall_Inside.Wall_Inside Referenced by StaticMeshComponent0
[2018.09.18-21.33.52:036][  0]LogLinker: Warning: Can't find file for asset '/Game/Assets/Xmodular/Wall_Inside' while loading NULL.
[2018.09.18-21.33.52:036][  0]LoadErrors: Failed to load /Game/Assets/Xmodular/Wall_Inside.Wall_Inside Referenced by StaticMeshComponent0
[2018.09.18-21.33.52:037][  0]LogLinker: Warning: Can't find file '/Game/Assets/Xmodular/Wall_Inside'
[2018.09.18-21.33.52:037][  0]LoadErrors: Failed to load /Game/Assets/Xmodular/Wall_Inside.Wall_Inside Referenced by StaticMeshComponent0
[2018.09.18-21.33.52:037][  0]LogLinker: Warning: Can't find file for asset '/Game/Assets/Xmodular/Wall_Inside' while loading NULL.
[2018.09.18-21.33.52:037][  0]LoadErrors: Failed to load /Game/Assets/Xmodular/Wall_Inside.Wall_Inside Referenced by StaticMeshComponent0
[2018.09.18-21.33.52:038][  0]LogLinker: Warning: Can't find file '/Game/Assets/Xmodular/Wall_Inside'
[2018.09.18-21.33.52:038][  0]LoadErrors: Failed to load /Game/Assets/Xmodular/Wall_Inside.Wall_Inside Referenced by StaticMeshComponent0
[2018.09.18-21.33.52:038][  0]LogLinker: Warning: Can't find file for asset '/Game/Assets/Xmodular/Wall_Inside' while loading NULL.
[2018.09.18-21.33.52:038][  0]LoadErrors: Failed to load /Game/Assets/Xmodular/Wall_Inside.Wall_Inside Referenced by StaticMeshComponent0
[2018.09.18-21.33.52:038][  0]LogLinker: Warning: Can't find file '/Game/Assets/Xmodular/Wall_Inside'
[2018.09.18-21.33.52:038][  0]LoadErrors: Failed to load /Game/Assets/Xmodular/Wall_Inside.Wall_Inside Referenced by StaticMeshComponent0
[2018.09.18-21.33.52:039][  0]LogLinker: Warning: Can't find file for asset '/Game/Assets/Xmodular/Wall_Inside' while loading NULL.
[2018.09.18-21.33.52:039][  0]LoadErrors: Failed to load /Game/Assets/Xmodular/Wall_Inside.Wall_Inside Referenced by StaticMeshComponent0
[2018.09.18-21.33.52:039][  0]LogLinker: Warning: Can't find file '/Game/Assets/Xmodular/Wall_Inside'
[2018.09.18-21.33.52:039][  0]LoadErrors: Failed to load /Game/Assets/Xmodular/Wall_Inside.Wall_Inside Referenced by StaticMeshComponent0
[2018.09.18-21.33.52:039][  0]LogLinker: Warning: Can't find file for asset '/Game/Assets/Xmodular/Wall_Inside' while loading NULL.
[2018.09.18-21.33.52:039][  0]LoadErrors: Failed to load /Game/Assets/Xmodular/Wall_Inside.Wall_Inside Referenced by StaticMeshComponent0
[2018.09.18-21.33.52:040][  0]LogLinker: Warning: Can't find file '/Game/Assets/Xmodular/Wall_Inside'
[2018.09.18-21.33.52:040][  0]LoadErrors: Failed to load /Game/Assets/Xmodular/Wall_Inside.Wall_Inside Referenced by StaticMeshComponent0
[2018.09.18-21.33.52:040][  0]LogLinker: Warning: Can't find file for asset '/Game/Assets/Xmodular/Wall_Inside' while loading NULL.
[2018.09.18-21.33.52:040][  0]LoadErrors: Failed to load /Game/Assets/Xmodular/Wall_Inside.Wall_Inside Referenced by StaticMeshComponent0
[2018.09.18-21.33.52:040][  0]LogLinker: Warning: Can't find file '/Game/Assets/Xmodular/Wall_Inside'
[2018.09.18-21.33.52:040][  0]LoadErrors: Failed to load /Game/Assets/Xmodular/Wall_Inside.Wall_Inside Referenced by StaticMeshComponent0
[2018.09.18-21.33.52:040][  0]LogLinker: Warning: Can't find file for asset '/Game/Assets/Xmodular/Wall_Inside' while loading NULL.
[2018.09.18-21.33.52:041][  0]LoadErrors: Failed to load /Game/Assets/Xmodular/Wall_Inside.Wall_Inside Referenced by StaticMeshComponent0
[2018.09.18-21.33.52:041][  0]LogLinker: Warning: Can't find file '/Game/Assets/Xmodular/Wall_Inside'
[2018.09.18-21.33.52:041][  0]LoadErrors: Failed to load /Game/Assets/Xmodular/Wall_Inside.Wall_Inside Referenced by StaticMeshComponent0
[2018.09.18-21.33.52:041][  0]LogLinker: Warning: Can't find file for asset '/Game/Assets/Xmodular/Wall_Inside' while loading NULL.
[2018.09.18-21.33.52:041][  0]LoadErrors: Failed to load /Game/Assets/Xmodular/Wall_Inside.Wall_Inside Referenced by StaticMeshComponent0
[2018.09.18-21.33.52:041][  0]LogLinker: Warning: Can't find file '/Game/Assets/Xmodular/Wall_Inside_Smal'
[2018.09.18-21.33.52:041][  0]LoadErrors: Failed to load /Game/Assets/Xmodular/Wall_Inside_Smal.Wall_Inside_Smal Referenced by StaticMeshComponent0
[2018.09.18-21.33.52:042][  0]LogLinker: Warning: Can't find file for asset '/Game/Assets/Xmodular/Wall_Inside_Smal' while loading NULL.
[2018.09.18-21.33.52:042][  0]LoadErrors: Failed to load /Game/Assets/Xmodular/Wall_Inside_Smal.Wall_Inside_Smal Referenced by StaticMeshComponent0
[2018.09.18-21.33.52:042][  0]LogLinker: Warning: Can't find file '/Game/Assets/Xmodular/Wall_Inside_Smal'
[2018.09.18-21.33.52:042][  0]LoadErrors: Failed to load /Game/Assets/Xmodular/Wall_Inside_Smal.Wall_Inside_Smal Referenced by StaticMeshComponent0
[2018.09.18-21.33.52:042][  0]LogLinker: Warning: Can't find file for asset '/Game/Assets/Xmodular/Wall_Inside_Smal' while loading NULL.
[2018.09.18-21.33.52:042][  0]LoadErrors: Failed to load /Game/Assets/Xmodular/Wall_Inside_Smal.Wall_Inside_Smal Referenced by StaticMeshComponent0
[2018.09.18-21.33.52:043][  0]LogLinker: Warning: Can't find file '/Game/Assets/Xmodular/Wall_Inside_Smal'
[2018.09.18-21.33.52:043][  0]LoadErrors: Failed to load /Game/Assets/Xmodular/Wall_Inside_Smal.Wall_Inside_Smal Referenced by StaticMeshComponent0
[2018.09.18-21.33.52:043][  0]LogLinker: Warning: Can't find file for asset '/Game/Assets/Xmodular/Wall_Inside_Smal' while loading NULL.
[2018.09.18-21.33.52:043][  0]LoadErrors: Failed to load /Game/Assets/Xmodular/Wall_Inside_Smal.Wall_Inside_Smal Referenced by StaticMeshComponent0
[2018.09.18-21.33.52:043][  0]LogLinker: Warning: Can't find file '/Game/Assets/Xmodular/Wall_Inside_Smal'
[2018.09.18-21.33.52:043][  0]LoadErrors: Failed to load /Game/Assets/Xmodular/Wall_Inside_Smal.Wall_Inside_Smal Referenced by StaticMeshComponent0
[2018.09.18-21.33.52:043][  0]LogLinker: Warning: Can't find file for asset '/Game/Assets/Xmodular/Wall_Inside_Smal' while loading NULL.
[2018.09.18-21.33.52:044][  0]LoadErrors: Failed to load /Game/Assets/Xmodular/Wall_Inside_Smal.Wall_Inside_Smal Referenced by StaticMeshComponent0
[2018.09.18-21.33.52:044][  0]LogLinker: Warning: Can't find file '/Game/Assets/Xmodular/Wall_Inside_Smal'
[2018.09.18-21.33.52:044][  0]LoadErrors: Failed to load /Game/Assets/Xmodular/Wall_Inside_Smal.Wall_Inside_Smal Referenced by StaticMeshComponent0
[2018.09.18-21.33.52:044][  0]LogLinker: Warning: Can't find file for asset '/Game/Assets/Xmodular/Wall_Inside_Smal' while loading NULL.
[2018.09.18-21.33.52:044][  0]LoadErrors: Failed to load /Game/Assets/Xmodular/Wall_Inside_Smal.Wall_Inside_Smal Referenced by StaticMeshComponent0
[2018.09.18-21.33.52:044][  0]LogLinker: Warning: Can't find file '/Game/Assets/Xmodular/Wall_Inside_Smal'
[2018.09.18-21.33.52:044][  0]LoadErrors: Failed to load /Game/Assets/Xmodular/Wall_Inside_Smal.Wall_Inside_Smal Referenced by StaticMeshComponent0
[2018.09.18-21.33.52:045][  0]LogLinker: Warning: Can't find file for asset '/Game/Assets/Xmodular/Wall_Inside_Smal' while loading NULL.
[2018.09.18-21.33.52:045][  0]LoadErrors: Failed to load /Game/Assets/Xmodular/Wall_Inside_Smal.Wall_Inside_Smal Referenced by StaticMeshComponent0
[2018.09.18-21.33.52:045][  0]LogLinker: Warning: Can't find file '/Game/Assets/Xmodular/Wall_Inside_Smal'
[2018.09.18-21.33.52:045][  0]LoadErrors: Failed to load /Game/Assets/Xmodular/Wall_Inside_Smal.Wall_Inside_Smal Referenced by StaticMeshComponent0
[2018.09.18-21.33.52:045][  0]LogLinker: Warning: Can't find file for asset '/Game/Assets/Xmodular/Wall_Inside_Smal' while loading NULL.
[2018.09.18-21.33.52:046][  0]LoadErrors: Failed to load /Game/Assets/Xmodular/Wall_Inside_Smal.Wall_Inside_Smal Referenced by StaticMeshComponent0
[2018.09.18-21.33.52:046][  0]LogLinker: Warning: Can't find file '/Game/Assets/Xmodular/Wall_Inside_Smal'
[2018.09.18-21.33.52:046][  0]LoadErrors: Failed to load /Game/Assets/Xmodular/Wall_Inside_Smal.Wall_Inside_Smal Referenced by StaticMeshComponent0
[2018.09.18-21.33.52:046][  0]LogLinker: Warning: Can't find file for asset '/Game/Assets/Xmodular/Wall_Inside_Smal' while loading NULL.
[2018.09.18-21.33.52:046][  0]LoadErrors: Failed to load /Game/Assets/Xmodular/Wall_Inside_Smal.Wall_Inside_Smal Referenced by StaticMeshComponent0
[2018.09.18-21.33.52:047][  0]LogLinker: Warning: Can't find file '/Game/Assets/Xmodular/Wall_Smal'
[2018.09.18-21.33.52:047][  0]LoadErrors: Failed to load /Game/Assets/Xmodular/Wall_Smal.Wall_Smal Referenced by StaticMeshComponent0
[2018.09.18-21.33.52:047][  0]LogLinker: Warning: Can't find file for asset '/Game/Assets/Xmodular/Wall_Smal' while loading NULL.
[2018.09.18-21.33.52:047][  0]LoadErrors: Failed to load /Game/Assets/Xmodular/Wall_Smal.Wall_Smal Referenced by StaticMeshComponent0
[2018.09.18-21.33.52:047][  0]LogLinker: Warning: Can't find file '/Game/Assets/Xmodular/Wall_Smal'
[2018.09.18-21.33.52:047][  0]LoadErrors: Failed to load /Game/Assets/Xmodular/Wall_Smal.Wall_Smal Referenced by StaticMeshComponent0
[2018.09.18-21.33.52:047][  0]LogLinker: Warning: Can't find file for asset '/Game/Assets/Xmodular/Wall_Smal' while loading NULL.
[2018.09.18-21.33.52:047][  0]LoadErrors: Failed to load /Game/Assets/Xmodular/Wall_Smal.Wall_Smal Referenced by StaticMeshComponent0
[2018.09.18-21.33.52:048][  0]LogLinker: Warning: Can't find file '/Game/Assets/Xmodular/Wall_Smal'
[2018.09.18-21.33.52:048][  0]LoadErrors: Failed to load /Game/Assets/Xmodular/Wall_Smal.Wall_Smal Referenced by StaticMeshComponent0
[2018.09.18-21.33.52:048][  0]LogLinker: Warning: Can't find file for asset '/Game/Assets/Xmodular/Wall_Smal' while loading NULL.
[2018.09.18-21.33.52:048][  0]LoadErrors: Failed to load /Game/Assets/Xmodular/Wall_Smal.Wall_Smal Referenced by StaticMeshComponent0
[2018.09.18-21.33.52:048][  0]LogLinker: Warning: Can't find file '/Game/Assets/Xmodular/Wall_Smal'
[2018.09.18-21.33.52:048][  0]LoadErrors: Failed to load /Game/Assets/Xmodular/Wall_Smal.Wall_Smal Referenced by StaticMeshComponent0
[2018.09.18-21.33.52:049][  0]LogLinker: Warning: Can't find file for asset '/Game/Assets/Xmodular/Wall_Smal' while loading NULL.
[2018.09.18-21.33.52:049][  0]LoadErrors: Failed to load /Game/Assets/Xmodular/Wall_Smal.Wall_Smal Referenced by StaticMeshComponent0
[2018.09.18-21.33.52:049][  0]LogLinker: Warning: Can't find file '/Game/Assets/Xmodular/Wall_Smal'
[2018.09.18-21.33.52:049][  0]LoadErrors: Failed to load /Game/Assets/Xmodular/Wall_Smal.Wall_Smal Referenced by StaticMeshComponent0
[2018.09.18-21.33.52:049][  0]LogLinker: Warning: Can't find file for asset '/Game/Assets/Xmodular/Wall_Smal' while loading NULL.
[2018.09.18-21.33.52:049][  0]LoadErrors: Failed to load /Game/Assets/Xmodular/Wall_Smal.Wall_Smal Referenced by StaticMeshComponent0
[2018.09.18-21.33.52:050][  0]LogLinker: Warning: Can't find file '/Game/Assets/Xmodular/Wall_Smal'
[2018.09.18-21.33.52:050][  0]LoadErrors: Failed to load /Game/Assets/Xmodular/Wall_Smal.Wall_Smal Referenced by StaticMeshComponent0
[2018.09.18-21.33.52:050][  0]LogLinker: Warning: Can't find file for asset '/Game/Assets/Xmodular/Wall_Smal' while loading NULL.
[2018.09.18-21.33.52:050][  0]LoadErrors: Failed to load /Game/Assets/Xmodular/Wall_Smal.Wall_Smal Referenced by StaticMeshComponent0
[2018.09.18-21.33.52:050][  0]LogLinker: Warning: Can't find file '/Game/Assets/Xmodular/Wall_Smal'
[2018.09.18-21.33.52:050][  0]LoadErrors: Failed to load /Game/Assets/Xmodular/Wall_Smal.Wall_Smal Referenced by StaticMeshComponent0
[2018.09.18-21.33.52:050][  0]LogLinker: Warning: Can't find file for asset '/Game/Assets/Xmodular/Wall_Smal' while loading NULL.
[2018.09.18-21.33.52:050][  0]LoadErrors: Failed to load /Game/Assets/Xmodular/Wall_Smal.Wall_Smal Referenced by StaticMeshComponent0
[2018.09.18-21.33.52:051][  0]LogLinker: Warning: Can't find file '/Game/Assets/Xmodular/Wall_Window'
[2018.09.18-21.33.52:051][  0]LoadErrors: Failed to load /Game/Assets/Xmodular/Wall_Window.Wall_Window Referenced by StaticMeshComponent0
[2018.09.18-21.33.52:051][  0]LogLinker: Warning: Can't find file for asset '/Game/Assets/Xmodular/Wall_Window' while loading NULL.
[2018.09.18-21.33.52:051][  0]LoadErrors: Failed to load /Game/Assets/Xmodular/Wall_Window.Wall_Window Referenced by StaticMeshComponent0
[2018.09.18-21.33.52:051][  0]LogLinker: Warning: Can't find file '/Game/Assets/Xmodular/Wall_Window'
[2018.09.18-21.33.52:051][  0]LoadErrors: Failed to load /Game/Assets/Xmodular/Wall_Window.Wall_Window Referenced by StaticMeshComponent0
[2018.09.18-21.33.52:052][  0]LogLinker: Warning: Can't find file for asset '/Game/Assets/Xmodular/Wall_Window' while loading NULL.
[2018.09.18-21.33.52:052][  0]LoadErrors: Failed to load /Game/Assets/Xmodular/Wall_Window.Wall_Window Referenced by StaticMeshComponent0
[2018.09.18-21.33.52:052][  0]LogLinker: Warning: Can't find file '/Game/Assets/Xmodular/Wall_Window'
[2018.09.18-21.33.52:052][  0]LoadErrors: Failed to load /Game/Assets/Xmodular/Wall_Window.Wall_Window Referenced by StaticMeshComponent0
[2018.09.18-21.33.52:052][  0]LogLinker: Warning: Can't find file for asset '/Game/Assets/Xmodular/Wall_Window' while loading NULL.
[2018.09.18-21.33.52:052][  0]LoadErrors: Failed to load /Game/Assets/Xmodular/Wall_Window.Wall_Window Referenced by StaticMeshComponent0
[2018.09.18-21.33.52:053][  0]LogLinker: Warning: Can't find file '/Game/Assets/Xmodular/Wall_Window'
[2018.09.18-21.33.52:053][  0]LoadErrors: Failed to load /Game/Assets/Xmodular/Wall_Window.Wall_Window Referenced by StaticMeshComponent0
[2018.09.18-21.33.52:053][  0]LogLinker: Warning: Can't find file for asset '/Game/Assets/Xmodular/Wall_Window' while loading NULL.
[2018.09.18-21.33.52:053][  0]LoadErrors: Failed to load /Game/Assets/Xmodular/Wall_Window.Wall_Window Referenced by StaticMeshComponent0
[2018.09.18-21.33.52:053][  0]LogLinker: Warning: Can't find file '/Game/Assets/Xmodular/Wall_Window'
[2018.09.18-21.33.52:053][  0]LoadErrors: Failed to load /Game/Assets/Xmodular/Wall_Window.Wall_Window Referenced by StaticMeshComponent0
[2018.09.18-21.33.52:053][  0]LogLinker: Warning: Can't find file for asset '/Game/Assets/Xmodular/Wall_Window' while loading NULL.
[2018.09.18-21.33.52:053][  0]LoadErrors: Failed to load /Game/Assets/Xmodular/Wall_Window.Wall_Window Referenced by StaticMeshComponent0
[2018.09.18-21.33.52:054][  0]LogLinker: Warning: Can't find file '/Game/Assets/Xmodular/Wall_Window_Smal'
[2018.09.18-21.33.52:054][  0]LoadErrors: Failed to load /Game/Assets/Xmodular/Wall_Window_Smal.Wall_Window_Smal Referenced by StaticMeshComponent0
[2018.09.18-21.33.52:054][  0]LogLinker: Warning: Can't find file for asset '/Game/Assets/Xmodular/Wall_Window_Smal' while loading NULL.
[2018.09.18-21.33.52:054][  0]LoadErrors: Failed to load /Game/Assets/Xmodular/Wall_Window_Smal.Wall_Window_Smal Referenced by StaticMeshComponent0
[2018.09.18-21.33.52:055][  0]LogLinker: Warning: Can't find file '/Game/Assets/Xmodular/Wall_Window_Smal'
[2018.09.18-21.33.52:055][  0]LoadErrors: Failed to load /Game/Assets/Xmodular/Wall_Window_Smal.Wall_Window_Smal Referenced by StaticMeshComponent0
[2018.09.18-21.33.52:055][  0]LogLinker: Warning: Can't find file for asset '/Game/Assets/Xmodular/Wall_Window_Smal' while loading NULL.
[2018.09.18-21.33.52:055][  0]LoadErrors: Failed to load /Game/Assets/Xmodular/Wall_Window_Smal.Wall_Window_Smal Referenced by StaticMeshComponent0
[2018.09.18-21.33.52:056][  0]LogLinker: Warning: Can't find file '/Game/Assets/Xmodular/Wall_Window_Smal'
[2018.09.18-21.33.52:056][  0]LoadErrors: Failed to load /Game/Assets/Xmodular/Wall_Window_Smal.Wall_Window_Smal Referenced by StaticMeshComponent0
[2018.09.18-21.33.52:056][  0]LogLinker: Warning: Can't find file for asset '/Game/Assets/Xmodular/Wall_Window_Smal' while loading NULL.
[2018.09.18-21.33.52:056][  0]LoadErrors: Failed to load /Game/Assets/Xmodular/Wall_Window_Smal.Wall_Window_Smal Referenced by StaticMeshComponent0
[2018.09.18-21.33.52:057][  0]LogLinker: Warning: Can't find file '/Game/Assets/Xmodular/Wall_Window_Smal'
[2018.09.18-21.33.52:057][  0]LoadErrors: Failed to load /Game/Assets/Xmodular/Wall_Window_Smal.Wall_Window_Smal Referenced by StaticMeshComponent0
[2018.09.18-21.33.52:057][  0]LogLinker: Warning: Can't find file for asset '/Game/Assets/Xmodular/Wall_Window_Smal' while loading NULL.
[2018.09.18-21.33.52:057][  0]LoadErrors: Failed to load /Game/Assets/Xmodular/Wall_Window_Smal.Wall_Window_Smal Referenced by StaticMeshComponent0
[2018.09.18-21.33.54:097][  0]LogTexture: Display: Building textures: HQ_Lightmap0_3 (AutoDXT, 2048X2048)
[2018.09.18-21.33.57:983][  0]LogTexture: Display: Building textures: HQ_Lightmap0_4 (AutoDXT, 2048X2048)
[2018.09.18-21.33.57:984][  0]LogTexture: Display: Building textures: HQ_Lightmap0_5 (AutoDXT, 64X64)
[2018.09.18-21.33.57:984][  0]LogTexture: Display: Building textures: LQ_Lightmap_0_1 (DXT1, 2048X2048)
[2018.09.18-21.33.57:984][  0]LogTexture: Display: Building textures: LQ_Lightmap_0_2 (DXT1, 2048X2048)
[2018.09.18-21.33.57:984][  0]LogTexture: Display: Building textures: LQ_Lightmap_0_3 (DXT1, 2048X2048)
[2018.09.18-21.33.57:984][  0]LogTexture: Display: Building textures: LQ_Lightmap_0_4 (DXT1, 2048X2048)
[2018.09.18-21.34.00:230][  0]LogTexture: Display: Building textures: LQ_Lightmap_0_5 (DXT1, 64X64)
[2018.09.18-21.34.00:230][  0]LogTexture: Display: Building textures: SkyOcclusion0_1 (AutoDXT, 2048X1024)
[2018.09.18-21.34.00:230][  0]LogTexture: Display: Building textures: SkyOcclusion0_2 (AutoDXT, 2048X1024)
[2018.09.18-21.34.00:230][  0]LogTexture: Display: Building textures: SkyOcclusion0_4 (AutoDXT, 2048X1024)
[2018.09.18-21.34.00:230][  0]LogTexture: Display: Building textures: SkyOcclusion0_3 (AutoDXT, 2048X1024)
[2018.09.18-21.34.00:230][  0]LogTexture: Display: Building textures: SkyOcclusion0_5 (AutoDXT, 64X32)
[2018.09.18-21.34.00:736][  0]LogSkeletalMesh: Skeletal Mesh found in DDC [8.670712ms] /Game/FirstPerson/FPWeapon/Mesh/SK_FPGun.SK_FPGun
[2018.09.18-21.34.00:786][  0]LogSkeletalMesh: Skeletal Mesh found in DDC [14.552734ms] /Game/FirstPerson/Character/Mesh/SK_Mannequin_Arms.SK_Mannequin_Arms
[2018.09.18-21.34.01:083][  0]LogAIModule: Creating AISystem for world FirstPersonExampleMap
[2018.09.18-21.34.01:145][  0]LogEditorServer: Finished looking for orphan Actors (0.000 secs)
[2018.09.18-21.34.01:192][  0]LogUObjectGlobals: Destroyed PersistentFrame Addr=0x000002374763f740, Size=72
[2018.09.18-21.34.01:193][  0]LogUObjectGlobals: Destroyed PersistentFrame Addr=0x00000237475e9300, Size=256
[2018.09.18-21.34.01:193][  0]LogUObjectGlobals: Destroyed PersistentFrame Addr=0x000002372f1fa800, Size=688
[2018.09.18-21.34.01:193][  0]LogUObjectGlobals: Destroyed PersistentFrame Addr=0x000002372f933f90, Size=52
[2018.09.18-21.34.01:197][  0]Cmd: MAP CHECKDEP NOCLEARLOG
[2018.09.18-21.34.01:453][  0]MapCheck: Map check complete: 0 Error(s), 0 Warning(s), took 256,255ms to complete.
[2018.09.18-21.34.01:453][  0]LogFileHelpers: Loading map 'FirstPersonExampleMap' took 10.869
[2018.09.18-21.34.01:760][  0]LogCollectionManager: Loaded 0 collections in 0.003710 seconds
[2018.09.18-21.34.01:856][  0]LogFileCache: Scanning file cache for directory 'C:/Users/usagi/Documents/Unreal Projects/Roadhouse/Saved/Collections/' took 0.01s
[2018.09.18-21.34.01:856][  0]LogFileCache: Scanning file cache for directory 'C:/Users/usagi/Documents/Unreal Projects/Roadhouse/Content/Developers/usagi/Collections/' took 0.02s
[2018.09.18-21.34.01:856][  0]LogFileCache: Scanning file cache for directory 'C:/Users/usagi/Documents/Unreal Projects/Roadhouse/Content/Collections/' took 0.01s
[2018.09.18-21.34.01:856][  0]LogCollectionManager: Rebuilt the GUID cache for 0 collections in 0.000000 seconds
[2018.09.18-21.34.01:879][  0]LogContentBrowser: Native class hierarchy populated in 0.0208 seconds. Added 2452 classes and 558 folders.
[2018.09.18-21.34.01:902][  0]LogContentBrowser: Native class hierarchy updated for 'WidgetCarousel' in 0.0004 seconds. Added 0 classes and 0 folders.
[2018.09.18-21.34.02:194][  0]LogContentBrowser: Native class hierarchy updated for 'AddContentDialog' in 0.0004 seconds. Added 0 classes and 0 folders.
[2018.09.18-21.34.02:214][  0]LogContentBrowser: Native class hierarchy updated for 'SceneOutliner' in 0.0004 seconds. Added 1 classes and 2 folders.
[2018.09.18-21.34.02:319][  0]LogSlate: Took 0.014967 seconds to synchronously load lazily loaded font '../../../Engine/Content/Slate/Fonts/Roboto-Regular.ttf' (155K)
[2018.09.18-21.34.02:325][  0]LogSlate: Took 0.002168 seconds to synchronously load lazily loaded font '../../../Engine/Content/Slate/Fonts/Roboto-Bold.ttf' (160K)
[2018.09.18-21.34.02:342][  0]LogSlate: Took 0.006556 seconds to synchronously load lazily loaded font '../../../Engine/Content/Editor/Slate/Fonts/FontAwesome.ttf' (139K)
[2018.09.18-21.34.02:568][  0]LogRenderer: Reallocating scene render targets to support 1204x648 Format 10 NumSamples 1 (Frame:1).
[2018.09.18-21.34.02:918][  0]LogContentBrowser: Native class hierarchy updated for 'HierarchicalLODOutliner' in 0.0003 seconds. Added 0 classes and 0 folders.
[2018.09.18-21.34.02:918][  0]LogLoad: (Engine Initialization) Total time: 35.54 seconds
[2018.09.18-21.34.02:918][  0]LogLoad: (Engine Initialization) Total Blueprint compile time: 0.00 seconds
[2018.09.18-21.34.03:300][  0]LogContentStreaming: Texture pool size now 1000 MB
[2018.09.18-21.34.03:306][  0]LogSlate: FSceneViewport::OnFocusLost() reason 2
[2018.09.18-21.34.03:429][  0]LogSlate: Took 0.002429 seconds to synchronously load lazily loaded font '../../../Engine/Content/Slate/Fonts/Roboto-Light.ttf' (167K)
[2018.09.18-21.34.04:287][  3]LogAssetRegistry: Asset discovery search completed in 25.7990 seconds
[2018.09.18-21.34.04:294][  3]LogCollectionManager: Rebuilt the object cache for 0 collections in 0.000000 seconds (found 0 objects)
[2018.09.18-21.34.04:294][  3]LogCollectionManager: Fixed up redirectors for 0 collections in 0.000096 seconds (updated 0 objects)
[2018.09.18-21.34.09:001][232]LogSlate: Window 'Message Log' being destroyed
[2018.09.18-21.34.09:012][232]LogSlate: Window 'Message Log' being destroyed
[2018.09.18-21.34.09:622][266]LogEditorViewport: Clicking on Actor (LMB): StaticMeshActor (Dach)
[2018.09.18-21.34.10:814][315]Cmd: ACTOR HIDE SELECTED
[2018.09.18-21.34.14:242][512]LogSlate: FSceneViewport::OnFocusLost() reason 0
