Log file open, 08/13/18 13:51:02
LogWindows: Failed to load 'aqProf.dll' (GetLastError=126)
LogWindows: File 'aqProf.dll' does not exist
LogWindows: Failed to load 'VtuneApi.dll' (GetLastError=126)
LogWindows: File 'VtuneApi.dll' does not exist
LogWindows: Failed to load 'VtuneApi32e.dll' (GetLastError=126)
LogWindows: File 'VtuneApi32e.dll' does not exist
LogInit: Display: Running engine for game: Roadhouse
LogPlatformFile: Not using cached read wrapper
LogInit: Display: RandInit(-2083301255) SRandInit(-2083301255).
LogInit: Read version file with build ID '3944462'
LogInit: Overriding engine version to CL 4033788, compatible CL 3944462
LogInit: Registered custom module enumerator with build ID '3944462'
LogTaskGraph: Started task graph with 5 named threads and 11 total threads with 3 sets of task threads.
LogStats: Stats thread started at 0.192351
LogD3D11RHI: Aftermath initialized
LogICUInternationalization: Display: ICU TimeZone Detection - Raw Offset: +1:00, Platform Override: ''
LogModuleManager: Display: Found up-to-date module file ../../../Engine/Plugins/2D/Paper2D/Binaries/Win64/UE4Editor-Paper2D.dll (API version 3944462).
LogModuleManager: Display: Found up-to-date module file ../../../Engine/Plugins/2D/Paper2D/Binaries/Win64/UE4Editor-Paper2DEditor.dll (API version 3944462).
LogModuleManager: Display: Found up-to-date module file ../../../Engine/Plugins/2D/Paper2D/Binaries/Win64/UE4Editor-PaperSpriteSheetImporter.dll (API version 3944462).
LogModuleManager: Display: Found up-to-date module file ../../../Engine/Plugins/2D/Paper2D/Binaries/Win64/UE4Editor-PaperTiledImporter.dll (API version 3944462).
LogModuleManager: Display: Found up-to-date module file ../../../Engine/Plugins/2D/Paper2D/Binaries/Win64/UE4Editor-SmartSnapping.dll (API version 3944462).
LogModuleManager: Display: Found up-to-date module file ../../../Engine/Plugins/Blendables/LightPropagationVolume/Binaries/Win64/UE4Editor-LightPropagationVolumeRuntime.dll (API version 3944462).
LogModuleManager: Display: Found up-to-date module file ../../../Engine/Plugins/Blendables/LightPropagationVolume/Binaries/Win64/UE4Editor-LightPropagationVolumeEditor.dll (API version 3944462).
LogModuleManager: Display: Found up-to-date module file ../../../Engine/Plugins/Developer/CLionSourceCodeAccess/Binaries/Win64/UE4Editor-CLionSourceCodeAccess.dll (API version 3944462).
LogModuleManager: Display: Found up-to-date module file ../../../Engine/Plugins/Developer/GitSourceControl/Binaries/Win64/UE4Editor-GitSourceControl.dll (API version 3944462).
LogModuleManager: Display: Found up-to-date module file ../../../Engine/Plugins/Developer/PerforceSourceControl/Binaries/Win64/UE4Editor-PerforceSourceControl.dll (API version 3944462).
LogModuleManager: Display: Found up-to-date module file ../../../Engine/Plugins/Developer/SubversionSourceControl/Binaries/Win64/UE4Editor-SubversionSourceControl.dll (API version 3944462).
LogModuleManager: Display: Found up-to-date module file ../../../Engine/Plugins/Developer/UObjectPlugin/Binaries/Win64/UE4Editor-UObjectPlugin.dll (API version 3944462).
LogModuleManager: Display: Found up-to-date module file ../../../Engine/Plugins/Developer/VisualStudioCodeSourceCodeAccess/Binaries/Win64/UE4Editor-VisualStudioCodeSourceCodeAccess.dll (API version 3944462).
LogModuleManager: Display: Found up-to-date module file ../../../Engine/Plugins/Developer/VisualStudioSourceCodeAccess/Binaries/Win64/UE4Editor-VisualStudioSourceCodeAccess.dll (API version 3944462).
LogModuleManager: Display: Found up-to-date module file ../../../Engine/Plugins/Editor/AssetManagerEditor/Binaries/Win64/UE4Editor-AssetManagerEditor.dll (API version 3944462).
LogModuleManager: Display: Found up-to-date module file ../../../Engine/Plugins/Editor/CryptoKeys/Binaries/Win64/UE4Editor-CryptoKeys.dll (API version 3944462).
LogModuleManager: Display: Found up-to-date module file ../../../Engine/Plugins/Editor/CryptoKeys/Binaries/Win64/UE4Editor-CryptoKeysOpenSSL.dll (API version 3944462).
LogModuleManager: Display: Found up-to-date module file ../../../Engine/Plugins/Editor/DataValidation/Binaries/Win64/UE4Editor-DataValidation.dll (API version 3944462).
LogModuleManager: Display: Found up-to-date module file ../../../Engine/Plugins/Editor/FacialAnimation/Binaries/Win64/UE4Editor-FacialAnimation.dll (API version 3944462).
LogModuleManager: Display: Found up-to-date module file ../../../Engine/Plugins/Editor/FacialAnimation/Binaries/Win64/UE4Editor-FacialAnimationEditor.dll (API version 3944462).
LogModuleManager: Display: Found up-to-date module file ../../../Engine/Plugins/Editor/GameplayTagsEditor/Binaries/Win64/UE4Editor-GameplayTagsEditor.dll (API version 3944462).
LogModuleManager: Display: Found up-to-date module file ../../../Engine/Plugins/Editor/MobileLauncherProfileWizard/Binaries/Win64/UE4Editor-MobileLauncherProfileWizard.dll (API version 3944462).
LogModuleManager: Display: Found up-to-date module file ../../../Engine/Plugins/Editor/PluginBrowser/Binaries/Win64/UE4Editor-PluginBrowser.dll (API version 3944462).
LogModuleManager: Display: Found up-to-date module file ../../../Engine/Plugins/Editor/SpeedTreeImporter/Binaries/Win64/UE4Editor-SpeedTreeImporter.dll (API version 3944462).
LogModuleManager: Display: Found up-to-date module file ../../../Engine/Plugins/Enterprise/DatasmithContent/Binaries/Win64/UE4Editor-DatasmithContent.dll (API version 3944462).
LogModuleManager: Display: Found up-to-date module file ../../../Engine/Plugins/Experimental/AlembicImporter/Binaries/Win64/UE4Editor-AlembicImporter.dll (API version 3944462).
LogModuleManager: Display: Found up-to-date module file ../../../Engine/Plugins/Experimental/AlembicImporter/Binaries/Win64/UE4Editor-AlembicLibrary.dll (API version 3944462).
LogModuleManager: Display: Found up-to-date module file ../../../Engine/Plugins/Experimental/CharacterAI/Binaries/Win64/UE4Editor-CharacterAI.dll (API version 3944462).
LogModuleManager: Display: Found up-to-date module file ../../../Engine/Plugins/Experimental/HTML5Networking/Binaries/Win64/UE4Editor-HTML5Networking.dll (API version 3944462).
LogModuleManager: Display: Found up-to-date module file ../../../Engine/Plugins/Media/AndroidMedia/Binaries/Win64/UE4Editor-AndroidMediaEditor.dll (API version 3944462).
LogModuleManager: Display: Found up-to-date module file ../../../Engine/Plugins/Media/AndroidMedia/Binaries/Win64/UE4Editor-AndroidMediaFactory.dll (API version 3944462).
LogModuleManager: Display: Found up-to-date module file ../../../Engine/Plugins/Media/AvfMedia/Binaries/Win64/UE4Editor-AvfMediaEditor.dll (API version 3944462).
LogModuleManager: Display: Found up-to-date module file ../../../Engine/Plugins/Media/AvfMedia/Binaries/Win64/UE4Editor-AvfMediaFactory.dll (API version 3944462).
LogModuleManager: Display: Found up-to-date module file ../../../Engine/Plugins/Media/AvfMedia/Binaries/Win64/UE4Editor-AvfMediaFactory.dll (API version 3944462).
LogModuleManager: Display: Found up-to-date module file ../../../Engine/Plugins/Media/ImgMedia/Binaries/Win64/UE4Editor-ImgMedia.dll (API version 3944462).
LogModuleManager: Display: Found up-to-date module file ../../../Engine/Plugins/Media/ImgMedia/Binaries/Win64/UE4Editor-ImgMediaEditor.dll (API version 3944462).
LogModuleManager: Display: Found up-to-date module file ../../../Engine/Plugins/Media/ImgMedia/Binaries/Win64/UE4Editor-ImgMediaFactory.dll (API version 3944462).
LogModuleManager: Display: Found up-to-date module file ../../../Engine/Plugins/Media/ImgMedia/Binaries/Win64/UE4Editor-ImgMediaFactory.dll (API version 3944462).
LogModuleManager: Display: Found up-to-date module file ../../../Engine/Plugins/Media/ImgMedia/Binaries/Win64/UE4Editor-OpenExrWrapper.dll (API version 3944462).
LogModuleManager: Display: Found up-to-date module file ../../../Engine/Plugins/Media/LinearTimecode/Binaries/Win64/UE4Editor-LinearTimecode.dll (API version 3944462).
LogModuleManager: Display: Found up-to-date module file ../../../Engine/Plugins/Media/MediaCompositing/Binaries/Win64/UE4Editor-MediaCompositing.dll (API version 3944462).
LogModuleManager: Display: Found up-to-date module file ../../../Engine/Plugins/Media/MediaCompositing/Binaries/Win64/UE4Editor-MediaCompositingEditor.dll (API version 3944462).
LogModuleManager: Display: Found up-to-date module file ../../../Engine/Plugins/Media/MediaPlayerEditor/Binaries/Win64/UE4Editor-MediaPlayerEditor.dll (API version 3944462).
LogModuleManager: Display: Found up-to-date module file ../../../Engine/Plugins/Media/WmfMedia/Binaries/Win64/UE4Editor-WmfMedia.dll (API version 3944462).
LogModuleManager: Display: Found up-to-date module file ../../../Engine/Plugins/Media/WmfMedia/Binaries/Win64/UE4Editor-WmfMediaEditor.dll (API version 3944462).
LogModuleManager: Display: Found up-to-date module file ../../../Engine/Plugins/Media/WmfMedia/Binaries/Win64/UE4Editor-WmfMediaFactory.dll (API version 3944462).
LogModuleManager: Display: Found up-to-date module file ../../../Engine/Plugins/Media/WmfMedia/Binaries/Win64/UE4Editor-WmfMediaFactory.dll (API version 3944462).
LogModuleManager: Display: Found up-to-date module file ../../../Engine/Plugins/Messaging/TcpMessaging/Binaries/Win64/UE4Editor-TcpMessaging.dll (API version 3944462).
LogModuleManager: Display: Found up-to-date module file ../../../Engine/Plugins/Messaging/UdpMessaging/Binaries/Win64/UE4Editor-UdpMessaging.dll (API version 3944462).
LogModuleManager: Display: Found up-to-date module file ../../../Engine/Plugins/MovieScene/ActorSequence/Binaries/Win64/UE4Editor-ActorSequence.dll (API version 3944462).
LogModuleManager: Display: Found up-to-date module file ../../../Engine/Plugins/MovieScene/LevelSequenceEditor/Binaries/Win64/UE4Editor-LevelSequenceEditor.dll (API version 3944462).
LogModuleManager: Display: Found up-to-date module file ../../../Engine/Plugins/MovieScene/MatineeToLevelSequence/Binaries/Win64/UE4Editor-MatineeToLevelSequence.dll (API version 3944462).
LogModuleManager: Display: Found up-to-date module file ../../../Engine/Plugins/NetcodeUnitTest/NetcodeUnitTest/Binaries/Win64/UE4Editor-NetcodeUnitTest.dll (API version 3944462).
LogModuleManager: Display: Found up-to-date module file ../../../Engine/Plugins/NetcodeUnitTest/NUTUnrealEngine4/Binaries/Win64/UE4Editor-NUTUnrealEngine4.dll (API version 3944462).
LogModuleManager: Display: Found up-to-date module file ../../../Engine/Plugins/Online/OnlineSubsystem/Binaries/Win64/UE4Editor-OnlineSubsystem.dll (API version 3944462).
LogModuleManager: Display: Found up-to-date module file ../../../Engine/Plugins/Runtime/AndroidPermission/Binaries/Win64/UE4Editor-AndroidPermission.dll (API version 3944462).
LogModuleManager: Display: Found up-to-date module file ../../../Engine/Plugins/Online/OnlineSubsystemNull/Binaries/Win64/UE4Editor-OnlineSubsystemNull.dll (API version 3944462).
LogModuleManager: Display: Found up-to-date module file ../../../Engine/Plugins/Online/OnlineSubsystemUtils/Binaries/Win64/UE4Editor-OnlineSubsystemUtils.dll (API version 3944462).
LogModuleManager: Display: Found up-to-date module file ../../../Engine/Plugins/Online/OnlineSubsystemUtils/Binaries/Win64/UE4Editor-OnlineBlueprintSupport.dll (API version 3944462).
LogModuleManager: Display: Found up-to-date module file ../../../Engine/Plugins/Runtime/AndroidDeviceProfileSelector/Binaries/Win64/UE4Editor-AndroidDeviceProfileSelector.dll (API version 3944462).
LogModuleManager: Display: Found up-to-date module file ../../../Engine/Plugins/Runtime/AppleARKit/Binaries/Win64/UE4Editor-AppleARKit.dll (API version 3944462).
LogModuleManager: Display: Found up-to-date module file ../../../Engine/Plugins/Runtime/ProceduralMeshComponent/Binaries/Win64/UE4Editor-ProceduralMeshComponent.dll (API version 3944462).
LogModuleManager: Display: Found up-to-date module file ../../../Engine/Plugins/Runtime/ProceduralMeshComponent/Binaries/Win64/UE4Editor-ProceduralMeshComponentEditor.dll (API version 3944462).
LogModuleManager: Display: Found up-to-date module file ../../../Engine/Plugins/Animation/LiveLink/Binaries/Win64/UE4Editor-LiveLink.dll (API version 3944462).
LogModuleManager: Display: Found up-to-date module file ../../../Engine/Plugins/Animation/LiveLink/Binaries/Win64/UE4Editor-LiveLinkEditor.dll (API version 3944462).
LogModuleManager: Display: Found up-to-date module file ../../../Engine/Plugins/Runtime/ArchVisCharacter/Binaries/Win64/UE4Editor-ArchVisCharacter.dll (API version 3944462).
LogModuleManager: Display: Found up-to-date module file ../../../Engine/Plugins/Runtime/AudioCapture/Binaries/Win64/UE4Editor-AudioCapture.dll (API version 3944462).
LogModuleManager: Display: Found up-to-date module file ../../../Engine/Plugins/Runtime/AudioCapture/Binaries/Win64/UE4Editor-AudioCaptureEditor.dll (API version 3944462).
LogModuleManager: Display: Found up-to-date module file ../../../Engine/Plugins/Runtime/CableComponent/Binaries/Win64/UE4Editor-CableComponent.dll (API version 3944462).
LogModuleManager: Display: Found up-to-date module file ../../../Engine/Plugins/Runtime/CustomMeshComponent/Binaries/Win64/UE4Editor-CustomMeshComponent.dll (API version 3944462).
LogModuleManager: Display: Found up-to-date module file ../../../Engine/Plugins/Runtime/ExampleDeviceProfileSelector/Binaries/Win64/UE4Editor-ExampleDeviceProfileSelector.dll (API version 3944462).
LogModuleManager: Display: Found up-to-date module file ../../../Engine/Plugins/Runtime/ImmediatePhysics/Binaries/Win64/UE4Editor-ImmediatePhysics.dll (API version 3944462).
LogModuleManager: Display: Found up-to-date module file ../../../Engine/Plugins/Runtime/ImmediatePhysics/Binaries/Win64/UE4Editor-ImmediatePhysicsEditor.dll (API version 3944462).
LogModuleManager: Display: Found up-to-date module file ../../../Engine/Plugins/Runtime/LocationServicesBPLibrary/Binaries/Win64/UE4Editor-LocationServicesBPLibrary.dll (API version 3944462).
LogModuleManager: Display: Found up-to-date module file ../../../Engine/Plugins/Runtime/MobilePatchingUtils/Binaries/Win64/UE4Editor-MobilePatchingUtils.dll (API version 3944462).
LogModuleManager: Display: Found up-to-date module file ../../../Engine/Plugins/Runtime/Oculus/OculusVR/Binaries/Win64/UE4Editor-OculusHMD.dll (API version 3944462).
LogModuleManager: Display: Found up-to-date module file ../../../Engine/Plugins/Runtime/Oculus/OculusVR/Binaries/Win64/UE4Editor-OculusInput.dll (API version 3944462).
LogModuleManager: Display: Found up-to-date module file ../../../Engine/Plugins/Runtime/Oculus/OculusVR/Binaries/Win64/UE4Editor-OculusEditor.dll (API version 3944462).
LogModuleManager: Display: Found up-to-date module file ../../../Engine/Plugins/Runtime/PhysXVehicles/Binaries/Win64/UE4Editor-PhysXVehicles.dll (API version 3944462).
LogModuleManager: Display: Found up-to-date module file ../../../Engine/Plugins/Runtime/PhysXVehicles/Binaries/Win64/UE4Editor-PhysXVehiclesEditor.dll (API version 3944462).
LogModuleManager: Display: Found up-to-date module file ../../../Engine/Plugins/Runtime/RuntimePhysXCooking/Binaries/Win64/UE4Editor-RuntimePhysXCooking.dll (API version 3944462).
LogModuleManager: Display: Found up-to-date module file ../../../Engine/Plugins/Runtime/Steam/SteamVR/Binaries/Win64/UE4Editor-SteamVR.dll (API version 3944462).
LogModuleManager: Display: Found up-to-date module file ../../../Engine/Plugins/Runtime/Steam/SteamVR/Binaries/Win64/UE4Editor-SteamVRController.dll (API version 3944462).
LogModuleManager: Display: Found up-to-date module file ../../../Engine/Plugins/Runtime/WindowsMoviePlayer/Binaries/Win64/UE4Editor-WindowsMoviePlayer.dll (API version 3944462).
LogPluginManager: Mounting plugin Paper2D
LogPluginManager: Mounting plugin LiveLink
LogPluginManager: Mounting plugin LightPropagationVolume
LogPluginManager: Mounting plugin CLionSourceCodeAccess
LogPluginManager: Mounting plugin CodeLiteSourceCodeAccess
LogPluginManager: Mounting plugin GitSourceControl
LogPluginManager: Mounting plugin KDevelopSourceCodeAccess
LogPluginManager: Mounting plugin NullSourceCodeAccess
LogPluginManager: Mounting plugin PerforceSourceControl
LogPluginManager: Mounting plugin SubversionSourceControl
LogPluginManager: Mounting plugin UObjectPlugin
LogPluginManager: Mounting plugin VisualStudioCodeSourceCodeAccess
LogPluginManager: Mounting plugin VisualStudioSourceCodeAccess
LogPluginManager: Mounting plugin XCodeSourceCodeAccess
LogPluginManager: Mounting plugin AssetManagerEditor
LogPluginManager: Mounting plugin CryptoKeys
LogPluginManager: Mounting plugin DataValidation
LogPluginManager: Mounting plugin FacialAnimation
LogPluginManager: Mounting plugin GameplayTagsEditor
LogPluginManager: Mounting plugin MobileLauncherProfileWizard
LogPluginManager: Mounting plugin PluginBrowser
LogPluginManager: Mounting plugin SpeedTreeImporter
LogPluginManager: Mounting plugin DatasmithContent
LogPluginManager: Mounting plugin AlembicImporter
LogPluginManager: Mounting plugin CharacterAI
LogPluginManager: Mounting plugin HTML5Networking
LogPluginManager: Mounting plugin AndroidMedia
LogPluginManager: Mounting plugin AvfMedia
LogPluginManager: Mounting plugin ImgMedia
LogPluginManager: Mounting plugin LinearTimecode
LogPluginManager: Mounting plugin MediaCompositing
LogPluginManager: Mounting plugin MediaPlayerEditor
LogPluginManager: Mounting plugin WmfMedia
LogPluginManager: Mounting plugin TcpMessaging
LogPluginManager: Mounting plugin UdpMessaging
LogPluginManager: Mounting plugin ActorSequence
LogPluginManager: Mounting plugin LevelSequenceEditor
LogPluginManager: Mounting plugin MatineeToLevelSequence
LogPluginManager: Mounting plugin NetcodeUnitTest
LogPluginManager: Mounting plugin NUTUnrealEngine4
LogPluginManager: Mounting plugin OnlineSubsystemGooglePlay
LogPluginManager: Mounting plugin OnlineSubsystemIOS
LogPluginManager: Mounting plugin OnlineSubsystem
LogPluginManager: Mounting plugin OnlineSubsystemNull
LogPluginManager: Mounting plugin OnlineSubsystemUtils
LogPluginManager: Mounting plugin AndroidDeviceProfileSelector
LogPluginManager: Mounting plugin AndroidMoviePlayer
LogPluginManager: Mounting plugin AndroidPermission
LogPluginManager: Mounting plugin AppleARKit
LogPluginManager: Mounting plugin AppleMoviePlayer
LogPluginManager: Mounting plugin ArchVisCharacter
LogPluginManager: Mounting plugin AudioCapture
LogPluginManager: Mounting plugin CableComponent
LogPluginManager: Mounting plugin CustomMeshComponent
LogPluginManager: Mounting plugin ExampleDeviceProfileSelector
LogPluginManager: Mounting plugin GoogleCloudMessaging
LogPluginManager: Mounting plugin ImmediatePhysics
LogPluginManager: Mounting plugin IOSDeviceProfileSelector
LogPluginManager: Mounting plugin LinuxDeviceProfileSelector
LogPluginManager: Mounting plugin LocationServicesBPLibrary
LogPluginManager: Mounting plugin MobilePatchingUtils
LogPluginManager: Mounting plugin OculusVR
LogPluginManager: Plugin shader directory ../../../Engine/Plugins/Runtime/Oculus/OculusVR/Shaders found
LogPluginManager: Mapping shader source directory ../../../Engine/Plugins/Runtime/Oculus/OculusVR/Shaders to virtual directory /Plugin/OculusVR
LogPluginManager: Mounting plugin PhysXVehicles
LogPluginManager: Mounting plugin ProceduralMeshComponent
LogPluginManager: Mounting plugin RuntimePhysXCooking
LogPluginManager: Mounting plugin SteamVR
LogPluginManager: Mounting plugin WindowsMoviePlayer
LogStreaming: Display: Took  2.044s to configure plugins.
LogInit: Using libcurl 7.47.1
LogInit:  - built for x86_64-pc-win32
LogInit:  - supports SSL with OpenSSL/1.0.2g
LogInit:  - supports HTTP deflate (compression) using libz 1.2.8
LogInit:  - other features:
LogInit:      CURL_VERSION_SSL
LogInit:      CURL_VERSION_LIBZ
LogInit:      CURL_VERSION_IPV6
LogInit:      CURL_VERSION_ASYNCHDNS
LogInit:      CURL_VERSION_LARGEFILE
LogInit:      CURL_VERSION_IDN
LogInit:  CurlRequestOptions (configurable via config and command line):
LogInit:  - bVerifyPeer = false  - Libcurl will NOT verify peer certificate
LogInit:  - bUseHttpProxy = false  - Libcurl will NOT use HTTP proxy
LogInit:  - bDontReuseConnections = false  - Libcurl will reuse connections
LogInit:  - CertBundlePath = nullptr  - Libcurl will use whatever was configured at build time.
LogInit:  - MaxHostConnections = 16  - Libcurl will limit the number of connections to a host
LogInit:  - LocalHostAddr = Default
LogInit: WinSock: version 1.1 (2.2), MaxSocks=32767, MaxUdp=65467
LogInit: WinSock: I am DESKTOP-5J6HU0I (10.2.5.69:0)
LogInit: Build: ++UE4+Release-4.19-CL-4033788
LogInit: Engine Version: 4.19.2-4033788+++UE4+Release-4.19
LogInit: Compatible Engine Version: 4.19.0-3944462+++UE4+Release-4.19
LogInit: Net CL: 3944462
LogDevObjectVersion: Number of dev versions registered: 18
LogDevObjectVersion:   Dev-Blueprints (B0D832E4-1F89-4F0D-ACCF-7EB736FD4AA2): 10
LogDevObjectVersion:   Dev-Build (E1C64328-A22C-4D53-A36C-8E866417BD8C): 0
LogDevObjectVersion:   Dev-Core (375EC13C-06E4-48FB-B500-84F0262A717E): 2
LogDevObjectVersion:   Dev-Editor (E4B068ED-F494-42E9-A231-DA0B2E46BB41): 23
LogDevObjectVersion:   Dev-Framework (CFFC743F-43B0-4480-9391-14DF171D2073): 33
LogDevObjectVersion:   Dev-Mobile (B02B49B5-BB20-44E9-A304-32B752E40360): 2
LogDevObjectVersion:   Dev-Networking (A4E4105C-59A1-49B5-A7C5-40C4547EDFEE): 0
LogDevObjectVersion:   Dev-Online (39C831C9-5AE6-47DC-9A44-9C173E1C8E7C): 0
LogDevObjectVersion:   Dev-Physics (78F01B33-EBEA-4F98-B9B4-84EACCB95AA2): 0
LogDevObjectVersion:   Dev-Platform (6631380F-2D4D-43E0-8009-CF276956A95A): 0
LogDevObjectVersion:   Dev-Rendering (12F88B9F-8875-4AFC-A67C-D90C383ABD29): 25
LogDevObjectVersion:   Dev-Sequencer (7B5AE74C-D270-4C10-A958-57980B212A5A): 6
LogDevObjectVersion:   Dev-VR (D7296918-1DD6-4BDD-9DE2-64A83CC13884): 1
LogDevObjectVersion:   Dev-LoadTimes (C2A15278-BFE7-4AFE-6C17-90FF531DF755): 1
LogDevObjectVersion:   Private-Geometry (6EACA3D4-40EC-4CC1-B786-8BED09428FC5): 2
LogDevObjectVersion:   Dev-AnimPhys (29E575DD-E0A3-4627-9D10-D276232CDCEA): 16
LogDevObjectVersion:   Dev-ReflectionCapture (6B266CEC-1EC7-4B8F-A30B-E4D90942FC07): 1
LogDevObjectVersion:   Dev-Automation (0DF73D61-A23F-47EA-B727-89E90C41499A): 1
LogInit: Compiled (64-bit): Apr 27 2018 02:06:57
LogInit: Compiled with Visual C++: 19.00.24215.01
LogInit: Build Configuration: Development
LogInit: Branch Name: ++UE4+Release-4.19
LogInit: Command Line:  
LogInit: Base Directory: C:/Program Files/Epic Games/UE_4.19/Engine/Binaries/Win64/
LogInit: Installed Engine Build: 1
LogStreaming: Display: Took  0.004s to delete old logs.
LogInit: Presizing for max 8388607 objects, including 0 objects not considered by GC, pre-allocating 0 bytes for permanent pool.
LogInit: Object subsystem initialized
[2018.08.13-11.51.04:702][  0]LogInit: Selected Device Profile: [Windows]
[2018.08.13-11.51.04:703][  0]LogInit: Applying CVar settings loaded from the selected device profile: [Windows]
[2018.08.13-11.51.04:721][  0]LogInit: Computer: DESKTOP-5J6HU0I
[2018.08.13-11.51.04:721][  0]LogInit: User: usagi
[2018.08.13-11.51.04:721][  0]LogInit: CPU Page size=4096, Cores=2
[2018.08.13-11.51.04:721][  0]LogInit: High frequency timer resolution =2.343747 MHz
[2018.08.13-11.51.04:721][  0]LogMemory: Memory total: Physical=15.9GB (16GB approx)
[2018.08.13-11.51.04:721][  0]LogMemory: Platform Memory Stats for Windows
[2018.08.13-11.51.04:721][  0]LogMemory: Process Physical Memory: 272.79 MB used, 272.79 MB peak
[2018.08.13-11.51.04:721][  0]LogMemory: Process Virtual Memory: 266.00 MB used, 266.00 MB peak
[2018.08.13-11.51.04:721][  0]LogMemory: Physical Memory: 4837.13 MB used,  11460.81 MB free, 16297.94 MB total
[2018.08.13-11.51.04:721][  0]LogMemory: Virtual Memory: 4762.94 MB used,  11460.81 MB free, 134217728.00 MB total
[2018.08.13-11.51.04:754][  0]LogInit: Using OS detected language (de-DE).
[2018.08.13-11.51.04:754][  0]LogInit: Using OS detected locale (de-DE).
[2018.08.13-11.51.04:758][  0]LogTextLocalizationManager: No localization for 'de-DE' exists, so 'en' will be used for the language.
[2018.08.13-11.51.05:321][  0]LogStreaming: Display: Took  0.567s to EndInitTextLocalization.
[2018.08.13-11.51.05:321][  0]LogInit: Setting process to per monitor DPI aware
[2018.08.13-11.51.05:368][  0]LogSlate: New Slate User Created.  User Index 0, Is Virtual User: 0
[2018.08.13-11.51.05:368][  0]LogSlate: Slate User Registered.  User Index 0, Is Virtual User: 0
[2018.08.13-11.51.05:700][  0]LogD3D11RHI: D3D11 adapters:
[2018.08.13-11.51.05:776][  0]LogD3D11RHI:    0. 'NVIDIA GeForce GTX 950M' (Feature Level 11_0)
[2018.08.13-11.51.05:776][  0]LogD3D11RHI:       2010/0/8148 MB DedicatedVideo/DedicatedSystem/SharedSystem, Outputs:1, VendorId:0x10de
[2018.08.13-11.51.05:785][  0]LogD3D11RHI:    1. 'Intel(R) HD Graphics 520' (Feature Level 11_0)
[2018.08.13-11.51.05:785][  0]LogD3D11RHI:       128/0/8148 MB DedicatedVideo/DedicatedSystem/SharedSystem, Outputs:0, VendorId:0x8086
[2018.08.13-11.51.05:789][  0]LogD3D11RHI:    2. 'Microsoft Basic Render Driver' (Feature Level 11_0)
[2018.08.13-11.51.05:789][  0]LogD3D11RHI:       0/0/8148 MB DedicatedVideo/DedicatedSystem/SharedSystem, Outputs:0, VendorId:0x1414
[2018.08.13-11.51.05:789][  0]LogD3D11RHI: Chosen D3D11 Adapter: 0
[2018.08.13-11.51.05:812][  0]LogD3D11RHI: Creating new Direct3DDevice
[2018.08.13-11.51.05:812][  0]LogD3D11RHI:     GPU DeviceId: 0x139a (for the marketing name, search the web for "GPU Device Id")
[2018.08.13-11.51.05:812][  0]LogWindows: EnumDisplayDevices:
[2018.08.13-11.51.05:812][  0]LogWindows:    0. 'Intel(R) HD Graphics 520' (P:1 D:1)
[2018.08.13-11.51.05:812][  0]LogWindows:    1. 'Intel(R) HD Graphics 520' (P:0 D:0)
[2018.08.13-11.51.05:813][  0]LogWindows:    2. 'Intel(R) HD Graphics 520' (P:0 D:0)
[2018.08.13-11.51.05:813][  0]LogWindows: DebugString: GetVideoDriverDetailsInvalid PrimaryIsNotTheChoosenAdapter GetVideoDriverDetailsInvalid PrimaryIsNotTheChoosenAdapter GetVideoDriverDetailsInvalid PrimaryIsNotTheChoosenAdapter FoundDriverCount:0 
[2018.08.13-11.51.05:813][  0]LogD3D11RHI:     Adapter Name: NVIDIA GeForce GTX 950M
[2018.08.13-11.51.05:813][  0]LogD3D11RHI:   Driver Version: Unknown (internal:Unknown, unified:Unknown)
[2018.08.13-11.51.05:813][  0]LogD3D11RHI:      Driver Date: Unknown
[2018.08.13-11.51.05:813][  0]LogRHI: Texture pool is 1407 MB (70% of 2010 MB)
[2018.08.13-11.51.05:873][  0]LogD3D11RHI: [Aftermath] Aftermath enabled and primed
[2018.08.13-11.51.05:874][  0]LogD3D11RHI: [Aftermath] Aftermath enabled and primed
[2018.08.13-11.51.05:874][  0]LogD3D11RHI: Async texture creation enabled
[2018.08.13-11.51.05:893][  0]LogD3D11RHI: GPU Timing Frequency: 1000.000000 (Debug: 2 2)
[2018.08.13-11.51.05:895][  0]LogShaderCompilers: Guid format shader working directory is -19 characters bigger than the processId version (../../../../../../Users/usagi/Documents/Unreal Projects/Roadhouse/Intermediate/Shaders/WorkingDirectory/6936/).
[2018.08.13-11.51.05:895][  0]LogShaderCompilers: Cleaned the shader compiler working directory 'C:/Users/usagi/AppData/Local/Temp/UnrealShaderWorkingDir/2E6B7A4E495ECBE5F5A1548EEEE37EBB/'.
[2018.08.13-11.51.06:230][  0]LogTemp: Display: Loaded TP AllDesktopTargetPlatform
[2018.08.13-11.51.06:251][  0]LogTemp: Display: Loaded TP MacClientTargetPlatform
[2018.08.13-11.51.06:270][  0]LogTemp: Display: Loaded TP MacNoEditorTargetPlatform
[2018.08.13-11.51.06:292][  0]LogTemp: Display: Loaded TP MacServerTargetPlatform
[2018.08.13-11.51.06:316][  0]LogTemp: Display: Loaded TP MacTargetPlatform
[2018.08.13-11.51.06:336][  0]LogTemp: Display: Loaded TP WindowsClientTargetPlatform
[2018.08.13-11.51.06:356][  0]LogTemp: Display: Loaded TP WindowsNoEditorTargetPlatform
[2018.08.13-11.51.06:376][  0]LogTemp: Display: Loaded TP WindowsServerTargetPlatform
[2018.08.13-11.51.06:387][  0]LogTemp: Display: Loaded TP WindowsTargetPlatform
[2018.08.13-11.51.06:407][  0]LogTemp: Display: Loaded TP Android_ASTCTargetPlatform
[2018.08.13-11.51.06:423][  0]LogTemp: Display: Loaded TP Android_ATCTargetPlatform
[2018.08.13-11.51.06:443][  0]LogTemp: Display: Loaded TP Android_DXTTargetPlatform
[2018.08.13-11.51.06:459][  0]LogTemp: Display: Loaded TP Android_ETC1aTargetPlatform
[2018.08.13-11.51.06:478][  0]LogTemp: Display: Loaded TP Android_ETC1TargetPlatform
[2018.08.13-11.51.06:497][  0]LogTemp: Display: Loaded TP Android_ETC2TargetPlatform
[2018.08.13-11.51.06:536][  0]LogTemp: Display: Loaded TP Android_MultiTargetPlatform
[2018.08.13-11.51.06:536][  0]LogTemp: Display: Loaded TP Android_PVRTCTargetPlatform
[2018.08.13-11.51.06:551][  0]LogTemp: Display: Loaded TP AndroidTargetPlatform
[2018.08.13-11.51.06:553][  0]LogTemp: Display: Loaded TP HTML5TargetPlatform
[2018.08.13-11.51.06:596][  0]LogTemp: Display: Loaded TP IOSTargetPlatform
[2018.08.13-11.51.06:610][  0]LogTemp: Display: Loaded TP TVOSTargetPlatform
[2018.08.13-11.51.06:628][  0]LogTemp: Display: Loaded TP LinuxClientTargetPlatform
[2018.08.13-11.51.06:646][  0]LogTemp: Display: Loaded TP LinuxNoEditorTargetPlatform
[2018.08.13-11.51.06:667][  0]LogTemp: Display: Loaded TP LinuxServerTargetPlatform
[2018.08.13-11.51.06:688][  0]LogTemp: Display: Loaded TP LinuxTargetPlatform
[2018.08.13-11.51.06:688][  0]LogTargetPlatformManager: Display: Building Assets For Windows
[2018.08.13-11.51.06:902][  0]LogXGEController: Cannot use XGE Controller as Incredibuild is not installed on this machine.
[2018.08.13-11.51.06:902][  0]LogShaderCompilers: Cannot use XGE Shader Compiler as Incredibuild is not installed on this machine.
[2018.08.13-11.51.06:902][  0]LogShaderCompilers: Display: Using Local Shader Compiler.
[2018.08.13-11.51.07:873][  0]LogDerivedDataCache: Display: Max Cache Size: 512 MB
[2018.08.13-11.51.07:950][  0]LogDerivedDataCache: Loaded boot cache 0.08s 74MB C:/Users/usagi/AppData/Local/UnrealEngine/4.19/DerivedDataCache/Boot.ddc.
[2018.08.13-11.51.07:950][  0]LogDerivedDataCache: Display: Loaded Boot cache: C:/Users/usagi/AppData/Local/UnrealEngine/4.19/DerivedDataCache/Boot.ddc
[2018.08.13-11.51.07:950][  0]LogDerivedDataCache: FDerivedDataBackendGraph:  Pak pak cache file ../../../../../../Users/usagi/Documents/Unreal Projects/Roadhouse/DerivedDataCache/DDC.ddp not found, will not use a pak cache.
[2018.08.13-11.51.07:950][  0]LogDerivedDataCache: Unable to find inner node Pak for hierarchical cache Hierarchy.
[2018.08.13-11.51.07:950][  0]LogDerivedDataCache: FDerivedDataBackendGraph:  CompressedPak pak cache file ../../../../../../Users/usagi/Documents/Unreal Projects/Roadhouse/DerivedDataCache/Compressed.ddp not found, will not use a pak cache.
[2018.08.13-11.51.07:950][  0]LogDerivedDataCache: Unable to find inner node CompressedPak for hierarchical cache Hierarchy.
[2018.08.13-11.51.07:973][  0]LogDerivedDataCache: Display: Pak cache opened for reading ../../../Engine/DerivedDataCache/Compressed.ddp.
[2018.08.13-11.51.07:987][  0]LogDerivedDataCache: Using Local data cache path C:/Users/usagi/AppData/Local/UnrealEngine/Common/DerivedDataCache: Writable
[2018.08.13-11.51.07:987][  0]LogDerivedDataCache: Shared data cache path not found in *engine.ini, will not use an Shared cache.
[2018.08.13-11.51.07:987][  0]LogDerivedDataCache: Unable to find inner node Shared for hierarchical cache Hierarchy.
[2018.08.13-11.51.08:004][  0]LogMaterial: Verifying Global Shaders for PCD3D_SM5
[2018.08.13-11.51.08:004][  0]LogSlate: Using Freetype 2.6.0
[2018.08.13-11.51.08:005][  0]LogSlate: SlateFontCache - WITH_FREETYPE: 1, WITH_HARFBUZZ: 1
[2018.08.13-11.51.08:005][  0]LogSlate: SlateFontCache - WITH_FREETYPE: 1, WITH_HARFBUZZ: 1
[2018.08.13-11.51.08:192][  0]LogAssetRegistry: FAssetRegistry took 0.0274 seconds to start up
[2018.08.13-11.51.08:643][  0]LogInit: Selected Device Profile: [Windows]
[2018.08.13-11.51.08:852][  0]LogSimplygon: Simplygon DLL not present - disabling.
[2018.08.13-11.51.08:856][  0]LogMeshReduction: Using SimplygonSwarm for distributed automatic mesh merging
[2018.08.13-11.51.08:856][  0]LogMeshReduction: Using QuadricMeshReduction for automatic static mesh reduction
[2018.08.13-11.51.08:857][  0]LogMeshReduction: No automatic skeletal mesh reduction module available
[2018.08.13-11.51.08:857][  0]LogMeshReduction: No automatic mesh merging module available
[2018.08.13-11.51.08:857][  0]LogMeshMerging: No automatic mesh merging module available
[2018.08.13-11.51.08:906][  0]LogNetVersion: Roadhouse , NetCL: 3944462, EngineNetVer: 2, GameNetVer: 0 (Checksum: 487093703)
[2018.08.13-11.51.09:485][  0]LogPackageLocalizationCache: Processed 9 localized package path(s) for 1 prioritized culture(s) in 0.076886 seconds
[2018.08.13-11.51.09:493][  0]LogUObjectArray: 36728 objects as part of root set at end of initial load.
[2018.08.13-11.51.09:493][  0]LogUObjectAllocator: 7314312 out of 0 bytes used by permanent object pool.
[2018.08.13-11.51.09:493][  0]LogUObjectArray: CloseDisregardForGC: 0/0 objects in disregard for GC pool
[2018.08.13-11.51.11:892][  0]LogTcpMessaging: Initializing TcpMessaging bridge
[2018.08.13-11.51.11:933][  0]LogUdpMessaging: Initializing bridge on interface 0.0.0.0:0 to multicast group 230.0.0.1:6666.
[2018.08.13-11.51.12:538][  0]SourceControl: Source control is disabled
[2018.08.13-11.51.14:011][  0]LogAndroidPermission: UAndroidPermissionCallbackProxy::GetInstance
[2018.08.13-11.51.14:247][  0]LogOcInput: OculusInput pre-init called
[2018.08.13-11.51.14:420][  0]LogEngine: Initializing Engine...
[2018.08.13-11.51.14:422][  0]LogHMD: Failed to initialize OpenVR with code 110
[2018.08.13-11.51.14:424][  0]LogStats: UGameplayTagsManager::ConstructGameplayTagTree: Construct from data asset -  0.000 s
[2018.08.13-11.51.14:424][  0]LogStats: UGameplayTagsManager::ConstructGameplayTagTree: GameplayTagTreeChangedEvent.Broadcast -  0.000 s
[2018.08.13-11.51.14:727][  0]LogAIModule: Creating AISystem for world Untitled
[2018.08.13-11.51.14:741][  0]LogInit: XAudio2 using 'Lautsprecher (Realtek High Definition Audio)' : 2 channels at 48 kHz using 32 bits per sample (channel mask 0x3)
[2018.08.13-11.51.14:796][  0]LogInit: FAudioDevice initialized.
[2018.08.13-11.51.14:887][  0]LogDerivedDataCache: Saved boot cache 0.09s 74MB C:/Users/usagi/AppData/Local/UnrealEngine/4.19/DerivedDataCache/Boot.ddc.
[2018.08.13-11.51.14:899][  0]LogInit: Texture streaming: Enabled
[2018.08.13-11.51.14:926][  0]LogEngineSessionManager: EngineSessionManager initialized
[2018.08.13-11.51.14:944][  0]LogInit: Transaction tracking system initialized
[2018.08.13-11.51.14:983][  0]BlueprintLog: New page: Editor Load
[2018.08.13-11.51.15:108][  0]LocalizationService: Localization service is disabled
[2018.08.13-11.51.15:264][  0]LogConsoleResponse: Display: 
[2018.08.13-11.51.15:504][  0]LogCook: Display: Max memory allowance for cook 16384mb min free memory 0mb
[2018.08.13-11.51.15:504][  0]LogCook: Display: Mobile HDR setting 1
[2018.08.13-11.51.15:504][  0]LogGameplayTags: Display: UGameplayTagsManager::DoneAddingNativeTags. DelegateIsBound: 0
[2018.08.13-11.51.15:504][  0]LogStats: UGameplayTagsManager::ConstructGameplayTagTree: Construct from data asset -  0.000 s
[2018.08.13-11.51.15:504][  0]LogStats: UGameplayTagsManager::ConstructGameplayTagTree: GameplayTagTreeChangedEvent.Broadcast -  0.000 s
[2018.08.13-11.51.16:163][  0]LogFileCache: Scanning file cache for directory 'C:/Users/usagi/Documents/Unreal Projects/Roadhouse/Content/' took 0.02s
[2018.08.13-11.51.16:163][  0]Cmd: MAP LOAD FILE="../../../../../../Users/usagi/Documents/Unreal Projects/Roadhouse/Content/FirstPersonBP/Maps/FirstPersonExampleMap.umap" TEMPLATE=0 SHOWPROGRESS=1 FEATURELEVEL=3
[2018.08.13-11.51.16:163][  0]LightingResults: New page: Lighting Build
[2018.08.13-11.51.16:168][  0]MapCheck: New page: Map Check
[2018.08.13-11.51.16:168][  0]LightingResults: New page: Lighting Build
[2018.08.13-11.51.16:235][  0]LogUObjectGlobals: Created PersistentFrame Addr=0x0000023540ba6520, Size=72, Default__FirstPerson_AnimBP_C Function /Game/FirstPerson/Animations/FirstPerson_AnimBP.FirstPerson_AnimBP_C:ExecuteUbergraph_FirstPerson_AnimBP
[2018.08.13-11.51.16:249][  0]LogUObjectGlobals: Destroyed PersistentFrame Addr=0x0000023540ba6520, Size=72
[2018.08.13-11.51.16:249][  0]LogUObjectGlobals: Created PersistentFrame Addr=0x0000023540b33920, Size=72, Default__FirstPerson_AnimBP_C Function /Engine/Transient.REINST_FirstPerson_AnimBP_C_0:ExecuteUbergraph_FirstPerson_AnimBP
[2018.08.13-11.51.16:258][  0]LogUObjectGlobals: Created PersistentFrame Addr=0x000002354cb79a80, Size=72, Default__FirstPerson_AnimBP_C Function /Game/FirstPerson/Animations/FirstPerson_AnimBP.FirstPerson_AnimBP_C:ExecuteUbergraph_FirstPerson_AnimBP
[2018.08.13-11.51.16:273][  0]LogUObjectGlobals: Created PersistentFrame Addr=0x000002354cba6700, Size=256, Default__FirstPersonProjectile_C Function /Game/FirstPersonBP/Blueprints/FirstPersonProjectile.FirstPersonProjectile_C:ExecuteUbergraph_FirstPersonProjectile
[2018.08.13-11.51.16:280][  0]LogUObjectGlobals: Destroyed PersistentFrame Addr=0x000002354cba6700, Size=256
[2018.08.13-11.51.16:280][  0]LogUObjectGlobals: Created PersistentFrame Addr=0x000002354cba6700, Size=256, Default__FirstPersonProjectile_C Function /Engine/Transient.REINST_FirstPersonProjectile_C_4:ExecuteUbergraph_FirstPersonProjectile
[2018.08.13-11.51.16:282][  0]LogUObjectGlobals: Created PersistentFrame Addr=0x000002354cba4c00, Size=256, Default__FirstPersonProjectile_C Function /Game/FirstPersonBP/Blueprints/FirstPersonProjectile.FirstPersonProjectile_C:ExecuteUbergraph_FirstPersonProjectile
[2018.08.13-11.51.16:370][  0]LogUObjectGlobals: Created PersistentFrame Addr=0x0000023547f4d000, Size=688, Default__FirstPersonCharacter_C Function /Game/FirstPersonBP/Blueprints/FirstPersonCharacter.FirstPersonCharacter_C:ExecuteUbergraph_FirstPersonCharacter
[2018.08.13-11.51.16:385][  0]LogUObjectGlobals: Destroyed PersistentFrame Addr=0x0000023547f4d000, Size=688
[2018.08.13-11.51.16:385][  0]LogUObjectGlobals: Created PersistentFrame Addr=0x0000023547ef2500, Size=688, Default__FirstPersonCharacter_C Function /Engine/Transient.REINST_FirstPersonCharacter_C_6:ExecuteUbergraph_FirstPersonCharacter
[2018.08.13-11.51.16:397][  0]LogUObjectGlobals: Created PersistentFrame Addr=0x0000023547ef0a00, Size=688, Default__FirstPersonCharacter_C Function /Game/FirstPersonBP/Blueprints/FirstPersonCharacter.FirstPersonCharacter_C:ExecuteUbergraph_FirstPersonCharacter
[2018.08.13-11.51.16:498][  0]LogLinker: Warning: Can't find file '/Game/UE4-Jagdhuette/Assets/Xmodular/Door_out'
[2018.08.13-11.51.16:498][  0]LogLinker: Warning: Can't find file for asset '/Game/UE4-Jagdhuette/Assets/Xmodular/Door_out' while loading ../../../../../../Users/usagi/Documents/Unreal Projects/Roadhouse/Content/Assets/Xmodular/Door_pb.uasset.
[2018.08.13-11.51.16:498][  0]LoadErrors: Error: /Game/Assets/Xmodular/Door_pb : Can't find file for asset. /Game/UE4-Jagdhuette/Assets/Xmodular/Door_out
[2018.08.13-11.51.16:498][  0]LogLinker: Warning: Can't find file '/Game/UE4-Jagdhuette/Assets/Xmodular/Wall_door'
[2018.08.13-11.51.16:498][  0]LogLinker: Warning: Can't find file for asset '/Game/UE4-Jagdhuette/Assets/Xmodular/Wall_door' while loading ../../../../../../Users/usagi/Documents/Unreal Projects/Roadhouse/Content/Assets/Xmodular/Door_pb.uasset.
[2018.08.13-11.51.16:498][  0]LoadErrors: Error: /Game/Assets/Xmodular/Door_pb : Can't find file for asset. /Game/UE4-Jagdhuette/Assets/Xmodular/Wall_door
[2018.08.13-11.51.16:498][  0]LogLinker: Warning: Can't find file '/Game/UE4-Jagdhuette/Assets/Xmodular/Wall_interrior_door'
[2018.08.13-11.51.16:498][  0]LogLinker: Warning: Can't find file for asset '/Game/UE4-Jagdhuette/Assets/Xmodular/Wall_interrior_door' while loading ../../../../../../Users/usagi/Documents/Unreal Projects/Roadhouse/Content/Assets/Xmodular/Door_pb.uasset.
[2018.08.13-11.51.16:498][  0]LoadErrors: Error: /Game/Assets/Xmodular/Door_pb : Can't find file for asset. /Game/UE4-Jagdhuette/Assets/Xmodular/Wall_interrior_door
[2018.08.13-11.51.16:499][  0]LogLinker: Warning: Can't find file '/Game/UE4-Jagdhuette/Assets/Xmodular/Door_out'
[2018.08.13-11.51.16:499][  0]LogLinker: Warning: Can't find file for asset '/Game/UE4-Jagdhuette/Assets/Xmodular/Door_out' while loading ../../../../../../Users/usagi/Documents/Unreal Projects/Roadhouse/Content/Assets/Xmodular/Door_pb.uasset.
[2018.08.13-11.51.16:499][  0]LoadErrors: Error: /Game/Assets/Xmodular/Door_pb : Can't find file for asset. /Game/UE4-Jagdhuette/Assets/Xmodular/Door_out
[2018.08.13-11.51.16:499][  0]LogLinker: Warning: Can't find file '/Game/UE4-Jagdhuette/Assets/Xmodular/Wall_door'
[2018.08.13-11.51.16:499][  0]LogLinker: Warning: Can't find file for asset '/Game/UE4-Jagdhuette/Assets/Xmodular/Wall_door' while loading ../../../../../../Users/usagi/Documents/Unreal Projects/Roadhouse/Content/Assets/Xmodular/Door_pb.uasset.
[2018.08.13-11.51.16:499][  0]LoadErrors: Error: /Game/Assets/Xmodular/Door_pb : Can't find file for asset. /Game/UE4-Jagdhuette/Assets/Xmodular/Wall_door
[2018.08.13-11.51.16:499][  0]LogLinker: Warning: Can't find file '/Game/UE4-Jagdhuette/Assets/Xmodular/Wall_interrior_door'
[2018.08.13-11.51.16:499][  0]LogLinker: Warning: Can't find file for asset '/Game/UE4-Jagdhuette/Assets/Xmodular/Wall_interrior_door' while loading ../../../../../../Users/usagi/Documents/Unreal Projects/Roadhouse/Content/Assets/Xmodular/Door_pb.uasset.
[2018.08.13-11.51.16:499][  0]LoadErrors: Error: /Game/Assets/Xmodular/Door_pb : Can't find file for asset. /Game/UE4-Jagdhuette/Assets/Xmodular/Wall_interrior_door
[2018.08.13-11.51.16:500][  0]LogUObjectGlobals: Created PersistentFrame Addr=0x00000235482f5c00, Size=384, Default__Door_pb_C Function /Game/Assets/Xmodular/Door_pb.Door_pb_C:ExecuteUbergraph_Door_pb
[2018.08.13-11.51.16:501][  0]LogLinker: Warning: Can't find file '/Game/UE4-Jagdhuette/Assets/Xmodular/Door_out'
[2018.08.13-11.51.16:501][  0]LogLinker: Warning: Can't find file for asset '/Game/UE4-Jagdhuette/Assets/Xmodular/Door_out' while loading ../../../../../../Users/usagi/Documents/Unreal Projects/Roadhouse/Content/FirstPersonBP/Maps/FirstPersonExampleMap.umap.
[2018.08.13-11.51.16:501][  0]LoadErrors: Error: /Game/FirstPersonBP/Maps/FirstPersonExampleMap : Can't find file for asset. /Game/UE4-Jagdhuette/Assets/Xmodular/Door_out
[2018.08.13-11.51.16:501][  0]LogLinker: Warning: Can't find file '/Game/UE4-Jagdhuette/Assets/Xmodular/Wall_door'
[2018.08.13-11.51.16:501][  0]LogLinker: Warning: Can't find file for asset '/Game/UE4-Jagdhuette/Assets/Xmodular/Wall_door' while loading ../../../../../../Users/usagi/Documents/Unreal Projects/Roadhouse/Content/FirstPersonBP/Maps/FirstPersonExampleMap.umap.
[2018.08.13-11.51.16:501][  0]LoadErrors: Error: /Game/FirstPersonBP/Maps/FirstPersonExampleMap : Can't find file for asset. /Game/UE4-Jagdhuette/Assets/Xmodular/Wall_door
[2018.08.13-11.51.16:501][  0]LogLinker: Warning: Can't find file '/Game/UE4-Jagdhuette/Assets/Xmodular/Wall_interrior_door'
[2018.08.13-11.51.16:502][  0]LogLinker: Warning: Can't find file for asset '/Game/UE4-Jagdhuette/Assets/Xmodular/Wall_interrior_door' while loading ../../../../../../Users/usagi/Documents/Unreal Projects/Roadhouse/Content/FirstPersonBP/Maps/FirstPersonExampleMap.umap.
[2018.08.13-11.51.16:502][  0]LoadErrors: Error: /Game/FirstPersonBP/Maps/FirstPersonExampleMap : Can't find file for asset. /Game/UE4-Jagdhuette/Assets/Xmodular/Wall_interrior_door
[2018.08.13-11.51.16:502][  0]LogLinker: Warning: Can't find file '/Game/UE4-Jagdhuette/Assets/Xmodular/Door_out'
[2018.08.13-11.51.16:502][  0]LogLinker: Warning: Can't find file for asset '/Game/UE4-Jagdhuette/Assets/Xmodular/Door_out' while loading ../../../../../../Users/usagi/Documents/Unreal Projects/Roadhouse/Content/FirstPersonBP/Maps/FirstPersonExampleMap.umap.
[2018.08.13-11.51.16:502][  0]LoadErrors: Error: /Game/FirstPersonBP/Maps/FirstPersonExampleMap : Can't find file for asset. /Game/UE4-Jagdhuette/Assets/Xmodular/Door_out
[2018.08.13-11.51.16:502][  0]LogLinker: Warning: Can't find file '/Game/UE4-Jagdhuette/Assets/Xmodular/Wall_door'
[2018.08.13-11.51.16:502][  0]LogLinker: Warning: Can't find file for asset '/Game/UE4-Jagdhuette/Assets/Xmodular/Wall_door' while loading ../../../../../../Users/usagi/Documents/Unreal Projects/Roadhouse/Content/FirstPersonBP/Maps/FirstPersonExampleMap.umap.
[2018.08.13-11.51.16:502][  0]LoadErrors: Error: /Game/FirstPersonBP/Maps/FirstPersonExampleMap : Can't find file for asset. /Game/UE4-Jagdhuette/Assets/Xmodular/Wall_door
[2018.08.13-11.51.16:502][  0]LogLinker: Warning: Can't find file '/Game/UE4-Jagdhuette/Assets/Xmodular/Wall_interrior_door'
[2018.08.13-11.51.16:502][  0]LogLinker: Warning: Can't find file for asset '/Game/UE4-Jagdhuette/Assets/Xmodular/Wall_interrior_door' while loading ../../../../../../Users/usagi/Documents/Unreal Projects/Roadhouse/Content/FirstPersonBP/Maps/FirstPersonExampleMap.umap.
[2018.08.13-11.51.16:502][  0]LoadErrors: Error: /Game/FirstPersonBP/Maps/FirstPersonExampleMap : Can't find file for asset. /Game/UE4-Jagdhuette/Assets/Xmodular/Wall_interrior_door
[2018.08.13-11.51.16:505][  0]LogLinker: Warning: Can't find file '/Game/UE4-Jagdhuette/Assets/Xmodular/Wall_door'
[2018.08.13-11.51.16:505][  0]LoadErrors: Failed to load /Game/UE4-Jagdhuette/Assets/Xmodular/Wall_door.Wall_door Referenced by Wall_door1_GEN_VARIABLE
[2018.08.13-11.51.16:505][  0]LogLinker: Warning: Can't find file for asset '/Game/UE4-Jagdhuette/Assets/Xmodular/Wall_door' while loading ../../../../../../Users/usagi/Documents/Unreal Projects/Roadhouse/Content/FirstPersonBP/Maps/FirstPersonExampleMap.umap.
[2018.08.13-11.51.16:505][  0]LoadErrors: Failed to load /Game/UE4-Jagdhuette/Assets/Xmodular/Wall_door.Wall_door Referenced by Wall_door1_GEN_VARIABLE
[2018.08.13-11.51.16:505][  0]LoadErrors: Error: /Game/FirstPersonBP/Maps/FirstPersonExampleMap : Can't find file for asset. /Game/UE4-Jagdhuette/Assets/Xmodular/Wall_door
[2018.08.13-11.51.16:506][  0]LogLinker: Warning: Can't find file '/Game/UE4-Jagdhuette/Assets/Xmodular/Wall_interrior_door'
[2018.08.13-11.51.16:506][  0]LoadErrors: Failed to load /Game/UE4-Jagdhuette/Assets/Xmodular/Wall_interrior_door.Wall_interrior_door Referenced by Wall_interrior_door_GEN_VARIABLE
[2018.08.13-11.51.16:506][  0]LogLinker: Warning: Can't find file for asset '/Game/UE4-Jagdhuette/Assets/Xmodular/Wall_interrior_door' while loading ../../../../../../Users/usagi/Documents/Unreal Projects/Roadhouse/Content/FirstPersonBP/Maps/FirstPersonExampleMap.umap.
[2018.08.13-11.51.16:506][  0]LoadErrors: Failed to load /Game/UE4-Jagdhuette/Assets/Xmodular/Wall_interrior_door.Wall_interrior_door Referenced by Wall_interrior_door_GEN_VARIABLE
[2018.08.13-11.51.16:506][  0]LoadErrors: Error: /Game/FirstPersonBP/Maps/FirstPersonExampleMap : Can't find file for asset. /Game/UE4-Jagdhuette/Assets/Xmodular/Wall_interrior_door
[2018.08.13-11.51.16:506][  0]LogLinker: Warning: Can't find file '/Game/UE4-Jagdhuette/Assets/Xmodular/Door_out'
[2018.08.13-11.51.16:506][  0]LoadErrors: Failed to load /Game/UE4-Jagdhuette/Assets/Xmodular/Door_out.Door_out Referenced by Door_out1_GEN_VARIABLE
[2018.08.13-11.51.16:506][  0]LogLinker: Warning: Can't find file for asset '/Game/UE4-Jagdhuette/Assets/Xmodular/Door_out' while loading ../../../../../../Users/usagi/Documents/Unreal Projects/Roadhouse/Content/FirstPersonBP/Maps/FirstPersonExampleMap.umap.
[2018.08.13-11.51.16:506][  0]LoadErrors: Failed to load /Game/UE4-Jagdhuette/Assets/Xmodular/Door_out.Door_out Referenced by Door_out1_GEN_VARIABLE
[2018.08.13-11.51.16:506][  0]LoadErrors: Error: /Game/FirstPersonBP/Maps/FirstPersonExampleMap : Can't find file for asset. /Game/UE4-Jagdhuette/Assets/Xmodular/Door_out
[2018.08.13-11.51.16:508][  0]LogUObjectGlobals: Destroyed PersistentFrame Addr=0x00000235482f5c00, Size=384
[2018.08.13-11.51.16:508][  0]LogUObjectGlobals: Created PersistentFrame Addr=0x0000023547724880, Size=384, Default__Door_pb_C Function /Engine/Transient.REINST_Door_pb_C_10:ExecuteUbergraph_Door_pb
[2018.08.13-11.51.16:512][  0]LogUObjectGlobals: Created PersistentFrame Addr=0x000002354774e380, Size=384, Default__Door_pb_C Function /Game/Assets/Xmodular/Door_pb.Door_pb_C:ExecuteUbergraph_Door_pb
[2018.08.13-11.51.16:521][  0]LogUObjectGlobals: Created PersistentFrame Addr=0x00000235482df318, Size=52, Default__FirstPersonHUD_C Function /Game/FirstPersonBP/Blueprints/FirstPersonHUD.FirstPersonHUD_C:ExecuteUbergraph_FirstPersonHUD
[2018.08.13-11.51.16:525][  0]LogUObjectGlobals: Destroyed PersistentFrame Addr=0x00000235482df318, Size=52
[2018.08.13-11.51.16:525][  0]LogUObjectGlobals: Created PersistentFrame Addr=0x00000235482df318, Size=52, Default__FirstPersonHUD_C Function /Engine/Transient.REINST_FirstPersonHUD_C_12:ExecuteUbergraph_FirstPersonHUD
[2018.08.13-11.51.16:527][  0]LogUObjectGlobals: Created PersistentFrame Addr=0x00000235482def28, Size=52, Default__FirstPersonHUD_C Function /Game/FirstPersonBP/Blueprints/FirstPersonHUD.FirstPersonHUD_C:ExecuteUbergraph_FirstPersonHUD
[2018.08.13-11.51.17:017][  0]LogSkeletalMesh: Skeletal Mesh found in DDC [4.628486ms] /Game/FirstPerson/FPWeapon/Mesh/SK_FPGun.SK_FPGun
[2018.08.13-11.51.17:037][  0]LogSkeletalMesh: Skeletal Mesh found in DDC [7.693663ms] /Game/FirstPerson/Character/Mesh/SK_Mannequin_Arms.SK_Mannequin_Arms
[2018.08.13-11.51.17:307][  0]LogAIModule: Creating AISystem for world FirstPersonExampleMap
[2018.08.13-11.51.17:336][  0]LogEditorServer: Finished looking for orphan Actors (0.000 secs)
[2018.08.13-11.51.17:356][  0]LogUObjectGlobals: Destroyed PersistentFrame Addr=0x0000023540b33920, Size=72
[2018.08.13-11.51.17:356][  0]LogUObjectGlobals: Destroyed PersistentFrame Addr=0x000002354cba6700, Size=256
[2018.08.13-11.51.17:356][  0]LogUObjectGlobals: Destroyed PersistentFrame Addr=0x0000023547ef2500, Size=688
[2018.08.13-11.51.17:356][  0]LogUObjectGlobals: Destroyed PersistentFrame Addr=0x0000023547724880, Size=384
[2018.08.13-11.51.17:356][  0]LogUObjectGlobals: Destroyed PersistentFrame Addr=0x00000235482df318, Size=52
[2018.08.13-11.51.17:358][  0]Cmd: MAP CHECKDEP NOCLEARLOG
[2018.08.13-11.51.17:499][  0]MapCheck: Map check complete: 0 Error(s), 0 Warning(s), took 141,085ms to complete.
[2018.08.13-11.51.17:499][  0]LogFileHelpers: Loading map 'FirstPersonExampleMap' took 1.336
[2018.08.13-11.51.17:680][  0]LogCollectionManager: Loaded 0 collections in 0.004320 seconds
[2018.08.13-11.51.17:732][  0]LogFileCache: Scanning file cache for directory 'C:/Users/usagi/Documents/Unreal Projects/Roadhouse/Saved/Collections/' took 0.01s
[2018.08.13-11.51.17:732][  0]LogFileCache: Scanning file cache for directory 'C:/Users/usagi/Documents/Unreal Projects/Roadhouse/Content/Developers/usagi/Collections/' took 0.01s
[2018.08.13-11.51.17:732][  0]LogFileCache: Scanning file cache for directory 'C:/Users/usagi/Documents/Unreal Projects/Roadhouse/Content/Collections/' took 0.01s
[2018.08.13-11.51.17:732][  0]LogCollectionManager: Rebuilt the GUID cache for 0 collections in 0.000000 seconds
[2018.08.13-11.51.17:749][  0]LogContentBrowser: Native class hierarchy populated in 0.0166 seconds. Added 2452 classes and 558 folders.
[2018.08.13-11.51.17:761][  0]LogContentBrowser: Native class hierarchy updated for 'WidgetCarousel' in 0.0004 seconds. Added 0 classes and 0 folders.
[2018.08.13-11.51.17:866][  0]LogContentBrowser: Native class hierarchy updated for 'AddContentDialog' in 0.0004 seconds. Added 0 classes and 0 folders.
[2018.08.13-11.51.17:873][  0]LogContentBrowser: Native class hierarchy updated for 'SceneOutliner' in 0.0004 seconds. Added 1 classes and 2 folders.
[2018.08.13-11.51.17:900][  0]LogSlate: Took 0.000299 seconds to synchronously load lazily loaded font '../../../Engine/Content/Slate/Fonts/Roboto-Regular.ttf' (155K)
[2018.08.13-11.51.17:903][  0]LogSlate: Took 0.000290 seconds to synchronously load lazily loaded font '../../../Engine/Content/Slate/Fonts/Roboto-Bold.ttf' (160K)
[2018.08.13-11.51.17:912][  0]LogSlate: Took 0.000604 seconds to synchronously load lazily loaded font '../../../Engine/Content/Editor/Slate/Fonts/FontAwesome.ttf' (139K)
[2018.08.13-11.51.18:100][  0]LogRenderer: Reallocating scene render targets to support 1308x648 Format 10 NumSamples 1 (Frame:1).
[2018.08.13-11.51.18:342][  0]LogContentBrowser: Native class hierarchy updated for 'HierarchicalLODOutliner' in 0.0004 seconds. Added 0 classes and 0 folders.
[2018.08.13-11.51.18:342][  0]LogLoad: (Engine Initialization) Total time: 17.50 seconds
[2018.08.13-11.51.18:342][  0]LogLoad: (Engine Initialization) Total Blueprint compile time: 0.00 seconds
[2018.08.13-11.51.18:360][  0]LogWindowsTextInputMethodSystem: Display: IME system now deactivated.
[2018.08.13-11.51.18:381][  0]LogContentStreaming: Texture pool size now 1000 MB
[2018.08.13-11.51.18:385][  0]LogSlate: FSceneViewport::OnFocusLost() reason 2
[2018.08.13-11.51.18:455][  0]LogSlate: Took 0.000337 seconds to synchronously load lazily loaded font '../../../Engine/Content/Slate/Fonts/Roboto-Light.ttf' (167K)
[2018.08.13-11.51.18:694][  2]LogAssetRegistry: Asset discovery search completed in 10.5251 seconds
[2018.08.13-11.51.18:698][  2]LogCollectionManager: Rebuilt the object cache for 0 collections in 0.000001 seconds (found 0 objects)
[2018.08.13-11.51.18:698][  2]LogCollectionManager: Fixed up redirectors for 0 collections in 0.000078 seconds (updated 0 objects)
[2018.08.13-11.51.39:220][225]LogSlate: FSceneViewport::OnFocusLost() reason 2
[2018.08.13-11.52.11:926][154]LogSlate: Took 0.000341 seconds to synchronously load lazily loaded font '../../../Engine/Content/Slate/Fonts/Roboto-Light.ttf' (167K)
[2018.08.13-11.52.11:955][154]Cmd: MAP LOAD FILE="../../../../../../Users/usagi/Documents/Unreal Projects/Roadhouse/Content/FirstPersonBP/Maps/FirstPersonExampleMap.umap" TEMPLATE=0 SHOWPROGRESS=1 FEATURELEVEL=3
[2018.08.13-11.52.11:955][154]LightingResults: New page: Lighting Build
[2018.08.13-11.52.11:956][154]LoadErrors: New page: Loading map: FirstPersonExampleMap.umap
[2018.08.13-11.52.11:958][154]MapCheck: New page: Map Check
[2018.08.13-11.52.11:958][154]LightingResults: New page: Lighting Build
[2018.08.13-11.52.12:144][154]LogAIModule: Creating AISystem for world FirstPersonExampleMap
[2018.08.13-11.52.12:164][154]LogEditorServer: Finished looking for orphan Actors (0.000 secs)
[2018.08.13-11.52.12:210][154]Cmd: MAP CHECKDEP NOCLEARLOG
[2018.08.13-11.52.12:365][154]MapCheck: Map check complete: 0 Error(s), 0 Warning(s), took 154,685ms to complete.
[2018.08.13-11.52.12:366][154]LogFileHelpers: Loading map 'FirstPersonExampleMap' took 0.412
[2018.08.13-11.52.16:299][383]LogSlate: Window 'Message Log' being destroyed
[2018.08.13-11.52.16:303][383]LogSlate: Window 'Message Log' being destroyed
[2018.08.13-11.52.18:278][500]LogEditorViewport: Clicking on Actor (LMB): BP_Sky_Sphere_C (SkySphereBlueprint)
[2018.08.13-11.52.24:030][780]LogSlate: FSceneViewport::OnFocusLost() reason 0
[2018.08.13-11.52.24:088][783]LogTemp: Repeating last play command: Selected Viewport
[2018.08.13-11.52.24:108][783]LogBlueprintUserMessages: Early PlayInEditor Detection: Level '/Game/FirstPersonBP/Maps/FirstPersonExampleMap.FirstPersonExampleMap:PersistentLevel' has LevelScriptBlueprint '/Game/FirstPersonBP/Maps/FirstPersonExampleMap.FirstPersonExampleMap:PersistentLevel.FirstPersonExampleMap' with GeneratedClass '/Game/FirstPersonBP/Maps/FirstPersonExampleMap.FirstPersonExampleMap_C' with ClassGeneratedBy '/Game/FirstPersonBP/Maps/FirstPersonExampleMap.FirstPersonExampleMap:PersistentLevel.FirstPersonExampleMap'
[2018.08.13-11.52.24:108][783]LogPlayLevel: PlayLevel: No blueprints needed recompiling
[2018.08.13-11.52.24:110][783]PIE: New page: PIE session: FirstPersonExampleMap (13.08.2018 15:52:24)
[2018.08.13-11.52.24:110][783]LogPlayLevel: Creating play world package: /Game/FirstPersonBP/Maps/UEDPIE_0_FirstPersonExampleMap
[2018.08.13-11.52.24:147][783]LogPlayLevel: PIE: StaticDuplicateObject took: (0.036809s)
[2018.08.13-11.52.24:148][783]LogAIModule: Creating AISystem for world FirstPersonExampleMap
[2018.08.13-11.52.24:148][783]LogPlayLevel: PIE: World Init took: (0.001119s)
[2018.08.13-11.52.24:149][783]LogPlayLevel: PIE: Created PIE world by copying editor world from /Game/FirstPersonBP/Maps/FirstPersonExampleMap.FirstPersonExampleMap to /Game/FirstPersonBP/Maps/UEDPIE_0_FirstPersonExampleMap.FirstPersonExampleMap (0.038267s)
[2018.08.13-11.52.24:175][783]LogInit: XAudio2 using 'Lautsprecher (Realtek High Definition Audio)' : 2 channels at 48 kHz using 32 bits per sample (channel mask 0x3)
[2018.08.13-11.52.24:190][783]LogInit: FAudioDevice initialized.
[2018.08.13-11.52.24:236][783]LogLoad: Game class is 'FirstPersonGameMode_C'
[2018.08.13-11.52.24:249][783]LogWorld: Bringing World /Game/FirstPersonBP/Maps/UEDPIE_0_FirstPersonExampleMap.FirstPersonExampleMap up for play (max tick rate 60) at 2018.08.13-13.52.24
[2018.08.13-11.52.24:250][783]LogWorld: Bringing up level for play took: 0.012016
[2018.08.13-11.52.24:258][783]LogContentBrowser: Native class hierarchy updated for 'MovieSceneCapture' in 0.0003 seconds. Added 11 classes and 0 folders.
[2018.08.13-11.52.24:259][783]PIE: Play in editor start time for /Game/FirstPersonBP/Maps/UEDPIE_0_FirstPersonExampleMap 0,766
[2018.08.13-11.52.24:259][783]LogBlueprintUserMessages: Late PlayInEditor Detection: Level '/Game/FirstPersonBP/Maps/FirstPersonExampleMap.FirstPersonExampleMap:PersistentLevel' has LevelScriptBlueprint '/Game/FirstPersonBP/Maps/FirstPersonExampleMap.FirstPersonExampleMap:PersistentLevel.FirstPersonExampleMap' with GeneratedClass '/Game/FirstPersonBP/Maps/FirstPersonExampleMap.FirstPersonExampleMap_C' with ClassGeneratedBy '/Game/FirstPersonBP/Maps/FirstPersonExampleMap.FirstPersonExampleMap:PersistentLevel.FirstPersonExampleMap'
[2018.08.13-11.52.36:341][501]LogBlueprintUserMessages: Early EndPlayMap Detection: Level '/Game/FirstPersonBP/Maps/FirstPersonExampleMap.FirstPersonExampleMap:PersistentLevel' has LevelScriptBlueprint '/Game/FirstPersonBP/Maps/FirstPersonExampleMap.FirstPersonExampleMap:PersistentLevel.FirstPersonExampleMap' with GeneratedClass '/Game/FirstPersonBP/Maps/FirstPersonExampleMap.FirstPersonExampleMap_C' with ClassGeneratedBy '/Game/FirstPersonBP/Maps/FirstPersonExampleMap.FirstPersonExampleMap:PersistentLevel.FirstPersonExampleMap'
[2018.08.13-11.52.36:384][501]LogBlueprintUserMessages: Late EndPlayMap Detection: Level '/Game/FirstPersonBP/Maps/FirstPersonExampleMap.FirstPersonExampleMap:PersistentLevel' has LevelScriptBlueprint '/Game/FirstPersonBP/Maps/FirstPersonExampleMap.FirstPersonExampleMap:PersistentLevel.FirstPersonExampleMap' with GeneratedClass '/Game/FirstPersonBP/Maps/FirstPersonExampleMap.FirstPersonExampleMap_C' with ClassGeneratedBy '/Game/FirstPersonBP/Maps/FirstPersonExampleMap.FirstPersonExampleMap:PersistentLevel.FirstPersonExampleMap'
[2018.08.13-11.52.37:043][536]Cmd: SELECT NONE
[2018.08.13-11.52.37:565][566]LogEditorViewport: Clicking on Actor (LMB): StaticMeshActor (blockout_Wall_v32)
[2018.08.13-11.52.40:239][713]LogEditorViewport: Clicking on Actor (LMB): StaticMeshActor (dach)
[2018.08.13-11.52.41:867][797]LogSlate: FSceneViewport::OnFocusLost() reason 0
[2018.08.13-11.52.50:135][279]LogEditorViewport: Clicking on Actor (LMB): StaticMeshActor (Table_v1_5)
[2018.08.13-11.52.56:867][634]LogEditorViewport: Clicking on Actor (LMB): StaticMeshActor (blockout_Flor_E)
[2018.08.13-11.53.06:208][179]LogSlate: FSceneViewport::OnFocusLost() reason 0
[2018.08.13-11.53.53:420][787]LogSlate: Window 'Message' being destroyed
[2018.08.13-11.53.53:599][787]LogFactory: FactoryCreateFile: StaticMesh with FbxFactory (0 0 ../../../../../../Users/usagi/Desktop/Maya/scenes/Fbx/Table/Table_v1_1.fbx)
[2018.08.13-11.53.53:619][787]LogEditorFactories: Performing atomic reimport of [C:/Users/usagi/Desktop/Maya/scenes/Fbx/Table/Table_v1_1.fbx]
[2018.08.13-11.53.53:645][787]LogFbx: Loading FBX Scene from C:/Users/usagi/Desktop/Maya/scenes/Fbx/Table/Table_v1_1.fbx
[2018.08.13-11.53.53:661][787]LogFbx: FBX Scene Loaded Succesfully
[2018.08.13-11.53.53:669][787]LogFbx: Warning: Triangulating static mesh Table_v1_1_export1
[2018.08.13-11.53.53:739][787]LogStaticMesh: Building static mesh Table_v1_1...
[2018.08.13-11.53.53:776][787]LogStaticMesh: Built static mesh [0.04s] /Game/Assets/Bar/Table/Table_v1_1.Table_v1_1
[2018.08.13-11.53.53:800][787]LogEditorFactories: -- imported successfully
[2018.08.13-11.53.53:805][787]FBXImport: Warning: No smoothing group information was found in this FBX scene.  Please make sure to enable the 'Export Smoothing Groups' option in the FBX Exporter plug-in before exporting the file.  Even for tools that don't support smoothing groups, the FBX Exporter will generate appropriate smoothing data at export-time so that correct vertex normals can be inferred while importing. 
[2018.08.13-11.53.54:004][787]LogFactory: FactoryCreateFile: StaticMesh with FbxFactory (0 0 ../../../../../../Users/usagi/Desktop/Maya/scenes/Fbx/Table/Table_v1_2.fbx)
[2018.08.13-11.53.54:010][787]LogEditorFactories: Performing atomic reimport of [C:/Users/usagi/Desktop/Maya/scenes/Fbx/Table/Table_v1_2.fbx]
[2018.08.13-11.53.54:034][787]LogFbx: Loading FBX Scene from C:/Users/usagi/Desktop/Maya/scenes/Fbx/Table/Table_v1_2.fbx
[2018.08.13-11.53.54:045][787]LogFbx: FBX Scene Loaded Succesfully
[2018.08.13-11.53.54:047][787]LogFbx: Warning: Triangulating static mesh Table_v1_2_export1
[2018.08.13-11.53.54:114][787]LogStaticMesh: Building static mesh Table_v1_2...
[2018.08.13-11.53.54:148][787]LogStaticMesh: Built static mesh [0.04s] /Game/Assets/Bar/Table/Table_v1_2.Table_v1_2
[2018.08.13-11.53.54:170][787]LogEditorFactories: -- imported successfully
[2018.08.13-11.53.54:174][787]FBXImport: Warning: No smoothing group information was found in this FBX scene.  Please make sure to enable the 'Export Smoothing Groups' option in the FBX Exporter plug-in before exporting the file.  Even for tools that don't support smoothing groups, the FBX Exporter will generate appropriate smoothing data at export-time so that correct vertex normals can be inferred while importing. 
[2018.08.13-11.53.54:350][787]LogFactory: FactoryCreateFile: StaticMesh with FbxFactory (0 0 ../../../../../../Users/usagi/Desktop/Maya/scenes/Fbx/Table/Table_v2_1.fbx)
[2018.08.13-11.53.54:356][787]LogEditorFactories: Performing atomic reimport of [C:/Users/usagi/Desktop/Maya/scenes/Fbx/Table/Table_v2_1.fbx]
[2018.08.13-11.53.54:387][787]LogFbx: Loading FBX Scene from C:/Users/usagi/Desktop/Maya/scenes/Fbx/Table/Table_v2_1.fbx
[2018.08.13-11.53.54:398][787]LogFbx: FBX Scene Loaded Succesfully
[2018.08.13-11.53.54:401][787]LogFbx: Warning: Triangulating static mesh Table_v2_1_export1
[2018.08.13-11.53.54:531][787]LogStaticMesh: Building static mesh Table_v2_1...
[2018.08.13-11.53.54:603][787]LogStaticMesh: Built static mesh [0.07s] /Game/Assets/Bar/Table/Table_v2_1.Table_v2_1
[2018.08.13-11.53.54:635][787]LogEditorFactories: -- imported successfully
[2018.08.13-11.53.54:639][787]FBXImport: Warning: No smoothing group information was found in this FBX scene.  Please make sure to enable the 'Export Smoothing Groups' option in the FBX Exporter plug-in before exporting the file.  Even for tools that don't support smoothing groups, the FBX Exporter will generate appropriate smoothing data at export-time so that correct vertex normals can be inferred while importing. 
[2018.08.13-11.53.54:847][787]LogFactory: FactoryCreateFile: StaticMesh with FbxFactory (0 0 ../../../../../../Users/usagi/Desktop/Maya/scenes/Fbx/Table/Table_v2_2.fbx)
[2018.08.13-11.53.54:852][787]LogEditorFactories: Performing atomic reimport of [C:/Users/usagi/Desktop/Maya/scenes/Fbx/Table/Table_v2_2.fbx]
[2018.08.13-11.53.54:880][787]LogFbx: Loading FBX Scene from C:/Users/usagi/Desktop/Maya/scenes/Fbx/Table/Table_v2_2.fbx
[2018.08.13-11.53.54:891][787]LogFbx: FBX Scene Loaded Succesfully
[2018.08.13-11.53.54:893][787]LogFbx: Warning: Triangulating static mesh Table_v2_2_export1
[2018.08.13-11.53.55:022][787]LogStaticMesh: Building static mesh Table_v2_2...
[2018.08.13-11.53.55:090][787]LogStaticMesh: Built static mesh [0.07s] /Game/Assets/Bar/Table/Table_v2_2.Table_v2_2
[2018.08.13-11.53.55:122][787]LogEditorFactories: -- imported successfully
[2018.08.13-11.53.55:127][787]FBXImport: Warning: No smoothing group information was found in this FBX scene.  Please make sure to enable the 'Export Smoothing Groups' option in the FBX Exporter plug-in before exporting the file.  Even for tools that don't support smoothing groups, the FBX Exporter will generate appropriate smoothing data at export-time so that correct vertex normals can be inferred while importing. 
[2018.08.13-11.54.44:279][729]LogSlate: Window 'Table_v1_1*' being destroyed
[2018.08.13-11.54.44:310][729]LogSlate: Window 'Table_v1_1*' being destroyed
[2018.08.13-11.54.51:055][810]LogSlate: Window 'Delete Assets' being destroyed
[2018.08.13-11.54.53:328][810]SourceControl: rm 'Content/Assets/Bar/Table/Table_v1_1.uasset'
[2018.08.13-11.54.53:328][810]SourceControl: rm 'Content/Assets/Bar/Table/Table_v1_2.uasset'
[2018.08.13-11.54.53:328][810]SourceControl: rm 'Content/Assets/Bar/Table/Table_v2_1.uasset'
[2018.08.13-11.54.53:328][810]SourceControl: rm 'Content/Assets/Bar/Table/Table_v2_2.uasset'
[2018.08.13-11.55.01:148][903]SourceControl: Error: fatal: pathspec 'C:/Users/usagi/Documents/Unreal Projects/Roadhouse/Content/Assets/Bar/Table/Table_v1_2.uasset' did not match any files
[2018.08.13-11.55.05:912][903]LogSlate: Window 'Message' being destroyed
[2018.08.13-11.55.06:279][903]SourceControl: Error: fatal: pathspec 'C:/Users/usagi/Documents/Unreal Projects/Roadhouse/Content/Assets/Bar/Table/Table_v2_1.uasset' did not match any files
[2018.08.13-11.55.07:552][903]LogSlate: Window 'Message' being destroyed
[2018.08.13-11.55.07:912][903]SourceControl: Error: fatal: pathspec 'C:/Users/usagi/Documents/Unreal Projects/Roadhouse/Content/Assets/Bar/Table/Table_v2_2.uasset' did not match any files
[2018.08.13-11.55.08:386][903]LogSlate: Window 'Message' being destroyed
[2018.08.13-11.55.08:737][903]SourceControl: Error: fatal: pathspec 'C:/Users/usagi/Documents/Unreal Projects/Roadhouse/Content/Assets/Bar/Table/Table_v1_1.uasset' did not match any files
[2018.08.13-11.55.09:200][903]LogSlate: Window 'Message' being destroyed
[2018.08.13-11.55.13:105][114]SourceControl: fatal: C:/Program Files/Epic Games/UE_4.19/Engine/Content: 'C:/Program Files/Epic Games/UE_4.19/Engine/Content' is outside repository
[2018.08.13-11.55.21:727][114]LogSlate: Window 'Submit Files' being destroyed
[2018.08.13-11.55.22:229][114]LogSourceControl: commit successful: [Unreal-Engine 8bbf8c7] TT
[2018.08.13-11.55.22:328][114]SourceControl: [Unreal-Engine 8bbf8c7] TT
[2018.08.13-11.55.22:328][114]SourceControl:  4 files changed, 0 insertions(+), 0 deletions(-)
[2018.08.13-11.55.22:328][114]SourceControl:  delete mode 100644 Content/Assets/Bar/Table/Table_v1_1.uasset
[2018.08.13-11.55.22:328][114]SourceControl:  delete mode 100644 Content/Assets/Bar/Table/Table_v1_2.uasset
[2018.08.13-11.55.22:328][114]SourceControl:  delete mode 100644 Content/Assets/Bar/Table/Table_v2_1.uasset
[2018.08.13-11.55.22:328][114]SourceControl:  delete mode 100644 Content/Assets/Bar/Table/Table_v2_2.uasset
[2018.08.13-11.55.22:334][114]SourceControl: Commited [Unreal-Engine 8bbf8c7] TT.
