Log file open, 08/05/18 22:36:25
LogWindows: Failed to load 'aqProf.dll' (GetLastError=126)
LogWindows: File 'aqProf.dll' does not exist
LogWindows: Failed to load 'VtuneApi.dll' (GetLastError=126)
LogWindows: File 'VtuneApi.dll' does not exist
LogWindows: Failed to load 'VtuneApi32e.dll' (GetLastError=126)
LogWindows: File 'VtuneApi32e.dll' does not exist
LogInit: Display: Running engine for game: Roadhouse
LogPlatformFile: Not using cached read wrapper
LogInit: Display: RandInit(2083973465) SRandInit(2083973465).
LogInit: Read version file with build ID '3944462'
LogInit: Overriding engine version to CL 4033788, compatible CL 3944462
LogInit: Registered custom module enumerator with build ID '3944462'
LogTaskGraph: Started task graph with 5 named threads and 11 total threads with 3 sets of task threads.
LogStats: Stats thread started at 0.259391
LogD3D11RHI: Aftermath initialized
LogICUInternationalization: Display: ICU TimeZone Detection - Raw Offset: +1:00, Platform Override: ''
LogModuleManager: Display: Found up-to-date module file ../../../Engine/Plugins/2D/Paper2D/Binaries/Win64/UE4Editor-Paper2D.dll (API version 3944462).
LogModuleManager: Display: Found up-to-date module file ../../../Engine/Plugins/2D/Paper2D/Binaries/Win64/UE4Editor-Paper2DEditor.dll (API version 3944462).
LogModuleManager: Display: Found up-to-date module file ../../../Engine/Plugins/2D/Paper2D/Binaries/Win64/UE4Editor-PaperSpriteSheetImporter.dll (API version 3944462).
LogModuleManager: Display: Found up-to-date module file ../../../Engine/Plugins/2D/Paper2D/Binaries/Win64/UE4Editor-PaperTiledImporter.dll (API version 3944462).
LogModuleManager: Display: Found up-to-date module file ../../../Engine/Plugins/2D/Paper2D/Binaries/Win64/UE4Editor-SmartSnapping.dll (API version 3944462).
LogModuleManager: Display: Found up-to-date module file ../../../Engine/Plugins/Blendables/LightPropagationVolume/Binaries/Win64/UE4Editor-LightPropagationVolumeRuntime.dll (API version 3944462).
LogModuleManager: Display: Found up-to-date module file ../../../Engine/Plugins/Blendables/LightPropagationVolume/Binaries/Win64/UE4Editor-LightPropagationVolumeEditor.dll (API version 3944462).
LogModuleManager: Display: Found up-to-date module file ../../../Engine/Plugins/Developer/CLionSourceCodeAccess/Binaries/Win64/UE4Editor-CLionSourceCodeAccess.dll (API version 3944462).
LogModuleManager: Display: Found up-to-date module file ../../../Engine/Plugins/Developer/GitSourceControl/Binaries/Win64/UE4Editor-GitSourceControl.dll (API version 3944462).
LogModuleManager: Display: Found up-to-date module file ../../../Engine/Plugins/Developer/PerforceSourceControl/Binaries/Win64/UE4Editor-PerforceSourceControl.dll (API version 3944462).
LogModuleManager: Display: Found up-to-date module file ../../../Engine/Plugins/Developer/SubversionSourceControl/Binaries/Win64/UE4Editor-SubversionSourceControl.dll (API version 3944462).
LogModuleManager: Display: Found up-to-date module file ../../../Engine/Plugins/Developer/UObjectPlugin/Binaries/Win64/UE4Editor-UObjectPlugin.dll (API version 3944462).
LogModuleManager: Display: Found up-to-date module file ../../../Engine/Plugins/Developer/VisualStudioCodeSourceCodeAccess/Binaries/Win64/UE4Editor-VisualStudioCodeSourceCodeAccess.dll (API version 3944462).
LogModuleManager: Display: Found up-to-date module file ../../../Engine/Plugins/Developer/VisualStudioSourceCodeAccess/Binaries/Win64/UE4Editor-VisualStudioSourceCodeAccess.dll (API version 3944462).
LogModuleManager: Display: Found up-to-date module file ../../../Engine/Plugins/Editor/AssetManagerEditor/Binaries/Win64/UE4Editor-AssetManagerEditor.dll (API version 3944462).
LogModuleManager: Display: Found up-to-date module file ../../../Engine/Plugins/Editor/CryptoKeys/Binaries/Win64/UE4Editor-CryptoKeys.dll (API version 3944462).
LogModuleManager: Display: Found up-to-date module file ../../../Engine/Plugins/Editor/CryptoKeys/Binaries/Win64/UE4Editor-CryptoKeysOpenSSL.dll (API version 3944462).
LogModuleManager: Display: Found up-to-date module file ../../../Engine/Plugins/Editor/DataValidation/Binaries/Win64/UE4Editor-DataValidation.dll (API version 3944462).
LogModuleManager: Display: Found up-to-date module file ../../../Engine/Plugins/Editor/FacialAnimation/Binaries/Win64/UE4Editor-FacialAnimation.dll (API version 3944462).
LogModuleManager: Display: Found up-to-date module file ../../../Engine/Plugins/Editor/FacialAnimation/Binaries/Win64/UE4Editor-FacialAnimationEditor.dll (API version 3944462).
LogModuleManager: Display: Found up-to-date module file ../../../Engine/Plugins/Editor/GameplayTagsEditor/Binaries/Win64/UE4Editor-GameplayTagsEditor.dll (API version 3944462).
LogModuleManager: Display: Found up-to-date module file ../../../Engine/Plugins/Editor/MobileLauncherProfileWizard/Binaries/Win64/UE4Editor-MobileLauncherProfileWizard.dll (API version 3944462).
LogModuleManager: Display: Found up-to-date module file ../../../Engine/Plugins/Editor/PluginBrowser/Binaries/Win64/UE4Editor-PluginBrowser.dll (API version 3944462).
LogModuleManager: Display: Found up-to-date module file ../../../Engine/Plugins/Editor/SpeedTreeImporter/Binaries/Win64/UE4Editor-SpeedTreeImporter.dll (API version 3944462).
LogModuleManager: Display: Found up-to-date module file ../../../Engine/Plugins/Enterprise/DatasmithContent/Binaries/Win64/UE4Editor-DatasmithContent.dll (API version 3944462).
LogModuleManager: Display: Found up-to-date module file ../../../Engine/Plugins/Experimental/AlembicImporter/Binaries/Win64/UE4Editor-AlembicImporter.dll (API version 3944462).
LogModuleManager: Display: Found up-to-date module file ../../../Engine/Plugins/Experimental/AlembicImporter/Binaries/Win64/UE4Editor-AlembicLibrary.dll (API version 3944462).
LogModuleManager: Display: Found up-to-date module file ../../../Engine/Plugins/Experimental/CharacterAI/Binaries/Win64/UE4Editor-CharacterAI.dll (API version 3944462).
LogModuleManager: Display: Found up-to-date module file ../../../Engine/Plugins/Experimental/HTML5Networking/Binaries/Win64/UE4Editor-HTML5Networking.dll (API version 3944462).
LogModuleManager: Display: Found up-to-date module file ../../../Engine/Plugins/Media/AndroidMedia/Binaries/Win64/UE4Editor-AndroidMediaEditor.dll (API version 3944462).
LogModuleManager: Display: Found up-to-date module file ../../../Engine/Plugins/Media/AndroidMedia/Binaries/Win64/UE4Editor-AndroidMediaFactory.dll (API version 3944462).
LogModuleManager: Display: Found up-to-date module file ../../../Engine/Plugins/Media/AvfMedia/Binaries/Win64/UE4Editor-AvfMediaEditor.dll (API version 3944462).
LogModuleManager: Display: Found up-to-date module file ../../../Engine/Plugins/Media/AvfMedia/Binaries/Win64/UE4Editor-AvfMediaFactory.dll (API version 3944462).
LogModuleManager: Display: Found up-to-date module file ../../../Engine/Plugins/Media/AvfMedia/Binaries/Win64/UE4Editor-AvfMediaFactory.dll (API version 3944462).
LogModuleManager: Display: Found up-to-date module file ../../../Engine/Plugins/Media/ImgMedia/Binaries/Win64/UE4Editor-ImgMedia.dll (API version 3944462).
LogModuleManager: Display: Found up-to-date module file ../../../Engine/Plugins/Media/ImgMedia/Binaries/Win64/UE4Editor-ImgMediaEditor.dll (API version 3944462).
LogModuleManager: Display: Found up-to-date module file ../../../Engine/Plugins/Media/ImgMedia/Binaries/Win64/UE4Editor-ImgMediaFactory.dll (API version 3944462).
LogModuleManager: Display: Found up-to-date module file ../../../Engine/Plugins/Media/ImgMedia/Binaries/Win64/UE4Editor-ImgMediaFactory.dll (API version 3944462).
LogModuleManager: Display: Found up-to-date module file ../../../Engine/Plugins/Media/ImgMedia/Binaries/Win64/UE4Editor-OpenExrWrapper.dll (API version 3944462).
LogModuleManager: Display: Found up-to-date module file ../../../Engine/Plugins/Media/LinearTimecode/Binaries/Win64/UE4Editor-LinearTimecode.dll (API version 3944462).
LogModuleManager: Display: Found up-to-date module file ../../../Engine/Plugins/Media/MediaCompositing/Binaries/Win64/UE4Editor-MediaCompositing.dll (API version 3944462).
LogModuleManager: Display: Found up-to-date module file ../../../Engine/Plugins/Media/MediaCompositing/Binaries/Win64/UE4Editor-MediaCompositingEditor.dll (API version 3944462).
LogModuleManager: Display: Found up-to-date module file ../../../Engine/Plugins/Media/MediaPlayerEditor/Binaries/Win64/UE4Editor-MediaPlayerEditor.dll (API version 3944462).
LogModuleManager: Display: Found up-to-date module file ../../../Engine/Plugins/Media/WmfMedia/Binaries/Win64/UE4Editor-WmfMedia.dll (API version 3944462).
LogModuleManager: Display: Found up-to-date module file ../../../Engine/Plugins/Media/WmfMedia/Binaries/Win64/UE4Editor-WmfMediaEditor.dll (API version 3944462).
LogModuleManager: Display: Found up-to-date module file ../../../Engine/Plugins/Media/WmfMedia/Binaries/Win64/UE4Editor-WmfMediaFactory.dll (API version 3944462).
LogModuleManager: Display: Found up-to-date module file ../../../Engine/Plugins/Media/WmfMedia/Binaries/Win64/UE4Editor-WmfMediaFactory.dll (API version 3944462).
LogModuleManager: Display: Found up-to-date module file ../../../Engine/Plugins/Messaging/TcpMessaging/Binaries/Win64/UE4Editor-TcpMessaging.dll (API version 3944462).
LogModuleManager: Display: Found up-to-date module file ../../../Engine/Plugins/Messaging/UdpMessaging/Binaries/Win64/UE4Editor-UdpMessaging.dll (API version 3944462).
LogModuleManager: Display: Found up-to-date module file ../../../Engine/Plugins/MovieScene/ActorSequence/Binaries/Win64/UE4Editor-ActorSequence.dll (API version 3944462).
LogModuleManager: Display: Found up-to-date module file ../../../Engine/Plugins/MovieScene/LevelSequenceEditor/Binaries/Win64/UE4Editor-LevelSequenceEditor.dll (API version 3944462).
LogModuleManager: Display: Found up-to-date module file ../../../Engine/Plugins/MovieScene/MatineeToLevelSequence/Binaries/Win64/UE4Editor-MatineeToLevelSequence.dll (API version 3944462).
LogModuleManager: Display: Found up-to-date module file ../../../Engine/Plugins/NetcodeUnitTest/NetcodeUnitTest/Binaries/Win64/UE4Editor-NetcodeUnitTest.dll (API version 3944462).
LogModuleManager: Display: Found up-to-date module file ../../../Engine/Plugins/NetcodeUnitTest/NUTUnrealEngine4/Binaries/Win64/UE4Editor-NUTUnrealEngine4.dll (API version 3944462).
LogModuleManager: Display: Found up-to-date module file ../../../Engine/Plugins/Online/OnlineSubsystem/Binaries/Win64/UE4Editor-OnlineSubsystem.dll (API version 3944462).
LogModuleManager: Display: Found up-to-date module file ../../../Engine/Plugins/Runtime/AndroidPermission/Binaries/Win64/UE4Editor-AndroidPermission.dll (API version 3944462).
LogModuleManager: Display: Found up-to-date module file ../../../Engine/Plugins/Online/OnlineSubsystemNull/Binaries/Win64/UE4Editor-OnlineSubsystemNull.dll (API version 3944462).
LogModuleManager: Display: Found up-to-date module file ../../../Engine/Plugins/Online/OnlineSubsystemUtils/Binaries/Win64/UE4Editor-OnlineSubsystemUtils.dll (API version 3944462).
LogModuleManager: Display: Found up-to-date module file ../../../Engine/Plugins/Online/OnlineSubsystemUtils/Binaries/Win64/UE4Editor-OnlineBlueprintSupport.dll (API version 3944462).
LogModuleManager: Display: Found up-to-date module file ../../../Engine/Plugins/Runtime/AndroidDeviceProfileSelector/Binaries/Win64/UE4Editor-AndroidDeviceProfileSelector.dll (API version 3944462).
LogModuleManager: Display: Found up-to-date module file ../../../Engine/Plugins/Runtime/AppleARKit/Binaries/Win64/UE4Editor-AppleARKit.dll (API version 3944462).
LogModuleManager: Display: Found up-to-date module file ../../../Engine/Plugins/Runtime/ProceduralMeshComponent/Binaries/Win64/UE4Editor-ProceduralMeshComponent.dll (API version 3944462).
LogModuleManager: Display: Found up-to-date module file ../../../Engine/Plugins/Runtime/ProceduralMeshComponent/Binaries/Win64/UE4Editor-ProceduralMeshComponentEditor.dll (API version 3944462).
LogModuleManager: Display: Found up-to-date module file ../../../Engine/Plugins/Animation/LiveLink/Binaries/Win64/UE4Editor-LiveLink.dll (API version 3944462).
LogModuleManager: Display: Found up-to-date module file ../../../Engine/Plugins/Animation/LiveLink/Binaries/Win64/UE4Editor-LiveLinkEditor.dll (API version 3944462).
LogModuleManager: Display: Found up-to-date module file ../../../Engine/Plugins/Runtime/ArchVisCharacter/Binaries/Win64/UE4Editor-ArchVisCharacter.dll (API version 3944462).
LogModuleManager: Display: Found up-to-date module file ../../../Engine/Plugins/Runtime/AudioCapture/Binaries/Win64/UE4Editor-AudioCapture.dll (API version 3944462).
LogModuleManager: Display: Found up-to-date module file ../../../Engine/Plugins/Runtime/AudioCapture/Binaries/Win64/UE4Editor-AudioCaptureEditor.dll (API version 3944462).
LogModuleManager: Display: Found up-to-date module file ../../../Engine/Plugins/Runtime/CableComponent/Binaries/Win64/UE4Editor-CableComponent.dll (API version 3944462).
LogModuleManager: Display: Found up-to-date module file ../../../Engine/Plugins/Runtime/CustomMeshComponent/Binaries/Win64/UE4Editor-CustomMeshComponent.dll (API version 3944462).
LogModuleManager: Display: Found up-to-date module file ../../../Engine/Plugins/Runtime/ExampleDeviceProfileSelector/Binaries/Win64/UE4Editor-ExampleDeviceProfileSelector.dll (API version 3944462).
LogModuleManager: Display: Found up-to-date module file ../../../Engine/Plugins/Runtime/ImmediatePhysics/Binaries/Win64/UE4Editor-ImmediatePhysics.dll (API version 3944462).
LogModuleManager: Display: Found up-to-date module file ../../../Engine/Plugins/Runtime/ImmediatePhysics/Binaries/Win64/UE4Editor-ImmediatePhysicsEditor.dll (API version 3944462).
LogModuleManager: Display: Found up-to-date module file ../../../Engine/Plugins/Runtime/LocationServicesBPLibrary/Binaries/Win64/UE4Editor-LocationServicesBPLibrary.dll (API version 3944462).
LogModuleManager: Display: Found up-to-date module file ../../../Engine/Plugins/Runtime/MobilePatchingUtils/Binaries/Win64/UE4Editor-MobilePatchingUtils.dll (API version 3944462).
LogModuleManager: Display: Found up-to-date module file ../../../Engine/Plugins/Runtime/Oculus/OculusVR/Binaries/Win64/UE4Editor-OculusHMD.dll (API version 3944462).
LogModuleManager: Display: Found up-to-date module file ../../../Engine/Plugins/Runtime/Oculus/OculusVR/Binaries/Win64/UE4Editor-OculusInput.dll (API version 3944462).
LogModuleManager: Display: Found up-to-date module file ../../../Engine/Plugins/Runtime/Oculus/OculusVR/Binaries/Win64/UE4Editor-OculusEditor.dll (API version 3944462).
LogModuleManager: Display: Found up-to-date module file ../../../Engine/Plugins/Runtime/PhysXVehicles/Binaries/Win64/UE4Editor-PhysXVehicles.dll (API version 3944462).
LogModuleManager: Display: Found up-to-date module file ../../../Engine/Plugins/Runtime/PhysXVehicles/Binaries/Win64/UE4Editor-PhysXVehiclesEditor.dll (API version 3944462).
LogModuleManager: Display: Found up-to-date module file ../../../Engine/Plugins/Runtime/RuntimePhysXCooking/Binaries/Win64/UE4Editor-RuntimePhysXCooking.dll (API version 3944462).
LogModuleManager: Display: Found up-to-date module file ../../../Engine/Plugins/Runtime/Steam/SteamVR/Binaries/Win64/UE4Editor-SteamVR.dll (API version 3944462).
LogModuleManager: Display: Found up-to-date module file ../../../Engine/Plugins/Runtime/Steam/SteamVR/Binaries/Win64/UE4Editor-SteamVRController.dll (API version 3944462).
LogModuleManager: Display: Found up-to-date module file ../../../Engine/Plugins/Runtime/WindowsMoviePlayer/Binaries/Win64/UE4Editor-WindowsMoviePlayer.dll (API version 3944462).
LogPluginManager: Mounting plugin Paper2D
LogPluginManager: Mounting plugin LiveLink
LogPluginManager: Mounting plugin LightPropagationVolume
LogPluginManager: Mounting plugin CLionSourceCodeAccess
LogPluginManager: Mounting plugin CodeLiteSourceCodeAccess
LogPluginManager: Mounting plugin GitSourceControl
LogPluginManager: Mounting plugin KDevelopSourceCodeAccess
LogPluginManager: Mounting plugin NullSourceCodeAccess
LogPluginManager: Mounting plugin PerforceSourceControl
LogPluginManager: Mounting plugin SubversionSourceControl
LogPluginManager: Mounting plugin UObjectPlugin
LogPluginManager: Mounting plugin VisualStudioCodeSourceCodeAccess
LogPluginManager: Mounting plugin VisualStudioSourceCodeAccess
LogPluginManager: Mounting plugin XCodeSourceCodeAccess
LogPluginManager: Mounting plugin AssetManagerEditor
LogPluginManager: Mounting plugin CryptoKeys
LogPluginManager: Mounting plugin DataValidation
LogPluginManager: Mounting plugin FacialAnimation
LogPluginManager: Mounting plugin GameplayTagsEditor
LogPluginManager: Mounting plugin MobileLauncherProfileWizard
LogPluginManager: Mounting plugin PluginBrowser
LogPluginManager: Mounting plugin SpeedTreeImporter
LogPluginManager: Mounting plugin DatasmithContent
LogPluginManager: Mounting plugin AlembicImporter
LogPluginManager: Mounting plugin CharacterAI
LogPluginManager: Mounting plugin HTML5Networking
LogPluginManager: Mounting plugin AndroidMedia
LogPluginManager: Mounting plugin AvfMedia
LogPluginManager: Mounting plugin ImgMedia
LogPluginManager: Mounting plugin LinearTimecode
LogPluginManager: Mounting plugin MediaCompositing
LogPluginManager: Mounting plugin MediaPlayerEditor
LogPluginManager: Mounting plugin WmfMedia
LogPluginManager: Mounting plugin TcpMessaging
LogPluginManager: Mounting plugin UdpMessaging
LogPluginManager: Mounting plugin ActorSequence
LogPluginManager: Mounting plugin LevelSequenceEditor
LogPluginManager: Mounting plugin MatineeToLevelSequence
LogPluginManager: Mounting plugin NetcodeUnitTest
LogPluginManager: Mounting plugin NUTUnrealEngine4
LogPluginManager: Mounting plugin OnlineSubsystemGooglePlay
LogPluginManager: Mounting plugin OnlineSubsystemIOS
LogPluginManager: Mounting plugin OnlineSubsystem
LogPluginManager: Mounting plugin OnlineSubsystemNull
LogPluginManager: Mounting plugin OnlineSubsystemUtils
LogPluginManager: Mounting plugin AndroidDeviceProfileSelector
LogPluginManager: Mounting plugin AndroidMoviePlayer
LogPluginManager: Mounting plugin AndroidPermission
LogPluginManager: Mounting plugin AppleARKit
LogPluginManager: Mounting plugin AppleMoviePlayer
LogPluginManager: Mounting plugin ArchVisCharacter
LogPluginManager: Mounting plugin AudioCapture
LogPluginManager: Mounting plugin CableComponent
LogPluginManager: Mounting plugin CustomMeshComponent
LogPluginManager: Mounting plugin ExampleDeviceProfileSelector
LogPluginManager: Mounting plugin GoogleCloudMessaging
LogPluginManager: Mounting plugin ImmediatePhysics
LogPluginManager: Mounting plugin IOSDeviceProfileSelector
LogPluginManager: Mounting plugin LinuxDeviceProfileSelector
LogPluginManager: Mounting plugin LocationServicesBPLibrary
LogPluginManager: Mounting plugin MobilePatchingUtils
LogPluginManager: Mounting plugin OculusVR
LogPluginManager: Plugin shader directory ../../../Engine/Plugins/Runtime/Oculus/OculusVR/Shaders found
LogPluginManager: Mapping shader source directory ../../../Engine/Plugins/Runtime/Oculus/OculusVR/Shaders to virtual directory /Plugin/OculusVR
LogPluginManager: Mounting plugin PhysXVehicles
LogPluginManager: Mounting plugin ProceduralMeshComponent
LogPluginManager: Mounting plugin RuntimePhysXCooking
LogPluginManager: Mounting plugin SteamVR
LogPluginManager: Mounting plugin WindowsMoviePlayer
LogStreaming: Display: Took  1.992s to configure plugins.
LogInit: Using libcurl 7.47.1
LogInit:  - built for x86_64-pc-win32
LogInit:  - supports SSL with OpenSSL/1.0.2g
LogInit:  - supports HTTP deflate (compression) using libz 1.2.8
LogInit:  - other features:
LogInit:      CURL_VERSION_SSL
LogInit:      CURL_VERSION_LIBZ
LogInit:      CURL_VERSION_IPV6
LogInit:      CURL_VERSION_ASYNCHDNS
LogInit:      CURL_VERSION_LARGEFILE
LogInit:      CURL_VERSION_IDN
LogInit:  CurlRequestOptions (configurable via config and command line):
LogInit:  - bVerifyPeer = false  - Libcurl will NOT verify peer certificate
LogInit:  - bUseHttpProxy = false  - Libcurl will NOT use HTTP proxy
LogInit:  - bDontReuseConnections = false  - Libcurl will reuse connections
LogInit:  - CertBundlePath = nullptr  - Libcurl will use whatever was configured at build time.
LogInit:  - MaxHostConnections = 16  - Libcurl will limit the number of connections to a host
LogInit:  - LocalHostAddr = Default
LogInit: WinSock: version 1.1 (2.2), MaxSocks=32767, MaxUdp=65467
LogInit: WinSock: I am DESKTOP-5J6HU0I (192.168.178.128:0)
LogInit: Build: ++UE4+Release-4.19-CL-4033788
LogInit: Engine Version: 4.19.2-4033788+++UE4+Release-4.19
LogInit: Compatible Engine Version: 4.19.0-3944462+++UE4+Release-4.19
LogInit: Net CL: 3944462
LogDevObjectVersion: Number of dev versions registered: 18
LogDevObjectVersion:   Dev-Blueprints (B0D832E4-1F89-4F0D-ACCF-7EB736FD4AA2): 10
LogDevObjectVersion:   Dev-Build (E1C64328-A22C-4D53-A36C-8E866417BD8C): 0
LogDevObjectVersion:   Dev-Core (375EC13C-06E4-48FB-B500-84F0262A717E): 2
LogDevObjectVersion:   Dev-Editor (E4B068ED-F494-42E9-A231-DA0B2E46BB41): 23
LogDevObjectVersion:   Dev-Framework (CFFC743F-43B0-4480-9391-14DF171D2073): 33
LogDevObjectVersion:   Dev-Mobile (B02B49B5-BB20-44E9-A304-32B752E40360): 2
LogDevObjectVersion:   Dev-Networking (A4E4105C-59A1-49B5-A7C5-40C4547EDFEE): 0
LogDevObjectVersion:   Dev-Online (39C831C9-5AE6-47DC-9A44-9C173E1C8E7C): 0
LogDevObjectVersion:   Dev-Physics (78F01B33-EBEA-4F98-B9B4-84EACCB95AA2): 0
LogDevObjectVersion:   Dev-Platform (6631380F-2D4D-43E0-8009-CF276956A95A): 0
LogDevObjectVersion:   Dev-Rendering (12F88B9F-8875-4AFC-A67C-D90C383ABD29): 25
LogDevObjectVersion:   Dev-Sequencer (7B5AE74C-D270-4C10-A958-57980B212A5A): 6
LogDevObjectVersion:   Dev-VR (D7296918-1DD6-4BDD-9DE2-64A83CC13884): 1
LogDevObjectVersion:   Dev-LoadTimes (C2A15278-BFE7-4AFE-6C17-90FF531DF755): 1
LogDevObjectVersion:   Private-Geometry (6EACA3D4-40EC-4CC1-B786-8BED09428FC5): 2
LogDevObjectVersion:   Dev-AnimPhys (29E575DD-E0A3-4627-9D10-D276232CDCEA): 16
LogDevObjectVersion:   Dev-ReflectionCapture (6B266CEC-1EC7-4B8F-A30B-E4D90942FC07): 1
LogDevObjectVersion:   Dev-Automation (0DF73D61-A23F-47EA-B727-89E90C41499A): 1
LogInit: Compiled (64-bit): Apr 27 2018 02:06:57
LogInit: Compiled with Visual C++: 19.00.24215.01
LogInit: Build Configuration: Development
LogInit: Branch Name: ++UE4+Release-4.19
LogInit: Command Line: -EpicPortal 
LogInit: Base Directory: C:/Program Files/Epic Games/UE_4.19/Engine/Binaries/Win64/
LogInit: Installed Engine Build: 1
LogStreaming: Display: Took  0.001s to delete old logs.
LogInit: Presizing for max 8388607 objects, including 0 objects not considered by GC, pre-allocating 0 bytes for permanent pool.
LogInit: Object subsystem initialized
[2018.08.05-20.36.27:664][  0]LogInit: Selected Device Profile: [Windows]
[2018.08.05-20.36.27:664][  0]LogInit: Applying CVar settings loaded from the selected device profile: [Windows]
[2018.08.05-20.36.27:679][  0]LogInit: Computer: DESKTOP-5J6HU0I
[2018.08.05-20.36.27:679][  0]LogInit: User: usagi
[2018.08.05-20.36.27:679][  0]LogInit: CPU Page size=4096, Cores=2
[2018.08.05-20.36.27:679][  0]LogInit: High frequency timer resolution =2.343747 MHz
[2018.08.05-20.36.27:680][  0]LogMemory: Memory total: Physical=15.9GB (16GB approx)
[2018.08.05-20.36.27:680][  0]LogMemory: Platform Memory Stats for Windows
[2018.08.05-20.36.27:680][  0]LogMemory: Process Physical Memory: 274.06 MB used, 274.06 MB peak
[2018.08.05-20.36.27:680][  0]LogMemory: Process Virtual Memory: 265.99 MB used, 265.99 MB peak
[2018.08.05-20.36.27:680][  0]LogMemory: Physical Memory: 5792.29 MB used,  10505.66 MB free, 16297.94 MB total
[2018.08.05-20.36.27:680][  0]LogMemory: Virtual Memory: 4762.94 MB used,  10505.66 MB free, 134217728.00 MB total
[2018.08.05-20.36.27:716][  0]LogInit: Using OS detected language (de-DE).
[2018.08.05-20.36.27:716][  0]LogInit: Using OS detected locale (de-DE).
[2018.08.05-20.36.27:722][  0]LogTextLocalizationManager: No localization for 'de-DE' exists, so 'en' will be used for the language.
[2018.08.05-20.36.28:316][  0]LogStreaming: Display: Took  0.600s to EndInitTextLocalization.
[2018.08.05-20.36.28:316][  0]LogInit: Setting process to per monitor DPI aware
[2018.08.05-20.36.28:366][  0]LogSlate: New Slate User Created.  User Index 0, Is Virtual User: 0
[2018.08.05-20.36.28:366][  0]LogSlate: Slate User Registered.  User Index 0, Is Virtual User: 0
[2018.08.05-20.36.28:737][  0]LogD3D11RHI: D3D11 adapters:
[2018.08.05-20.36.28:809][  0]LogD3D11RHI:    0. 'NVIDIA GeForce GTX 950M' (Feature Level 11_0)
[2018.08.05-20.36.28:809][  0]LogD3D11RHI:       2010/0/8148 MB DedicatedVideo/DedicatedSystem/SharedSystem, Outputs:1, VendorId:0x10de
[2018.08.05-20.36.28:818][  0]LogD3D11RHI:    1. 'Intel(R) HD Graphics 520' (Feature Level 11_0)
[2018.08.05-20.36.28:818][  0]LogD3D11RHI:       128/0/8148 MB DedicatedVideo/DedicatedSystem/SharedSystem, Outputs:0, VendorId:0x8086
[2018.08.05-20.36.28:820][  0]LogD3D11RHI:    2. 'Microsoft Basic Render Driver' (Feature Level 11_0)
[2018.08.05-20.36.28:820][  0]LogD3D11RHI:       0/0/8148 MB DedicatedVideo/DedicatedSystem/SharedSystem, Outputs:0, VendorId:0x1414
[2018.08.05-20.36.28:821][  0]LogD3D11RHI: Chosen D3D11 Adapter: 0
[2018.08.05-20.36.28:839][  0]LogD3D11RHI: Creating new Direct3DDevice
[2018.08.05-20.36.28:839][  0]LogD3D11RHI:     GPU DeviceId: 0x139a (for the marketing name, search the web for "GPU Device Id")
[2018.08.05-20.36.28:839][  0]LogWindows: EnumDisplayDevices:
[2018.08.05-20.36.28:840][  0]LogWindows:    0. 'Intel(R) HD Graphics 520' (P:1 D:1)
[2018.08.05-20.36.28:840][  0]LogWindows:    1. 'Intel(R) HD Graphics 520' (P:0 D:0)
[2018.08.05-20.36.28:840][  0]LogWindows:    2. 'Intel(R) HD Graphics 520' (P:0 D:0)
[2018.08.05-20.36.28:840][  0]LogWindows: DebugString: GetVideoDriverDetailsInvalid PrimaryIsNotTheChoosenAdapter GetVideoDriverDetailsInvalid PrimaryIsNotTheChoosenAdapter GetVideoDriverDetailsInvalid PrimaryIsNotTheChoosenAdapter FoundDriverCount:0 
[2018.08.05-20.36.28:840][  0]LogD3D11RHI:     Adapter Name: NVIDIA GeForce GTX 950M
[2018.08.05-20.36.28:840][  0]LogD3D11RHI:   Driver Version: Unknown (internal:Unknown, unified:Unknown)
[2018.08.05-20.36.28:840][  0]LogD3D11RHI:      Driver Date: Unknown
[2018.08.05-20.36.28:840][  0]LogRHI: Texture pool is 1407 MB (70% of 2010 MB)
[2018.08.05-20.36.28:893][  0]LogD3D11RHI: [Aftermath] Aftermath enabled and primed
[2018.08.05-20.36.28:893][  0]LogD3D11RHI: [Aftermath] Aftermath enabled and primed
[2018.08.05-20.36.28:893][  0]LogD3D11RHI: Async texture creation enabled
[2018.08.05-20.36.28:914][  0]LogD3D11RHI: GPU Timing Frequency: 1000.000000 (Debug: 2 2)
[2018.08.05-20.36.28:916][  0]LogShaderCompilers: Guid format shader working directory is -19 characters bigger than the processId version (../../../../../../Users/usagi/Documents/Unreal Projects/Roadhouse/Intermediate/Shaders/WorkingDirectory/5840/).
[2018.08.05-20.36.28:916][  0]LogShaderCompilers: Cleaned the shader compiler working directory 'C:/Users/usagi/AppData/Local/Temp/UnrealShaderWorkingDir/81090789480A83C78FB7EFA58771A39D/'.
[2018.08.05-20.36.29:248][  0]LogTemp: Display: Loaded TP AllDesktopTargetPlatform
[2018.08.05-20.36.29:268][  0]LogTemp: Display: Loaded TP MacClientTargetPlatform
[2018.08.05-20.36.29:292][  0]LogTemp: Display: Loaded TP MacNoEditorTargetPlatform
[2018.08.05-20.36.29:310][  0]LogTemp: Display: Loaded TP MacServerTargetPlatform
[2018.08.05-20.36.29:329][  0]LogTemp: Display: Loaded TP MacTargetPlatform
[2018.08.05-20.36.29:349][  0]LogTemp: Display: Loaded TP WindowsClientTargetPlatform
[2018.08.05-20.36.29:366][  0]LogTemp: Display: Loaded TP WindowsNoEditorTargetPlatform
[2018.08.05-20.36.29:392][  0]LogTemp: Display: Loaded TP WindowsServerTargetPlatform
[2018.08.05-20.36.29:401][  0]LogTemp: Display: Loaded TP WindowsTargetPlatform
[2018.08.05-20.36.29:418][  0]LogTemp: Display: Loaded TP Android_ASTCTargetPlatform
[2018.08.05-20.36.29:434][  0]LogTemp: Display: Loaded TP Android_ATCTargetPlatform
[2018.08.05-20.36.29:450][  0]LogTemp: Display: Loaded TP Android_DXTTargetPlatform
[2018.08.05-20.36.29:466][  0]LogTemp: Display: Loaded TP Android_ETC1aTargetPlatform
[2018.08.05-20.36.29:484][  0]LogTemp: Display: Loaded TP Android_ETC1TargetPlatform
[2018.08.05-20.36.29:500][  0]LogTemp: Display: Loaded TP Android_ETC2TargetPlatform
[2018.08.05-20.36.29:533][  0]LogTemp: Display: Loaded TP Android_MultiTargetPlatform
[2018.08.05-20.36.29:533][  0]LogTemp: Display: Loaded TP Android_PVRTCTargetPlatform
[2018.08.05-20.36.29:550][  0]LogTemp: Display: Loaded TP AndroidTargetPlatform
[2018.08.05-20.36.29:552][  0]LogTemp: Display: Loaded TP HTML5TargetPlatform
[2018.08.05-20.36.29:596][  0]LogTemp: Display: Loaded TP IOSTargetPlatform
[2018.08.05-20.36.29:612][  0]LogTemp: Display: Loaded TP TVOSTargetPlatform
[2018.08.05-20.36.29:628][  0]LogTemp: Display: Loaded TP LinuxClientTargetPlatform
[2018.08.05-20.36.29:647][  0]LogTemp: Display: Loaded TP LinuxNoEditorTargetPlatform
[2018.08.05-20.36.29:664][  0]LogTemp: Display: Loaded TP LinuxServerTargetPlatform
[2018.08.05-20.36.29:682][  0]LogTemp: Display: Loaded TP LinuxTargetPlatform
[2018.08.05-20.36.29:683][  0]LogTargetPlatformManager: Display: Building Assets For Windows
[2018.08.05-20.36.29:881][  0]LogXGEController: Cannot use XGE Controller as Incredibuild is not installed on this machine.
[2018.08.05-20.36.29:881][  0]LogShaderCompilers: Cannot use XGE Shader Compiler as Incredibuild is not installed on this machine.
[2018.08.05-20.36.29:881][  0]LogShaderCompilers: Display: Using Local Shader Compiler.
[2018.08.05-20.36.30:896][  0]LogDerivedDataCache: Display: Max Cache Size: 512 MB
[2018.08.05-20.36.30:977][  0]LogDerivedDataCache: Loaded boot cache 0.08s 74MB C:/Users/usagi/AppData/Local/UnrealEngine/4.19/DerivedDataCache/Boot.ddc.
[2018.08.05-20.36.30:978][  0]LogDerivedDataCache: Display: Loaded Boot cache: C:/Users/usagi/AppData/Local/UnrealEngine/4.19/DerivedDataCache/Boot.ddc
[2018.08.05-20.36.30:978][  0]LogDerivedDataCache: FDerivedDataBackendGraph:  Pak pak cache file ../../../../../../Users/usagi/Documents/Unreal Projects/Roadhouse/DerivedDataCache/DDC.ddp not found, will not use a pak cache.
[2018.08.05-20.36.30:978][  0]LogDerivedDataCache: Unable to find inner node Pak for hierarchical cache Hierarchy.
[2018.08.05-20.36.30:978][  0]LogDerivedDataCache: FDerivedDataBackendGraph:  CompressedPak pak cache file ../../../../../../Users/usagi/Documents/Unreal Projects/Roadhouse/DerivedDataCache/Compressed.ddp not found, will not use a pak cache.
[2018.08.05-20.36.30:978][  0]LogDerivedDataCache: Unable to find inner node CompressedPak for hierarchical cache Hierarchy.
[2018.08.05-20.36.30:998][  0]LogDerivedDataCache: Display: Pak cache opened for reading ../../../Engine/DerivedDataCache/Compressed.ddp.
[2018.08.05-20.36.31:011][  0]LogDerivedDataCache: Using Local data cache path C:/Users/usagi/AppData/Local/UnrealEngine/Common/DerivedDataCache: Writable
[2018.08.05-20.36.31:011][  0]LogDerivedDataCache: Shared data cache path not found in *engine.ini, will not use an Shared cache.
[2018.08.05-20.36.31:011][  0]LogDerivedDataCache: Unable to find inner node Shared for hierarchical cache Hierarchy.
[2018.08.05-20.36.31:026][  0]LogMaterial: Verifying Global Shaders for PCD3D_SM5
[2018.08.05-20.36.31:027][  0]LogSlate: Using Freetype 2.6.0
[2018.08.05-20.36.31:028][  0]LogSlate: SlateFontCache - WITH_FREETYPE: 1, WITH_HARFBUZZ: 1
[2018.08.05-20.36.31:028][  0]LogSlate: SlateFontCache - WITH_FREETYPE: 1, WITH_HARFBUZZ: 1
[2018.08.05-20.36.31:267][  0]LogAssetRegistry: FAssetRegistry took 0.0392 seconds to start up
[2018.08.05-20.36.31:921][  0]LogInit: Selected Device Profile: [Windows]
[2018.08.05-20.36.32:218][  0]LogSimplygon: Simplygon DLL not present - disabling.
[2018.08.05-20.36.32:224][  0]LogMeshReduction: Using SimplygonSwarm for distributed automatic mesh merging
[2018.08.05-20.36.32:224][  0]LogMeshReduction: Using QuadricMeshReduction for automatic static mesh reduction
[2018.08.05-20.36.32:224][  0]LogMeshReduction: No automatic skeletal mesh reduction module available
[2018.08.05-20.36.32:224][  0]LogMeshReduction: No automatic mesh merging module available
[2018.08.05-20.36.32:224][  0]LogMeshMerging: No automatic mesh merging module available
[2018.08.05-20.36.32:285][  0]LogNetVersion: Roadhouse , NetCL: 3944462, EngineNetVer: 2, GameNetVer: 0 (Checksum: 487093703)
[2018.08.05-20.36.32:904][  0]LogPackageLocalizationCache: Processed 9 localized package path(s) for 1 prioritized culture(s) in 0.076313 seconds
[2018.08.05-20.36.32:911][  0]LogUObjectArray: 36728 objects as part of root set at end of initial load.
[2018.08.05-20.36.32:911][  0]LogUObjectAllocator: 7314304 out of 0 bytes used by permanent object pool.
[2018.08.05-20.36.32:911][  0]LogUObjectArray: CloseDisregardForGC: 0/0 objects in disregard for GC pool
[2018.08.05-20.36.35:555][  0]LogTcpMessaging: Initializing TcpMessaging bridge
[2018.08.05-20.36.35:598][  0]LogUdpMessaging: Initializing bridge on interface 0.0.0.0:0 to multicast group 230.0.0.1:6666.
[2018.08.05-20.36.36:233][  0]SourceControl: Source control is disabled
[2018.08.05-20.36.36:234][  0]SourceControl: Source control is disabled
[2018.08.05-20.36.36:269][  0]SourceControl: Source control is disabled
[2018.08.05-20.36.36:304][  0]SourceControl: Source control is disabled
[2018.08.05-20.36.37:129][  0]LogAndroidPermission: UAndroidPermissionCallbackProxy::GetInstance
[2018.08.05-20.36.37:391][  0]LogOcInput: OculusInput pre-init called
[2018.08.05-20.36.37:567][  0]LogEngine: Initializing Engine...
[2018.08.05-20.36.37:569][  0]LogHMD: Failed to initialize OpenVR with code 110
[2018.08.05-20.36.37:570][  0]LogStats: UGameplayTagsManager::ConstructGameplayTagTree: Construct from data asset -  0.000 s
[2018.08.05-20.36.37:571][  0]LogStats: UGameplayTagsManager::ConstructGameplayTagTree: GameplayTagTreeChangedEvent.Broadcast -  0.000 s
[2018.08.05-20.36.37:870][  0]LogAIModule: Creating AISystem for world Untitled
[2018.08.05-20.36.37:889][  0]LogInit: XAudio2 using 'Lautsprecher (Realtek High Definition Audio)' : 2 channels at 48 kHz using 32 bits per sample (channel mask 0x3)
[2018.08.05-20.36.37:910][  0]LogInit: FAudioDevice initialized.
[2018.08.05-20.36.38:020][  0]LogDerivedDataCache: Saved boot cache 0.11s 74MB C:/Users/usagi/AppData/Local/UnrealEngine/4.19/DerivedDataCache/Boot.ddc.
[2018.08.05-20.36.38:034][  0]LogInit: Texture streaming: Enabled
[2018.08.05-20.36.38:061][  0]LogEngineSessionManager: EngineSessionManager initialized
[2018.08.05-20.36.38:078][  0]LogInit: Transaction tracking system initialized
[2018.08.05-20.36.38:114][  0]BlueprintLog: New page: Editor Load
[2018.08.05-20.36.38:232][  0]LocalizationService: Localization service is disabled
[2018.08.05-20.36.38:394][  0]LogConsoleResponse: Display: 
[2018.08.05-20.36.38:625][  0]LogCook: Display: Max memory allowance for cook 16384mb min free memory 0mb
[2018.08.05-20.36.38:626][  0]LogCook: Display: Mobile HDR setting 1
[2018.08.05-20.36.38:626][  0]LogGameplayTags: Display: UGameplayTagsManager::DoneAddingNativeTags. DelegateIsBound: 0
[2018.08.05-20.36.38:626][  0]LogStats: UGameplayTagsManager::ConstructGameplayTagTree: Construct from data asset -  0.000 s
[2018.08.05-20.36.38:626][  0]LogStats: UGameplayTagsManager::ConstructGameplayTagTree: GameplayTagTreeChangedEvent.Broadcast -  0.000 s
[2018.08.05-20.36.39:295][  0]LogFileCache: Scanning file cache for directory 'C:/Users/usagi/Documents/Unreal Projects/Roadhouse/Content/' took 0.02s
[2018.08.05-20.36.39:295][  0]SourceControl: Source control is disabled
[2018.08.05-20.36.39:295][  0]Cmd: MAP LOAD FILE="../../../../../../Users/usagi/Documents/Unreal Projects/Roadhouse/Content/FirstPersonBP/Maps/FirstPersonExampleMap.umap" TEMPLATE=0 SHOWPROGRESS=1 FEATURELEVEL=3
[2018.08.05-20.36.39:296][  0]LightingResults: New page: Lighting Build
[2018.08.05-20.36.39:299][  0]MapCheck: New page: Map Check
[2018.08.05-20.36.39:299][  0]LightingResults: New page: Lighting Build
[2018.08.05-20.36.39:370][  0]LogUObjectGlobals: Created PersistentFrame Addr=0x00000205cda26430, Size=72, Default__FirstPerson_AnimBP_C Function /Game/FirstPerson/Animations/FirstPerson_AnimBP.FirstPerson_AnimBP_C:ExecuteUbergraph_FirstPerson_AnimBP
[2018.08.05-20.36.39:383][  0]LogUObjectGlobals: Destroyed PersistentFrame Addr=0x00000205cda26430, Size=72
[2018.08.05-20.36.39:384][  0]LogUObjectGlobals: Created PersistentFrame Addr=0x00000205bb5bb920, Size=72, Default__FirstPerson_AnimBP_C Function /Engine/Transient.REINST_FirstPerson_AnimBP_C_0:ExecuteUbergraph_FirstPerson_AnimBP
[2018.08.05-20.36.39:395][  0]LogUObjectGlobals: Created PersistentFrame Addr=0x00000205bb575ad0, Size=72, Default__FirstPerson_AnimBP_C Function /Game/FirstPerson/Animations/FirstPerson_AnimBP.FirstPerson_AnimBP_C:ExecuteUbergraph_FirstPerson_AnimBP
[2018.08.05-20.36.39:413][  0]LogUObjectGlobals: Created PersistentFrame Addr=0x00000205bb542700, Size=256, Default__FirstPersonProjectile_C Function /Game/FirstPersonBP/Blueprints/FirstPersonProjectile.FirstPersonProjectile_C:ExecuteUbergraph_FirstPersonProjectile
[2018.08.05-20.36.39:418][  0]LogUObjectGlobals: Destroyed PersistentFrame Addr=0x00000205bb542700, Size=256
[2018.08.05-20.36.39:419][  0]LogUObjectGlobals: Created PersistentFrame Addr=0x00000205bb542700, Size=256, Default__FirstPersonProjectile_C Function /Engine/Transient.REINST_FirstPersonProjectile_C_4:ExecuteUbergraph_FirstPersonProjectile
[2018.08.05-20.36.39:421][  0]LogUObjectGlobals: Created PersistentFrame Addr=0x00000205bb540c00, Size=256, Default__FirstPersonProjectile_C Function /Game/FirstPersonBP/Blueprints/FirstPersonProjectile.FirstPersonProjectile_C:ExecuteUbergraph_FirstPersonProjectile
[2018.08.05-20.36.39:513][  0]LogUObjectGlobals: Created PersistentFrame Addr=0x00000205b665d000, Size=688, Default__FirstPersonCharacter_C Function /Game/FirstPersonBP/Blueprints/FirstPersonCharacter.FirstPersonCharacter_C:ExecuteUbergraph_FirstPersonCharacter
[2018.08.05-20.36.39:530][  0]LogUObjectGlobals: Destroyed PersistentFrame Addr=0x00000205b665d000, Size=688
[2018.08.05-20.36.39:530][  0]LogUObjectGlobals: Created PersistentFrame Addr=0x00000205b6232500, Size=688, Default__FirstPersonCharacter_C Function /Engine/Transient.REINST_FirstPersonCharacter_C_6:ExecuteUbergraph_FirstPersonCharacter
[2018.08.05-20.36.39:541][  0]LogUObjectGlobals: Created PersistentFrame Addr=0x00000205b6230a00, Size=688, Default__FirstPersonCharacter_C Function /Game/FirstPersonBP/Blueprints/FirstPersonCharacter.FirstPersonCharacter_C:ExecuteUbergraph_FirstPersonCharacter
[2018.08.05-20.36.39:643][  0]LogLinker: Warning: Can't find file '/Game/UE4-Jagdhuette/Assets/Xmodular/Door_out'
[2018.08.05-20.36.39:643][  0]LogLinker: Warning: Can't find file for asset '/Game/UE4-Jagdhuette/Assets/Xmodular/Door_out' while loading ../../../../../../Users/usagi/Documents/Unreal Projects/Roadhouse/Content/Assets/Xmodular/Door_pb.uasset.
[2018.08.05-20.36.39:643][  0]LoadErrors: Error: /Game/Assets/Xmodular/Door_pb : Can't find file for asset. /Game/UE4-Jagdhuette/Assets/Xmodular/Door_out
[2018.08.05-20.36.39:644][  0]LogLinker: Warning: Can't find file '/Game/UE4-Jagdhuette/Assets/Xmodular/Wall_door'
[2018.08.05-20.36.39:644][  0]LogLinker: Warning: Can't find file for asset '/Game/UE4-Jagdhuette/Assets/Xmodular/Wall_door' while loading ../../../../../../Users/usagi/Documents/Unreal Projects/Roadhouse/Content/Assets/Xmodular/Door_pb.uasset.
[2018.08.05-20.36.39:644][  0]LoadErrors: Error: /Game/Assets/Xmodular/Door_pb : Can't find file for asset. /Game/UE4-Jagdhuette/Assets/Xmodular/Wall_door
[2018.08.05-20.36.39:644][  0]LogLinker: Warning: Can't find file '/Game/UE4-Jagdhuette/Assets/Xmodular/Wall_interrior_door'
[2018.08.05-20.36.39:644][  0]LogLinker: Warning: Can't find file for asset '/Game/UE4-Jagdhuette/Assets/Xmodular/Wall_interrior_door' while loading ../../../../../../Users/usagi/Documents/Unreal Projects/Roadhouse/Content/Assets/Xmodular/Door_pb.uasset.
[2018.08.05-20.36.39:644][  0]LoadErrors: Error: /Game/Assets/Xmodular/Door_pb : Can't find file for asset. /Game/UE4-Jagdhuette/Assets/Xmodular/Wall_interrior_door
[2018.08.05-20.36.39:645][  0]LogLinker: Warning: Can't find file '/Game/UE4-Jagdhuette/Assets/Xmodular/Door_out'
[2018.08.05-20.36.39:645][  0]LogLinker: Warning: Can't find file for asset '/Game/UE4-Jagdhuette/Assets/Xmodular/Door_out' while loading ../../../../../../Users/usagi/Documents/Unreal Projects/Roadhouse/Content/Assets/Xmodular/Door_pb.uasset.
[2018.08.05-20.36.39:645][  0]LoadErrors: Error: /Game/Assets/Xmodular/Door_pb : Can't find file for asset. /Game/UE4-Jagdhuette/Assets/Xmodular/Door_out
[2018.08.05-20.36.39:645][  0]LogLinker: Warning: Can't find file '/Game/UE4-Jagdhuette/Assets/Xmodular/Wall_door'
[2018.08.05-20.36.39:645][  0]LogLinker: Warning: Can't find file for asset '/Game/UE4-Jagdhuette/Assets/Xmodular/Wall_door' while loading ../../../../../../Users/usagi/Documents/Unreal Projects/Roadhouse/Content/Assets/Xmodular/Door_pb.uasset.
[2018.08.05-20.36.39:645][  0]LoadErrors: Error: /Game/Assets/Xmodular/Door_pb : Can't find file for asset. /Game/UE4-Jagdhuette/Assets/Xmodular/Wall_door
[2018.08.05-20.36.39:645][  0]LogLinker: Warning: Can't find file '/Game/UE4-Jagdhuette/Assets/Xmodular/Wall_interrior_door'
[2018.08.05-20.36.39:645][  0]LogLinker: Warning: Can't find file for asset '/Game/UE4-Jagdhuette/Assets/Xmodular/Wall_interrior_door' while loading ../../../../../../Users/usagi/Documents/Unreal Projects/Roadhouse/Content/Assets/Xmodular/Door_pb.uasset.
[2018.08.05-20.36.39:645][  0]LoadErrors: Error: /Game/Assets/Xmodular/Door_pb : Can't find file for asset. /Game/UE4-Jagdhuette/Assets/Xmodular/Wall_interrior_door
[2018.08.05-20.36.39:646][  0]LogUObjectGlobals: Created PersistentFrame Addr=0x00000205cc8ec400, Size=384, Default__Door_pb_C Function /Game/Assets/Xmodular/Door_pb.Door_pb_C:ExecuteUbergraph_Door_pb
[2018.08.05-20.36.39:647][  0]LogLinker: Warning: Can't find file '/Game/UE4-Jagdhuette/Assets/Xmodular/Door_out'
[2018.08.05-20.36.39:647][  0]LogLinker: Warning: Can't find file for asset '/Game/UE4-Jagdhuette/Assets/Xmodular/Door_out' while loading ../../../../../../Users/usagi/Documents/Unreal Projects/Roadhouse/Content/FirstPersonBP/Maps/FirstPersonExampleMap.umap.
[2018.08.05-20.36.39:647][  0]LoadErrors: Error: /Game/FirstPersonBP/Maps/FirstPersonExampleMap : Can't find file for asset. /Game/UE4-Jagdhuette/Assets/Xmodular/Door_out
[2018.08.05-20.36.39:647][  0]LogLinker: Warning: Can't find file '/Game/UE4-Jagdhuette/Assets/Xmodular/Wall_door'
[2018.08.05-20.36.39:647][  0]LogLinker: Warning: Can't find file for asset '/Game/UE4-Jagdhuette/Assets/Xmodular/Wall_door' while loading ../../../../../../Users/usagi/Documents/Unreal Projects/Roadhouse/Content/FirstPersonBP/Maps/FirstPersonExampleMap.umap.
[2018.08.05-20.36.39:647][  0]LoadErrors: Error: /Game/FirstPersonBP/Maps/FirstPersonExampleMap : Can't find file for asset. /Game/UE4-Jagdhuette/Assets/Xmodular/Wall_door
[2018.08.05-20.36.39:647][  0]LogLinker: Warning: Can't find file '/Game/UE4-Jagdhuette/Assets/Xmodular/Wall_interrior_door'
[2018.08.05-20.36.39:647][  0]LogLinker: Warning: Can't find file for asset '/Game/UE4-Jagdhuette/Assets/Xmodular/Wall_interrior_door' while loading ../../../../../../Users/usagi/Documents/Unreal Projects/Roadhouse/Content/FirstPersonBP/Maps/FirstPersonExampleMap.umap.
[2018.08.05-20.36.39:647][  0]LoadErrors: Error: /Game/FirstPersonBP/Maps/FirstPersonExampleMap : Can't find file for asset. /Game/UE4-Jagdhuette/Assets/Xmodular/Wall_interrior_door
[2018.08.05-20.36.39:647][  0]LogLinker: Warning: Can't find file '/Game/UE4-Jagdhuette/Assets/Xmodular/Door_out'
[2018.08.05-20.36.39:648][  0]LogLinker: Warning: Can't find file for asset '/Game/UE4-Jagdhuette/Assets/Xmodular/Door_out' while loading ../../../../../../Users/usagi/Documents/Unreal Projects/Roadhouse/Content/FirstPersonBP/Maps/FirstPersonExampleMap.umap.
[2018.08.05-20.36.39:648][  0]LoadErrors: Error: /Game/FirstPersonBP/Maps/FirstPersonExampleMap : Can't find file for asset. /Game/UE4-Jagdhuette/Assets/Xmodular/Door_out
[2018.08.05-20.36.39:648][  0]LogLinker: Warning: Can't find file '/Game/UE4-Jagdhuette/Assets/Xmodular/Wall_door'
[2018.08.05-20.36.39:648][  0]LogLinker: Warning: Can't find file for asset '/Game/UE4-Jagdhuette/Assets/Xmodular/Wall_door' while loading ../../../../../../Users/usagi/Documents/Unreal Projects/Roadhouse/Content/FirstPersonBP/Maps/FirstPersonExampleMap.umap.
[2018.08.05-20.36.39:648][  0]LoadErrors: Error: /Game/FirstPersonBP/Maps/FirstPersonExampleMap : Can't find file for asset. /Game/UE4-Jagdhuette/Assets/Xmodular/Wall_door
[2018.08.05-20.36.39:648][  0]LogLinker: Warning: Can't find file '/Game/UE4-Jagdhuette/Assets/Xmodular/Wall_interrior_door'
[2018.08.05-20.36.39:648][  0]LogLinker: Warning: Can't find file for asset '/Game/UE4-Jagdhuette/Assets/Xmodular/Wall_interrior_door' while loading ../../../../../../Users/usagi/Documents/Unreal Projects/Roadhouse/Content/FirstPersonBP/Maps/FirstPersonExampleMap.umap.
[2018.08.05-20.36.39:648][  0]LoadErrors: Error: /Game/FirstPersonBP/Maps/FirstPersonExampleMap : Can't find file for asset. /Game/UE4-Jagdhuette/Assets/Xmodular/Wall_interrior_door
[2018.08.05-20.36.39:650][  0]LogLinker: Warning: Can't find file '/Game/UE4-Jagdhuette/Assets/Xmodular/Wall_door'
[2018.08.05-20.36.39:650][  0]LoadErrors: Failed to load /Game/UE4-Jagdhuette/Assets/Xmodular/Wall_door.Wall_door Referenced by Wall_door1_GEN_VARIABLE
[2018.08.05-20.36.39:650][  0]LogLinker: Warning: Can't find file for asset '/Game/UE4-Jagdhuette/Assets/Xmodular/Wall_door' while loading ../../../../../../Users/usagi/Documents/Unreal Projects/Roadhouse/Content/FirstPersonBP/Maps/FirstPersonExampleMap.umap.
[2018.08.05-20.36.39:650][  0]LoadErrors: Failed to load /Game/UE4-Jagdhuette/Assets/Xmodular/Wall_door.Wall_door Referenced by Wall_door1_GEN_VARIABLE
[2018.08.05-20.36.39:650][  0]LoadErrors: Error: /Game/FirstPersonBP/Maps/FirstPersonExampleMap : Can't find file for asset. /Game/UE4-Jagdhuette/Assets/Xmodular/Wall_door
[2018.08.05-20.36.39:651][  0]LogLinker: Warning: Can't find file '/Game/UE4-Jagdhuette/Assets/Xmodular/Wall_interrior_door'
[2018.08.05-20.36.39:651][  0]LoadErrors: Failed to load /Game/UE4-Jagdhuette/Assets/Xmodular/Wall_interrior_door.Wall_interrior_door Referenced by Wall_interrior_door_GEN_VARIABLE
[2018.08.05-20.36.39:651][  0]LogLinker: Warning: Can't find file for asset '/Game/UE4-Jagdhuette/Assets/Xmodular/Wall_interrior_door' while loading ../../../../../../Users/usagi/Documents/Unreal Projects/Roadhouse/Content/FirstPersonBP/Maps/FirstPersonExampleMap.umap.
[2018.08.05-20.36.39:651][  0]LoadErrors: Failed to load /Game/UE4-Jagdhuette/Assets/Xmodular/Wall_interrior_door.Wall_interrior_door Referenced by Wall_interrior_door_GEN_VARIABLE
[2018.08.05-20.36.39:651][  0]LoadErrors: Error: /Game/FirstPersonBP/Maps/FirstPersonExampleMap : Can't find file for asset. /Game/UE4-Jagdhuette/Assets/Xmodular/Wall_interrior_door
[2018.08.05-20.36.39:651][  0]LogLinker: Warning: Can't find file '/Game/UE4-Jagdhuette/Assets/Xmodular/Door_out'
[2018.08.05-20.36.39:651][  0]LoadErrors: Failed to load /Game/UE4-Jagdhuette/Assets/Xmodular/Door_out.Door_out Referenced by Door_out1_GEN_VARIABLE
[2018.08.05-20.36.39:651][  0]LogLinker: Warning: Can't find file for asset '/Game/UE4-Jagdhuette/Assets/Xmodular/Door_out' while loading ../../../../../../Users/usagi/Documents/Unreal Projects/Roadhouse/Content/FirstPersonBP/Maps/FirstPersonExampleMap.umap.
[2018.08.05-20.36.39:652][  0]LoadErrors: Failed to load /Game/UE4-Jagdhuette/Assets/Xmodular/Door_out.Door_out Referenced by Door_out1_GEN_VARIABLE
[2018.08.05-20.36.39:652][  0]LoadErrors: Error: /Game/FirstPersonBP/Maps/FirstPersonExampleMap : Can't find file for asset. /Game/UE4-Jagdhuette/Assets/Xmodular/Door_out
[2018.08.05-20.36.39:654][  0]LogUObjectGlobals: Destroyed PersistentFrame Addr=0x00000205cc8ec400, Size=384
[2018.08.05-20.36.39:654][  0]LogUObjectGlobals: Created PersistentFrame Addr=0x00000205b5e3bb80, Size=384, Default__Door_pb_C Function /Engine/Transient.REINST_Door_pb_C_10:ExecuteUbergraph_Door_pb
[2018.08.05-20.36.39:658][  0]LogUObjectGlobals: Created PersistentFrame Addr=0x00000205b5e62c80, Size=384, Default__Door_pb_C Function /Game/Assets/Xmodular/Door_pb.Door_pb_C:ExecuteUbergraph_Door_pb
[2018.08.05-20.36.39:670][  0]LogUObjectGlobals: Created PersistentFrame Addr=0x00000205b677f318, Size=52, Default__FirstPersonHUD_C Function /Game/FirstPersonBP/Blueprints/FirstPersonHUD.FirstPersonHUD_C:ExecuteUbergraph_FirstPersonHUD
[2018.08.05-20.36.39:674][  0]LogUObjectGlobals: Destroyed PersistentFrame Addr=0x00000205b677f318, Size=52
[2018.08.05-20.36.39:674][  0]LogUObjectGlobals: Created PersistentFrame Addr=0x00000205b677f318, Size=52, Default__FirstPersonHUD_C Function /Engine/Transient.REINST_FirstPersonHUD_C_12:ExecuteUbergraph_FirstPersonHUD
[2018.08.05-20.36.39:677][  0]LogUObjectGlobals: Created PersistentFrame Addr=0x00000205b677ef28, Size=52, Default__FirstPersonHUD_C Function /Game/FirstPersonBP/Blueprints/FirstPersonHUD.FirstPersonHUD_C:ExecuteUbergraph_FirstPersonHUD
[2018.08.05-20.36.40:082][  0]LogSkeletalMesh: Skeletal Mesh found in DDC [4.265392ms] /Game/FirstPerson/FPWeapon/Mesh/SK_FPGun.SK_FPGun
[2018.08.05-20.36.40:429][  0]LogSkeletalMesh: Skeletal Mesh found in DDC [7.607476ms] /Game/FirstPerson/Character/Mesh/SK_Mannequin_Arms.SK_Mannequin_Arms
[2018.08.05-20.36.40:542][  0]LogAIModule: Creating AISystem for world FirstPersonExampleMap
[2018.08.05-20.36.40:569][  0]LogEditorServer: Finished looking for orphan Actors (0.000 secs)
[2018.08.05-20.36.40:589][  0]LogUObjectGlobals: Destroyed PersistentFrame Addr=0x00000205bb5bb920, Size=72
[2018.08.05-20.36.40:589][  0]LogUObjectGlobals: Destroyed PersistentFrame Addr=0x00000205bb542700, Size=256
[2018.08.05-20.36.40:589][  0]LogUObjectGlobals: Destroyed PersistentFrame Addr=0x00000205b6232500, Size=688
[2018.08.05-20.36.40:589][  0]LogUObjectGlobals: Destroyed PersistentFrame Addr=0x00000205b5e3bb80, Size=384
[2018.08.05-20.36.40:589][  0]LogUObjectGlobals: Destroyed PersistentFrame Addr=0x00000205b677f318, Size=52
[2018.08.05-20.36.40:591][  0]Cmd: MAP CHECKDEP NOCLEARLOG
[2018.08.05-20.36.40:737][  0]MapCheck: Map check complete: 0 Error(s), 0 Warning(s), took 145,847ms to complete.
[2018.08.05-20.36.40:737][  0]LogFileHelpers: Loading map 'FirstPersonExampleMap' took 1.442
[2018.08.05-20.36.40:913][  0]LogCollectionManager: Loaded 0 collections in 0.002711 seconds
[2018.08.05-20.36.40:966][  0]LogFileCache: Scanning file cache for directory 'C:/Users/usagi/Documents/Unreal Projects/Roadhouse/Saved/Collections/' took 0.01s
[2018.08.05-20.36.40:966][  0]LogFileCache: Scanning file cache for directory 'C:/Users/usagi/Documents/Unreal Projects/Roadhouse/Content/Developers/usagi/Collections/' took 0.01s
[2018.08.05-20.36.40:966][  0]LogFileCache: Scanning file cache for directory 'C:/Users/usagi/Documents/Unreal Projects/Roadhouse/Content/Collections/' took 0.01s
[2018.08.05-20.36.40:966][  0]LogCollectionManager: Rebuilt the GUID cache for 0 collections in 0.000000 seconds
[2018.08.05-20.36.40:982][  0]LogContentBrowser: Native class hierarchy populated in 0.0153 seconds. Added 2452 classes and 558 folders.
[2018.08.05-20.36.40:992][  0]LogContentBrowser: Native class hierarchy updated for 'WidgetCarousel' in 0.0003 seconds. Added 0 classes and 0 folders.
[2018.08.05-20.36.41:072][  0]LogContentBrowser: Native class hierarchy updated for 'AddContentDialog' in 0.0002 seconds. Added 0 classes and 0 folders.
[2018.08.05-20.36.41:079][  0]LogContentBrowser: Native class hierarchy updated for 'SceneOutliner' in 0.0003 seconds. Added 1 classes and 2 folders.
[2018.08.05-20.36.41:101][  0]LogSlate: Took 0.000277 seconds to synchronously load lazily loaded font '../../../Engine/Content/Slate/Fonts/Roboto-Regular.ttf' (155K)
[2018.08.05-20.36.41:104][  0]LogSlate: Took 0.000313 seconds to synchronously load lazily loaded font '../../../Engine/Content/Slate/Fonts/Roboto-Bold.ttf' (160K)
[2018.08.05-20.36.41:113][  0]LogSlate: Took 0.000307 seconds to synchronously load lazily loaded font '../../../Engine/Content/Editor/Slate/Fonts/FontAwesome.ttf' (139K)
[2018.08.05-20.36.41:264][  0]LogRenderer: Reallocating scene render targets to support 1308x648 Format 10 NumSamples 1 (Frame:1).
[2018.08.05-20.36.41:480][  0]LogContentBrowser: Native class hierarchy updated for 'HierarchicalLODOutliner' in 0.0003 seconds. Added 0 classes and 0 folders.
[2018.08.05-20.36.41:480][  0]LogLoad: (Engine Initialization) Total time: 17.85 seconds
[2018.08.05-20.36.41:480][  0]LogLoad: (Engine Initialization) Total Blueprint compile time: 0.00 seconds
[2018.08.05-20.36.41:498][  0]LogWindowsTextInputMethodSystem: Display: IME system now deactivated.
[2018.08.05-20.36.41:517][  0]LogContentStreaming: Texture pool size now 1000 MB
[2018.08.05-20.36.41:521][  0]LogSlate: FSceneViewport::OnFocusLost() reason 2
[2018.08.05-20.36.41:715][  2]LogAssetRegistry: Asset discovery search completed in 10.4782 seconds
[2018.08.05-20.36.41:719][  2]LogCollectionManager: Rebuilt the object cache for 0 collections in 0.000000 seconds (found 0 objects)
[2018.08.05-20.36.41:719][  2]LogCollectionManager: Fixed up redirectors for 0 collections in 0.000126 seconds (updated 0 objects)
[2018.08.05-20.37.00:450][100]LogSlate: Window 'Message Log' being destroyed
[2018.08.05-20.37.00:453][100]LogSlate: Window 'Message Log' being destroyed
[2018.08.05-20.37.02:216][205]LogSlate: FSceneViewport::OnFocusLost() reason 0
[2018.08.05-20.37.02:296][209]LogSlate: Took 0.000250 seconds to synchronously load lazily loaded font '../../../Engine/Content/Slate/Fonts/Roboto-Light.ttf' (167K)
[2018.08.05-20.38.14:943][ 73]LogSlate: Took 0.000386 seconds to synchronously load lazily loaded font '../../../Engine/Content/Slate/Fonts/Roboto-Light.ttf' (167K)
[2018.08.05-20.38.19:672][245]LogSlate: Window 'bar_LP' being destroyed
[2018.08.05-20.38.19:678][245]LogSlate: Window 'bar_LP' being destroyed
[2018.08.05-20.38.46:251][647]Cmd: OBJ SAVEPACKAGE PACKAGE="/Game/Assets/Bar/Table/Table_v1_1" FILE="../../../../../../Users/usagi/Documents/Unreal Projects/Roadhouse/Content/Assets/Bar/Table/Table_v1_1.uasset" SILENT=true
[2018.08.05-20.38.46:271][647]LogSavePackage: Save=16.21ms
[2018.08.05-20.38.46:271][647]LogSavePackage: Moving '../../../../../../Users/usagi/Documents/Unreal Projects/Roadhouse/Saved/Table_v1_1857DAD7B430CB78B4DD6B3A15ABF5AFF.tmp' to '../../../../../../Users/usagi/Documents/Unreal Projects/Roadhouse/Content/Assets/Bar/Table/Table_v1_1.uasset'
[2018.08.05-20.38.46:278][647]LogSavePackage: Display: Finished SavePackage ../../../../../../Users/usagi/Documents/Unreal Projects/Roadhouse/Content/Assets/Bar/Table/Table_v1_1.uasset
[2018.08.05-20.38.46:285][647]Cmd: OBJ SAVEPACKAGE PACKAGE="/Game/Assets/Bar/Bar/Table_v1_1" FILE="../../../../../../Users/usagi/Documents/Unreal Projects/Roadhouse/Content/Assets/Bar/Bar/Table_v1_1.uasset" SILENT=true
[2018.08.05-20.38.46:301][647]LogSavePackage: Save=3.60ms
[2018.08.05-20.38.46:301][647]LogSavePackage: Moving '../../../../../../Users/usagi/Documents/Unreal Projects/Roadhouse/Saved/Table_v1_15786025F4C2AA6A3358929AD5E54BE26.tmp' to '../../../../../../Users/usagi/Documents/Unreal Projects/Roadhouse/Content/Assets/Bar/Bar/Table_v1_1.uasset'
[2018.08.05-20.38.46:308][647]LogSavePackage: Display: Finished SavePackage ../../../../../../Users/usagi/Documents/Unreal Projects/Roadhouse/Content/Assets/Bar/Bar/Table_v1_1.uasset
[2018.08.05-20.38.46:336][647]Cmd: OBJ SAVEPACKAGE PACKAGE="/Game/Assets/Bar/Table/Table_v1_2" FILE="../../../../../../Users/usagi/Documents/Unreal Projects/Roadhouse/Content/Assets/Bar/Table/Table_v1_2.uasset" SILENT=true
[2018.08.05-20.38.46:354][647]LogSavePackage: Save=15.03ms
[2018.08.05-20.38.46:354][647]LogSavePackage: Moving '../../../../../../Users/usagi/Documents/Unreal Projects/Roadhouse/Saved/Table_v1_2B1552F3C4516922807F672AE77CC55E2.tmp' to '../../../../../../Users/usagi/Documents/Unreal Projects/Roadhouse/Content/Assets/Bar/Table/Table_v1_2.uasset'
[2018.08.05-20.38.46:361][647]LogSavePackage: Display: Finished SavePackage ../../../../../../Users/usagi/Documents/Unreal Projects/Roadhouse/Content/Assets/Bar/Table/Table_v1_2.uasset
[2018.08.05-20.38.46:370][647]Cmd: OBJ SAVEPACKAGE PACKAGE="/Game/Assets/Bar/Bar/Table_v1_2" FILE="../../../../../../Users/usagi/Documents/Unreal Projects/Roadhouse/Content/Assets/Bar/Bar/Table_v1_2.uasset" SILENT=true
[2018.08.05-20.38.46:388][647]LogSavePackage: Save=2.50ms
[2018.08.05-20.38.46:388][647]LogSavePackage: Moving '../../../../../../Users/usagi/Documents/Unreal Projects/Roadhouse/Saved/Table_v1_280787F1548D755904E5F0D8DB8DDD0F7.tmp' to '../../../../../../Users/usagi/Documents/Unreal Projects/Roadhouse/Content/Assets/Bar/Bar/Table_v1_2.uasset'
[2018.08.05-20.38.46:396][647]LogSavePackage: Display: Finished SavePackage ../../../../../../Users/usagi/Documents/Unreal Projects/Roadhouse/Content/Assets/Bar/Bar/Table_v1_2.uasset
[2018.08.05-20.38.46:423][647]Cmd: OBJ SAVEPACKAGE PACKAGE="/Game/Assets/Bar/Table/Table_v2_1" FILE="../../../../../../Users/usagi/Documents/Unreal Projects/Roadhouse/Content/Assets/Bar/Table/Table_v2_1.uasset" SILENT=true
[2018.08.05-20.38.46:442][647]LogSavePackage: Save=16.13ms
[2018.08.05-20.38.46:443][647]LogSavePackage: Moving '../../../../../../Users/usagi/Documents/Unreal Projects/Roadhouse/Saved/Table_v2_1A1281CCE4B705D79FAD1958CADAC197B.tmp' to '../../../../../../Users/usagi/Documents/Unreal Projects/Roadhouse/Content/Assets/Bar/Table/Table_v2_1.uasset'
[2018.08.05-20.38.46:453][647]LogSavePackage: Display: Finished SavePackage ../../../../../../Users/usagi/Documents/Unreal Projects/Roadhouse/Content/Assets/Bar/Table/Table_v2_1.uasset
[2018.08.05-20.38.46:458][647]Cmd: OBJ SAVEPACKAGE PACKAGE="/Game/Assets/Bar/Bar/Table_v2_1" FILE="../../../../../../Users/usagi/Documents/Unreal Projects/Roadhouse/Content/Assets/Bar/Bar/Table_v2_1.uasset" SILENT=true
[2018.08.05-20.38.46:473][647]LogSavePackage: Save=2.68ms
[2018.08.05-20.38.46:473][647]LogSavePackage: Moving '../../../../../../Users/usagi/Documents/Unreal Projects/Roadhouse/Saved/Table_v2_19B6E623B494AA3EC2F23DBA65C95DD26.tmp' to '../../../../../../Users/usagi/Documents/Unreal Projects/Roadhouse/Content/Assets/Bar/Bar/Table_v2_1.uasset'
[2018.08.05-20.38.46:482][647]LogSavePackage: Display: Finished SavePackage ../../../../../../Users/usagi/Documents/Unreal Projects/Roadhouse/Content/Assets/Bar/Bar/Table_v2_1.uasset
[2018.08.05-20.38.46:507][647]Cmd: OBJ SAVEPACKAGE PACKAGE="/Game/Assets/Bar/Table/Table_v2_2" FILE="../../../../../../Users/usagi/Documents/Unreal Projects/Roadhouse/Content/Assets/Bar/Table/Table_v2_2.uasset" SILENT=true
[2018.08.05-20.38.46:525][647]LogSavePackage: Save=15.23ms
[2018.08.05-20.38.46:525][647]LogSavePackage: Moving '../../../../../../Users/usagi/Documents/Unreal Projects/Roadhouse/Saved/Table_v2_2FC5545844B2AB8A7BC67AFA0D123B017.tmp' to '../../../../../../Users/usagi/Documents/Unreal Projects/Roadhouse/Content/Assets/Bar/Table/Table_v2_2.uasset'
[2018.08.05-20.38.46:535][647]LogSavePackage: Display: Finished SavePackage ../../../../../../Users/usagi/Documents/Unreal Projects/Roadhouse/Content/Assets/Bar/Table/Table_v2_2.uasset
[2018.08.05-20.38.46:540][647]Cmd: OBJ SAVEPACKAGE PACKAGE="/Game/Assets/Bar/Bar/Table_v2_2" FILE="../../../../../../Users/usagi/Documents/Unreal Projects/Roadhouse/Content/Assets/Bar/Bar/Table_v2_2.uasset" SILENT=true
[2018.08.05-20.38.46:558][647]LogSavePackage: Save=3.22ms
[2018.08.05-20.38.46:558][647]LogSavePackage: Moving '../../../../../../Users/usagi/Documents/Unreal Projects/Roadhouse/Saved/Table_v2_2D5CAEC1F428017B2D5C90FB9D363B76D.tmp' to '../../../../../../Users/usagi/Documents/Unreal Projects/Roadhouse/Content/Assets/Bar/Bar/Table_v2_2.uasset'
[2018.08.05-20.38.46:570][647]LogSavePackage: Display: Finished SavePackage ../../../../../../Users/usagi/Documents/Unreal Projects/Roadhouse/Content/Assets/Bar/Bar/Table_v2_2.uasset
[2018.08.05-20.39.05:500][533]LogSlate: Window 'Delete Assets' being destroyed
[2018.08.05-20.39.27:265][ 33]LogSlate: Window 'Delete Assets' being destroyed
[2018.08.05-20.42.12:307][706]LogSlate: Window 'Source Control Login' being destroyed
[2018.08.05-20.42.19:655][137]LogEditorViewport: Clicking on Actor (LMB): BP_Sky_Sphere_C (SkySphereBlueprint)
[2018.08.05-20.42.21:196][210]LogSlate: FSceneViewport::OnFocusLost() reason 0
[2018.08.05-20.42.21:832][215]LogSavePackage: Save=343.96ms
[2018.08.05-20.42.21:832][215]LogSavePackage: Moving '../../../../../../Users/usagi/Documents/Unreal Projects/Roadhouse/Saved/FirstPersonExampleMap6695CB5A4B58E962DBFB18A080AF65FB.tmp' to '../../../../../../Users/usagi/Documents/Unreal Projects/Roadhouse/Content/FirstPersonBP/Maps/FirstPersonExampleMap.umap'
[2018.08.05-20.42.21:842][215]LogSavePackage: Display: Finished SavePackage ../../../../../../Users/usagi/Documents/Unreal Projects/Roadhouse/Content/FirstPersonBP/Maps/FirstPersonExampleMap.umap
[2018.08.05-20.42.25:361][215]LogSavePackage: Save=3336.52ms
[2018.08.05-20.42.25:361][215]LogSavePackage: Moving '../../../../../../Users/usagi/Documents/Unreal Projects/Roadhouse/Saved/FirstPersonExampleMap_BuiltData67A8FEA4439D7FA6D875B58AE94D2954.tmp' to '../../../../../../Users/usagi/Documents/Unreal Projects/Roadhouse/Content/FirstPersonBP/Maps/FirstPersonExampleMap_BuiltData.uasset'
[2018.08.05-20.42.25:368][215]LogSavePackage: Display: Finished SavePackage ../../../../../../Users/usagi/Documents/Unreal Projects/Roadhouse/Content/FirstPersonBP/Maps/FirstPersonExampleMap_BuiltData.uasset
[2018.08.05-20.42.30:264][474]LogSavePackage: Save=291.89ms
[2018.08.05-20.42.30:264][474]LogSavePackage: Moving '../../../../../../Users/usagi/Documents/Unreal Projects/Roadhouse/Saved/FirstPersonExampleMap9F47E2BC4EF0EB99C27E8C86A76CD62C.tmp' to '../../../../../../Users/usagi/Documents/Unreal Projects/Roadhouse/Content/FirstPersonBP/Maps/FirstPersonExampleMap.umap'
[2018.08.05-20.42.30:272][474]LogSavePackage: Display: Finished SavePackage ../../../../../../Users/usagi/Documents/Unreal Projects/Roadhouse/Content/FirstPersonBP/Maps/FirstPersonExampleMap.umap
[2018.08.05-20.42.33:793][474]LogSavePackage: Save=3237.91ms
[2018.08.05-20.42.33:793][474]LogSavePackage: Moving '../../../../../../Users/usagi/Documents/Unreal Projects/Roadhouse/Saved/FirstPersonExampleMap_BuiltData1564C3BC4887A95D62B889AF60F94051.tmp' to '../../../../../../Users/usagi/Documents/Unreal Projects/Roadhouse/Content/FirstPersonBP/Maps/FirstPersonExampleMap_BuiltData.uasset'
[2018.08.05-20.42.33:798][474]LogSavePackage: Display: Finished SavePackage ../../../../../../Users/usagi/Documents/Unreal Projects/Roadhouse/Content/FirstPersonBP/Maps/FirstPersonExampleMap_BuiltData.uasset
[2018.08.05-20.42.37:446][685]LogSlate: Window 'Roadhouse - Unreal Editor' being destroyed
[2018.08.05-20.42.37:447][685]LogWindowsTextInputMethodSystem: Display: IME system now deactivated.
[2018.08.05-20.42.37:702][686]Cmd: QUIT_EDITOR
[2018.08.05-20.42.37:737][686]LogSlate: Slate User Destroyed.  User Index 0, Is Virtual User: 0
[2018.08.05-20.42.37:737][686]LogExit: Preparing to exit.
[2018.08.05-20.42.38:827][686]LogDirectoryWatcher: A directory notification for 'C:/Users/usagi/Documents/Unreal Projects/Roadhouse/Content/' was aborted.
[2018.08.05-20.42.38:866][686]LogExit: Editor shut down
[2018.08.05-20.42.38:872][686]LogExit: Transaction tracking system shut down
[2018.08.05-20.42.38:873][686]LogUObjectGlobals: Destroyed PersistentFrame Addr=0x00000205bb575ad0, Size=72
[2018.08.05-20.42.38:873][686]LogUObjectGlobals: Destroyed PersistentFrame Addr=0x00000205bb540c00, Size=256
[2018.08.05-20.42.38:873][686]LogUObjectGlobals: Destroyed PersistentFrame Addr=0x00000205b6230a00, Size=688
[2018.08.05-20.42.38:884][686]LogUObjectGlobals: Destroyed PersistentFrame Addr=0x00000205b5e62c80, Size=384
[2018.08.05-20.42.38:884][686]LogUObjectGlobals: Destroyed PersistentFrame Addr=0x00000205b677ef28, Size=52
[2018.08.05-20.42.39:013][686]LogDirectoryWatcher: A directory notification for '../../../Engine/Content/' was aborted.
[2018.08.05-20.42.39:013][686]LogDirectoryWatcher: A directory notification for '../../../../../../Users/usagi/Documents/Unreal Projects/Roadhouse/Content/' was aborted.
[2018.08.05-20.42.39:013][686]LogDirectoryWatcher: A directory notification for '../../Plugins/2D/Paper2D/Content/' was aborted.
[2018.08.05-20.42.39:013][686]LogDirectoryWatcher: A directory notification for '../../Plugins/Enterprise/DatasmithContent/Content/' was aborted.
[2018.08.05-20.42.39:013][686]LogDirectoryWatcher: A directory notification for '../../Plugins/Media/MediaCompositing/Content/' was aborted.
[2018.08.05-20.42.39:013][686]LogDirectoryWatcher: A directory notification for '../../Plugins/Runtime/AppleARKit/Content/' was aborted.
[2018.08.05-20.42.39:013][686]LogDirectoryWatcher: A directory notification for '../../Plugins/Runtime/Oculus/OculusVR/Content/' was aborted.
[2018.08.05-20.42.39:013][686]LogDirectoryWatcher: A directory notification for '../../Plugins/Runtime/Steam/SteamVR/Content/' was aborted.
[2018.08.05-20.42.39:150][686]LogExit: Object subsystem successfully closed.
[2018.08.05-20.42.39:194][686]LogShaderCompilers: Display: Shaders left to compile 0
[2018.08.05-20.42.39:205][686]LogD3D11RHI: Shutdown
[2018.08.05-20.42.39:206][686]LogD3D11RHI: CleanupD3DDevice
[2018.08.05-20.42.39:213][686]LogD3D11RHI: ~FD3D11DynamicRHI
[2018.08.05-20.42.39:274][686]LogModuleManager: Shutting down and abandoning module StaticMeshEditor (576)
[2018.08.05-20.42.39:274][686]LogModuleManager: Shutting down and abandoning module HierarchicalLODOutliner (574)
[2018.08.05-20.42.39:274][686]LogModuleManager: Shutting down and abandoning module SceneOutliner (572)
[2018.08.05-20.42.39:274][686]LogModuleManager: Shutting down and abandoning module AddContentDialog (570)
[2018.08.05-20.42.39:274][686]LogDirectoryWatcher: A directory notification for 'C:/Program Files/Epic Games/UE_4.19/FeaturePacks/' was aborted.
[2018.08.05-20.42.39:275][686]LogModuleManager: Shutting down and abandoning module WidgetCarousel (569)
[2018.08.05-20.42.39:275][686]LogModuleManager: Shutting down and abandoning module EditorWidgets (566)
[2018.08.05-20.42.39:275][686]LogModuleManager: Shutting down and abandoning module CollectionManager (564)
[2018.08.05-20.42.39:275][686]LogDirectoryWatcher: A directory notification for 'C:/Users/usagi/Documents/Unreal Projects/Roadhouse/Content/Collections/' was aborted.
[2018.08.05-20.42.39:275][686]LogDirectoryWatcher: A directory notification for 'C:/Users/usagi/Documents/Unreal Projects/Roadhouse/Content/Developers/usagi/Collections/' was aborted.
[2018.08.05-20.42.39:276][686]LogDirectoryWatcher: A directory notification for 'C:/Users/usagi/Documents/Unreal Projects/Roadhouse/Saved/Collections/' was aborted.
[2018.08.05-20.42.39:276][686]LogModuleManager: Shutting down and abandoning module StatsViewer (562)
[2018.08.05-20.42.39:276][686]LogModuleManager: Shutting down and abandoning module FoliageEdit (560)
[2018.08.05-20.42.39:276][686]LogModuleManager: Shutting down and abandoning module LandscapeEditor (558)
[2018.08.05-20.42.39:276][686]LogModuleManager: Shutting down and abandoning module MeshPaintMode (556)
[2018.08.05-20.42.39:276][686]LogModuleManager: Shutting down and abandoning module SceneDepthPickerMode (554)
[2018.08.05-20.42.39:276][686]LogModuleManager: Shutting down and abandoning module ActorPickerMode (552)
[2018.08.05-20.42.39:276][686]LogModuleManager: Shutting down and abandoning module GeometryMode (550)
[2018.08.05-20.42.39:276][686]LogModuleManager: Shutting down and abandoning module TextureAlignMode (548)
[2018.08.05-20.42.39:276][686]LogModuleManager: Shutting down and abandoning module BspMode (546)
[2018.08.05-20.42.39:276][686]LogModuleManager: Shutting down and abandoning module PIEPreviewDeviceProfileSelector (544)
[2018.08.05-20.42.39:276][686]LogModuleManager: Shutting down and abandoning module HardwareSurvey (542)
[2018.08.05-20.42.39:276][686]LogModuleManager: Shutting down and abandoning module SequenceRecorderSections (540)
[2018.08.05-20.42.39:276][686]LogModuleManager: Shutting down and abandoning module AutomationWorker (538)
[2018.08.05-20.42.39:276][686]LogModuleManager: Shutting down and abandoning module AudioCaptureEditor (536)
[2018.08.05-20.42.39:276][686]LogModuleManager: Shutting down and abandoning module SequenceRecorder (535)
[2018.08.05-20.42.39:276][686]LogModuleManager: Shutting down and abandoning module MatineeToLevelSequence (532)
[2018.08.05-20.42.39:277][686]LogModuleManager: Shutting down and abandoning module LevelSequenceEditor (530)
[2018.08.05-20.42.39:277][686]LogModuleManager: Shutting down and abandoning module PlacementMode (529)
[2018.08.05-20.42.39:277][686]LogModuleManager: Shutting down and abandoning module MaterialEditor (528)
[2018.08.05-20.42.39:277][686]LogModuleManager: Shutting down and abandoning module WmfMediaFactory (524)
[2018.08.05-20.42.39:277][686]LogModuleManager: Shutting down and abandoning module WmfMediaEditor (522)
[2018.08.05-20.42.39:277][686]LogModuleManager: Shutting down and abandoning module MediaPlayerEditor (520)
[2018.08.05-20.42.39:277][686]LogModuleManager: Shutting down and abandoning module OpenExrWrapper (518)
[2018.08.05-20.42.39:277][686]LogModuleManager: Shutting down and abandoning module ImgMediaFactory (516)
[2018.08.05-20.42.39:277][686]LogModuleManager: Shutting down and abandoning module ImgMediaEditor (514)
[2018.08.05-20.42.39:277][686]LogModuleManager: Shutting down and abandoning module AvfMediaFactory (512)
[2018.08.05-20.42.39:277][686]LogModuleManager: Shutting down and abandoning module AvfMediaEditor (510)
[2018.08.05-20.42.39:277][686]LogModuleManager: Shutting down and abandoning module AndroidMediaFactory (508)
[2018.08.05-20.42.39:277][686]LogModuleManager: Shutting down and abandoning module AndroidMediaEditor (506)
[2018.08.05-20.42.39:277][686]LogModuleManager: Shutting down and abandoning module CharacterAI (504)
[2018.08.05-20.42.39:277][686]LogModuleManager: Shutting down and abandoning module SmartSnapping (502)
[2018.08.05-20.42.39:277][686]LogModuleManager: Shutting down and abandoning module SessionServices (500)
[2018.08.05-20.42.39:277][686]LogModuleManager: Shutting down and abandoning module ViewportSnapping (498)
[2018.08.05-20.42.39:277][686]LogModuleManager: Shutting down and abandoning module ViewportInteraction (496)
[2018.08.05-20.42.39:277][686]LogModuleManager: Shutting down and abandoning module ClothPainter (494)
[2018.08.05-20.42.39:277][686]LogModuleManager: Shutting down and abandoning module SkeletalMeshEditor (493)
[2018.08.05-20.42.39:278][686]LogModuleManager: Shutting down and abandoning module LogVisualizer (490)
[2018.08.05-20.42.39:278][686]LogModuleManager: Shutting down and abandoning module IntroTutorials (488)
[2018.08.05-20.42.39:278][686]LogModuleManager: Shutting down and abandoning module GameProjectGeneration (487)
[2018.08.05-20.42.39:278][686]LogModuleManager: Shutting down and abandoning module IOSPlatformEditor (484)
[2018.08.05-20.42.39:278][686]LogModuleManager: Shutting down and abandoning module HTML5PlatformEditor (482)
[2018.08.05-20.42.39:278][686]LogModuleManager: Shutting down and abandoning module AndroidPlatformEditor (480)
[2018.08.05-20.42.39:278][686]LogModuleManager: Shutting down and abandoning module AndroidDeviceDetection (479)
[2018.08.05-20.42.39:509][686]LogModuleManager: Shutting down and abandoning module WindowsPlatformEditor (476)
[2018.08.05-20.42.39:510][686]LogModuleManager: Shutting down and abandoning module IOSRuntimeSettings (474)
[2018.08.05-20.42.39:510][686]LogModuleManager: Shutting down and abandoning module AndroidRuntimeSettings (472)
[2018.08.05-20.42.39:510][686]LogModuleManager: Shutting down and abandoning module InputBindingEditor (470)
[2018.08.05-20.42.39:510][686]LogModuleManager: Shutting down and abandoning module MergeActors (468)
[2018.08.05-20.42.39:510][686]LogModuleManager: Shutting down and abandoning module LocalizationDashboard (466)
[2018.08.05-20.42.39:510][686]LogModuleManager: Shutting down and abandoning module LocalizationService (465)
[2018.08.05-20.42.39:511][686]LogModuleManager: Shutting down and abandoning module HardwareTargeting (462)
[2018.08.05-20.42.39:511][686]LogModuleManager: Shutting down and abandoning module DeviceProfileEditor (460)
[2018.08.05-20.42.39:511][686]LogModuleManager: Shutting down and abandoning module UndoHistory (458)
[2018.08.05-20.42.39:511][686]LogModuleManager: Shutting down and abandoning module XmlParser (456)
[2018.08.05-20.42.39:511][686]LogModuleManager: Shutting down and abandoning module Blutility (454)
[2018.08.05-20.42.39:511][686]LogModuleManager: Shutting down and abandoning module ProjectSettingsViewer (452)
[2018.08.05-20.42.39:511][686]LogModuleManager: Shutting down and abandoning module ProjectTargetPlatformEditor (451)
[2018.08.05-20.42.39:511][686]LogModuleManager: Shutting down and abandoning module EditorSettingsViewer (448)
[2018.08.05-20.42.39:511][686]LogModuleManager: Shutting down and abandoning module SettingsEditor (446)
[2018.08.05-20.42.39:511][686]LogModuleManager: Shutting down and abandoning module ProjectLauncher (444)
[2018.08.05-20.42.39:511][686]LogModuleManager: Shutting down and abandoning module SessionFrontend (442)
[2018.08.05-20.42.39:511][686]LogModuleManager: Shutting down and abandoning module ProfilerClient (440)
[2018.08.05-20.42.39:511][686]LogModuleManager: Shutting down and abandoning module DeviceManager (438)
[2018.08.05-20.42.39:511][686]LogModuleManager: Shutting down and abandoning module TargetDeviceServices (437)
[2018.08.05-20.42.39:565][686]LogModuleManager: Shutting down and abandoning module AutomationController (434)
[2018.08.05-20.42.39:565][686]LogModuleManager: Shutting down and abandoning module AutomationWindow (432)
[2018.08.05-20.42.39:565][686]LogModuleManager: Shutting down and abandoning module Layers (430)
[2018.08.05-20.42.39:566][686]LogModuleManager: Shutting down and abandoning module ComponentVisualizers (428)
[2018.08.05-20.42.39:566][686]LogModuleManager: Shutting down and abandoning module DetailCustomizations (426)
[2018.08.05-20.42.39:566][686]LogModuleManager: Shutting down and abandoning module PackagesDialog (424)
[2018.08.05-20.42.39:566][686]LogModuleManager: Shutting down and abandoning module Persona (422)
[2018.08.05-20.42.39:567][686]LogModuleManager: Shutting down and abandoning module AdvancedPreviewScene (421)
[2018.08.05-20.42.39:567][686]LogModuleManager: Shutting down and abandoning module AnimGraph (419)
[2018.08.05-20.42.39:567][686]LogModuleManager: Shutting down and abandoning module Kismet (416)
[2018.08.05-20.42.39:568][686]LogModuleManager: Shutting down and abandoning module GraphEditor (414)
[2018.08.05-20.42.39:568][686]LogModuleManager: Shutting down and abandoning module ClassViewer (412)
[2018.08.05-20.42.39:568][686]LogModuleManager: Shutting down and abandoning module Toolbox (410)
[2018.08.05-20.42.39:568][686]LogModuleManager: Shutting down and abandoning module ModuleUI (408)
[2018.08.05-20.42.39:568][686]LogModuleManager: Shutting down and abandoning module MovieSceneTools (406)
[2018.08.05-20.42.39:569][686]LogModuleManager: Shutting down and abandoning module OutputLog (404)
[2018.08.05-20.42.39:569][686]LogModuleManager: Shutting down and abandoning module GammaUI (402)
[2018.08.05-20.42.39:569][686]LogModuleManager: Shutting down and abandoning module Documentation (400)
[2018.08.05-20.42.39:569][686]LogModuleManager: Shutting down and abandoning module MovieSceneTracks (398)
[2018.08.05-20.42.39:569][686]LogModuleManager: Shutting down and abandoning module MovieScene (396)
[2018.08.05-20.42.39:569][686]LogModuleManager: Shutting down and abandoning module StreamingPauseRendering (394)
[2018.08.05-20.42.39:569][686]LogModuleManager: Shutting down and abandoning module LauncherPlatform (392)
[2018.08.05-20.42.39:569][686]LogModuleManager: Shutting down and abandoning module AnalyticsET (390)
[2018.08.05-20.42.39:569][686]LogModuleManager: Shutting down and abandoning module PortalServices (388)
[2018.08.05-20.42.39:569][686]LogModuleManager: Shutting down and abandoning module PortalRpc (386)
[2018.08.05-20.42.39:569][686]LogModuleManager: Shutting down and abandoning module MessagingRpc (384)
[2018.08.05-20.42.39:569][686]LogModuleManager: Shutting down and abandoning module AIModule (382)
[2018.08.05-20.42.39:569][686]LogModuleManager: Shutting down and abandoning module GameplayDebugger (381)
[2018.08.05-20.42.39:570][686]LogModuleManager: Shutting down and abandoning module AITestSuite (379)
[2018.08.05-20.42.39:570][686]LogModuleManager: Shutting down and abandoning module DesktopPlatform (376)
[2018.08.05-20.42.39:570][686]LogModuleManager: Shutting down and abandoning module ProfilerService (374)
[2018.08.05-20.42.39:624][686]LogModuleManager: Shutting down and abandoning module TaskGraph (372)
[2018.08.05-20.42.39:625][686]LogModuleManager: Shutting down and abandoning module SteamVRController (370)
[2018.08.05-20.42.39:625][686]LogModuleManager: Shutting down and abandoning module ProceduralMeshComponentEditor (368)
[2018.08.05-20.42.39:625][686]LogModuleManager: Shutting down and abandoning module ProceduralMeshComponent (366)
[2018.08.05-20.42.39:625][686]LogModuleManager: Shutting down and abandoning module OculusInput (364)
[2018.08.05-20.42.39:625][686]LogModuleManager: Shutting down and abandoning module MobilePatchingUtils (362)
[2018.08.05-20.42.39:625][686]LogModuleManager: Shutting down and abandoning module CustomMeshComponent (360)
[2018.08.05-20.42.39:625][686]LogModuleManager: Shutting down and abandoning module CableComponent (358)
[2018.08.05-20.42.39:625][686]LogModuleManager: Shutting down and abandoning module AudioCapture (356)
[2018.08.05-20.42.39:626][686]LogModuleManager: Shutting down and abandoning module ArchVisCharacter (354)
[2018.08.05-20.42.39:626][686]LogModuleManager: Shutting down and abandoning module AndroidPermission (352)
[2018.08.05-20.42.39:626][686]LogModuleManager: Shutting down and abandoning module NUTUnrealEngine4 (348)
[2018.08.05-20.42.39:626][686]LogModuleManager: Shutting down and abandoning module NetcodeUnitTest (346)
[2018.08.05-20.42.39:626][686]LogModuleManager: Shutting down and abandoning module MediaCompositingEditor (344)
[2018.08.05-20.42.39:626][686]LogModuleManager: Shutting down and abandoning module MediaCompositing (342)
[2018.08.05-20.42.39:626][686]LogModuleManager: Shutting down and abandoning module LinearTimecode (340)
[2018.08.05-20.42.39:626][686]LogModuleManager: Shutting down and abandoning module ImgMedia (338)
[2018.08.05-20.42.39:642][686]LogModuleManager: Shutting down and abandoning module HTML5Networking (336)
[2018.08.05-20.42.39:642][686]LogModuleManager: Shutting down and abandoning module AlembicImporter (334)
[2018.08.05-20.42.39:642][686]LogModuleManager: Shutting down and abandoning module AlembicLibrary (333)
[2018.08.05-20.42.39:642][686]LogModuleManager: Shutting down and abandoning module GeometryCache (332)
[2018.08.05-20.42.39:642][686]LogModuleManager: Shutting down and abandoning module GeometryCacheEd (331)
[2018.08.05-20.42.39:642][686]LogModuleManager: Shutting down and abandoning module DatasmithContent (326)
[2018.08.05-20.42.39:642][686]LogModuleManager: Shutting down and abandoning module SpeedTreeImporter (324)
[2018.08.05-20.42.39:642][686]LogModuleManager: Shutting down and abandoning module PluginBrowser (322)
[2018.08.05-20.42.39:643][686]LogModuleManager: Shutting down and abandoning module MobileLauncherProfileWizard (320)
[2018.08.05-20.42.39:643][686]LogModuleManager: Shutting down and abandoning module CryptoKeysOpenSSL (318)
[2018.08.05-20.42.39:643][686]LogModuleManager: Shutting down and abandoning module CryptoKeys (316)
[2018.08.05-20.42.39:643][686]LogModuleManager: Shutting down and abandoning module VisualStudioSourceCodeAccess (314)
[2018.08.05-20.42.39:643][686]LogModuleManager: Shutting down and abandoning module VisualStudioCodeSourceCodeAccess (312)
[2018.08.05-20.42.39:643][686]LogModuleManager: Shutting down and abandoning module UObjectPlugin (310)
[2018.08.05-20.42.39:643][686]LogModuleManager: Shutting down and abandoning module SubversionSourceControl (308)
[2018.08.05-20.42.39:643][686]LogModuleManager: Shutting down and abandoning module PerforceSourceControl (306)
[2018.08.05-20.42.39:643][686]LogModuleManager: Shutting down and abandoning module GitSourceControl (304)
[2018.08.05-20.42.39:643][686]LogModuleManager: Shutting down and abandoning module SourceControl (303)
[2018.08.05-20.42.39:643][686]LogModuleManager: Shutting down and abandoning module CLionSourceCodeAccess (300)
[2018.08.05-20.42.39:643][686]LogModuleManager: Shutting down and abandoning module LightPropagationVolumeEditor (298)
[2018.08.05-20.42.39:643][686]LogModuleManager: Shutting down and abandoning module PaperTiledImporter (296)
[2018.08.05-20.42.39:643][686]LogModuleManager: Shutting down and abandoning module PaperSpriteSheetImporter (294)
[2018.08.05-20.42.39:643][686]LogModuleManager: Shutting down and abandoning module Paper2DEditor (292)
[2018.08.05-20.42.39:644][686]LogModuleManager: Shutting down and abandoning module MeshPaint (291)
[2018.08.05-20.42.39:644][686]LogModuleManager: Shutting down and abandoning module RuntimePhysXCooking (288)
[2018.08.05-20.42.39:644][686]LogModuleManager: Shutting down and abandoning module PhysXVehiclesEditor (286)
[2018.08.05-20.42.39:644][686]LogModuleManager: Shutting down and abandoning module PhysXVehicles (284)
[2018.08.05-20.42.39:644][686]LogModuleManager: Shutting down and abandoning module OculusEditor (282)
[2018.08.05-20.42.39:644][686]LogModuleManager: Shutting down and abandoning module LocationServicesBPLibrary (280)
[2018.08.05-20.42.39:644][686]LogModuleManager: Shutting down and abandoning module ImmediatePhysicsEditor (278)
[2018.08.05-20.42.39:644][686]LogModuleManager: Shutting down and abandoning module ImmediatePhysics (276)
[2018.08.05-20.42.39:644][686]LogModuleManager: Shutting down and abandoning module ActorSequence (274)
[2018.08.05-20.42.39:644][686]LogModuleManager: Shutting down and abandoning module UdpMessaging (272)
[2018.08.05-20.42.39:745][686]LogModuleManager: Shutting down and abandoning module TcpMessaging (270)
[2018.08.05-20.42.39:846][686]LogModuleManager: Shutting down and abandoning module GameplayTagsEditor (268)
[2018.08.05-20.42.39:846][686]LogModuleManager: Shutting down and abandoning module FacialAnimationEditor (266)
[2018.08.05-20.42.39:846][686]LogModuleManager: Shutting down and abandoning module FacialAnimation (264)
[2018.08.05-20.42.39:846][686]LogModuleManager: Shutting down and abandoning module DataValidation (262)
[2018.08.05-20.42.39:846][686]LogModuleManager: Shutting down and abandoning module AssetManagerEditor (260)
[2018.08.05-20.42.39:847][686]LogModuleManager: Shutting down and abandoning module LevelEditor (259)
[2018.08.05-20.42.39:847][686]LogModuleManager: Shutting down and abandoning module PixelInspectorModule (258)
[2018.08.05-20.42.39:848][686]LogModuleManager: Shutting down and abandoning module CommonMenuExtensions (256)
[2018.08.05-20.42.39:848][686]LogModuleManager: Shutting down and abandoning module MainFrame (254)
[2018.08.05-20.42.39:848][686]LogModuleManager: Shutting down and abandoning module HotReload (253)
[2018.08.05-20.42.39:850][686]LogModuleManager: Shutting down and abandoning module ContentBrowser (249)
[2018.08.05-20.42.39:851][686]LogModuleManager: Shutting down and abandoning module TreeMap (247)
[2018.08.05-20.42.39:851][686]LogModuleManager: Shutting down and abandoning module LightPropagationVolumeRuntime (244)
[2018.08.05-20.42.39:851][686]LogModuleManager: Shutting down and abandoning module LiveLinkEditor (242)
[2018.08.05-20.42.39:851][686]LogModuleManager: Shutting down and abandoning module LiveLink (240)
[2018.08.05-20.42.40:207][686]LogModuleManager: Shutting down and abandoning module Paper2D (238)
[2018.08.05-20.42.40:207][686]LogModuleManager: Shutting down and abandoning module WindowsMoviePlayer (236)
[2018.08.05-20.42.40:207][686]LogModuleManager: Shutting down and abandoning module WmfMedia (234)
[2018.08.05-20.42.40:209][686]LogModuleManager: Shutting down and abandoning module Media (233)
[2018.08.05-20.42.40:215][686]LogModuleManager: Shutting down and abandoning module PacketHandler (230)
[2018.08.05-20.42.40:215][686]LogModuleManager: Shutting down and abandoning module ClothingSystemEditor (228)
[2018.08.05-20.42.40:215][686]LogModuleManager: Shutting down and abandoning module ClothingSystemRuntime (226)
[2018.08.05-20.42.40:215][686]LogModuleManager: Shutting down and abandoning module MediaAssets (224)
[2018.08.05-20.42.40:215][686]LogModuleManager: Shutting down and abandoning module Overlay (222)
[2018.08.05-20.42.40:215][686]LogModuleManager: Shutting down and abandoning module OverlayEditor (221)
[2018.08.05-20.42.40:215][686]LogModuleManager: Shutting down and abandoning module VREditor (218)
[2018.08.05-20.42.40:215][686]LogModuleManager: Shutting down and abandoning module StringTableEditor (216)
[2018.08.05-20.42.40:215][686]LogModuleManager: Shutting down and abandoning module GameplayTasksEditor (214)
[2018.08.05-20.42.40:215][686]LogModuleManager: Shutting down and abandoning module BehaviorTreeEditor (212)
[2018.08.05-20.42.40:216][686]LogModuleManager: Shutting down and abandoning module FunctionalTesting (210)
[2018.08.05-20.42.40:216][686]LogModuleManager: Shutting down and abandoning module CollisionAnalyzer (208)
[2018.08.05-20.42.40:216][686]LogModuleManager: Shutting down and abandoning module WorkspaceMenuStructure (207)
[2018.08.05-20.42.40:216][686]LogModuleManager: Shutting down and abandoning module UMG (204)
[2018.08.05-20.42.40:216][686]LogModuleManager: Shutting down and abandoning module UMGEditor (203)
[2018.08.05-20.42.40:216][686]LogModuleManager: Shutting down and abandoning module Sequencer (202)
[2018.08.05-20.42.40:216][686]LogModuleManager: Shutting down and abandoning module MessageLog (199)
[2018.08.05-20.42.40:216][686]LogModuleManager: Shutting down and abandoning module SlateReflector (194)
[2018.08.05-20.42.40:216][686]LogModuleManager: Shutting down and abandoning module Slate (192)
[2018.08.05-20.42.40:216][686]LogModuleManager: Shutting down and abandoning module EditorStyle (190)
[2018.08.05-20.42.40:219][686]LogModuleManager: Shutting down and abandoning module MRMesh (188)
[2018.08.05-20.42.40:219][686]LogModuleManager: Shutting down and abandoning module SourceCodeAccess (186)
[2018.08.05-20.42.40:219][686]LogModuleManager: Shutting down and abandoning module HeadMountedDisplay (184)
[2018.08.05-20.42.40:219][686]LogModuleManager: Shutting down and abandoning module XAudio2 (182)
[2018.08.05-20.42.40:219][686]LogModuleManager: Shutting down and abandoning module Networking (180)
[2018.08.05-20.42.40:219][686]LogModuleManager: Shutting down and abandoning module Core (178)
[2018.08.05-20.42.40:219][686]LogModuleManager: Shutting down and abandoning module LevelSequence (176)
[2018.08.05-20.42.40:219][686]LogModuleManager: Shutting down and abandoning module KismetCompiler (174)
[2018.08.05-20.42.40:219][686]LogModuleManager: Shutting down and abandoning module MeshUtilities (172)
[2018.08.05-20.42.40:219][686]LogModuleManager: Shutting down and abandoning module MeshMergeUtilities (171)
[2018.08.05-20.42.40:219][686]LogModuleManager: Shutting down and abandoning module MeshReductionInterface (170)
[2018.08.05-20.42.40:219][686]LogModuleManager: Shutting down and abandoning module SimplygonSwarm (169)
[2018.08.05-20.42.40:219][686]LogModuleManager: Shutting down and abandoning module SimplygonMeshReduction (167)
[2018.08.05-20.42.40:219][686]LogModuleManager: Shutting down and abandoning module QuadricMeshReduction (165)
[2018.08.05-20.42.40:219][686]LogModuleManager: Shutting down and abandoning module MaterialBaking (161)
[2018.08.05-20.42.40:219][686]LogModuleManager: Shutting down and abandoning module DirectoryWatcher (157)
[2018.08.05-20.42.40:220][686]LogModuleManager: Shutting down and abandoning module DerivedDataCache (154)
[2018.08.05-20.42.40:302][686]LogDerivedDataCache: Shutdown
[2018.08.05-20.42.40:302][686]LogModuleManager: Shutting down and abandoning module XGEController (152)
[2018.08.05-20.42.40:302][686]LogModuleManager: Shutting down and abandoning module TargetPlatform (150)
[2018.08.05-20.42.40:302][686]LogModuleManager: Shutting down and abandoning module VulkanShaderFormat (149)
[2018.08.05-20.42.40:302][686]LogModuleManager: Shutting down and abandoning module ShaderFormatVectorVM (147)
[2018.08.05-20.42.40:302][686]LogModuleManager: Shutting down and abandoning module ShaderFormatOpenGL (145)
[2018.08.05-20.42.40:302][686]LogModuleManager: Shutting down and abandoning module ShaderFormatD3D (143)
[2018.08.05-20.42.40:302][686]LogModuleManager: Shutting down and abandoning module MetalShaderFormat (141)
[2018.08.05-20.42.40:302][686]LogModuleManager: Shutting down and abandoning module TextureFormatUncompressed (139)
[2018.08.05-20.42.40:302][686]LogModuleManager: Shutting down and abandoning module TextureFormatPVR (137)
[2018.08.05-20.42.40:302][686]LogModuleManager: Shutting down and abandoning module TextureFormatDXT (135)
[2018.08.05-20.42.40:302][686]LogModuleManager: Shutting down and abandoning module TextureFormatIntelISPCTexComp (133)
[2018.08.05-20.42.40:302][686]LogModuleManager: Shutting down and abandoning module TextureFormatASTC (131)
[2018.08.05-20.42.40:302][686]LogModuleManager: Shutting down and abandoning module ImageWrapper (130)
[2018.08.05-20.42.40:302][686]LogModuleManager: Shutting down and abandoning module TextureFormatAndroid (127)
[2018.08.05-20.42.40:302][686]LogModuleManager: Shutting down and abandoning module AudioFormatOpus (125)
[2018.08.05-20.42.40:302][686]LogModuleManager: Shutting down and abandoning module AudioFormatOgg (123)
[2018.08.05-20.42.40:302][686]LogModuleManager: Shutting down and abandoning module AudioFormatADPCM (121)
[2018.08.05-20.42.40:302][686]LogModuleManager: Shutting down and abandoning module LinuxTargetPlatform (119)
[2018.08.05-20.42.40:302][686]LogModuleManager: Shutting down and abandoning module LinuxServerTargetPlatform (117)
[2018.08.05-20.42.40:302][686]LogModuleManager: Shutting down and abandoning module LinuxNoEditorTargetPlatform (115)
[2018.08.05-20.42.40:302][686]LogModuleManager: Shutting down and abandoning module LinuxClientTargetPlatform (113)
[2018.08.05-20.42.40:302][686]LogModuleManager: Shutting down and abandoning module TVOSTargetPlatform (111)
[2018.08.05-20.42.40:302][686]LogModuleManager: Shutting down and abandoning module Messaging (109)
[2018.08.05-20.42.40:302][686]LogModuleManager: Shutting down and abandoning module IOSTargetPlatform (107)
[2018.08.05-20.42.40:303][686]LogModuleManager: Shutting down and abandoning module HTML5TargetPlatform (105)
[2018.08.05-20.42.40:303][686]LogModuleManager: Shutting down and abandoning module AndroidTargetPlatform (103)
[2018.08.05-20.42.40:303][686]LogModuleManager: Shutting down and abandoning module Android_PVRTCTargetPlatform (101)
[2018.08.05-20.42.40:303][686]LogModuleManager: Shutting down and abandoning module Android_MultiTargetPlatform (99)
[2018.08.05-20.42.40:303][686]LogModuleManager: Shutting down and abandoning module Android_ETC2TargetPlatform (97)
[2018.08.05-20.42.40:303][686]LogModuleManager: Shutting down and abandoning module Android_ETC1TargetPlatform (95)
[2018.08.05-20.42.40:303][686]LogModuleManager: Shutting down and abandoning module Android_ETC1aTargetPlatform (93)
[2018.08.05-20.42.40:303][686]LogModuleManager: Shutting down and abandoning module Android_DXTTargetPlatform (91)
[2018.08.05-20.42.40:303][686]LogModuleManager: Shutting down and abandoning module Android_ATCTargetPlatform (89)
[2018.08.05-20.42.40:303][686]LogModuleManager: Shutting down and abandoning module Android_ASTCTargetPlatform (87)
[2018.08.05-20.42.40:303][686]LogModuleManager: Shutting down and abandoning module WindowsTargetPlatform (85)
[2018.08.05-20.42.40:303][686]LogModuleManager: Shutting down and abandoning module WindowsServerTargetPlatform (83)
[2018.08.05-20.42.40:303][686]LogModuleManager: Shutting down and abandoning module WindowsNoEditorTargetPlatform (81)
[2018.08.05-20.42.40:303][686]LogModuleManager: Shutting down and abandoning module WindowsClientTargetPlatform (79)
[2018.08.05-20.42.40:303][686]LogModuleManager: Shutting down and abandoning module MacTargetPlatform (77)
[2018.08.05-20.42.40:303][686]LogModuleManager: Shutting down and abandoning module MacServerTargetPlatform (75)
[2018.08.05-20.42.40:303][686]LogModuleManager: Shutting down and abandoning module MacNoEditorTargetPlatform (73)
[2018.08.05-20.42.40:303][686]LogModuleManager: Shutting down and abandoning module MacClientTargetPlatform (71)
[2018.08.05-20.42.40:303][686]LogModuleManager: Shutting down and abandoning module AllDesktopTargetPlatform (69)
[2018.08.05-20.42.40:303][686]LogModuleManager: Shutting down and abandoning module InputCore (66)
[2018.08.05-20.42.40:303][686]LogModuleManager: Shutting down and abandoning module Settings (64)
[2018.08.05-20.42.40:303][686]LogModuleManager: Shutting down and abandoning module PhysXCooking (62)
[2018.08.05-20.42.40:303][686]LogModuleManager: Shutting down and abandoning module SteamVR (60)
[2018.08.05-20.42.40:303][686]LogModuleManager: Shutting down and abandoning module OculusHMD (58)
[2018.08.05-20.42.40:303][686]LogModuleManager: Shutting down and abandoning module ExampleDeviceProfileSelector (56)
[2018.08.05-20.42.40:303][686]LogModuleManager: Shutting down and abandoning module AppleARKit (54)
[2018.08.05-20.42.40:303][686]LogModuleManager: Shutting down and abandoning module AugmentedReality (51)
[2018.08.05-20.42.40:303][686]LogModuleManager: Shutting down and abandoning module OnlineBlueprintSupport (48)
[2018.08.05-20.42.40:303][686]LogModuleManager: Shutting down and abandoning module OnlineSubsystem (44)
[2018.08.05-20.42.40:303][686]LogModuleManager: Shutting down and abandoning module XMPP (43)
[2018.08.05-20.42.40:303][686]LogModuleManager: Shutting down and abandoning module HTTP (41)
[2018.08.05-20.42.40:303][686]LogHttp: Display: Http module shutting down, but needs to wait on 1 outstanding Http requests:
[2018.08.05-20.42.40:303][686]LogHttp: Display: 	verb=[POST] url=[https://datarouter.ol.epicgames.com/datarouter/api/v1/public/data?SessionID=%7B8149E954-4647-7C88-AFA2-6D92C31B6D46%7D&AppID=UEEditor.Rocket.Release&AppVersion=4.19.2-4033788%2B%2B%2BUE4%2BRelease-4.19&UserID=45133d5643d4d745c18ea3b09ad971ca%7C0a2c2f5bbc5f41cebf178ebfc7d33677%7C2debc7a1-8005-4312-91dc-e5f743cc7aa2&AppEnvironment=datacollector-binary&UploadType=eteventstream] status=Processing
[2018.08.05-20.42.40:303][686]LogHttp: Display: Sleeping 0.5s to wait for 1 outstanding Http requests.
[2018.08.05-20.42.40:804][686]LogHttp: Display: Sleeping 0.5s to wait for 1 outstanding Http requests.
[2018.08.05-20.42.41:319][686]LogModuleManager: Shutting down and abandoning module SSL (40)
[2018.08.05-20.42.41:321][686]LogModuleManager: Shutting down and abandoning module AnimationModifiers (36)
[2018.08.05-20.42.41:321][686]LogModuleManager: Shutting down and abandoning module PropertyEditor (35)
[2018.08.05-20.42.41:321][686]LogModuleManager: Shutting down and abandoning module AudioEditor (32)
[2018.08.05-20.42.41:321][686]LogModuleManager: Shutting down and abandoning module TextureCompressor (30)
[2018.08.05-20.42.41:321][686]LogModuleManager: Shutting down and abandoning module ShaderCore (28)
[2018.08.05-20.42.41:322][686]LogModuleManager: Shutting down and abandoning module Landscape (26)
[2018.08.05-20.42.41:322][686]LogModuleManager: Shutting down and abandoning module SlateRHIRenderer (24)
[2018.08.05-20.42.41:323][686]LogModuleManager: Shutting down and abandoning module OpenGLDrv (22)
[2018.08.05-20.42.41:323][686]LogModuleManager: Shutting down and abandoning module D3D11RHI (20)
[2018.08.05-20.42.41:323][686]LogModuleManager: Shutting down and abandoning module AnimGraphRuntime (18)
[2018.08.05-20.42.41:323][686]LogModuleManager: Shutting down and abandoning module Renderer (16)
[2018.08.05-20.42.41:323][686]LogModuleManager: Shutting down and abandoning module Engine (14)
[2018.08.05-20.42.41:323][686]LogModuleManager: Shutting down and abandoning module CoreUObject (12)
[2018.08.05-20.42.41:323][686]LogModuleManager: Shutting down and abandoning module NetworkFile (10)
[2018.08.05-20.42.41:323][686]LogModuleManager: Shutting down and abandoning module CookedIterativeFile (8)
[2018.08.05-20.42.41:323][686]LogModuleManager: Shutting down and abandoning module StreamingFile (6)
[2018.08.05-20.42.41:323][686]LogModuleManager: Shutting down and abandoning module SandboxFile (4)
[2018.08.05-20.42.41:323][686]LogModuleManager: Shutting down and abandoning module PakFile (2)
[2018.08.05-20.42.41:328][686]LogExit: Exiting.
[2018.08.05-20.42.41:341][686]Log file closed, 08/05/18 22:42:41
